ARM GAS  C:\Users\growo\AppData\Local\Temp\ccb0cecf.s 			page 1


   1              		.syntax unified
   2              		.cpu cortex-m3
   3              		.fpu softvfp
   4              		.eabi_attribute 20, 1
   5              		.eabi_attribute 21, 1
   6              		.eabi_attribute 23, 3
   7              		.eabi_attribute 24, 1
   8              		.eabi_attribute 25, 1
   9              		.eabi_attribute 26, 1
  10              		.eabi_attribute 30, 1
  11              		.eabi_attribute 34, 1
  12              		.eabi_attribute 18, 4
  13              		.thumb
  14              		.syntax unified
  15              		.file	"cymetadata.c"
  16              		.text
  17              	.Ltext0:
  18              		.cfi_sections	.debug_frame
  19              		.global	cy_metadata
  20              		.global	cy_meta_flashprotect
  21              		.global	cy_meta_wonvl
  22              		.global	cy_meta_custnvl
  23              		.global	cy_meta_configecc
  24              		.section	.cyconfigecc,"a",%progbits
  25              		.align	2
  26              		.type	cy_meta_configecc, %object
  27              		.size	cy_meta_configecc, 2180
  28              	cy_meta_configecc:
  29 0000 01       		.byte	1
  30 0001 45       		.byte	69
  31 0002 00       		.byte	0
  32 0003 40       		.byte	64
  33 0004 01       		.byte	1
  34 0005 52       		.byte	82
  35 0006 00       		.byte	0
  36 0007 40       		.byte	64
  37 0008 02       		.byte	2
  38 0009 5B       		.byte	91
  39 000a 00       		.byte	0
  40 000b 40       		.byte	64
  41 000c 05       		.byte	5
  42 000d 64       		.byte	100
  43 000e 00       		.byte	0
  44 000f 40       		.byte	64
  45 0010 02       		.byte	2
  46 0011 65       		.byte	101
  47 0012 00       		.byte	0
  48 0013 40       		.byte	64
  49 0014 02       		.byte	2
  50 0015 03       		.byte	3
  51 0016 01       		.byte	1
  52 0017 40       		.byte	64
  53 0018 01       		.byte	1
  54 0019 05       		.byte	5
  55 001a 01       		.byte	1
  56 001b 40       		.byte	64
  57 001c 03       		.byte	3
ARM GAS  C:\Users\growo\AppData\Local\Temp\ccb0cecf.s 			page 2


  58 001d 07       		.byte	7
  59 001e 01       		.byte	1
  60 001f 40       		.byte	64
  61 0020 43       		.byte	67
  62 0021 08       		.byte	8
  63 0022 01       		.byte	1
  64 0023 40       		.byte	64
  65 0024 37       		.byte	55
  66 0025 09       		.byte	9
  67 0026 01       		.byte	1
  68 0027 40       		.byte	64
  69 0028 5B       		.byte	91
  70 0029 0A       		.byte	10
  71 002a 01       		.byte	1
  72 002b 40       		.byte	64
  73 002c 41       		.byte	65
  74 002d 0B       		.byte	11
  75 002e 01       		.byte	1
  76 002f 40       		.byte	64
  77 0030 63       		.byte	99
  78 0031 0C       		.byte	12
  79 0032 01       		.byte	1
  80 0033 40       		.byte	64
  81 0034 41       		.byte	65
  82 0035 0D       		.byte	13
  83 0036 01       		.byte	1
  84 0037 40       		.byte	64
  85 0038 65       		.byte	101
  86 0039 0E       		.byte	14
  87 003a 01       		.byte	1
  88 003b 40       		.byte	64
  89 003c 30       		.byte	48
  90 003d 0F       		.byte	15
  91 003e 01       		.byte	1
  92 003f 40       		.byte	64
  93 0040 02       		.byte	2
  94 0041 15       		.byte	21
  95 0042 01       		.byte	1
  96 0043 40       		.byte	64
  97 0044 58       		.byte	88
  98 0045 18       		.byte	24
  99 0046 01       		.byte	1
 100 0047 40       		.byte	64
 101 0048 3A       		.byte	58
 102 0049 19       		.byte	25
 103 004a 01       		.byte	1
 104 004b 40       		.byte	64
 105 004c 09       		.byte	9
 106 004d 1A       		.byte	26
 107 004e 01       		.byte	1
 108 004f 40       		.byte	64
 109 0050 40       		.byte	64
 110 0051 1B       		.byte	27
 111 0052 01       		.byte	1
 112 0053 40       		.byte	64
 113 0054 06       		.byte	6
 114 0055 40       		.byte	64
ARM GAS  C:\Users\growo\AppData\Local\Temp\ccb0cecf.s 			page 3


 115 0056 01       		.byte	1
 116 0057 40       		.byte	64
 117 0058 10       		.byte	16
 118 0059 41       		.byte	65
 119 005a 01       		.byte	1
 120 005b 40       		.byte	64
 121 005c 08       		.byte	8
 122 005d 42       		.byte	66
 123 005e 01       		.byte	1
 124 005f 40       		.byte	64
 125 0060 09       		.byte	9
 126 0061 43       		.byte	67
 127 0062 01       		.byte	1
 128 0063 40       		.byte	64
 129 0064 08       		.byte	8
 130 0065 45       		.byte	69
 131 0066 01       		.byte	1
 132 0067 40       		.byte	64
 133 0068 04       		.byte	4
 134 0069 46       		.byte	70
 135 006a 01       		.byte	1
 136 006b 40       		.byte	64
 137 006c 04       		.byte	4
 138 006d 47       		.byte	71
 139 006e 01       		.byte	1
 140 006f 40       		.byte	64
 141 0070 05       		.byte	5
 142 0071 48       		.byte	72
 143 0072 01       		.byte	1
 144 0073 40       		.byte	64
 145 0074 08       		.byte	8
 146 0075 49       		.byte	73
 147 0076 01       		.byte	1
 148 0077 40       		.byte	64
 149 0078 09       		.byte	9
 150 0079 4C       		.byte	76
 151 007a 01       		.byte	1
 152 007b 40       		.byte	64
 153 007c 0B       		.byte	11
 154 007d 4D       		.byte	77
 155 007e 01       		.byte	1
 156 007f 40       		.byte	64
 157 0080 09       		.byte	9
 158 0081 50       		.byte	80
 159 0082 01       		.byte	1
 160 0083 40       		.byte	64
 161 0084 03       		.byte	3
 162 0085 51       		.byte	81
 163 0086 01       		.byte	1
 164 0087 40       		.byte	64
 165 0088 12       		.byte	18
 166 0089 02       		.byte	2
 167 008a 14       		.byte	20
 168 008b 04       		.byte	4
 169 008c 27       		.byte	39
 170 008d 84       		.byte	-124
 171 008e 2F       		.byte	47
ARM GAS  C:\Users\growo\AppData\Local\Temp\ccb0cecf.s 			page 4


 172 008f 84       		.byte	-124
 173 0090 89       		.byte	-119
 174 0091 38       		.byte	56
 175 0092 8A       		.byte	-118
 176 0093 01       		.byte	1
 177 0094 8B       		.byte	-117
 178 0095 6F       		.byte	111
 179 0096 8D       		.byte	-115
 180 0097 0F       		.byte	15
 181 0098 8F       		.byte	-113
 182 0099 0F       		.byte	15
 183 009a 88       		.byte	-120
 184 009b 0F       		.byte	15
 185 009c 8A       		.byte	-118
 186 009d 72       		.byte	114
 187 009e E2       		.byte	-30
 188 009f 02       		.byte	2
 189 00a0 EE       		.byte	-18
 190 00a1 08       		.byte	8
 191 00a2 EA       		.byte	-22
 192 00a3 02       		.byte	2
 193 00a4 E2       		.byte	-30
 194 00a5 01       		.byte	1
 195 00a6 E6       		.byte	-26
 196 00a7 02       		.byte	2
 197 00a8 EE       		.byte	-18
 198 00a9 01       		.byte	1
 199 00aa 00       		.byte	0
 200 00ab 2C       		.byte	44
 201 00ac 02       		.byte	2
 202 00ad 11       		.byte	17
 203 00ae 04       		.byte	4
 204 00af 09       		.byte	9
 205 00b0 06       		.byte	6
 206 00b1 10       		.byte	16
 207 00b2 09       		.byte	9
 208 00b3 05       		.byte	5
 209 00b4 11       		.byte	17
 210 00b5 06       		.byte	6
 211 00b6 15       		.byte	21
 212 00b7 03       		.byte	3
 213 00b8 19       		.byte	25
 214 00b9 08       		.byte	8
 215 00ba 1A       		.byte	26
 216 00bb 03       		.byte	3
 217 00bc 1C       		.byte	28
 218 00bd 14       		.byte	20
 219 00be 1F       		.byte	31
 220 00bf 08       		.byte	8
 221 00c0 20       		.byte	32
 222 00c1 1C       		.byte	28
 223 00c2 22       		.byte	34
 224 00c3 22       		.byte	34
 225 00c4 24       		.byte	36
 226 00c5 10       		.byte	16
 227 00c6 28       		.byte	40
 228 00c7 30       		.byte	48
ARM GAS  C:\Users\growo\AppData\Local\Temp\ccb0cecf.s 			page 5


 229 00c8 29       		.byte	41
 230 00c9 06       		.byte	6
 231 00ca 2A       		.byte	42
 232 00cb 0C       		.byte	12
 233 00cc 2C       		.byte	44
 234 00cd 40       		.byte	64
 235 00ce 2F       		.byte	47
 236 00cf 08       		.byte	8
 237 00d0 31       		.byte	49
 238 00d1 08       		.byte	8
 239 00d2 32       		.byte	50
 240 00d3 60       		.byte	96
 241 00d4 34       		.byte	52
 242 00d5 1F       		.byte	31
 243 00d6 35       		.byte	53
 244 00d7 07       		.byte	7
 245 00d8 38       		.byte	56
 246 00d9 08       		.byte	8
 247 00da 39       		.byte	57
 248 00db 20       		.byte	32
 249 00dc 3F       		.byte	63
 250 00dd 01       		.byte	1
 251 00de 40       		.byte	64
 252 00df 21       		.byte	33
 253 00e0 41       		.byte	65
 254 00e1 04       		.byte	4
 255 00e2 45       		.byte	69
 256 00e3 E0       		.byte	-32
 257 00e4 47       		.byte	71
 258 00e5 BC       		.byte	-68
 259 00e6 48       		.byte	72
 260 00e7 32       		.byte	50
 261 00e8 49       		.byte	73
 262 00e9 FF       		.byte	-1
 263 00ea 4A       		.byte	74
 264 00eb FF       		.byte	-1
 265 00ec 4B       		.byte	75
 266 00ed FF       		.byte	-1
 267 00ee 4E       		.byte	78
 268 00ef F0       		.byte	-16
 269 00f0 4F       		.byte	79
 270 00f1 44       		.byte	68
 271 00f2 50       		.byte	80
 272 00f3 0C       		.byte	12
 273 00f4 52       		.byte	82
 274 00f5 80       		.byte	-128
 275 00f6 58       		.byte	88
 276 00f7 04       		.byte	4
 277 00f8 59       		.byte	89
 278 00f9 04       		.byte	4
 279 00fa 5A       		.byte	90
 280 00fb 04       		.byte	4
 281 00fc 5B       		.byte	91
 282 00fd 04       		.byte	4
 283 00fe 5C       		.byte	92
 284 00ff 32       		.byte	50
 285 0100 5D       		.byte	93
ARM GAS  C:\Users\growo\AppData\Local\Temp\ccb0cecf.s 			page 6


 286 0101 32       		.byte	50
 287 0102 5F       		.byte	95
 288 0103 01       		.byte	1
 289 0104 66       		.byte	102
 290 0105 C0       		.byte	-64
 291 0106 6A       		.byte	106
 292 0107 40       		.byte	64
 293 0108 6B       		.byte	107
 294 0109 02       		.byte	2
 295 010a 86       		.byte	-122
 296 010b 06       		.byte	6
 297 010c 88       		.byte	-120
 298 010d 06       		.byte	6
 299 010e 8C       		.byte	-116
 300 010f 06       		.byte	6
 301 0110 92       		.byte	-110
 302 0111 06       		.byte	6
 303 0112 96       		.byte	-106
 304 0113 06       		.byte	6
 305 0114 98       		.byte	-104
 306 0115 02       		.byte	2
 307 0116 A0       		.byte	-96
 308 0117 06       		.byte	6
 309 0118 A4       		.byte	-92
 310 0119 01       		.byte	1
 311 011a A8       		.byte	-88
 312 011b 04       		.byte	4
 313 011c B0       		.byte	-80
 314 011d 06       		.byte	6
 315 011e B4       		.byte	-76
 316 011f 01       		.byte	1
 317 0120 BE       		.byte	-66
 318 0121 10       		.byte	16
 319 0122 D4       		.byte	-44
 320 0123 18       		.byte	24
 321 0124 D6       		.byte	-42
 322 0125 04       		.byte	4
 323 0126 D8       		.byte	-40
 324 0127 04       		.byte	4
 325 0128 DB       		.byte	-37
 326 0129 04       		.byte	4
 327 012a DC       		.byte	-36
 328 012b 02       		.byte	2
 329 012c DD       		.byte	-35
 330 012d 20       		.byte	32
 331 012e DF       		.byte	-33
 332 012f 01       		.byte	1
 333 0130 01       		.byte	1
 334 0131 A0       		.byte	-96
 335 0132 03       		.byte	3
 336 0133 20       		.byte	32
 337 0134 05       		.byte	5
 338 0135 04       		.byte	4
 339 0136 06       		.byte	6
 340 0137 80       		.byte	-128
 341 0138 08       		.byte	8
 342 0139 20       		.byte	32
ARM GAS  C:\Users\growo\AppData\Local\Temp\ccb0cecf.s 			page 7


 343 013a 0A       		.byte	10
 344 013b 40       		.byte	64
 345 013c 0B       		.byte	11
 346 013d 20       		.byte	32
 347 013e 0C       		.byte	12
 348 013f 10       		.byte	16
 349 0140 0E       		.byte	14
 350 0141 04       		.byte	4
 351 0142 0F       		.byte	15
 352 0143 02       		.byte	2
 353 0144 10       		.byte	16
 354 0145 10       		.byte	16
 355 0146 12       		.byte	18
 356 0147 48       		.byte	72
 357 0148 14       		.byte	20
 358 0149 04       		.byte	4
 359 014a 16       		.byte	22
 360 014b 22       		.byte	34
 361 014c 17       		.byte	23
 362 014d 01       		.byte	1
 363 014e 19       		.byte	25
 364 014f 02       		.byte	2
 365 0150 1A       		.byte	26
 366 0151 08       		.byte	8
 367 0152 1D       		.byte	29
 368 0153 04       		.byte	4
 369 0154 1E       		.byte	30
 370 0155 24       		.byte	36
 371 0156 24       		.byte	36
 372 0157 08       		.byte	8
 373 0158 25       		.byte	37
 374 0159 02       		.byte	2
 375 015a 27       		.byte	39
 376 015b 08       		.byte	8
 377 015c 2C       		.byte	44
 378 015d 0A       		.byte	10
 379 015e 35       		.byte	53
 380 015f 11       		.byte	17
 381 0160 37       		.byte	55
 382 0161 48       		.byte	72
 383 0162 3C       		.byte	60
 384 0163 10       		.byte	16
 385 0164 44       		.byte	68
 386 0165 04       		.byte	4
 387 0166 46       		.byte	70
 388 0167 82       		.byte	-126
 389 0168 4D       		.byte	77
 390 0169 01       		.byte	1
 391 016a 56       		.byte	86
 392 016b 08       		.byte	8
 393 016c 57       		.byte	87
 394 016d 01       		.byte	1
 395 016e 59       		.byte	89
 396 016f 02       		.byte	2
 397 0170 60       		.byte	96
 398 0171 04       		.byte	4
 399 0172 61       		.byte	97
ARM GAS  C:\Users\growo\AppData\Local\Temp\ccb0cecf.s 			page 8


 400 0173 40       		.byte	64
 401 0174 62       		.byte	98
 402 0175 02       		.byte	2
 403 0176 63       		.byte	99
 404 0177 40       		.byte	64
 405 0178 74       		.byte	116
 406 0179 02       		.byte	2
 407 017a 82       		.byte	-126
 408 017b 02       		.byte	2
 409 017c 87       		.byte	-121
 410 017d 40       		.byte	64
 411 017e 90       		.byte	-112
 412 017f 10       		.byte	16
 413 0180 94       		.byte	-108
 414 0181 08       		.byte	8
 415 0182 99       		.byte	-103
 416 0183 11       		.byte	17
 417 0184 9B       		.byte	-101
 418 0185 40       		.byte	64
 419 0186 A0       		.byte	-96
 420 0187 08       		.byte	8
 421 0188 A5       		.byte	-91
 422 0189 02       		.byte	2
 423 018a C0       		.byte	-64
 424 018b 37       		.byte	55
 425 018c C2       		.byte	-62
 426 018d CE       		.byte	-50
 427 018e C4       		.byte	-60
 428 018f FE       		.byte	-2
 429 0190 CA       		.byte	-54
 430 0191 30       		.byte	48
 431 0192 CC       		.byte	-52
 432 0193 F0       		.byte	-16
 433 0194 CE       		.byte	-50
 434 0195 20       		.byte	32
 435 0196 D0       		.byte	-48
 436 0197 B0       		.byte	-80
 437 0198 D6       		.byte	-42
 438 0199 01       		.byte	1
 439 019a D8       		.byte	-40
 440 019b 0D       		.byte	13
 441 019c EE       		.byte	-18
 442 019d 01       		.byte	1
 443 019e 05       		.byte	5
 444 019f 07       		.byte	7
 445 01a0 09       		.byte	9
 446 01a1 05       		.byte	5
 447 01a2 0B       		.byte	11
 448 01a3 0A       		.byte	10
 449 01a4 11       		.byte	17
 450 01a5 0A       		.byte	10
 451 01a6 13       		.byte	19
 452 01a7 05       		.byte	5
 453 01a8 15       		.byte	21
 454 01a9 0C       		.byte	12
 455 01aa 17       		.byte	23
 456 01ab 03       		.byte	3
ARM GAS  C:\Users\growo\AppData\Local\Temp\ccb0cecf.s 			page 9


 457 01ac 29       		.byte	41
 458 01ad 0F       		.byte	15
 459 01ae 2D       		.byte	45
 460 01af 03       		.byte	3
 461 01b0 2F       		.byte	47
 462 01b1 0C       		.byte	12
 463 01b2 33       		.byte	51
 464 01b3 0F       		.byte	15
 465 01b4 40       		.byte	64
 466 01b5 43       		.byte	67
 467 01b6 41       		.byte	65
 468 01b7 02       		.byte	2
 469 01b8 49       		.byte	73
 470 01b9 FF       		.byte	-1
 471 01ba 4A       		.byte	74
 472 01bb FF       		.byte	-1
 473 01bc 4B       		.byte	75
 474 01bd FF       		.byte	-1
 475 01be 4D       		.byte	77
 476 01bf A0       		.byte	-96
 477 01c0 4F       		.byte	79
 478 01c1 01       		.byte	1
 479 01c2 50       		.byte	80
 480 01c3 18       		.byte	24
 481 01c4 56       		.byte	86
 482 01c5 02       		.byte	2
 483 01c6 57       		.byte	87
 484 01c7 3B       		.byte	59
 485 01c8 59       		.byte	89
 486 01c9 04       		.byte	4
 487 01ca 5A       		.byte	90
 488 01cb 04       		.byte	4
 489 01cc 5B       		.byte	91
 490 01cd 04       		.byte	4
 491 01ce 5C       		.byte	92
 492 01cf 30       		.byte	48
 493 01d0 5D       		.byte	93
 494 01d1 33       		.byte	51
 495 01d2 5F       		.byte	95
 496 01d3 01       		.byte	1
 497 01d4 60       		.byte	96
 498 01d5 40       		.byte	64
 499 01d6 62       		.byte	98
 500 01d7 80       		.byte	-128
 501 01d8 64       		.byte	100
 502 01d9 40       		.byte	64
 503 01da 65       		.byte	101
 504 01db 40       		.byte	64
 505 01dc 66       		.byte	102
 506 01dd 80       		.byte	-128
 507 01de 68       		.byte	104
 508 01df 40       		.byte	64
 509 01e0 6A       		.byte	106
 510 01e1 80       		.byte	-128
 511 01e2 6C       		.byte	108
 512 01e3 40       		.byte	64
 513 01e4 6D       		.byte	109
ARM GAS  C:\Users\growo\AppData\Local\Temp\ccb0cecf.s 			page 10


 514 01e5 20       		.byte	32
 515 01e6 6E       		.byte	110
 516 01e7 80       		.byte	-128
 517 01e8 80       		.byte	-128
 518 01e9 9E       		.byte	-98
 519 01ea 82       		.byte	-126
 520 01eb 60       		.byte	96
 521 01ec 83       		.byte	-125
 522 01ed 09       		.byte	9
 523 01ee 84       		.byte	-124
 524 01ef 73       		.byte	115
 525 01f0 88       		.byte	-120
 526 01f1 FD       		.byte	-3
 527 01f2 8A       		.byte	-118
 528 01f3 02       		.byte	2
 529 01f4 91       		.byte	-111
 530 01f5 02       		.byte	2
 531 01f6 94       		.byte	-108
 532 01f7 CF       		.byte	-49
 533 01f8 95       		.byte	-107
 534 01f9 08       		.byte	8
 535 01fa 96       		.byte	-106
 536 01fb 30       		.byte	48
 537 01fc 9A       		.byte	-102
 538 01fd 0F       		.byte	15
 539 01fe A0       		.byte	-96
 540 01ff 94       		.byte	-108
 541 0200 A2       		.byte	-94
 542 0201 60       		.byte	96
 543 0202 A7       		.byte	-89
 544 0203 06       		.byte	6
 545 0204 A8       		.byte	-88
 546 0205 30       		.byte	48
 547 0206 AA       		.byte	-86
 548 0207 C9       		.byte	-55
 549 0208 B1       		.byte	-79
 550 0209 04       		.byte	4
 551 020a B3       		.byte	-77
 552 020b 01       		.byte	1
 553 020c B5       		.byte	-75
 554 020d 02       		.byte	2
 555 020e B6       		.byte	-74
 556 020f FF       		.byte	-1
 557 0210 B7       		.byte	-73
 558 0211 08       		.byte	8
 559 0212 BE       		.byte	-66
 560 0213 40       		.byte	64
 561 0214 BF       		.byte	-65
 562 0215 50       		.byte	80
 563 0216 C0       		.byte	-64
 564 0217 43       		.byte	67
 565 0218 C1       		.byte	-63
 566 0219 02       		.byte	2
 567 021a C5       		.byte	-59
 568 021b 4C       		.byte	76
 569 021c C6       		.byte	-58
 570 021d 30       		.byte	48
ARM GAS  C:\Users\growo\AppData\Local\Temp\ccb0cecf.s 			page 11


 571 021e C7       		.byte	-57
 572 021f 2E       		.byte	46
 573 0220 C8       		.byte	-56
 574 0221 3B       		.byte	59
 575 0222 C9       		.byte	-55
 576 0223 FF       		.byte	-1
 577 0224 CA       		.byte	-54
 578 0225 FF       		.byte	-1
 579 0226 CB       		.byte	-53
 580 0227 FF       		.byte	-1
 581 0228 CD       		.byte	-51
 582 0229 AF       		.byte	-81
 583 022a CE       		.byte	-50
 584 022b 07       		.byte	7
 585 022c CF       		.byte	-49
 586 022d 01       		.byte	1
 587 022e D0       		.byte	-48
 588 022f 18       		.byte	24
 589 0230 D4       		.byte	-44
 590 0231 0F       		.byte	15
 591 0232 D8       		.byte	-40
 592 0233 04       		.byte	4
 593 0234 D9       		.byte	-39
 594 0235 04       		.byte	4
 595 0236 DA       		.byte	-38
 596 0237 04       		.byte	4
 597 0238 DB       		.byte	-37
 598 0239 04       		.byte	4
 599 023a DC       		.byte	-36
 600 023b 30       		.byte	48
 601 023c DD       		.byte	-35
 602 023d 33       		.byte	51
 603 023e DF       		.byte	-33
 604 023f 05       		.byte	5
 605 0240 E0       		.byte	-32
 606 0241 40       		.byte	64
 607 0242 E2       		.byte	-30
 608 0243 80       		.byte	-128
 609 0244 E4       		.byte	-28
 610 0245 40       		.byte	64
 611 0246 E5       		.byte	-27
 612 0247 40       		.byte	64
 613 0248 E6       		.byte	-26
 614 0249 80       		.byte	-128
 615 024a E8       		.byte	-24
 616 024b 40       		.byte	64
 617 024c EA       		.byte	-22
 618 024d 80       		.byte	-128
 619 024e EC       		.byte	-20
 620 024f 40       		.byte	64
 621 0250 ED       		.byte	-19
 622 0251 20       		.byte	32
 623 0252 EE       		.byte	-18
 624 0253 80       		.byte	-128
 625 0254 04       		.byte	4
 626 0255 18       		.byte	24
 627 0256 05       		.byte	5
ARM GAS  C:\Users\growo\AppData\Local\Temp\ccb0cecf.s 			page 12


 628 0257 21       		.byte	33
 629 0258 0C       		.byte	12
 630 0259 08       		.byte	8
 631 025a 0E       		.byte	14
 632 025b 24       		.byte	36
 633 025c 15       		.byte	21
 634 025d 22       		.byte	34
 635 025e 16       		.byte	22
 636 025f 40       		.byte	64
 637 0260 1D       		.byte	29
 638 0261 80       		.byte	-128
 639 0262 20       		.byte	32
 640 0263 10       		.byte	16
 641 0264 26       		.byte	38
 642 0265 4A       		.byte	74
 643 0266 27       		.byte	39
 644 0267 08       		.byte	8
 645 0268 29       		.byte	41
 646 0269 20       		.byte	32
 647 026a 2A       		.byte	42
 648 026b 40       		.byte	64
 649 026c 2F       		.byte	47
 650 026d 20       		.byte	32
 651 026e 30       		.byte	48
 652 026f 08       		.byte	8
 653 0270 31       		.byte	49
 654 0271 01       		.byte	1
 655 0272 36       		.byte	54
 656 0273 0A       		.byte	10
 657 0274 38       		.byte	56
 658 0275 08       		.byte	8
 659 0276 39       		.byte	57
 660 0277 20       		.byte	32
 661 0278 3B       		.byte	59
 662 0279 08       		.byte	8
 663 027a 3F       		.byte	63
 664 027b 01       		.byte	1
 665 027c 40       		.byte	64
 666 027d 28       		.byte	40
 667 027e 41       		.byte	65
 668 027f 06       		.byte	6
 669 0280 42       		.byte	66
 670 0281 04       		.byte	4
 671 0282 44       		.byte	68
 672 0283 28       		.byte	40
 673 0284 45       		.byte	69
 674 0285 02       		.byte	2
 675 0286 4F       		.byte	79
 676 0287 05       		.byte	5
 677 0288 56       		.byte	86
 678 0289 14       		.byte	20
 679 028a 57       		.byte	87
 680 028b 22       		.byte	34
 681 028c 59       		.byte	89
 682 028d 02       		.byte	2
 683 028e 5E       		.byte	94
 684 028f 82       		.byte	-126
ARM GAS  C:\Users\growo\AppData\Local\Temp\ccb0cecf.s 			page 13


 685 0290 5F       		.byte	95
 686 0291 18       		.byte	24
 687 0292 61       		.byte	97
 688 0293 04       		.byte	4
 689 0294 66       		.byte	102
 690 0295 04       		.byte	4
 691 0296 67       		.byte	103
 692 0297 04       		.byte	4
 693 0298 68       		.byte	104
 694 0299 16       		.byte	22
 695 029a 6A       		.byte	106
 696 029b 01       		.byte	1
 697 029c 70       		.byte	112
 698 029d A0       		.byte	-96
 699 029e 71       		.byte	113
 700 029f 08       		.byte	8
 701 02a0 7F       		.byte	127
 702 02a1 04       		.byte	4
 703 02a2 8B       		.byte	-117
 704 02a3 12       		.byte	18
 705 02a4 91       		.byte	-111
 706 02a5 2A       		.byte	42
 707 02a6 92       		.byte	-110
 708 02a7 04       		.byte	4
 709 02a8 94       		.byte	-108
 710 02a9 18       		.byte	24
 711 02aa 96       		.byte	-106
 712 02ab 01       		.byte	1
 713 02ac 99       		.byte	-103
 714 02ad 17       		.byte	23
 715 02ae 9B       		.byte	-101
 716 02af 40       		.byte	64
 717 02b0 9E       		.byte	-98
 718 02b1 10       		.byte	16
 719 02b2 A2       		.byte	-94
 720 02b3 11       		.byte	17
 721 02b4 A4       		.byte	-92
 722 02b5 B6       		.byte	-74
 723 02b6 A5       		.byte	-91
 724 02b7 88       		.byte	-120
 725 02b8 A6       		.byte	-90
 726 02b9 08       		.byte	8
 727 02ba A7       		.byte	-89
 728 02bb 02       		.byte	2
 729 02bc AF       		.byte	-81
 730 02bd 40       		.byte	64
 731 02be B4       		.byte	-76
 732 02bf 12       		.byte	18
 733 02c0 C0       		.byte	-64
 734 02c1 70       		.byte	112
 735 02c2 C2       		.byte	-62
 736 02c3 60       		.byte	96
 737 02c4 C4       		.byte	-60
 738 02c5 50       		.byte	80
 739 02c6 CA       		.byte	-54
 740 02c7 4C       		.byte	76
 741 02c8 CC       		.byte	-52
ARM GAS  C:\Users\growo\AppData\Local\Temp\ccb0cecf.s 			page 14


 742 02c9 C3       		.byte	-61
 743 02ca CE       		.byte	-50
 744 02cb 86       		.byte	-122
 745 02cc D0       		.byte	-48
 746 02cd E7       		.byte	-25
 747 02ce D6       		.byte	-42
 748 02cf F1       		.byte	-15
 749 02d0 D8       		.byte	-40
 750 02d1 62       		.byte	98
 751 02d2 DE       		.byte	-34
 752 02d3 20       		.byte	32
 753 02d4 EA       		.byte	-22
 754 02d5 0A       		.byte	10
 755 02d6 02       		.byte	2
 756 02d7 01       		.byte	1
 757 02d8 05       		.byte	5
 758 02d9 03       		.byte	3
 759 02da 08       		.byte	8
 760 02db 16       		.byte	22
 761 02dc 09       		.byte	9
 762 02dd 06       		.byte	6
 763 02de 0A       		.byte	10
 764 02df 08       		.byte	8
 765 02e0 0B       		.byte	11
 766 02e1 01       		.byte	1
 767 02e2 0C       		.byte	12
 768 02e3 18       		.byte	24
 769 02e4 0D       		.byte	13
 770 02e5 06       		.byte	6
 771 02e6 0E       		.byte	14
 772 02e7 04       		.byte	4
 773 02e8 10       		.byte	16
 774 02e9 10       		.byte	16
 775 02ea 11       		.byte	17
 776 02eb 05       		.byte	5
 777 02ec 12       		.byte	18
 778 02ed 02       		.byte	2
 779 02ee 13       		.byte	19
 780 02ef 02       		.byte	2
 781 02f0 14       		.byte	20
 782 02f1 18       		.byte	24
 783 02f2 15       		.byte	21
 784 02f3 07       		.byte	7
 785 02f4 16       		.byte	22
 786 02f5 02       		.byte	2
 787 02f6 1A       		.byte	26
 788 02f7 1E       		.byte	30
 789 02f8 1F       		.byte	31
 790 02f9 01       		.byte	1
 791 02fa 24       		.byte	36
 792 02fb 0E       		.byte	14
 793 02fc 25       		.byte	37
 794 02fd 02       		.byte	2
 795 02fe 27       		.byte	39
 796 02ff 04       		.byte	4
 797 0300 30       		.byte	48
 798 0301 1E       		.byte	30
ARM GAS  C:\Users\growo\AppData\Local\Temp\ccb0cecf.s 			page 15


 799 0302 31       		.byte	49
 800 0303 07       		.byte	7
 801 0304 34       		.byte	52
 802 0305 01       		.byte	1
 803 0306 40       		.byte	64
 804 0307 43       		.byte	67
 805 0308 42       		.byte	66
 806 0309 06       		.byte	6
 807 030a 49       		.byte	73
 808 030b FF       		.byte	-1
 809 030c 4A       		.byte	74
 810 030d FF       		.byte	-1
 811 030e 4B       		.byte	75
 812 030f FF       		.byte	-1
 813 0310 4F       		.byte	79
 814 0311 01       		.byte	1
 815 0312 50       		.byte	80
 816 0313 18       		.byte	24
 817 0314 58       		.byte	88
 818 0315 04       		.byte	4
 819 0316 59       		.byte	89
 820 0317 04       		.byte	4
 821 0318 5A       		.byte	90
 822 0319 04       		.byte	4
 823 031a 5C       		.byte	92
 824 031b 33       		.byte	51
 825 031c 5D       		.byte	93
 826 031d 03       		.byte	3
 827 031e 5F       		.byte	95
 828 031f 01       		.byte	1
 829 0320 60       		.byte	96
 830 0321 40       		.byte	64
 831 0322 62       		.byte	98
 832 0323 40       		.byte	64
 833 0324 64       		.byte	100
 834 0325 40       		.byte	64
 835 0326 65       		.byte	101
 836 0327 40       		.byte	64
 837 0328 66       		.byte	102
 838 0329 80       		.byte	-128
 839 032a 68       		.byte	104
 840 032b 80       		.byte	-128
 841 032c 6A       		.byte	106
 842 032d 80       		.byte	-128
 843 032e 6C       		.byte	108
 844 032f 80       		.byte	-128
 845 0330 6E       		.byte	110
 846 0331 80       		.byte	-128
 847 0332 80       		.byte	-128
 848 0333 04       		.byte	4
 849 0334 84       		.byte	-124
 850 0335 0C       		.byte	12
 851 0336 85       		.byte	-123
 852 0337 02       		.byte	2
 853 0338 88       		.byte	-120
 854 0339 0C       		.byte	12
 855 033a 89       		.byte	-119
ARM GAS  C:\Users\growo\AppData\Local\Temp\ccb0cecf.s 			page 16


 856 033b 02       		.byte	2
 857 033c 8C       		.byte	-116
 858 033d 02       		.byte	2
 859 033e 8E       		.byte	-114
 860 033f 01       		.byte	1
 861 0340 8F       		.byte	-113
 862 0341 01       		.byte	1
 863 0342 91       		.byte	-111
 864 0343 02       		.byte	2
 865 0344 94       		.byte	-108
 866 0345 0C       		.byte	12
 867 0346 97       		.byte	-105
 868 0347 04       		.byte	4
 869 0348 9C       		.byte	-100
 870 0349 0C       		.byte	12
 871 034a A0       		.byte	-96
 872 034b 0C       		.byte	12
 873 034c A4       		.byte	-92
 874 034d 0C       		.byte	12
 875 034e A8       		.byte	-88
 876 034f 01       		.byte	1
 877 0350 AA       		.byte	-86
 878 0351 02       		.byte	2
 879 0352 AE       		.byte	-82
 880 0353 0C       		.byte	12
 881 0354 B0       		.byte	-80
 882 0355 08       		.byte	8
 883 0356 B1       		.byte	-79
 884 0357 04       		.byte	4
 885 0358 B2       		.byte	-78
 886 0359 03       		.byte	3
 887 035a B3       		.byte	-77
 888 035b 02       		.byte	2
 889 035c B4       		.byte	-76
 890 035d 04       		.byte	4
 891 035e B5       		.byte	-75
 892 035f 01       		.byte	1
 893 0360 B9       		.byte	-71
 894 0361 08       		.byte	8
 895 0362 BE       		.byte	-66
 896 0363 04       		.byte	4
 897 0364 BF       		.byte	-65
 898 0365 04       		.byte	4
 899 0366 C0       		.byte	-64
 900 0367 43       		.byte	67
 901 0368 C2       		.byte	-62
 902 0369 06       		.byte	6
 903 036a C9       		.byte	-55
 904 036b FF       		.byte	-1
 905 036c CA       		.byte	-54
 906 036d FF       		.byte	-1
 907 036e CB       		.byte	-53
 908 036f FF       		.byte	-1
 909 0370 CD       		.byte	-51
 910 0371 83       		.byte	-125
 911 0372 CE       		.byte	-50
 912 0373 03       		.byte	3
ARM GAS  C:\Users\growo\AppData\Local\Temp\ccb0cecf.s 			page 17


 913 0374 CF       		.byte	-49
 914 0375 01       		.byte	1
 915 0376 D0       		.byte	-48
 916 0377 18       		.byte	24
 917 0378 D2       		.byte	-46
 918 0379 80       		.byte	-128
 919 037a D4       		.byte	-44
 920 037b 0F       		.byte	15
 921 037c D8       		.byte	-40
 922 037d 04       		.byte	4
 923 037e D9       		.byte	-39
 924 037f 04       		.byte	4
 925 0380 DA       		.byte	-38
 926 0381 04       		.byte	4
 927 0382 DB       		.byte	-37
 928 0383 04       		.byte	4
 929 0384 DC       		.byte	-36
 930 0385 33       		.byte	51
 931 0386 DD       		.byte	-35
 932 0387 33       		.byte	51
 933 0388 DF       		.byte	-33
 934 0389 01       		.byte	1
 935 038a E0       		.byte	-32
 936 038b 40       		.byte	64
 937 038c E2       		.byte	-30
 938 038d 40       		.byte	64
 939 038e E4       		.byte	-28
 940 038f 40       		.byte	64
 941 0390 E5       		.byte	-27
 942 0391 40       		.byte	64
 943 0392 E6       		.byte	-26
 944 0393 80       		.byte	-128
 945 0394 E8       		.byte	-24
 946 0395 80       		.byte	-128
 947 0396 EA       		.byte	-22
 948 0397 80       		.byte	-128
 949 0398 EC       		.byte	-20
 950 0399 80       		.byte	-128
 951 039a EE       		.byte	-18
 952 039b 80       		.byte	-128
 953 039c 00       		.byte	0
 954 039d A8       		.byte	-88
 955 039e 01       		.byte	1
 956 039f 02       		.byte	2
 957 03a0 04       		.byte	4
 958 03a1 10       		.byte	16
 959 03a2 07       		.byte	7
 960 03a3 41       		.byte	65
 961 03a4 09       		.byte	9
 962 03a5 08       		.byte	8
 963 03a6 0A       		.byte	10
 964 03a7 01       		.byte	1
 965 03a8 0C       		.byte	12
 966 03a9 14       		.byte	20
 967 03aa 0D       		.byte	13
 968 03ab 11       		.byte	17
 969 03ac 0E       		.byte	14
ARM GAS  C:\Users\growo\AppData\Local\Temp\ccb0cecf.s 			page 18


 970 03ad 20       		.byte	32
 971 03ae 10       		.byte	16
 972 03af AA       		.byte	-86
 973 03b0 15       		.byte	21
 974 03b1 04       		.byte	4
 975 03b2 17       		.byte	23
 976 03b3 08       		.byte	8
 977 03b4 19       		.byte	25
 978 03b5 26       		.byte	38
 979 03b6 1D       		.byte	29
 980 03b7 11       		.byte	17
 981 03b8 20       		.byte	32
 982 03b9 80       		.byte	-128
 983 03ba 21       		.byte	33
 984 03bb 15       		.byte	21
 985 03bc 27       		.byte	39
 986 03bd 40       		.byte	64
 987 03be 2C       		.byte	44
 988 03bf 10       		.byte	16
 989 03c0 30       		.byte	48
 990 03c1 08       		.byte	8
 991 03c2 33       		.byte	51
 992 03c3 02       		.byte	2
 993 03c4 34       		.byte	52
 994 03c5 04       		.byte	4
 995 03c6 35       		.byte	53
 996 03c7 01       		.byte	1
 997 03c8 37       		.byte	55
 998 03c9 41       		.byte	65
 999 03ca 38       		.byte	56
 1000 03cb 08       		.byte	8
 1001 03cc 39       		.byte	57
 1002 03cd 04       		.byte	4
 1003 03ce 3A       		.byte	58
 1004 03cf 10       		.byte	16
 1005 03d0 3B       		.byte	59
 1006 03d1 80       		.byte	-128
 1007 03d2 3C       		.byte	60
 1008 03d3 90       		.byte	-112
 1009 03d4 3D       		.byte	61
 1010 03d5 04       		.byte	4
 1011 03d6 41       		.byte	65
 1012 03d7 02       		.byte	2
 1013 03d8 42       		.byte	66
 1014 03d9 20       		.byte	32
 1015 03da 45       		.byte	69
 1016 03db 02       		.byte	2
 1017 03dc 46       		.byte	70
 1018 03dd 20       		.byte	32
 1019 03de 49       		.byte	73
 1020 03df 20       		.byte	32
 1021 03e0 4D       		.byte	77
 1022 03e1 20       		.byte	32
 1023 03e2 58       		.byte	88
 1024 03e3 22       		.byte	34
 1025 03e4 5A       		.byte	90
 1026 03e5 80       		.byte	-128
ARM GAS  C:\Users\growo\AppData\Local\Temp\ccb0cecf.s 			page 19


 1027 03e6 5B       		.byte	91
 1028 03e7 08       		.byte	8
 1029 03e8 71       		.byte	113
 1030 03e9 02       		.byte	2
 1031 03ea 8C       		.byte	-116
 1032 03eb 08       		.byte	8
 1033 03ec 92       		.byte	-110
 1034 03ed 84       		.byte	-124
 1035 03ee 94       		.byte	-108
 1036 03ef 10       		.byte	16
 1037 03f0 95       		.byte	-107
 1038 03f1 26       		.byte	38
 1039 03f2 98       		.byte	-104
 1040 03f3 20       		.byte	32
 1041 03f4 9A       		.byte	-102
 1042 03f5 20       		.byte	32
 1043 03f6 9C       		.byte	-100
 1044 03f7 10       		.byte	16
 1045 03f8 9D       		.byte	-99
 1046 03f9 21       		.byte	33
 1047 03fa 9E       		.byte	-98
 1048 03fb 10       		.byte	16
 1049 03fc A2       		.byte	-94
 1050 03fd 11       		.byte	17
 1051 03fe A4       		.byte	-92
 1052 03ff 40       		.byte	64
 1053 0400 A5       		.byte	-91
 1054 0401 82       		.byte	-126
 1055 0402 A6       		.byte	-90
 1056 0403 08       		.byte	8
 1057 0404 A7       		.byte	-89
 1058 0405 02       		.byte	2
 1059 0406 AE       		.byte	-82
 1060 0407 04       		.byte	4
 1061 0408 B0       		.byte	-80
 1062 0409 21       		.byte	33
 1063 040a C0       		.byte	-64
 1064 040b DF       		.byte	-33
 1065 040c C2       		.byte	-62
 1066 040d 75       		.byte	117
 1067 040e C4       		.byte	-60
 1068 040f 2F       		.byte	47
 1069 0410 CA       		.byte	-54
 1070 0411 40       		.byte	64
 1071 0412 CC       		.byte	-52
 1072 0413 D3       		.byte	-45
 1073 0414 CE       		.byte	-50
 1074 0415 7E       		.byte	126
 1075 0416 D0       		.byte	-48
 1076 0417 C3       		.byte	-61
 1077 0418 D2       		.byte	-46
 1078 0419 24       		.byte	36
 1079 041a D6       		.byte	-42
 1080 041b 0F       		.byte	15
 1081 041c E2       		.byte	-30
 1082 041d 02       		.byte	2
 1083 041e 06       		.byte	6
ARM GAS  C:\Users\growo\AppData\Local\Temp\ccb0cecf.s 			page 20


 1084 041f 01       		.byte	1
 1085 0420 09       		.byte	9
 1086 0421 04       		.byte	4
 1087 0422 13       		.byte	19
 1088 0423 02       		.byte	2
 1089 0424 15       		.byte	21
 1090 0425 02       		.byte	2
 1091 0426 1E       		.byte	30
 1092 0427 01       		.byte	1
 1093 0428 25       		.byte	37
 1094 0429 02       		.byte	2
 1095 042a 28       		.byte	40
 1096 042b 01       		.byte	1
 1097 042c 2B       		.byte	43
 1098 042d 01       		.byte	1
 1099 042e 2D       		.byte	45
 1100 042f 04       		.byte	4
 1101 0430 30       		.byte	48
 1102 0431 01       		.byte	1
 1103 0432 31       		.byte	49
 1104 0433 04       		.byte	4
 1105 0434 33       		.byte	51
 1106 0435 01       		.byte	1
 1107 0436 37       		.byte	55
 1108 0437 02       		.byte	2
 1109 0438 39       		.byte	57
 1110 0439 02       		.byte	2
 1111 043a 3E       		.byte	62
 1112 043b 01       		.byte	1
 1113 043c 3F       		.byte	63
 1114 043d 40       		.byte	64
 1115 043e 40       		.byte	64
 1116 043f 43       		.byte	67
 1117 0440 42       		.byte	66
 1118 0441 06       		.byte	6
 1119 0442 49       		.byte	73
 1120 0443 FF       		.byte	-1
 1121 0444 4A       		.byte	74
 1122 0445 FF       		.byte	-1
 1123 0446 4B       		.byte	75
 1124 0447 FF       		.byte	-1
 1125 0448 4D       		.byte	77
 1126 0449 83       		.byte	-125
 1127 044a 4E       		.byte	78
 1128 044b 03       		.byte	3
 1129 044c 4F       		.byte	79
 1130 044d 01       		.byte	1
 1131 044e 50       		.byte	80
 1132 044f 18       		.byte	24
 1133 0450 58       		.byte	88
 1134 0451 04       		.byte	4
 1135 0452 59       		.byte	89
 1136 0453 04       		.byte	4
 1137 0454 5A       		.byte	90
 1138 0455 04       		.byte	4
 1139 0456 5C       		.byte	92
 1140 0457 30       		.byte	48
ARM GAS  C:\Users\growo\AppData\Local\Temp\ccb0cecf.s 			page 21


 1141 0458 5D       		.byte	93
 1142 0459 03       		.byte	3
 1143 045a 5F       		.byte	95
 1144 045b 01       		.byte	1
 1145 045c 60       		.byte	96
 1146 045d 40       		.byte	64
 1147 045e 62       		.byte	98
 1148 045f 40       		.byte	64
 1149 0460 64       		.byte	100
 1150 0461 40       		.byte	64
 1151 0462 65       		.byte	101
 1152 0463 40       		.byte	64
 1153 0464 66       		.byte	102
 1154 0465 80       		.byte	-128
 1155 0466 68       		.byte	104
 1156 0467 80       		.byte	-128
 1157 0468 6A       		.byte	106
 1158 0469 80       		.byte	-128
 1159 046a 6C       		.byte	108
 1160 046b 80       		.byte	-128
 1161 046c 6E       		.byte	110
 1162 046d 80       		.byte	-128
 1163 046e 80       		.byte	-128
 1164 046f 01       		.byte	1
 1165 0470 82       		.byte	-126
 1166 0471 02       		.byte	2
 1167 0472 85       		.byte	-123
 1168 0473 07       		.byte	7
 1169 0474 86       		.byte	-122
 1170 0475 10       		.byte	16
 1171 0476 88       		.byte	-120
 1172 0477 07       		.byte	7
 1173 0478 89       		.byte	-119
 1174 0479 0B       		.byte	11
 1175 047a 8B       		.byte	-117
 1176 047b 04       		.byte	4
 1177 047c 8F       		.byte	-113
 1178 047d 0F       		.byte	15
 1179 047e 90       		.byte	-112
 1180 047f 01       		.byte	1
 1181 0480 91       		.byte	-111
 1182 0481 0C       		.byte	12
 1183 0482 92       		.byte	-110
 1184 0483 02       		.byte	2
 1185 0484 93       		.byte	-109
 1186 0485 01       		.byte	1
 1187 0486 95       		.byte	-107
 1188 0487 0C       		.byte	12
 1189 0488 96       		.byte	-106
 1190 0489 04       		.byte	4
 1191 048a 97       		.byte	-105
 1192 048b 02       		.byte	2
 1193 048c 9A       		.byte	-102
 1194 048d 07       		.byte	7
 1195 048e 9E       		.byte	-98
 1196 048f 08       		.byte	8
 1197 0490 A2       		.byte	-94
ARM GAS  C:\Users\growo\AppData\Local\Temp\ccb0cecf.s 			page 22


 1198 0491 10       		.byte	16
 1199 0492 A4       		.byte	-92
 1200 0493 07       		.byte	7
 1201 0494 A5       		.byte	-91
 1202 0495 08       		.byte	8
 1203 0496 A7       		.byte	-89
 1204 0497 01       		.byte	1
 1205 0498 A8       		.byte	-88
 1206 0499 04       		.byte	4
 1207 049a A9       		.byte	-87
 1208 049b 10       		.byte	16
 1209 049c AE       		.byte	-82
 1210 049d 20       		.byte	32
 1211 049e AF       		.byte	-81
 1212 049f 10       		.byte	16
 1213 04a0 B0       		.byte	-80
 1214 04a1 10       		.byte	16
 1215 04a2 B1       		.byte	-79
 1216 04a3 10       		.byte	16
 1217 04a4 B2       		.byte	-78
 1218 04a5 20       		.byte	32
 1219 04a6 B4       		.byte	-76
 1220 04a7 0F       		.byte	15
 1221 04a8 B5       		.byte	-75
 1222 04a9 0F       		.byte	15
 1223 04aa BE       		.byte	-66
 1224 04ab 01       		.byte	1
 1225 04ac BF       		.byte	-65
 1226 04ad 01       		.byte	1
 1227 04ae C0       		.byte	-64
 1228 04af 43       		.byte	67
 1229 04b0 C2       		.byte	-62
 1230 04b1 06       		.byte	6
 1231 04b2 C5       		.byte	-59
 1232 04b3 EC       		.byte	-20
 1233 04b4 C6       		.byte	-58
 1234 04b5 20       		.byte	32
 1235 04b6 C8       		.byte	-56
 1236 04b7 0B       		.byte	11
 1237 04b8 C9       		.byte	-55
 1238 04b9 FF       		.byte	-1
 1239 04ba CA       		.byte	-54
 1240 04bb FF       		.byte	-1
 1241 04bc CB       		.byte	-53
 1242 04bd FF       		.byte	-1
 1243 04be CD       		.byte	-51
 1244 04bf 83       		.byte	-125
 1245 04c0 CE       		.byte	-50
 1246 04c1 03       		.byte	3
 1247 04c2 CF       		.byte	-49
 1248 04c3 01       		.byte	1
 1249 04c4 D0       		.byte	-48
 1250 04c5 18       		.byte	24
 1251 04c6 D4       		.byte	-44
 1252 04c7 03       		.byte	3
 1253 04c8 D8       		.byte	-40
 1254 04c9 04       		.byte	4
ARM GAS  C:\Users\growo\AppData\Local\Temp\ccb0cecf.s 			page 23


 1255 04ca D9       		.byte	-39
 1256 04cb 04       		.byte	4
 1257 04cc DA       		.byte	-38
 1258 04cd 04       		.byte	4
 1259 04ce DB       		.byte	-37
 1260 04cf 04       		.byte	4
 1261 04d0 DC       		.byte	-36
 1262 04d1 33       		.byte	51
 1263 04d2 DD       		.byte	-35
 1264 04d3 33       		.byte	51
 1265 04d4 DF       		.byte	-33
 1266 04d5 01       		.byte	1
 1267 04d6 E0       		.byte	-32
 1268 04d7 40       		.byte	64
 1269 04d8 E2       		.byte	-30
 1270 04d9 40       		.byte	64
 1271 04da E4       		.byte	-28
 1272 04db 40       		.byte	64
 1273 04dc E5       		.byte	-27
 1274 04dd 40       		.byte	64
 1275 04de E6       		.byte	-26
 1276 04df 80       		.byte	-128
 1277 04e0 E8       		.byte	-24
 1278 04e1 80       		.byte	-128
 1279 04e2 EA       		.byte	-22
 1280 04e3 80       		.byte	-128
 1281 04e4 EC       		.byte	-20
 1282 04e5 80       		.byte	-128
 1283 04e6 EE       		.byte	-18
 1284 04e7 80       		.byte	-128
 1285 04e8 03       		.byte	3
 1286 04e9 20       		.byte	32
 1287 04ea 04       		.byte	4
 1288 04eb 10       		.byte	16
 1289 04ec 05       		.byte	5
 1290 04ed 01       		.byte	1
 1291 04ee 06       		.byte	6
 1292 04ef 20       		.byte	32
 1293 04f0 0A       		.byte	10
 1294 04f1 02       		.byte	2
 1295 04f2 0D       		.byte	13
 1296 04f3 81       		.byte	-127
 1297 04f4 0E       		.byte	14
 1298 04f5 24       		.byte	36
 1299 04f6 12       		.byte	18
 1300 04f7 08       		.byte	8
 1301 04f8 14       		.byte	20
 1302 04f9 81       		.byte	-127
 1303 04fa 15       		.byte	21
 1304 04fb 24       		.byte	36
 1305 04fc 1A       		.byte	26
 1306 04fd 80       		.byte	-128
 1307 04fe 1E       		.byte	30
 1308 04ff 44       		.byte	68
 1309 0500 1F       		.byte	31
 1310 0501 24       		.byte	36
 1311 0502 20       		.byte	32
ARM GAS  C:\Users\growo\AppData\Local\Temp\ccb0cecf.s 			page 24


 1312 0503 02       		.byte	2
 1313 0504 22       		.byte	34
 1314 0505 05       		.byte	5
 1315 0506 26       		.byte	38
 1316 0507 11       		.byte	17
 1317 0508 27       		.byte	39
 1318 0509 04       		.byte	4
 1319 050a 29       		.byte	41
 1320 050b 20       		.byte	32
 1321 050c 2B       		.byte	43
 1322 050d 22       		.byte	34
 1323 050e 2C       		.byte	44
 1324 050f 11       		.byte	17
 1325 0510 2F       		.byte	47
 1326 0511 06       		.byte	6
 1327 0512 32       		.byte	50
 1328 0513 09       		.byte	9
 1329 0514 35       		.byte	53
 1330 0515 01       		.byte	1
 1331 0516 37       		.byte	55
 1332 0517 04       		.byte	4
 1333 0518 3A       		.byte	58
 1334 0519 10       		.byte	16
 1335 051a 3C       		.byte	60
 1336 051b 90       		.byte	-112
 1337 051c 3D       		.byte	61
 1338 051d 04       		.byte	4
 1339 051e 40       		.byte	64
 1340 051f 80       		.byte	-128
 1341 0520 41       		.byte	65
 1342 0521 02       		.byte	2
 1343 0522 42       		.byte	66
 1344 0523 20       		.byte	32
 1345 0524 45       		.byte	69
 1346 0525 02       		.byte	2
 1347 0526 46       		.byte	70
 1348 0527 20       		.byte	32
 1349 0528 49       		.byte	73
 1350 0529 20       		.byte	32
 1351 052a 4D       		.byte	77
 1352 052b 28       		.byte	40
 1353 052c 4F       		.byte	79
 1354 052d 01       		.byte	1
 1355 052e 56       		.byte	86
 1356 052f 20       		.byte	32
 1357 0530 5D       		.byte	93
 1358 0531 28       		.byte	40
 1359 0532 5E       		.byte	94
 1360 0533 40       		.byte	64
 1361 0534 5F       		.byte	95
 1362 0535 01       		.byte	1
 1363 0536 C0       		.byte	-64
 1364 0537 74       		.byte	116
 1365 0538 C2       		.byte	-62
 1366 0539 F1       		.byte	-15
 1367 053a C4       		.byte	-60
 1368 053b F2       		.byte	-14
ARM GAS  C:\Users\growo\AppData\Local\Temp\ccb0cecf.s 			page 25


 1369 053c CA       		.byte	-54
 1370 053d 7E       		.byte	126
 1371 053e CC       		.byte	-52
 1372 053f C3       		.byte	-61
 1373 0540 CE       		.byte	-50
 1374 0541 74       		.byte	116
 1375 0542 D0       		.byte	-48
 1376 0543 C3       		.byte	-61
 1377 0544 D2       		.byte	-46
 1378 0545 24       		.byte	36
 1379 0546 D6       		.byte	-42
 1380 0547 F0       		.byte	-16
 1381 0548 E8       		.byte	-24
 1382 0549 10       		.byte	16
 1383 054a EC       		.byte	-20
 1384 054b 20       		.byte	32
 1385 054c 00       		.byte	0
 1386 054d 03       		.byte	3
 1387 054e 02       		.byte	2
 1388 054f 34       		.byte	52
 1389 0550 03       		.byte	3
 1390 0551 53       		.byte	83
 1391 0552 06       		.byte	6
 1392 0553 20       		.byte	32
 1393 0554 07       		.byte	7
 1394 0555 40       		.byte	64
 1395 0556 08       		.byte	8
 1396 0557 03       		.byte	3
 1397 0558 0A       		.byte	10
 1398 0559 04       		.byte	4
 1399 055a 0B       		.byte	11
 1400 055b 08       		.byte	8
 1401 055c 0C       		.byte	12
 1402 055d 2A       		.byte	42
 1403 055e 0E       		.byte	14
 1404 055f 14       		.byte	20
 1405 0560 16       		.byte	22
 1406 0561 28       		.byte	40
 1407 0562 1B       		.byte	27
 1408 0563 0C       		.byte	12
 1409 0564 1D       		.byte	29
 1410 0565 2C       		.byte	44
 1411 0566 1E       		.byte	30
 1412 0567 15       		.byte	21
 1413 0568 1F       		.byte	31
 1414 0569 43       		.byte	67
 1415 056a 20       		.byte	32
 1416 056b 40       		.byte	64
 1417 056c 28       		.byte	40
 1418 056d 03       		.byte	3
 1419 056e 29       		.byte	41
 1420 056f 71       		.byte	113
 1421 0570 2A       		.byte	42
 1422 0571 1C       		.byte	28
 1423 0572 2B       		.byte	43
 1424 0573 06       		.byte	6
 1425 0574 2D       		.byte	45
ARM GAS  C:\Users\growo\AppData\Local\Temp\ccb0cecf.s 			page 26


 1426 0575 71       		.byte	113
 1427 0576 2F       		.byte	47
 1428 0577 0E       		.byte	14
 1429 0578 30       		.byte	48
 1430 0579 38       		.byte	56
 1431 057a 31       		.byte	49
 1432 057b 40       		.byte	64
 1433 057c 32       		.byte	50
 1434 057d 0F       		.byte	15
 1435 057e 33       		.byte	51
 1436 057f 30       		.byte	48
 1437 0580 34       		.byte	52
 1438 0581 40       		.byte	64
 1439 0582 37       		.byte	55
 1440 0583 0F       		.byte	15
 1441 0584 39       		.byte	57
 1442 0585 08       		.byte	8
 1443 0586 3A       		.byte	58
 1444 0587 0A       		.byte	10
 1445 0588 3B       		.byte	59
 1446 0589 80       		.byte	-128
 1447 058a 3E       		.byte	62
 1448 058b 10       		.byte	16
 1449 058c 3F       		.byte	63
 1450 058d 05       		.byte	5
 1451 058e 40       		.byte	64
 1452 058f 02       		.byte	2
 1453 0590 46       		.byte	70
 1454 0591 40       		.byte	64
 1455 0592 49       		.byte	73
 1456 0593 FF       		.byte	-1
 1457 0594 4A       		.byte	74
 1458 0595 07       		.byte	7
 1459 0596 4B       		.byte	75
 1460 0597 FF       		.byte	-1
 1461 0598 4C       		.byte	76
 1462 0599 40       		.byte	64
 1463 059a 4D       		.byte	77
 1464 059b 20       		.byte	32
 1465 059c 4E       		.byte	78
 1466 059d F0       		.byte	-16
 1467 059e 4F       		.byte	79
 1468 059f 05       		.byte	5
 1469 05a0 50       		.byte	80
 1470 05a1 08       		.byte	8
 1471 05a2 54       		.byte	84
 1472 05a3 01       		.byte	1
 1473 05a4 58       		.byte	88
 1474 05a5 04       		.byte	4
 1475 05a6 59       		.byte	89
 1476 05a7 04       		.byte	4
 1477 05a8 5A       		.byte	90
 1478 05a9 04       		.byte	4
 1479 05aa 5B       		.byte	91
 1480 05ab 04       		.byte	4
 1481 05ac 5C       		.byte	92
 1482 05ad 22       		.byte	34
ARM GAS  C:\Users\growo\AppData\Local\Temp\ccb0cecf.s 			page 27


 1483 05ae 5D       		.byte	93
 1484 05af 22       		.byte	34
 1485 05b0 5F       		.byte	95
 1486 05b1 01       		.byte	1
 1487 05b2 60       		.byte	96
 1488 05b3 40       		.byte	64
 1489 05b4 61       		.byte	97
 1490 05b5 A8       		.byte	-88
 1491 05b6 62       		.byte	98
 1492 05b7 40       		.byte	64
 1493 05b8 63       		.byte	99
 1494 05b9 20       		.byte	32
 1495 05ba 80       		.byte	-128
 1496 05bb 04       		.byte	4
 1497 05bc 85       		.byte	-123
 1498 05bd 07       		.byte	7
 1499 05be 86       		.byte	-122
 1500 05bf 40       		.byte	64
 1501 05c0 88       		.byte	-120
 1502 05c1 27       		.byte	39
 1503 05c2 89       		.byte	-119
 1504 05c3 07       		.byte	7
 1505 05c4 8A       		.byte	-118
 1506 05c5 18       		.byte	24
 1507 05c6 8C       		.byte	-116
 1508 05c7 3F       		.byte	63
 1509 05c8 8D       		.byte	-115
 1510 05c9 01       		.byte	1
 1511 05ca 8F       		.byte	-113
 1512 05cb 06       		.byte	6
 1513 05cc 90       		.byte	-112
 1514 05cd 1C       		.byte	28
 1515 05ce 92       		.byte	-110
 1516 05cf 22       		.byte	34
 1517 05d0 95       		.byte	-107
 1518 05d1 04       		.byte	4
 1519 05d2 96       		.byte	-106
 1520 05d3 23       		.byte	35
 1521 05d4 97       		.byte	-105
 1522 05d5 01       		.byte	1
 1523 05d6 98       		.byte	-104
 1524 05d7 1C       		.byte	28
 1525 05d8 9A       		.byte	-102
 1526 05d9 21       		.byte	33
 1527 05da 9E       		.byte	-98
 1528 05db 04       		.byte	4
 1529 05dc A0       		.byte	-96
 1530 05dd 10       		.byte	16
 1531 05de A4       		.byte	-92
 1532 05df 08       		.byte	8
 1533 05e0 A5       		.byte	-91
 1534 05e1 02       		.byte	2
 1535 05e2 A7       		.byte	-89
 1536 05e3 01       		.byte	1
 1537 05e4 A8       		.byte	-88
 1538 05e5 18       		.byte	24
 1539 05e6 AE       		.byte	-82
ARM GAS  C:\Users\growo\AppData\Local\Temp\ccb0cecf.s 			page 28


 1540 05e7 40       		.byte	64
 1541 05e8 B0       		.byte	-80
 1542 05e9 1F       		.byte	31
 1543 05ea B4       		.byte	-76
 1544 05eb 38       		.byte	56
 1545 05ec B6       		.byte	-74
 1546 05ed 40       		.byte	64
 1547 05ee B7       		.byte	-73
 1548 05ef 07       		.byte	7
 1549 05f0 BA       		.byte	-70
 1550 05f1 22       		.byte	34
 1551 05f2 BE       		.byte	-66
 1552 05f3 40       		.byte	64
 1553 05f4 D8       		.byte	-40
 1554 05f5 04       		.byte	4
 1555 05f6 D9       		.byte	-39
 1556 05f7 04       		.byte	4
 1557 05f8 DC       		.byte	-36
 1558 05f9 22       		.byte	34
 1559 05fa DF       		.byte	-33
 1560 05fb 01       		.byte	1
 1561 05fc 01       		.byte	1
 1562 05fd A8       		.byte	-88
 1563 05fe 03       		.byte	3
 1564 05ff 80       		.byte	-128
 1565 0600 04       		.byte	4
 1566 0601 10       		.byte	16
 1567 0602 06       		.byte	6
 1568 0603 A8       		.byte	-88
 1569 0604 07       		.byte	7
 1570 0605 01       		.byte	1
 1571 0606 0A       		.byte	10
 1572 0607 45       		.byte	69
 1573 0608 0B       		.byte	11
 1574 0609 20       		.byte	32
 1575 060a 0E       		.byte	14
 1576 060b 20       		.byte	32
 1577 060c 0F       		.byte	15
 1578 060d 02       		.byte	2
 1579 060e 10       		.byte	16
 1580 060f 82       		.byte	-126
 1581 0610 13       		.byte	19
 1582 0611 14       		.byte	20
 1583 0612 14       		.byte	20
 1584 0613 04       		.byte	4
 1585 0614 15       		.byte	21
 1586 0615 01       		.byte	1
 1587 0616 19       		.byte	25
 1588 0617 40       		.byte	64
 1589 0618 1A       		.byte	26
 1590 0619 44       		.byte	68
 1591 061a 1B       		.byte	27
 1592 061b 20       		.byte	32
 1593 061c 1E       		.byte	30
 1594 061d 08       		.byte	8
 1595 061e 1F       		.byte	31
 1596 061f 05       		.byte	5
ARM GAS  C:\Users\growo\AppData\Local\Temp\ccb0cecf.s 			page 29


 1597 0620 21       		.byte	33
 1598 0621 40       		.byte	64
 1599 0622 24       		.byte	36
 1600 0623 40       		.byte	64
 1601 0624 26       		.byte	38
 1602 0625 80       		.byte	-128
 1603 0626 27       		.byte	39
 1604 0627 11       		.byte	17
 1605 0628 28       		.byte	40
 1606 0629 20       		.byte	32
 1607 062a 2C       		.byte	44
 1608 062b 04       		.byte	4
 1609 062c 2E       		.byte	46
 1610 062d 80       		.byte	-128
 1611 062e 2F       		.byte	47
 1612 062f 05       		.byte	5
 1613 0630 32       		.byte	50
 1614 0631 08       		.byte	8
 1615 0632 36       		.byte	54
 1616 0633 90       		.byte	-112
 1617 0634 39       		.byte	57
 1618 0635 94       		.byte	-108
 1619 0636 3E       		.byte	62
 1620 0637 2A       		.byte	42
 1621 0638 3F       		.byte	63
 1622 0639 02       		.byte	2
 1623 063a 47       		.byte	71
 1624 063b 10       		.byte	16
 1625 063c 4F       		.byte	79
 1626 063d 02       		.byte	2
 1627 063e 56       		.byte	86
 1628 063f 20       		.byte	32
 1629 0640 5C       		.byte	92
 1630 0641 50       		.byte	80
 1631 0642 5D       		.byte	93
 1632 0643 01       		.byte	1
 1633 0644 5E       		.byte	94
 1634 0645 08       		.byte	8
 1635 0646 91       		.byte	-111
 1636 0647 01       		.byte	1
 1637 0648 94       		.byte	-108
 1638 0649 04       		.byte	4
 1639 064a 96       		.byte	-106
 1640 064b 40       		.byte	64
 1641 064c 97       		.byte	-105
 1642 064d 20       		.byte	32
 1643 064e 9A       		.byte	-102
 1644 064f 08       		.byte	8
 1645 0650 9C       		.byte	-100
 1646 0651 24       		.byte	36
 1647 0652 9D       		.byte	-99
 1648 0653 E0       		.byte	-32
 1649 0654 9E       		.byte	-98
 1650 0655 E2       		.byte	-30
 1651 0656 9F       		.byte	-97
 1652 0657 01       		.byte	1
 1653 0658 A2       		.byte	-94
ARM GAS  C:\Users\growo\AppData\Local\Temp\ccb0cecf.s 			page 30


 1654 0659 10       		.byte	16
 1655 065a A6       		.byte	-90
 1656 065b 08       		.byte	8
 1657 065c A7       		.byte	-89
 1658 065d 20       		.byte	32
 1659 065e B2       		.byte	-78
 1660 065f 04       		.byte	4
 1661 0660 C0       		.byte	-64
 1662 0661 FF       		.byte	-1
 1663 0662 C2       		.byte	-62
 1664 0663 AF       		.byte	-81
 1665 0664 C4       		.byte	-60
 1666 0665 5F       		.byte	95
 1667 0666 CA       		.byte	-54
 1668 0667 32       		.byte	50
 1669 0668 CC       		.byte	-52
 1670 0669 32       		.byte	50
 1671 066a CE       		.byte	-50
 1672 066b EE       		.byte	-18
 1673 066c D0       		.byte	-48
 1674 066d 20       		.byte	32
 1675 066e D6       		.byte	-42
 1676 066f F0       		.byte	-16
 1677 0670 A0       		.byte	-96
 1678 0671 01       		.byte	1
 1679 0672 A4       		.byte	-92
 1680 0673 01       		.byte	1
 1681 0674 A8       		.byte	-88
 1682 0675 01       		.byte	1
 1683 0676 B4       		.byte	-76
 1684 0677 01       		.byte	1
 1685 0678 BB       		.byte	-69
 1686 0679 80       		.byte	-128
 1687 067a D8       		.byte	-40
 1688 067b 04       		.byte	4
 1689 067c D9       		.byte	-39
 1690 067d 04       		.byte	4
 1691 067e DC       		.byte	-36
 1692 067f 22       		.byte	34
 1693 0680 DF       		.byte	-33
 1694 0681 01       		.byte	1
 1695 0682 01       		.byte	1
 1696 0683 A0       		.byte	-96
 1697 0684 02       		.byte	2
 1698 0685 40       		.byte	64
 1699 0686 03       		.byte	3
 1700 0687 21       		.byte	33
 1701 0688 08       		.byte	8
 1702 0689 01       		.byte	1
 1703 068a 0A       		.byte	10
 1704 068b 48       		.byte	72
 1705 068c 0B       		.byte	11
 1706 068d 20       		.byte	32
 1707 068e 10       		.byte	16
 1708 068f 80       		.byte	-128
 1709 0690 11       		.byte	17
 1710 0691 40       		.byte	64
ARM GAS  C:\Users\growo\AppData\Local\Temp\ccb0cecf.s 			page 31


 1711 0692 13       		.byte	19
 1712 0693 14       		.byte	20
 1713 0694 15       		.byte	21
 1714 0695 14       		.byte	20
 1715 0696 17       		.byte	23
 1716 0697 02       		.byte	2
 1717 0698 19       		.byte	25
 1718 0699 29       		.byte	41
 1719 069a 1A       		.byte	26
 1720 069b 11       		.byte	17
 1721 069c 1E       		.byte	30
 1722 069d 04       		.byte	4
 1723 069e 1F       		.byte	31
 1724 069f 10       		.byte	16
 1725 06a0 20       		.byte	32
 1726 06a1 05       		.byte	5
 1727 06a2 21       		.byte	33
 1728 06a3 08       		.byte	8
 1729 06a4 22       		.byte	34
 1730 06a5 0E       		.byte	14
 1731 06a6 26       		.byte	38
 1732 06a7 80       		.byte	-128
 1733 06a8 27       		.byte	39
 1734 06a9 01       		.byte	1
 1735 06aa 28       		.byte	40
 1736 06ab 01       		.byte	1
 1737 06ac 29       		.byte	41
 1738 06ad 24       		.byte	36
 1739 06ae 31       		.byte	49
 1740 06af 08       		.byte	8
 1741 06b0 32       		.byte	50
 1742 06b1 82       		.byte	-126
 1743 06b2 33       		.byte	51
 1744 06b3 20       		.byte	32
 1745 06b4 38       		.byte	56
 1746 06b5 02       		.byte	2
 1747 06b6 39       		.byte	57
 1748 06b7 94       		.byte	-108
 1749 06b8 3A       		.byte	58
 1750 06b9 40       		.byte	64
 1751 06ba 40       		.byte	64
 1752 06bb 01       		.byte	1
 1753 06bc 42       		.byte	66
 1754 06bd 14       		.byte	20
 1755 06be 49       		.byte	73
 1756 06bf A4       		.byte	-92
 1757 06c0 50       		.byte	80
 1758 06c1 02       		.byte	2
 1759 06c2 59       		.byte	89
 1760 06c3 01       		.byte	1
 1761 06c4 69       		.byte	105
 1762 06c5 14       		.byte	20
 1763 06c6 6B       		.byte	107
 1764 06c7 02       		.byte	2
 1765 06c8 70       		.byte	112
 1766 06c9 80       		.byte	-128
 1767 06ca 73       		.byte	115
ARM GAS  C:\Users\growo\AppData\Local\Temp\ccb0cecf.s 			page 32


 1768 06cb 14       		.byte	20
 1769 06cc 8C       		.byte	-116
 1770 06cd 21       		.byte	33
 1771 06ce 8D       		.byte	-115
 1772 06cf 40       		.byte	64
 1773 06d0 8F       		.byte	-113
 1774 06d1 80       		.byte	-128
 1775 06d2 91       		.byte	-111
 1776 06d3 80       		.byte	-128
 1777 06d4 92       		.byte	-110
 1778 06d5 40       		.byte	64
 1779 06d6 94       		.byte	-108
 1780 06d7 04       		.byte	4
 1781 06d8 95       		.byte	-107
 1782 06d9 14       		.byte	20
 1783 06da 96       		.byte	-106
 1784 06db 01       		.byte	1
 1785 06dc 97       		.byte	-105
 1786 06dd 34       		.byte	52
 1787 06de 9C       		.byte	-100
 1788 06df 20       		.byte	32
 1789 06e0 9D       		.byte	-99
 1790 06e1 A8       		.byte	-88
 1791 06e2 9E       		.byte	-98
 1792 06e3 40       		.byte	64
 1793 06e4 A3       		.byte	-93
 1794 06e5 20       		.byte	32
 1795 06e6 A4       		.byte	-92
 1796 06e7 82       		.byte	-126
 1797 06e8 A6       		.byte	-90
 1798 06e9 08       		.byte	8
 1799 06ea A7       		.byte	-89
 1800 06eb 80       		.byte	-128
 1801 06ec C0       		.byte	-64
 1802 06ed 0F       		.byte	15
 1803 06ee C2       		.byte	-62
 1804 06ef 0E       		.byte	14
 1805 06f0 C4       		.byte	-60
 1806 06f1 7F       		.byte	127
 1807 06f2 CA       		.byte	-54
 1808 06f3 0E       		.byte	14
 1809 06f4 CC       		.byte	-52
 1810 06f5 0F       		.byte	15
 1811 06f6 CE       		.byte	-50
 1812 06f7 0F       		.byte	15
 1813 06f8 D0       		.byte	-48
 1814 06f9 0E       		.byte	14
 1815 06fa D2       		.byte	-46
 1816 06fb 0C       		.byte	12
 1817 06fc D6       		.byte	-42
 1818 06fd 01       		.byte	1
 1819 06fe E8       		.byte	-24
 1820 06ff 10       		.byte	16
 1821 0700 EC       		.byte	-20
 1822 0701 20       		.byte	32
 1823 0702 31       		.byte	49
 1824 0703 08       		.byte	8
ARM GAS  C:\Users\growo\AppData\Local\Temp\ccb0cecf.s 			page 33


 1825 0704 32       		.byte	50
 1826 0705 20       		.byte	32
 1827 0706 37       		.byte	55
 1828 0707 44       		.byte	68
 1829 0708 39       		.byte	57
 1830 0709 80       		.byte	-128
 1831 070a CC       		.byte	-52
 1832 070b F0       		.byte	-16
 1833 070c CE       		.byte	-50
 1834 070d 10       		.byte	16
 1835 070e 32       		.byte	50
 1836 070f 02       		.byte	2
 1837 0710 33       		.byte	51
 1838 0711 20       		.byte	32
 1839 0712 36       		.byte	54
 1840 0713 02       		.byte	2
 1841 0714 37       		.byte	55
 1842 0715 20       		.byte	32
 1843 0716 3B       		.byte	59
 1844 0717 40       		.byte	64
 1845 0718 85       		.byte	-123
 1846 0719 08       		.byte	8
 1847 071a 95       		.byte	-107
 1848 071b 80       		.byte	-128
 1849 071c 9F       		.byte	-97
 1850 071d 44       		.byte	68
 1851 071e A3       		.byte	-93
 1852 071f 20       		.byte	32
 1853 0720 A5       		.byte	-91
 1854 0721 08       		.byte	8
 1855 0722 A6       		.byte	-90
 1856 0723 20       		.byte	32
 1857 0724 AF       		.byte	-81
 1858 0725 20       		.byte	32
 1859 0726 CC       		.byte	-52
 1860 0727 F0       		.byte	-16
 1861 0728 CE       		.byte	-50
 1862 0729 10       		.byte	16
 1863 072a E2       		.byte	-30
 1864 072b 40       		.byte	64
 1865 072c EE       		.byte	-18
 1866 072d 10       		.byte	16
 1867 072e 73       		.byte	115
 1868 072f 40       		.byte	64
 1869 0730 7A       		.byte	122
 1870 0731 03       		.byte	3
 1871 0732 95       		.byte	-107
 1872 0733 80       		.byte	-128
 1873 0734 97       		.byte	-105
 1874 0735 40       		.byte	64
 1875 0736 9F       		.byte	-97
 1876 0737 44       		.byte	68
 1877 0738 A6       		.byte	-90
 1878 0739 22       		.byte	34
 1879 073a AF       		.byte	-81
 1880 073b 20       		.byte	32
 1881 073c EA       		.byte	-22
ARM GAS  C:\Users\growo\AppData\Local\Temp\ccb0cecf.s 			page 34


 1882 073d 40       		.byte	64
 1883 073e 83       		.byte	-125
 1884 073f 04       		.byte	4
 1885 0740 86       		.byte	-122
 1886 0741 20       		.byte	32
 1887 0742 95       		.byte	-107
 1888 0743 80       		.byte	-128
 1889 0744 9F       		.byte	-97
 1890 0745 04       		.byte	4
 1891 0746 A6       		.byte	-90
 1892 0747 21       		.byte	33
 1893 0748 AB       		.byte	-85
 1894 0749 40       		.byte	64
 1895 074a E2       		.byte	-30
 1896 074b 80       		.byte	-128
 1897 074c E6       		.byte	-26
 1898 074d 40       		.byte	64
 1899 074e EE       		.byte	-18
 1900 074f 80       		.byte	-128
 1901 0750 09       		.byte	9
 1902 0751 08       		.byte	8
 1903 0752 0F       		.byte	15
 1904 0753 10       		.byte	16
 1905 0754 13       		.byte	19
 1906 0755 80       		.byte	-128
 1907 0756 86       		.byte	-122
 1908 0757 04       		.byte	4
 1909 0758 8D       		.byte	-115
 1910 0759 08       		.byte	8
 1911 075a C2       		.byte	-62
 1912 075b 0C       		.byte	12
 1913 075c C4       		.byte	-60
 1914 075d 02       		.byte	2
 1915 075e E6       		.byte	-26
 1916 075f 08       		.byte	8
 1917 0760 1A       		.byte	26
 1918 0761 80       		.byte	-128
 1919 0762 96       		.byte	-106
 1920 0763 04       		.byte	4
 1921 0764 AF       		.byte	-81
 1922 0765 90       		.byte	-112
 1923 0766 C6       		.byte	-58
 1924 0767 08       		.byte	8
 1925 0768 44       		.byte	68
 1926 0769 02       		.byte	2
 1927 076a 96       		.byte	-106
 1928 076b 04       		.byte	4
 1929 076c AA       		.byte	-86
 1930 076d 40       		.byte	64
 1931 076e D0       		.byte	-48
 1932 076f 04       		.byte	4
 1933 0770 20       		.byte	32
 1934 0771 80       		.byte	-128
 1935 0772 24       		.byte	36
 1936 0773 08       		.byte	8
 1937 0774 95       		.byte	-107
 1938 0775 80       		.byte	-128
ARM GAS  C:\Users\growo\AppData\Local\Temp\ccb0cecf.s 			page 35


 1939 0776 A6       		.byte	-90
 1940 0777 01       		.byte	1
 1941 0778 C8       		.byte	-56
 1942 0779 60       		.byte	96
 1943 077a 1E       		.byte	30
 1944 077b 02       		.byte	2
 1945 077c 21       		.byte	33
 1946 077d 40       		.byte	64
 1947 077e 95       		.byte	-107
 1948 077f 80       		.byte	-128
 1949 0780 A6       		.byte	-90
 1950 0781 01       		.byte	1
 1951 0782 B0       		.byte	-80
 1952 0783 40       		.byte	64
 1953 0784 B4       		.byte	-76
 1954 0785 04       		.byte	4
 1955 0786 C6       		.byte	-58
 1956 0787 80       		.byte	-128
 1957 0788 C8       		.byte	-56
 1958 0789 10       		.byte	16
 1959 078a 1E       		.byte	30
 1960 078b 04       		.byte	4
 1961 078c 34       		.byte	52
 1962 078d 01       		.byte	1
 1963 078e 96       		.byte	-106
 1964 078f 04       		.byte	4
 1965 0790 9C       		.byte	-100
 1966 0791 02       		.byte	2
 1967 0792 A0       		.byte	-96
 1968 0793 01       		.byte	1
 1969 0794 B0       		.byte	-80
 1970 0795 01       		.byte	1
 1971 0796 C6       		.byte	-58
 1972 0797 01       		.byte	1
 1973 0798 CC       		.byte	-52
 1974 0799 01       		.byte	1
 1975 079a E8       		.byte	-24
 1976 079b 01       		.byte	1
 1977 079c 12       		.byte	18
 1978 079d 80       		.byte	-128
 1979 079e 74       		.byte	116
 1980 079f 01       		.byte	1
 1981 07a0 8E       		.byte	-114
 1982 07a1 80       		.byte	-128
 1983 07a2 A0       		.byte	-96
 1984 07a3 01       		.byte	1
 1985 07a4 B0       		.byte	-80
 1986 07a5 01       		.byte	1
 1987 07a6 B4       		.byte	-76
 1988 07a7 02       		.byte	2
 1989 07a8 C4       		.byte	-60
 1990 07a9 08       		.byte	8
 1991 07aa DE       		.byte	-34
 1992 07ab 04       		.byte	4
 1993 07ac E2       		.byte	-30
 1994 07ad 02       		.byte	2
 1995 07ae E8       		.byte	-24
ARM GAS  C:\Users\growo\AppData\Local\Temp\ccb0cecf.s 			page 36


 1996 07af 08       		.byte	8
 1997 07b0 EC       		.byte	-20
 1998 07b1 04       		.byte	4
 1999 07b2 00       		.byte	0
 2000 07b3 0C       		.byte	12
 2001 07b4 01       		.byte	1
 2002 07b5 01       		.byte	1
 2003 07b6 0C       		.byte	12
 2004 07b7 0C       		.byte	12
 2005 07b8 0D       		.byte	13
 2006 07b9 01       		.byte	1
 2007 07ba 0E       		.byte	14
 2008 07bb 08       		.byte	8
 2009 07bc 10       		.byte	16
 2010 07bd 04       		.byte	4
 2011 07be 11       		.byte	17
 2012 07bf 01       		.byte	1
 2013 07c0 1C       		.byte	28
 2014 07c1 04       		.byte	4
 2015 07c2 1D       		.byte	29
 2016 07c3 01       		.byte	1
 2017 07c4 00       		.byte	0
 2018 07c5 FF       		.byte	-1
 2019 07c6 01       		.byte	1
 2020 07c7 FF       		.byte	-1
 2021 07c8 02       		.byte	2
 2022 07c9 0F       		.byte	15
 2023 07ca 00       		.byte	0
 2024 07cb 00       		.byte	0
 2025 07cc 80       		.byte	-128
 2026 07cd 80       		.byte	-128
 2027 07ce 00       		.byte	0
 2028 07cf 00       		.byte	0
 2029 07d0 40       		.byte	64
 2030 07d1 00       		.byte	0
 2031 07d2 00       		.byte	0
 2032 07d3 00       		.byte	0
 2033 07d4 03       		.byte	3
 2034 07d5 02       		.byte	2
 2035 07d6 00       		.byte	0
 2036 07d7 14       		.byte	20
 2037 07d8 1F       		.byte	31
 2038 07d9 06       		.byte	6
 2039 07da 20       		.byte	32
 2040 07db 00       		.byte	0
 2041 07dc 33       		.byte	51
 2042 07dd 06       		.byte	6
 2043 07de 0C       		.byte	12
 2044 07df 00       		.byte	0
 2045 07e0 3F       		.byte	63
 2046 07e1 00       		.byte	0
 2047 07e2 00       		.byte	0
 2048 07e3 08       		.byte	8
 2049 07e4 3C       		.byte	60
 2050 07e5 00       		.byte	0
 2051 07e6 03       		.byte	3
 2052 07e7 01       		.byte	1
ARM GAS  C:\Users\growo\AppData\Local\Temp\ccb0cecf.s 			page 37


 2053 07e8 00       		.byte	0
 2054 07e9 04       		.byte	4
 2055 07ea 23       		.byte	35
 2056 07eb 12       		.byte	18
 2057 07ec 02       		.byte	2
 2058 07ed 00       		.byte	0
 2059 07ee 00       		.byte	0
 2060 07ef 20       		.byte	32
 2061 07f0 00       		.byte	0
 2062 07f1 20       		.byte	32
 2063 07f2 00       		.byte	0
 2064 07f3 00       		.byte	0
 2065 07f4 08       		.byte	8
 2066 07f5 00       		.byte	0
 2067 07f6 00       		.byte	0
 2068 07f7 00       		.byte	0
 2069 07f8 04       		.byte	4
 2070 07f9 00       		.byte	0
 2071 07fa 00       		.byte	0
 2072 07fb 01       		.byte	1
 2073 07fc 0C       		.byte	12
 2074 07fd 20       		.byte	32
 2075 07fe 00       		.byte	0
 2076 07ff 00       		.byte	0
 2077 0800 01       		.byte	1
 2078 0801 00       		.byte	0
 2079 0802 40       		.byte	64
 2080 0803 20       		.byte	32
 2081 0804 10       		.byte	16
 2082 0805 20       		.byte	32
 2083 0806 2C       		.byte	44
 2084 0807 06       		.byte	6
 2085 0808 0F       		.byte	15
 2086 0809 01       		.byte	1
 2087 080a 40       		.byte	64
 2088 080b 18       		.byte	24
 2089 080c 00       		.byte	0
 2090 080d 02       		.byte	2
 2091 080e 20       		.byte	32
 2092 080f 00       		.byte	0
 2093 0810 00       		.byte	0
 2094 0811 00       		.byte	0
 2095 0812 01       		.byte	1
 2096 0813 50       		.byte	80
 2097 0814 62       		.byte	98
 2098 0815 05       		.byte	5
 2099 0816 03       		.byte	3
 2100 0817 00       		.byte	0
 2101 0818 01       		.byte	1
 2102 0819 0E       		.byte	14
 2103 081a 00       		.byte	0
 2104 081b C0       		.byte	-64
 2105 081c 21       		.byte	33
 2106 081d FF       		.byte	-1
 2107 081e FF       		.byte	-1
 2108 081f FF       		.byte	-1
 2109 0820 62       		.byte	98
ARM GAS  C:\Users\growo\AppData\Local\Temp\ccb0cecf.s 			page 38


 2110 0821 A0       		.byte	-96
 2111 0822 F0       		.byte	-16
 2112 0823 41       		.byte	65
 2113 0824 0C       		.byte	12
 2114 0825 00       		.byte	0
 2115 0826 00       		.byte	0
 2116 0827 00       		.byte	0
 2117 0828 00       		.byte	0
 2118 0829 00       		.byte	0
 2119 082a 02       		.byte	2
 2120 082b 13       		.byte	19
 2121 082c 04       		.byte	4
 2122 082d 04       		.byte	4
 2123 082e 04       		.byte	4
 2124 082f 04       		.byte	4
 2125 0830 22       		.byte	34
 2126 0831 22       		.byte	34
 2127 0832 00       		.byte	0
 2128 0833 01       		.byte	1
 2129 0834 00       		.byte	0
 2130 0835 00       		.byte	0
 2131 0836 00       		.byte	0
 2132 0837 00       		.byte	0
 2133 0838 00       		.byte	0
 2134 0839 00       		.byte	0
 2135 083a 40       		.byte	64
 2136 083b 02       		.byte	2
 2137 083c 00       		.byte	0
 2138 083d 10       		.byte	16
 2139 083e 30       		.byte	48
 2140 083f 10       		.byte	16
 2141 0840 00       		.byte	0
 2142 0841 10       		.byte	16
 2143 0842 10       		.byte	16
 2144 0843 12       		.byte	18
 2145 0844 00       		.byte	0
 2146 0845 00       		.byte	0
 2147 0846 00       		.byte	0
 2148 0847 00       		.byte	0
 2149 0848 00       		.byte	0
 2150 0849 00       		.byte	0
 2151 084a 00       		.byte	0
 2152 084b 00       		.byte	0
 2153 084c 00       		.byte	0
 2154 084d 00       		.byte	0
 2155 084e 00       		.byte	0
 2156 084f 00       		.byte	0
 2157 0850 00       		.byte	0
 2158 0851 00       		.byte	0
 2159 0852 00       		.byte	0
 2160 0853 00       		.byte	0
 2161 0854 00       		.byte	0
 2162 0855 00       		.byte	0
 2163 0856 00       		.byte	0
 2164 0857 00       		.byte	0
 2165 0858 00       		.byte	0
 2166 0859 00       		.byte	0
ARM GAS  C:\Users\growo\AppData\Local\Temp\ccb0cecf.s 			page 39


 2167 085a 10       		.byte	16
 2168 085b 00       		.byte	0
 2169 085c 80       		.byte	-128
 2170 085d 00       		.byte	0
 2171 085e 40       		.byte	64
 2172 085f 8E       		.byte	-114
 2173 0860 8E       		.byte	-114
 2174 0861 00       		.byte	0
 2175 0862 80       		.byte	-128
 2176 0863 00       		.byte	0
 2177 0864 00       		.byte	0
 2178 0865 00       		.byte	0
 2179 0866 00       		.byte	0
 2180 0867 00       		.byte	0
 2181 0868 00       		.byte	0
 2182 0869 0B       		.byte	11
 2183 086a 0B       		.byte	11
 2184 086b 00       		.byte	0
 2185 086c 00       		.byte	0
 2186 086d 00       		.byte	0
 2187 086e 00       		.byte	0
 2188 086f 00       		.byte	0
 2189 0870 04       		.byte	4
 2190 0871 00       		.byte	0
 2191 0872 30       		.byte	48
 2192 0873 06       		.byte	6
 2193 0874 02       		.byte	2
 2194 0875 00       		.byte	0
 2195 0876 00       		.byte	0
 2196 0877 00       		.byte	0
 2197 0878 00       		.byte	0
 2198 0879 00       		.byte	0
 2199 087a 00       		.byte	0
 2200 087b 00       		.byte	0
 2201 087c 00       		.byte	0
 2202 087d 00       		.byte	0
 2203 087e 00       		.byte	0
 2204 087f 00       		.byte	0
 2205 0880 00       		.byte	0
 2206 0881 00       		.byte	0
 2207 0882 E0       		.byte	-32
 2208 0883 00       		.byte	0
 2209              		.section	.cywolatch,"a",%progbits
 2210              		.align	2
 2211              		.type	cy_meta_wonvl, %object
 2212              		.size	cy_meta_wonvl, 4
 2213              	cy_meta_wonvl:
 2214 0000 BC       		.byte	-68
 2215 0001 90       		.byte	-112
 2216 0002 AC       		.byte	-84
 2217 0003 AF       		.byte	-81
 2218              		.section	.cycustnvl,"a",%progbits
 2219              		.align	2
 2220              		.type	cy_meta_custnvl, %object
 2221              		.size	cy_meta_custnvl, 4
 2222              	cy_meta_custnvl:
 2223 0000 00       		.byte	0
ARM GAS  C:\Users\growo\AppData\Local\Temp\ccb0cecf.s 			page 40


 2224 0001 00       		.byte	0
 2225 0002 40       		.byte	64
 2226 0003 05       		.byte	5
 2227              		.section	.cymeta,"a",%progbits
 2228              		.align	2
 2229              		.type	cy_metadata, %object
 2230              		.size	cy_metadata, 12
 2231              	cy_metadata:
 2232 0000 00       		.byte	0
 2233 0001 01       		.byte	1
 2234 0002 2E       		.byte	46
 2235 0003 16       		.byte	22
 2236 0004 10       		.byte	16
 2237 0005 69       		.byte	105
 2238 0006 00       		.byte	0
 2239 0007 01       		.byte	1
 2240 0008 00       		.byte	0
 2241 0009 00       		.byte	0
 2242 000a 00       		.byte	0
 2243 000b 00       		.byte	0
 2244              		.section	.cyflashprotect,"a",%progbits
 2245              		.align	2
 2246              		.type	cy_meta_flashprotect, %object
 2247              		.size	cy_meta_flashprotect, 256
 2248              	cy_meta_flashprotect:
 2249 0000 00000000 		.space	256
 2249      00000000 
 2249      00000000 
 2249      00000000 
 2249      00000000 
 2250              		.text
 2251              	.Letext0:
 2252              		.file 1 "c:\\program files (x86)\\cypress\\psoc creator\\4.1\\psoc creator\\import\\gnu\\arm\\5.4.
 2253              		.file 2 "c:\\program files (x86)\\cypress\\psoc creator\\4.1\\psoc creator\\import\\gnu\\arm\\5.4.
 2254              		.file 3 "Generated_Source\\PSoC5\\cymetadata.c"
 2255              		.section	.debug_info,"",%progbits
 2256              	.Ldebug_info0:
 2257 0000 35010000 		.4byte	0x135
 2258 0004 0400     		.2byte	0x4
 2259 0006 00000000 		.4byte	.Ldebug_abbrev0
 2260 000a 04       		.byte	0x4
 2261 000b 01       		.uleb128 0x1
 2262 000c 67000000 		.4byte	.LASF17
 2263 0010 0C       		.byte	0xc
 2264 0011 C1010000 		.4byte	.LASF18
 2265 0015 0A000000 		.4byte	.LASF19
 2266 0019 00000000 		.4byte	.Ldebug_line0
 2267 001d 02       		.uleb128 0x2
 2268 001e 01       		.byte	0x1
 2269 001f 06       		.byte	0x6
 2270 0020 B5010000 		.4byte	.LASF0
 2271 0024 03       		.uleb128 0x3
 2272 0025 00000000 		.4byte	.LASF9
 2273 0029 01       		.byte	0x1
 2274 002a 1D       		.byte	0x1d
 2275 002b 2F000000 		.4byte	0x2f
 2276 002f 02       		.uleb128 0x2
ARM GAS  C:\Users\growo\AppData\Local\Temp\ccb0cecf.s 			page 41


 2277 0030 01       		.byte	0x1
 2278 0031 08       		.byte	0x8
 2279 0032 59000000 		.4byte	.LASF1
 2280 0036 02       		.uleb128 0x2
 2281 0037 02       		.byte	0x2
 2282 0038 05       		.byte	0x5
 2283 0039 A2010000 		.4byte	.LASF2
 2284 003d 02       		.uleb128 0x2
 2285 003e 02       		.byte	0x2
 2286 003f 07       		.byte	0x7
 2287 0040 07010000 		.4byte	.LASF3
 2288 0044 02       		.uleb128 0x2
 2289 0045 04       		.byte	0x4
 2290 0046 05       		.byte	0x5
 2291 0047 AC010000 		.4byte	.LASF4
 2292 004b 02       		.uleb128 0x2
 2293 004c 04       		.byte	0x4
 2294 004d 07       		.byte	0x7
 2295 004e F5000000 		.4byte	.LASF5
 2296 0052 02       		.uleb128 0x2
 2297 0053 08       		.byte	0x8
 2298 0054 05       		.byte	0x5
 2299 0055 94010000 		.4byte	.LASF6
 2300 0059 02       		.uleb128 0x2
 2301 005a 08       		.byte	0x8
 2302 005b 07       		.byte	0x7
 2303 005c 49010000 		.4byte	.LASF7
 2304 0060 04       		.uleb128 0x4
 2305 0061 04       		.byte	0x4
 2306 0062 05       		.byte	0x5
 2307 0063 696E7400 		.ascii	"int\000"
 2308 0067 02       		.uleb128 0x2
 2309 0068 04       		.byte	0x4
 2310 0069 07       		.byte	0x7
 2311 006a 3C010000 		.4byte	.LASF8
 2312 006e 03       		.uleb128 0x3
 2313 006f 60010000 		.4byte	.LASF10
 2314 0073 02       		.byte	0x2
 2315 0074 18       		.byte	0x18
 2316 0075 24000000 		.4byte	0x24
 2317 0079 05       		.uleb128 0x5
 2318 007a 91000000 		.4byte	0x91
 2319 007e 8A000000 		.4byte	0x8a
 2320 0082 06       		.uleb128 0x6
 2321 0083 8A000000 		.4byte	0x8a
 2322 0087 8308     		.2byte	0x883
 2323 0089 00       		.byte	0
 2324 008a 02       		.uleb128 0x2
 2325 008b 04       		.byte	0x4
 2326 008c 07       		.byte	0x7
 2327 008d 8B010000 		.4byte	.LASF11
 2328 0091 07       		.uleb128 0x7
 2329 0092 6E000000 		.4byte	0x6e
 2330 0096 08       		.uleb128 0x8
 2331 0097 2A010000 		.4byte	.LASF12
 2332 009b 03       		.byte	0x3
 2333 009c 1F       		.byte	0x1f
ARM GAS  C:\Users\growo\AppData\Local\Temp\ccb0cecf.s 			page 42


 2334 009d A7000000 		.4byte	0xa7
 2335 00a1 05       		.uleb128 0x5
 2336 00a2 03       		.byte	0x3
 2337 00a3 00000000 		.4byte	cy_meta_configecc
 2338 00a7 07       		.uleb128 0x7
 2339 00a8 79000000 		.4byte	0x79
 2340 00ac 05       		.uleb128 0x5
 2341 00ad 91000000 		.4byte	0x91
 2342 00b1 BC000000 		.4byte	0xbc
 2343 00b5 09       		.uleb128 0x9
 2344 00b6 8A000000 		.4byte	0x8a
 2345 00ba 03       		.byte	0x3
 2346 00bb 00       		.byte	0
 2347 00bc 0A       		.uleb128 0xa
 2348 00bd 1A010000 		.4byte	.LASF13
 2349 00c1 03       		.byte	0x3
 2350 00c2 3D01     		.2byte	0x13d
 2351 00c4 CE000000 		.4byte	0xce
 2352 00c8 05       		.uleb128 0x5
 2353 00c9 03       		.byte	0x3
 2354 00ca 00000000 		.4byte	cy_meta_custnvl
 2355 00ce 07       		.uleb128 0x7
 2356 00cf AC000000 		.4byte	0xac
 2357 00d3 0A       		.uleb128 0xa
 2358 00d4 7D010000 		.4byte	.LASF14
 2359 00d8 03       		.byte	0x3
 2360 00d9 4B01     		.2byte	0x14b
 2361 00db E5000000 		.4byte	0xe5
 2362 00df 05       		.uleb128 0x5
 2363 00e0 03       		.byte	0x3
 2364 00e1 00000000 		.4byte	cy_meta_wonvl
 2365 00e5 07       		.uleb128 0x7
 2366 00e6 AC000000 		.4byte	0xac
 2367 00ea 05       		.uleb128 0x5
 2368 00eb 91000000 		.4byte	0x91
 2369 00ef FA000000 		.4byte	0xfa
 2370 00f3 09       		.uleb128 0x9
 2371 00f4 8A000000 		.4byte	0x8a
 2372 00f8 FF       		.byte	0xff
 2373 00f9 00       		.byte	0
 2374 00fa 0A       		.uleb128 0xa
 2375 00fb 68010000 		.4byte	.LASF15
 2376 00ff 03       		.byte	0x3
 2377 0100 5901     		.2byte	0x159
 2378 0102 0C010000 		.4byte	0x10c
 2379 0106 05       		.uleb128 0x5
 2380 0107 03       		.byte	0x3
 2381 0108 00000000 		.4byte	cy_meta_flashprotect
 2382 010c 07       		.uleb128 0x7
 2383 010d EA000000 		.4byte	0xea
 2384 0111 05       		.uleb128 0x5
 2385 0112 91000000 		.4byte	0x91
 2386 0116 21010000 		.4byte	0x121
 2387 011a 09       		.uleb128 0x9
 2388 011b 8A000000 		.4byte	0x8a
 2389 011f 0B       		.byte	0xb
 2390 0120 00       		.byte	0
ARM GAS  C:\Users\growo\AppData\Local\Temp\ccb0cecf.s 			page 43


 2391 0121 0A       		.uleb128 0xa
 2392 0122 4D000000 		.4byte	.LASF16
 2393 0126 03       		.byte	0x3
 2394 0127 8601     		.2byte	0x186
 2395 0129 33010000 		.4byte	0x133
 2396 012d 05       		.uleb128 0x5
 2397 012e 03       		.byte	0x3
 2398 012f 00000000 		.4byte	cy_metadata
 2399 0133 07       		.uleb128 0x7
 2400 0134 11010000 		.4byte	0x111
 2401 0138 00       		.byte	0
 2402              		.section	.debug_abbrev,"",%progbits
 2403              	.Ldebug_abbrev0:
 2404 0000 01       		.uleb128 0x1
 2405 0001 11       		.uleb128 0x11
 2406 0002 01       		.byte	0x1
 2407 0003 25       		.uleb128 0x25
 2408 0004 0E       		.uleb128 0xe
 2409 0005 13       		.uleb128 0x13
 2410 0006 0B       		.uleb128 0xb
 2411 0007 03       		.uleb128 0x3
 2412 0008 0E       		.uleb128 0xe
 2413 0009 1B       		.uleb128 0x1b
 2414 000a 0E       		.uleb128 0xe
 2415 000b 10       		.uleb128 0x10
 2416 000c 17       		.uleb128 0x17
 2417 000d 00       		.byte	0
 2418 000e 00       		.byte	0
 2419 000f 02       		.uleb128 0x2
 2420 0010 24       		.uleb128 0x24
 2421 0011 00       		.byte	0
 2422 0012 0B       		.uleb128 0xb
 2423 0013 0B       		.uleb128 0xb
 2424 0014 3E       		.uleb128 0x3e
 2425 0015 0B       		.uleb128 0xb
 2426 0016 03       		.uleb128 0x3
 2427 0017 0E       		.uleb128 0xe
 2428 0018 00       		.byte	0
 2429 0019 00       		.byte	0
 2430 001a 03       		.uleb128 0x3
 2431 001b 16       		.uleb128 0x16
 2432 001c 00       		.byte	0
 2433 001d 03       		.uleb128 0x3
 2434 001e 0E       		.uleb128 0xe
 2435 001f 3A       		.uleb128 0x3a
 2436 0020 0B       		.uleb128 0xb
 2437 0021 3B       		.uleb128 0x3b
 2438 0022 0B       		.uleb128 0xb
 2439 0023 49       		.uleb128 0x49
 2440 0024 13       		.uleb128 0x13
 2441 0025 00       		.byte	0
 2442 0026 00       		.byte	0
 2443 0027 04       		.uleb128 0x4
 2444 0028 24       		.uleb128 0x24
 2445 0029 00       		.byte	0
 2446 002a 0B       		.uleb128 0xb
 2447 002b 0B       		.uleb128 0xb
ARM GAS  C:\Users\growo\AppData\Local\Temp\ccb0cecf.s 			page 44


 2448 002c 3E       		.uleb128 0x3e
 2449 002d 0B       		.uleb128 0xb
 2450 002e 03       		.uleb128 0x3
 2451 002f 08       		.uleb128 0x8
 2452 0030 00       		.byte	0
 2453 0031 00       		.byte	0
 2454 0032 05       		.uleb128 0x5
 2455 0033 01       		.uleb128 0x1
 2456 0034 01       		.byte	0x1
 2457 0035 49       		.uleb128 0x49
 2458 0036 13       		.uleb128 0x13
 2459 0037 01       		.uleb128 0x1
 2460 0038 13       		.uleb128 0x13
 2461 0039 00       		.byte	0
 2462 003a 00       		.byte	0
 2463 003b 06       		.uleb128 0x6
 2464 003c 21       		.uleb128 0x21
 2465 003d 00       		.byte	0
 2466 003e 49       		.uleb128 0x49
 2467 003f 13       		.uleb128 0x13
 2468 0040 2F       		.uleb128 0x2f
 2469 0041 05       		.uleb128 0x5
 2470 0042 00       		.byte	0
 2471 0043 00       		.byte	0
 2472 0044 07       		.uleb128 0x7
 2473 0045 26       		.uleb128 0x26
 2474 0046 00       		.byte	0
 2475 0047 49       		.uleb128 0x49
 2476 0048 13       		.uleb128 0x13
 2477 0049 00       		.byte	0
 2478 004a 00       		.byte	0
 2479 004b 08       		.uleb128 0x8
 2480 004c 34       		.uleb128 0x34
 2481 004d 00       		.byte	0
 2482 004e 03       		.uleb128 0x3
 2483 004f 0E       		.uleb128 0xe
 2484 0050 3A       		.uleb128 0x3a
 2485 0051 0B       		.uleb128 0xb
 2486 0052 3B       		.uleb128 0x3b
 2487 0053 0B       		.uleb128 0xb
 2488 0054 49       		.uleb128 0x49
 2489 0055 13       		.uleb128 0x13
 2490 0056 3F       		.uleb128 0x3f
 2491 0057 19       		.uleb128 0x19
 2492 0058 02       		.uleb128 0x2
 2493 0059 18       		.uleb128 0x18
 2494 005a 00       		.byte	0
 2495 005b 00       		.byte	0
 2496 005c 09       		.uleb128 0x9
 2497 005d 21       		.uleb128 0x21
 2498 005e 00       		.byte	0
 2499 005f 49       		.uleb128 0x49
 2500 0060 13       		.uleb128 0x13
 2501 0061 2F       		.uleb128 0x2f
 2502 0062 0B       		.uleb128 0xb
 2503 0063 00       		.byte	0
 2504 0064 00       		.byte	0
ARM GAS  C:\Users\growo\AppData\Local\Temp\ccb0cecf.s 			page 45


 2505 0065 0A       		.uleb128 0xa
 2506 0066 34       		.uleb128 0x34
 2507 0067 00       		.byte	0
 2508 0068 03       		.uleb128 0x3
 2509 0069 0E       		.uleb128 0xe
 2510 006a 3A       		.uleb128 0x3a
 2511 006b 0B       		.uleb128 0xb
 2512 006c 3B       		.uleb128 0x3b
 2513 006d 05       		.uleb128 0x5
 2514 006e 49       		.uleb128 0x49
 2515 006f 13       		.uleb128 0x13
 2516 0070 3F       		.uleb128 0x3f
 2517 0071 19       		.uleb128 0x19
 2518 0072 02       		.uleb128 0x2
 2519 0073 18       		.uleb128 0x18
 2520 0074 00       		.byte	0
 2521 0075 00       		.byte	0
 2522 0076 00       		.byte	0
 2523              		.section	.debug_aranges,"",%progbits
 2524 0000 14000000 		.4byte	0x14
 2525 0004 0200     		.2byte	0x2
 2526 0006 00000000 		.4byte	.Ldebug_info0
 2527 000a 04       		.byte	0x4
 2528 000b 00       		.byte	0
 2529 000c 0000     		.2byte	0
 2530 000e 0000     		.2byte	0
 2531 0010 00000000 		.4byte	0
 2532 0014 00000000 		.4byte	0
 2533              		.section	.debug_line,"",%progbits
 2534              	.Ldebug_line0:
 2535 0000 3D010000 		.section	.debug_str,"MS",%progbits,1
 2535      02003701 
 2535      00000201 
 2535      FB0E0D00 
 2535      01010101 
 2536              	.LASF9:
 2537 0000 5F5F7569 		.ascii	"__uint8_t\000"
 2537      6E74385F 
 2537      7400
 2538              	.LASF19:
 2539 000a 443A5C44 		.ascii	"D:\\Dropbox\\Magister\\Tesis\\tesis-source\\master-"
 2539      726F7062 
 2539      6F785C4D 
 2539      61676973 
 2539      7465725C 
 2540 0038 74657369 		.ascii	"tesis\\dedo_v01.cydsn\000"
 2540      735C6465 
 2540      646F5F76 
 2540      30312E63 
 2540      7964736E 
 2541              	.LASF16:
 2542 004d 63795F6D 		.ascii	"cy_metadata\000"
 2542      65746164 
 2542      61746100 
 2543              	.LASF1:
 2544 0059 756E7369 		.ascii	"unsigned char\000"
 2544      676E6564 
ARM GAS  C:\Users\growo\AppData\Local\Temp\ccb0cecf.s 			page 46


 2544      20636861 
 2544      7200
 2545              	.LASF17:
 2546 0067 474E5520 		.ascii	"GNU C11 5.4.1 20160609 (release) [ARM/embedded-5-br"
 2546      43313120 
 2546      352E342E 
 2546      31203230 
 2546      31363036 
 2547 009a 616E6368 		.ascii	"anch revision 237715] -mcpu=cortex-m3 -mthumb -g -O"
 2547      20726576 
 2547      6973696F 
 2547      6E203233 
 2547      37373135 
 2548 00cd 67202D66 		.ascii	"g -ffunction-sections -ffat-lto-objects\000"
 2548      66756E63 
 2548      74696F6E 
 2548      2D736563 
 2548      74696F6E 
 2549              	.LASF5:
 2550 00f5 6C6F6E67 		.ascii	"long unsigned int\000"
 2550      20756E73 
 2550      69676E65 
 2550      6420696E 
 2550      7400
 2551              	.LASF3:
 2552 0107 73686F72 		.ascii	"short unsigned int\000"
 2552      7420756E 
 2552      7369676E 
 2552      65642069 
 2552      6E7400
 2553              	.LASF13:
 2554 011a 63795F6D 		.ascii	"cy_meta_custnvl\000"
 2554      6574615F 
 2554      63757374 
 2554      6E766C00 
 2555              	.LASF12:
 2556 012a 63795F6D 		.ascii	"cy_meta_configecc\000"
 2556      6574615F 
 2556      636F6E66 
 2556      69676563 
 2556      6300
 2557              	.LASF8:
 2558 013c 756E7369 		.ascii	"unsigned int\000"
 2558      676E6564 
 2558      20696E74 
 2558      00
 2559              	.LASF7:
 2560 0149 6C6F6E67 		.ascii	"long long unsigned int\000"
 2560      206C6F6E 
 2560      6720756E 
 2560      7369676E 
 2560      65642069 
 2561              	.LASF10:
 2562 0160 75696E74 		.ascii	"uint8_t\000"
 2562      385F7400 
 2563              	.LASF15:
 2564 0168 63795F6D 		.ascii	"cy_meta_flashprotect\000"
ARM GAS  C:\Users\growo\AppData\Local\Temp\ccb0cecf.s 			page 47


 2564      6574615F 
 2564      666C6173 
 2564      6870726F 
 2564      74656374 
 2565              	.LASF14:
 2566 017d 63795F6D 		.ascii	"cy_meta_wonvl\000"
 2566      6574615F 
 2566      776F6E76 
 2566      6C00
 2567              	.LASF11:
 2568 018b 73697A65 		.ascii	"sizetype\000"
 2568      74797065 
 2568      00
 2569              	.LASF6:
 2570 0194 6C6F6E67 		.ascii	"long long int\000"
 2570      206C6F6E 
 2570      6720696E 
 2570      7400
 2571              	.LASF2:
 2572 01a2 73686F72 		.ascii	"short int\000"
 2572      7420696E 
 2572      7400
 2573              	.LASF4:
 2574 01ac 6C6F6E67 		.ascii	"long int\000"
 2574      20696E74 
 2574      00
 2575              	.LASF0:
 2576 01b5 7369676E 		.ascii	"signed char\000"
 2576      65642063 
 2576      68617200 
 2577              	.LASF18:
 2578 01c1 47656E65 		.ascii	"Generated_Source\\PSoC5\\cymetadata.c\000"
 2578      72617465 
 2578      645F536F 
 2578      75726365 
 2578      5C50536F 
 2579              		.ident	"GCC: (GNU Tools for ARM Embedded Processors) 5.4.1 20160609 (release) [ARM/embedded-5-bran
