ARM GAS  C:\Users\GONZAL~1\AppData\Local\Temp\ccpbowfd.s 			page 1


   1              		.syntax unified
   2              		.cpu cortex-m3
   3              		.fpu softvfp
   4              		.eabi_attribute 20, 1
   5              		.eabi_attribute 21, 1
   6              		.eabi_attribute 23, 3
   7              		.eabi_attribute 24, 1
   8              		.eabi_attribute 25, 1
   9              		.eabi_attribute 26, 1
  10              		.eabi_attribute 30, 1
  11              		.eabi_attribute 34, 1
  12              		.eabi_attribute 18, 4
  13              		.thumb
  14              		.syntax unified
  15              		.file	"functions.c"
  16              		.text
  17              	.Ltext0:
  18              		.cfi_sections	.debug_frame
  19              		.global	__aeabi_i2d
  20              		.global	__aeabi_ddiv
  21              		.global	__aeabi_dmul
  22              		.global	__aeabi_dadd
  23              		.global	__aeabi_d2iz
  24              		.section	.text.fn_mapper,"ax",%progbits
  25              		.align	2
  26              		.global	fn_mapper
  27              		.thumb
  28              		.thumb_func
  29              		.type	fn_mapper, %function
  30              	fn_mapper:
  31              	.LFB64:
  32              		.file 1 "functions.c"
   1:functions.c   **** /* ========================================
   2:functions.c   ****  *
   3:functions.c   ****  * Copyright YOUR COMPANY, THE YEAR
   4:functions.c   ****  * All Rights Reserved
   5:functions.c   ****  * UNPUBLISHED, LICENSED SOFTWARE.
   6:functions.c   ****  *
   7:functions.c   ****  * CONFIDENTIAL AND PROPRIETARY INFORMATION
   8:functions.c   ****  * WHICH IS THE PROPERTY OF your company.
   9:functions.c   ****  *
  10:functions.c   ****  * ========================================
  11:functions.c   **** */
  12:functions.c   **** 
  13:functions.c   **** #include <functions.h>
  14:functions.c   **** #include <stdlib.h>
  15:functions.c   **** #include <math.h>
  16:functions.c   **** 
  17:functions.c   **** int32_t fn_mapper(int32_t x, int32_t in_min, int32_t in_max, int32_t out_min, int32_t out_max)
  18:functions.c   **** {    
  33              		.loc 1 18 0
  34              		.cfi_startproc
  35              		@ args = 4, pretend = 0, frame = 0
  36              		@ frame_needed = 0, uses_anonymous_args = 0
  37              	.LVL0:
  38 0000 2DE9F843 		push	{r3, r4, r5, r6, r7, r8, r9, lr}
  39              		.cfi_def_cfa_offset 32
ARM GAS  C:\Users\GONZAL~1\AppData\Local\Temp\ccpbowfd.s 			page 2


  40              		.cfi_offset 3, -32
  41              		.cfi_offset 4, -28
  42              		.cfi_offset 5, -24
  43              		.cfi_offset 6, -20
  44              		.cfi_offset 7, -16
  45              		.cfi_offset 8, -12
  46              		.cfi_offset 9, -8
  47              		.cfi_offset 14, -4
  48 0004 8046     		mov	r8, r0
  49 0006 0D46     		mov	r5, r1
  50 0008 9146     		mov	r9, r2
  51 000a 1C46     		mov	r4, r3
  19:functions.c   ****     double slope = 1.0 * (out_max - out_min)/(in_max - in_min);
  52              		.loc 1 19 0
  53 000c 0898     		ldr	r0, [sp, #32]
  54              	.LVL1:
  55 000e C01A     		subs	r0, r0, r3
  56 0010 FFF7FEFF 		bl	__aeabi_i2d
  57              	.LVL2:
  58 0014 0646     		mov	r6, r0
  59 0016 0F46     		mov	r7, r1
  60 0018 C5EB0900 		rsb	r0, r5, r9
  61 001c FFF7FEFF 		bl	__aeabi_i2d
  62              	.LVL3:
  63 0020 0246     		mov	r2, r0
  64 0022 0B46     		mov	r3, r1
  65 0024 3046     		mov	r0, r6
  66 0026 3946     		mov	r1, r7
  67 0028 FFF7FEFF 		bl	__aeabi_ddiv
  68              	.LVL4:
  69 002c 0646     		mov	r6, r0
  70 002e 0F46     		mov	r7, r1
  71              	.LVL5:
  20:functions.c   ****     return (int32_t)(out_min + slope*(x - in_min));   
  72              		.loc 1 20 0
  73 0030 C5EB0800 		rsb	r0, r5, r8
  74 0034 FFF7FEFF 		bl	__aeabi_i2d
  75              	.LVL6:
  76 0038 3246     		mov	r2, r6
  77 003a 3B46     		mov	r3, r7
  78 003c FFF7FEFF 		bl	__aeabi_dmul
  79              	.LVL7:
  80 0040 0646     		mov	r6, r0
  81              	.LVL8:
  82 0042 0F46     		mov	r7, r1
  83 0044 2046     		mov	r0, r4
  84 0046 FFF7FEFF 		bl	__aeabi_i2d
  85              	.LVL9:
  86 004a 3246     		mov	r2, r6
  87 004c 3B46     		mov	r3, r7
  88 004e FFF7FEFF 		bl	__aeabi_dadd
  89              	.LVL10:
  90 0052 FFF7FEFF 		bl	__aeabi_d2iz
  91              	.LVL11:
  21:functions.c   **** }
  92              		.loc 1 21 0
  93 0056 BDE8F883 		pop	{r3, r4, r5, r6, r7, r8, r9, pc}
ARM GAS  C:\Users\GONZAL~1\AppData\Local\Temp\ccpbowfd.s 			page 3


  94              		.cfi_endproc
  95              	.LFE64:
  96              		.size	fn_mapper, .-fn_mapper
  97              		.global	__aeabi_d2uiz
  98 005a 00BF     		.section	.text.fn_mapper_8b,"ax",%progbits
  99              		.align	2
 100              		.global	fn_mapper_8b
 101              		.thumb
 102              		.thumb_func
 103              		.type	fn_mapper_8b, %function
 104              	fn_mapper_8b:
 105              	.LFB65:
  22:functions.c   **** 
  23:functions.c   **** uint8 fn_mapper_8b(int32_t x, int32_t in_min, int32_t in_max, int32_t out_min, int32_t out_max)
  24:functions.c   **** {
 106              		.loc 1 24 0
 107              		.cfi_startproc
 108              		@ args = 4, pretend = 0, frame = 0
 109              		@ frame_needed = 0, uses_anonymous_args = 0
 110              	.LVL12:
 111 0000 2DE9F843 		push	{r3, r4, r5, r6, r7, r8, r9, lr}
 112              		.cfi_def_cfa_offset 32
 113              		.cfi_offset 3, -32
 114              		.cfi_offset 4, -28
 115              		.cfi_offset 5, -24
 116              		.cfi_offset 6, -20
 117              		.cfi_offset 7, -16
 118              		.cfi_offset 8, -12
 119              		.cfi_offset 9, -8
 120              		.cfi_offset 14, -4
 121 0004 8046     		mov	r8, r0
 122 0006 0D46     		mov	r5, r1
 123 0008 9146     		mov	r9, r2
 124 000a 1C46     		mov	r4, r3
  25:functions.c   ****     double slope = 1.0 * (out_max - out_min)/(in_max - in_min);
 125              		.loc 1 25 0
 126 000c 0898     		ldr	r0, [sp, #32]
 127              	.LVL13:
 128 000e C01A     		subs	r0, r0, r3
 129 0010 FFF7FEFF 		bl	__aeabi_i2d
 130              	.LVL14:
 131 0014 0646     		mov	r6, r0
 132 0016 0F46     		mov	r7, r1
 133 0018 C5EB0900 		rsb	r0, r5, r9
 134 001c FFF7FEFF 		bl	__aeabi_i2d
 135              	.LVL15:
 136 0020 0246     		mov	r2, r0
 137 0022 0B46     		mov	r3, r1
 138 0024 3046     		mov	r0, r6
 139 0026 3946     		mov	r1, r7
 140 0028 FFF7FEFF 		bl	__aeabi_ddiv
 141              	.LVL16:
 142 002c 0646     		mov	r6, r0
 143 002e 0F46     		mov	r7, r1
 144              	.LVL17:
  26:functions.c   ****     return (uint8)(out_min + slope*(x - in_min));
 145              		.loc 1 26 0
ARM GAS  C:\Users\GONZAL~1\AppData\Local\Temp\ccpbowfd.s 			page 4


 146 0030 C5EB0800 		rsb	r0, r5, r8
 147 0034 FFF7FEFF 		bl	__aeabi_i2d
 148              	.LVL18:
 149 0038 3246     		mov	r2, r6
 150 003a 3B46     		mov	r3, r7
 151 003c FFF7FEFF 		bl	__aeabi_dmul
 152              	.LVL19:
 153 0040 0646     		mov	r6, r0
 154              	.LVL20:
 155 0042 0F46     		mov	r7, r1
 156 0044 2046     		mov	r0, r4
 157 0046 FFF7FEFF 		bl	__aeabi_i2d
 158              	.LVL21:
 159 004a 3246     		mov	r2, r6
 160 004c 3B46     		mov	r3, r7
 161 004e FFF7FEFF 		bl	__aeabi_dadd
 162              	.LVL22:
 163 0052 FFF7FEFF 		bl	__aeabi_d2uiz
 164              	.LVL23:
  27:functions.c   **** }
 165              		.loc 1 27 0
 166 0056 C0B2     		uxtb	r0, r0
 167 0058 BDE8F883 		pop	{r3, r4, r5, r6, r7, r8, r9, pc}
 168              		.cfi_endproc
 169              	.LFE65:
 170              		.size	fn_mapper_8b, .-fn_mapper_8b
 171              		.global	__aeabi_dsub
 172              		.section	.text.Sigmoid,"ax",%progbits
 173              		.align	2
 174              		.global	Sigmoid
 175              		.thumb
 176              		.thumb_func
 177              		.type	Sigmoid, %function
 178              	Sigmoid:
 179              	.LFB66:
  28:functions.c   **** 
  29:functions.c   **** double Sigmoid(double x,double a, double b)
  30:functions.c   **** {
 180              		.loc 1 30 0
 181              		.cfi_startproc
 182              		@ args = 8, pretend = 0, frame = 0
 183              		@ frame_needed = 0, uses_anonymous_args = 0
 184              	.LVL24:
 185 0000 F8B5     		push	{r3, r4, r5, r6, r7, lr}
 186              		.cfi_def_cfa_offset 24
 187              		.cfi_offset 3, -24
 188              		.cfi_offset 4, -20
 189              		.cfi_offset 5, -16
 190              		.cfi_offset 6, -12
 191              		.cfi_offset 7, -8
 192              		.cfi_offset 14, -4
 193 0002 1646     		mov	r6, r2
 194 0004 1F46     		mov	r7, r3
  31:functions.c   ****     return a*(2/(1 + exp(-x*b))-1);
 195              		.loc 1 31 0
 196 0006 DDE90623 		ldrd	r2, [sp, #24]
 197              	.LVL25:
ARM GAS  C:\Users\GONZAL~1\AppData\Local\Temp\ccpbowfd.s 			page 5


 198 000a 01F10045 		add	r5, r1, #-2147483648
 199 000e 2946     		mov	r1, r5
 200 0010 FFF7FEFF 		bl	__aeabi_dmul
 201              	.LVL26:
 202 0014 FFF7FEFF 		bl	exp
 203              	.LVL27:
 204 0018 0022     		movs	r2, #0
 205 001a 094B     		ldr	r3, .L7
 206 001c FFF7FEFF 		bl	__aeabi_dadd
 207              	.LVL28:
 208 0020 0246     		mov	r2, r0
 209 0022 0B46     		mov	r3, r1
 210 0024 0020     		movs	r0, #0
 211 0026 4FF08041 		mov	r1, #1073741824
 212 002a FFF7FEFF 		bl	__aeabi_ddiv
 213              	.LVL29:
 214 002e 0022     		movs	r2, #0
 215 0030 034B     		ldr	r3, .L7
 216 0032 FFF7FEFF 		bl	__aeabi_dsub
 217              	.LVL30:
 218 0036 3246     		mov	r2, r6
 219 0038 3B46     		mov	r3, r7
 220 003a FFF7FEFF 		bl	__aeabi_dmul
 221              	.LVL31:
  32:functions.c   **** }
 222              		.loc 1 32 0
 223 003e F8BD     		pop	{r3, r4, r5, r6, r7, pc}
 224              	.LVL32:
 225              	.L8:
 226              		.align	2
 227              	.L7:
 228 0040 0000F03F 		.word	1072693248
 229              		.cfi_endproc
 230              	.LFE66:
 231              		.size	Sigmoid, .-Sigmoid
 232              		.section	.text.HandBrake,"ax",%progbits
 233              		.align	2
 234              		.global	HandBrake
 235              		.thumb
 236              		.thumb_func
 237              		.type	HandBrake, %function
 238              	HandBrake:
 239              	.LFB68:
  33:functions.c   **** 
  34:functions.c   **** void ProcessCommandMsg(void)
  35:functions.c   **** {    
  36:functions.c   ****     //check received message for any valid command and execute it if necessary or report old value
  37:functions.c   ****     //if command not recognized, then report error
  38:functions.c   ****     //todo: add check for valid conversion string->value
  39:functions.c   ****      
  40:functions.c   ****     //sprintf(strMsg1,"%s\r", RB.RxStr); UART_PutString(strMsg1);
  41:functions.c   ****    
  42:functions.c   ****     //todo: ther are problems if terminator is "\r\n"
  43:functions.c   ****     uint8 updatePID = FALSE;
  44:functions.c   ****     
  45:functions.c   ****     if (RB.cmd == 'P'){
  46:functions.c   ****         if(strlen(RB.valstr) > 0){
ARM GAS  C:\Users\GONZAL~1\AppData\Local\Temp\ccpbowfd.s 			page 6


  47:functions.c   ****             updatePID = TRUE;
  48:functions.c   ****             PB.pVal = atoi(RB.valstr);
  49:functions.c   ****             //sprintf(msg,"&%c: %s\r\n",RB.cmd,RB.valstr);
  50:functions.c   ****             //UART_PutString(msg);
  51:functions.c   ****         }
  52:functions.c   ****     }
  53:functions.c   ****     else if (RB.cmd == 'I'){
  54:functions.c   ****         if(strlen(RB.valstr) > 0){
  55:functions.c   ****             updatePID = TRUE;
  56:functions.c   ****             PB.iVal = atoi(RB.valstr);
  57:functions.c   ****             //sprintf(msg,"&%c: %s\r\n",RB.cmd,RB.valstr);
  58:functions.c   ****             //UART_PutString(msg);
  59:functions.c   ****         }
  60:functions.c   ****     }
  61:functions.c   ****     else if (RB.cmd == 'D'){
  62:functions.c   ****         if(strlen(RB.valstr) > 0){
  63:functions.c   ****             updatePID = TRUE;
  64:functions.c   ****             PB.dVal = atoi(RB.valstr);
  65:functions.c   ****             //sprintf(msg,"&%c: %s\r\n",RB.cmd,RB.valstr);
  66:functions.c   ****             //UART_PutString(msg);
  67:functions.c   ****         }
  68:functions.c   ****     }
  69:functions.c   ****     else if (RB.cmd == 's'){
  70:functions.c   ****         //UART_PutString("&S");
  71:functions.c   ****         ContinuouslySendData = TRUE;
  72:functions.c   ****     }
  73:functions.c   ****     else if (RB.cmd == 'q'){
  74:functions.c   ****         CySoftwareReset();
  75:functions.c   ****     }
  76:functions.c   ****     else if (RB.cmd == 'x'){
  77:functions.c   ****         //UART_PutString("&X");
  78:functions.c   ****         ContinuouslySendData = FALSE;
  79:functions.c   ****     }
  80:functions.c   ****     else if (RB.cmd == 'b'){
  81:functions.c   ****         HandBrake();
  82:functions.c   ****     }
  83:functions.c   ****     else if (RB.cmd == '!'){
  84:functions.c   ****         if(strlen(RB.valstr) > 0){
  85:functions.c   ****             pos_ref = atoi(RB.valstr);
  86:functions.c   ****         }
  87:functions.c   ****     }
  88:functions.c   ****     else if (RB.cmd == '#'){
  89:functions.c   ****         if(strlen(RB.valstr) > 0){
  90:functions.c   ****             speed_ref = atoi(RB.valstr);
  91:functions.c   ****         }
  92:functions.c   ****     }
  93:functions.c   ****     else if (RB.cmd == '$'){
  94:functions.c   ****         if(strlen(RB.valstr) > 0){
  95:functions.c   ****             tension_ref = atoi(RB.valstr);
  96:functions.c   ****         }
  97:functions.c   ****     }
  98:functions.c   ****     else if (RB.cmd == '1'){
  99:functions.c   ****         pos_ref = 20;
 100:functions.c   ****     }
 101:functions.c   ****     else if (RB.cmd == '0'){
 102:functions.c   ****         pos_ref = 0;
 103:functions.c   ****     }
ARM GAS  C:\Users\GONZAL~1\AppData\Local\Temp\ccpbowfd.s 			page 7


 104:functions.c   ****     
 105:functions.c   ****     if ( updatePID == TRUE ){
 106:functions.c   ****         PID_setCoeffs(&speed_pid_,(float)PB.pVal/100.0,(float)PB.iVal/100.0,(float)PB.dVal/100.0);
 107:functions.c   ****         updatePID = FALSE;
 108:functions.c   ****     }
 109:functions.c   **** }
 110:functions.c   **** 
 111:functions.c   **** void HandBrake()
 112:functions.c   **** {
 240              		.loc 1 112 0
 241              		.cfi_startproc
 242              		@ args = 0, pretend = 0, frame = 0
 243              		@ frame_needed = 0, uses_anonymous_args = 0
 244 0000 08B5     		push	{r3, lr}
 245              		.cfi_def_cfa_offset 8
 246              		.cfi_offset 3, -8
 247              		.cfi_offset 14, -4
 113:functions.c   ****     if (_braken_state == 0){
 248              		.loc 1 113 0
 249 0002 084B     		ldr	r3, .L13
 250 0004 1B78     		ldrb	r3, [r3]	@ zero_extendqisi2
 251 0006 33B9     		cbnz	r3, .L10
 114:functions.c   ****         BRAKEn_Write(1);
 252              		.loc 1 114 0
 253 0008 0120     		movs	r0, #1
 254 000a FFF7FEFF 		bl	BRAKEn_Write
 255              	.LVL33:
 115:functions.c   ****         _braken_state = 1;
 256              		.loc 1 115 0
 257 000e 0122     		movs	r2, #1
 258 0010 044B     		ldr	r3, .L13
 259 0012 1A70     		strb	r2, [r3]
 260 0014 08BD     		pop	{r3, pc}
 261              	.L10:
 116:functions.c   ****     }
 117:functions.c   ****     else{
 118:functions.c   ****         BRAKEn_Write(0);
 262              		.loc 1 118 0
 263 0016 0020     		movs	r0, #0
 264 0018 FFF7FEFF 		bl	BRAKEn_Write
 265              	.LVL34:
 119:functions.c   ****         _braken_state = 0;
 266              		.loc 1 119 0
 267 001c 0022     		movs	r2, #0
 268 001e 014B     		ldr	r3, .L13
 269 0020 1A70     		strb	r2, [r3]
 270 0022 08BD     		pop	{r3, pc}
 271              	.L14:
 272              		.align	2
 273              	.L13:
 274 0024 00000000 		.word	_braken_state
 275              		.cfi_endproc
 276              	.LFE68:
 277              		.size	HandBrake, .-HandBrake
 278              		.global	__aeabi_i2f
 279              		.global	__aeabi_fdiv
 280              		.section	.text.ProcessCommandMsg,"ax",%progbits
ARM GAS  C:\Users\GONZAL~1\AppData\Local\Temp\ccpbowfd.s 			page 8


 281              		.align	2
 282              		.global	ProcessCommandMsg
 283              		.thumb
 284              		.thumb_func
 285              		.type	ProcessCommandMsg, %function
 286              	ProcessCommandMsg:
 287              	.LFB67:
  35:functions.c   ****     //check received message for any valid command and execute it if necessary or report old value
 288              		.loc 1 35 0
 289              		.cfi_startproc
 290              		@ args = 0, pretend = 0, frame = 0
 291              		@ frame_needed = 0, uses_anonymous_args = 0
 292 0000 F8B5     		push	{r3, r4, r5, r6, r7, lr}
 293              		.cfi_def_cfa_offset 24
 294              		.cfi_offset 3, -24
 295              		.cfi_offset 4, -20
 296              		.cfi_offset 5, -16
 297              		.cfi_offset 6, -12
 298              		.cfi_offset 7, -8
 299              		.cfi_offset 14, -4
 300              	.LVL35:
  45:functions.c   ****         if(strlen(RB.valstr) > 0){
 301              		.loc 1 45 0
 302 0002 514B     		ldr	r3, .L37
 303 0004 1B78     		ldrb	r3, [r3]	@ zero_extendqisi2
 304 0006 502B     		cmp	r3, #80
 305 0008 0AD1     		bne	.L16
  46:functions.c   ****             updatePID = TRUE;
 306              		.loc 1 46 0
 307 000a 4F4B     		ldr	r3, .L37
 308 000c 5B78     		ldrb	r3, [r3, #1]	@ zero_extendqisi2
 309 000e 002B     		cmp	r3, #0
 310 0010 6BD0     		beq	.L29
 311              	.LVL36:
  48:functions.c   ****             //sprintf(msg,"&%c: %s\r\n",RB.cmd,RB.valstr);
 312              		.loc 1 48 0
 313 0012 4E48     		ldr	r0, .L37+4
 314 0014 FFF7FEFF 		bl	atoi
 315              	.LVL37:
 316 0018 4D4B     		ldr	r3, .L37+8
 317 001a 5860     		str	r0, [r3, #4]
  47:functions.c   ****             PB.pVal = atoi(RB.valstr);
 318              		.loc 1 47 0
 319 001c 0123     		movs	r3, #1
 320 001e 71E0     		b	.L17
 321              	.LVL38:
 322              	.L16:
  53:functions.c   ****         if(strlen(RB.valstr) > 0){
 323              		.loc 1 53 0
 324 0020 492B     		cmp	r3, #73
 325 0022 0AD1     		bne	.L18
  54:functions.c   ****             updatePID = TRUE;
 326              		.loc 1 54 0
 327 0024 484B     		ldr	r3, .L37
 328 0026 5B78     		ldrb	r3, [r3, #1]	@ zero_extendqisi2
 329 0028 002B     		cmp	r3, #0
 330 002a 60D0     		beq	.L30
ARM GAS  C:\Users\GONZAL~1\AppData\Local\Temp\ccpbowfd.s 			page 9


 331              	.LVL39:
  56:functions.c   ****             //sprintf(msg,"&%c: %s\r\n",RB.cmd,RB.valstr);
 332              		.loc 1 56 0
 333 002c 4748     		ldr	r0, .L37+4
 334 002e FFF7FEFF 		bl	atoi
 335              	.LVL40:
 336 0032 474B     		ldr	r3, .L37+8
 337 0034 9860     		str	r0, [r3, #8]
  55:functions.c   ****             PB.iVal = atoi(RB.valstr);
 338              		.loc 1 55 0
 339 0036 0123     		movs	r3, #1
 340 0038 64E0     		b	.L17
 341              	.LVL41:
 342              	.L18:
  61:functions.c   ****         if(strlen(RB.valstr) > 0){
 343              		.loc 1 61 0
 344 003a 442B     		cmp	r3, #68
 345 003c 0AD1     		bne	.L19
  62:functions.c   ****             updatePID = TRUE;
 346              		.loc 1 62 0
 347 003e 424B     		ldr	r3, .L37
 348 0040 5B78     		ldrb	r3, [r3, #1]	@ zero_extendqisi2
 349 0042 002B     		cmp	r3, #0
 350 0044 55D0     		beq	.L31
 351              	.LVL42:
  64:functions.c   ****             //sprintf(msg,"&%c: %s\r\n",RB.cmd,RB.valstr);
 352              		.loc 1 64 0
 353 0046 4148     		ldr	r0, .L37+4
 354 0048 FFF7FEFF 		bl	atoi
 355              	.LVL43:
 356 004c 404B     		ldr	r3, .L37+8
 357 004e D860     		str	r0, [r3, #12]
  63:functions.c   ****             PB.dVal = atoi(RB.valstr);
 358              		.loc 1 63 0
 359 0050 0123     		movs	r3, #1
 360 0052 57E0     		b	.L17
 361              	.LVL44:
 362              	.L19:
  69:functions.c   ****         //UART_PutString("&S");
 363              		.loc 1 69 0
 364 0054 732B     		cmp	r3, #115
 365 0056 04D1     		bne	.L20
  71:functions.c   ****     }
 366              		.loc 1 71 0
 367 0058 0122     		movs	r2, #1
 368 005a 3E4B     		ldr	r3, .L37+12
 369 005c 1A70     		strb	r2, [r3]
  43:functions.c   ****     
 370              		.loc 1 43 0
 371 005e 0023     		movs	r3, #0
 372 0060 50E0     		b	.L17
 373              	.L20:
  73:functions.c   ****         CySoftwareReset();
 374              		.loc 1 73 0
 375 0062 712B     		cmp	r3, #113
 376 0064 03D1     		bne	.L21
  74:functions.c   ****     }
ARM GAS  C:\Users\GONZAL~1\AppData\Local\Temp\ccpbowfd.s 			page 10


 377              		.loc 1 74 0
 378 0066 FFF7FEFF 		bl	CySoftwareReset
 379              	.LVL45:
  43:functions.c   ****     
 380              		.loc 1 43 0
 381 006a 0023     		movs	r3, #0
 382 006c 4AE0     		b	.L17
 383              	.L21:
  76:functions.c   ****         //UART_PutString("&X");
 384              		.loc 1 76 0
 385 006e 782B     		cmp	r3, #120
 386 0070 03D1     		bne	.L22
  78:functions.c   ****     }
 387              		.loc 1 78 0
 388 0072 0023     		movs	r3, #0
 389 0074 374A     		ldr	r2, .L37+12
 390 0076 1370     		strb	r3, [r2]
 391 0078 44E0     		b	.L17
 392              	.L22:
  80:functions.c   ****         HandBrake();
 393              		.loc 1 80 0
 394 007a 622B     		cmp	r3, #98
 395 007c 03D1     		bne	.L23
  81:functions.c   ****     }
 396              		.loc 1 81 0
 397 007e FFF7FEFF 		bl	HandBrake
 398              	.LVL46:
  43:functions.c   ****     
 399              		.loc 1 43 0
 400 0082 0023     		movs	r3, #0
 401 0084 3EE0     		b	.L17
 402              	.L23:
  83:functions.c   ****         if(strlen(RB.valstr) > 0){
 403              		.loc 1 83 0
 404 0086 212B     		cmp	r3, #33
 405 0088 0AD1     		bne	.L24
  84:functions.c   ****             pos_ref = atoi(RB.valstr);
 406              		.loc 1 84 0
 407 008a 2F4B     		ldr	r3, .L37
 408 008c 5B78     		ldrb	r3, [r3, #1]	@ zero_extendqisi2
 409 008e 002B     		cmp	r3, #0
 410 0090 31D0     		beq	.L32
  85:functions.c   ****         }
 411              		.loc 1 85 0
 412 0092 2E48     		ldr	r0, .L37+4
 413 0094 FFF7FEFF 		bl	atoi
 414              	.LVL47:
 415 0098 2F4B     		ldr	r3, .L37+16
 416 009a 1860     		str	r0, [r3]
  43:functions.c   ****     
 417              		.loc 1 43 0
 418 009c 0023     		movs	r3, #0
 419 009e 31E0     		b	.L17
 420              	.L24:
  88:functions.c   ****         if(strlen(RB.valstr) > 0){
 421              		.loc 1 88 0
 422 00a0 232B     		cmp	r3, #35
ARM GAS  C:\Users\GONZAL~1\AppData\Local\Temp\ccpbowfd.s 			page 11


 423 00a2 09D1     		bne	.L25
  89:functions.c   ****             speed_ref = atoi(RB.valstr);
 424              		.loc 1 89 0
 425 00a4 284B     		ldr	r3, .L37
 426 00a6 5B78     		ldrb	r3, [r3, #1]	@ zero_extendqisi2
 427 00a8 3BB3     		cbz	r3, .L33
  90:functions.c   ****         }
 428              		.loc 1 90 0
 429 00aa 2848     		ldr	r0, .L37+4
 430 00ac FFF7FEFF 		bl	atoi
 431              	.LVL48:
 432 00b0 2A4B     		ldr	r3, .L37+20
 433 00b2 1860     		str	r0, [r3]
  43:functions.c   ****     
 434              		.loc 1 43 0
 435 00b4 0023     		movs	r3, #0
 436 00b6 25E0     		b	.L17
 437              	.L25:
  93:functions.c   ****         if(strlen(RB.valstr) > 0){
 438              		.loc 1 93 0
 439 00b8 242B     		cmp	r3, #36
 440 00ba 09D1     		bne	.L26
  94:functions.c   ****             tension_ref = atoi(RB.valstr);
 441              		.loc 1 94 0
 442 00bc 224B     		ldr	r3, .L37
 443 00be 5B78     		ldrb	r3, [r3, #1]	@ zero_extendqisi2
 444 00c0 EBB1     		cbz	r3, .L34
  95:functions.c   ****         }
 445              		.loc 1 95 0
 446 00c2 2248     		ldr	r0, .L37+4
 447 00c4 FFF7FEFF 		bl	atoi
 448              	.LVL49:
 449 00c8 254B     		ldr	r3, .L37+24
 450 00ca 1860     		str	r0, [r3]
  43:functions.c   ****     
 451              		.loc 1 43 0
 452 00cc 0023     		movs	r3, #0
 453 00ce 19E0     		b	.L17
 454              	.L26:
  98:functions.c   ****         pos_ref = 20;
 455              		.loc 1 98 0
 456 00d0 312B     		cmp	r3, #49
 457 00d2 04D1     		bne	.L27
  99:functions.c   ****     }
 458              		.loc 1 99 0
 459 00d4 1422     		movs	r2, #20
 460 00d6 204B     		ldr	r3, .L37+16
 461 00d8 1A60     		str	r2, [r3]
  43:functions.c   ****     
 462              		.loc 1 43 0
 463 00da 0023     		movs	r3, #0
 464 00dc 12E0     		b	.L17
 465              	.L27:
 101:functions.c   ****         pos_ref = 0;
 466              		.loc 1 101 0
 467 00de 302B     		cmp	r3, #48
 468 00e0 0FD1     		bne	.L35
ARM GAS  C:\Users\GONZAL~1\AppData\Local\Temp\ccpbowfd.s 			page 12


 102:functions.c   ****     }
 469              		.loc 1 102 0
 470 00e2 0023     		movs	r3, #0
 471 00e4 1C4A     		ldr	r2, .L37+16
 472 00e6 1360     		str	r3, [r2]
 473 00e8 0CE0     		b	.L17
 474              	.L29:
  43:functions.c   ****     
 475              		.loc 1 43 0
 476 00ea 0023     		movs	r3, #0
 477 00ec 0AE0     		b	.L17
 478              	.L30:
 479 00ee 0023     		movs	r3, #0
 480 00f0 08E0     		b	.L17
 481              	.L31:
 482 00f2 0023     		movs	r3, #0
 483 00f4 06E0     		b	.L17
 484              	.L32:
 485 00f6 0023     		movs	r3, #0
 486 00f8 04E0     		b	.L17
 487              	.L33:
 488 00fa 0023     		movs	r3, #0
 489 00fc 02E0     		b	.L17
 490              	.L34:
 491 00fe 0023     		movs	r3, #0
 492 0100 00E0     		b	.L17
 493              	.L35:
 494 0102 0023     		movs	r3, #0
 495              	.LVL50:
 496              	.L17:
 105:functions.c   ****         PID_setCoeffs(&speed_pid_,(float)PB.pVal/100.0,(float)PB.iVal/100.0,(float)PB.dVal/100.0);
 497              		.loc 1 105 0
 498 0104 F3B1     		cbz	r3, .L15
 106:functions.c   ****         updatePID = FALSE;
 499              		.loc 1 106 0
 500 0106 124C     		ldr	r4, .L37+8
 501 0108 6068     		ldr	r0, [r4, #4]
 502 010a FFF7FEFF 		bl	__aeabi_i2f
 503              	.LVL51:
 504 010e 0646     		mov	r6, r0
 505 0110 A068     		ldr	r0, [r4, #8]
 506 0112 FFF7FEFF 		bl	__aeabi_i2f
 507              	.LVL52:
 508 0116 0746     		mov	r7, r0
 509 0118 E068     		ldr	r0, [r4, #12]
 510 011a FFF7FEFF 		bl	__aeabi_i2f
 511              	.LVL53:
 512 011e 1149     		ldr	r1, .L37+28
 513 0120 FFF7FEFF 		bl	__aeabi_fdiv
 514              	.LVL54:
 515 0124 0546     		mov	r5, r0
 516 0126 0F49     		ldr	r1, .L37+28
 517 0128 3846     		mov	r0, r7
 518 012a FFF7FEFF 		bl	__aeabi_fdiv
 519              	.LVL55:
 520 012e 0446     		mov	r4, r0
 521 0130 0C49     		ldr	r1, .L37+28
ARM GAS  C:\Users\GONZAL~1\AppData\Local\Temp\ccpbowfd.s 			page 13


 522 0132 3046     		mov	r0, r6
 523 0134 FFF7FEFF 		bl	__aeabi_fdiv
 524              	.LVL56:
 525 0138 2B46     		mov	r3, r5
 526 013a 2246     		mov	r2, r4
 527 013c 0146     		mov	r1, r0
 528 013e 0A48     		ldr	r0, .L37+32
 529 0140 FFF7FEFF 		bl	PID_setCoeffs
 530              	.LVL57:
 531              	.L15:
 532 0144 F8BD     		pop	{r3, r4, r5, r6, r7, pc}
 533              	.L38:
 534 0146 00BF     		.align	2
 535              	.L37:
 536 0148 00000000 		.word	RB
 537 014c 01000000 		.word	RB+1
 538 0150 00000000 		.word	PB
 539 0154 00000000 		.word	ContinuouslySendData
 540 0158 00000000 		.word	pos_ref
 541 015c 00000000 		.word	speed_ref
 542 0160 00000000 		.word	tension_ref
 543 0164 0000C842 		.word	1120403456
 544 0168 00000000 		.word	speed_pid_
 545              		.cfi_endproc
 546              	.LFE67:
 547              		.size	ProcessCommandMsg, .-ProcessCommandMsg
 548              		.section	.text.StoreResults,"ax",%progbits
 549              		.align	2
 550              		.global	StoreResults
 551              		.thumb
 552              		.thumb_func
 553              		.type	StoreResults, %function
 554              	StoreResults:
 555              	.LFB69:
 120:functions.c   ****     }
 121:functions.c   **** }
 122:functions.c   **** 
 123:functions.c   **** int16 * StoreResults() // store ADC conversion result in a sensor data array
 124:functions.c   **** {
 556              		.loc 1 124 0
 557              		.cfi_startproc
 558              		@ args = 0, pretend = 0, frame = 0
 559              		@ frame_needed = 0, uses_anonymous_args = 0
 560 0000 10B5     		push	{r4, lr}
 561              		.cfi_def_cfa_offset 8
 562              		.cfi_offset 4, -8
 563              		.cfi_offset 14, -4
 564              	.LVL58:
 125:functions.c   **** 	uint16 i;
 126:functions.c   ****     static int16 dest[NUM_SENSORS];
 127:functions.c   **** 	
 128:functions.c   **** 	for (i = 0; i < NUM_SENSORS; i++) {
 565              		.loc 1 128 0
 566 0002 0024     		movs	r4, #0
 567 0004 07E0     		b	.L40
 568              	.LVL59:
 569              	.L41:
ARM GAS  C:\Users\GONZAL~1\AppData\Local\Temp\ccpbowfd.s 			page 14


 129:functions.c   **** 		dest[i] = ADC_TS_GetResult16(i);
 570              		.loc 1 129 0 discriminator 3
 571 0006 2046     		mov	r0, r4
 572 0008 FFF7FEFF 		bl	ADC_TS_GetResult16
 573              	.LVL60:
 574 000c 044B     		ldr	r3, .L43
 575 000e 23F81400 		strh	r0, [r3, r4, lsl #1]	@ movhi
 128:functions.c   **** 		dest[i] = ADC_TS_GetResult16(i);
 576              		.loc 1 128 0 discriminator 3
 577 0012 0134     		adds	r4, r4, #1
 578              	.LVL61:
 579 0014 A4B2     		uxth	r4, r4
 580              	.LVL62:
 581              	.L40:
 128:functions.c   **** 		dest[i] = ADC_TS_GetResult16(i);
 582              		.loc 1 128 0 is_stmt 0 discriminator 1
 583 0016 052C     		cmp	r4, #5
 584 0018 F5D9     		bls	.L41
 130:functions.c   **** 	}
 131:functions.c   ****     return dest;
 132:functions.c   **** }
 585              		.loc 1 132 0 is_stmt 1
 586 001a 0148     		ldr	r0, .L43
 587 001c 10BD     		pop	{r4, pc}
 588              	.LVL63:
 589              	.L44:
 590 001e 00BF     		.align	2
 591              	.L43:
 592 0020 00000000 		.word	.LANCHOR0
 593              		.cfi_endproc
 594              	.LFE69:
 595              		.size	StoreResults, .-StoreResults
 596              		.comm	_braken_state,1,1
 597              		.comm	TS_array,4,4
 598              		.comm	msg,20,4
 599              		.comm	_state_,4,4
 600              		.comm	_uart_Reset,1,1
 601              		.comm	SendEmulatedData,1,1
 602              		.comm	SendSingleByte,1,1
 603              		.comm	ContinuouslySendData,1,1
 604              		.comm	Ch,1,1
 605              		.comm	PB,16,4
 606              		.comm	RB,20,4
 607              		.bss
 608              		.align	2
 609              		.set	.LANCHOR0,. + 0
 610              		.type	dest.8202, %object
 611              		.size	dest.8202, 12
 612              	dest.8202:
 613 0000 00000000 		.space	12
 613      00000000 
 613      00000000 
 614              		.text
 615              	.Letext0:
 616              		.file 2 "c:\\program files (x86)\\cypress\\psoc creator\\4.1\\psoc creator\\import\\gnu\\arm\\5.4.
 617              		.file 3 "c:\\program files (x86)\\cypress\\psoc creator\\4.1\\psoc creator\\import\\gnu\\arm\\5.4.
 618              		.file 4 "Generated_Source\\PSoC5/cytypes.h"
ARM GAS  C:\Users\GONZAL~1\AppData\Local\Temp\ccpbowfd.s 			page 15


 619              		.file 5 "./pid.h"
 620              		.file 6 "./myUART.h"
 621              		.file 7 "./global.h"
 622              		.file 8 "Generated_Source\\PSoC5/core_cm3.h"
 623              		.file 9 "./functions.h"
 624              		.file 10 "Generated_Source\\PSoC5/BRAKEn.h"
 625              		.file 11 "c:\\program files (x86)\\cypress\\psoc creator\\4.1\\psoc creator\\import\\gnu\\arm\\5.4
 626              		.file 12 "Generated_Source\\PSoC5/CyLib.h"
 627              		.file 13 "Generated_Source\\PSoC5/ADC_TS.h"
 628              		.file 14 "c:\\program files (x86)\\cypress\\psoc creator\\4.1\\psoc creator\\import\\gnu\\arm\\5.4
 629              		.section	.debug_info,"",%progbits
 630              	.Ldebug_info0:
 631 0000 E2050000 		.4byte	0x5e2
 632 0004 0400     		.2byte	0x4
 633 0006 00000000 		.4byte	.Ldebug_abbrev0
 634 000a 04       		.byte	0x4
 635 000b 01       		.uleb128 0x1
 636 000c F5020000 		.4byte	.LASF63
 637 0010 0C       		.byte	0xc
 638 0011 79020000 		.4byte	.LASF64
 639 0015 D6000000 		.4byte	.LASF65
 640 0019 00000000 		.4byte	.Ldebug_ranges0+0
 641 001d 00000000 		.4byte	0
 642 0021 00000000 		.4byte	.Ldebug_line0
 643 0025 02       		.uleb128 0x2
 644 0026 08       		.byte	0x8
 645 0027 04       		.byte	0x4
 646 0028 72020000 		.4byte	.LASF0
 647 002c 02       		.uleb128 0x2
 648 002d 04       		.byte	0x4
 649 002e 04       		.byte	0x4
 650 002f A9000000 		.4byte	.LASF1
 651 0033 02       		.uleb128 0x2
 652 0034 01       		.byte	0x1
 653 0035 06       		.byte	0x6
 654 0036 A5010000 		.4byte	.LASF2
 655 003a 02       		.uleb128 0x2
 656 003b 01       		.byte	0x1
 657 003c 08       		.byte	0x8
 658 003d 88010000 		.4byte	.LASF3
 659 0041 02       		.uleb128 0x2
 660 0042 02       		.byte	0x2
 661 0043 05       		.byte	0x5
 662 0044 6D000000 		.4byte	.LASF4
 663 0048 02       		.uleb128 0x2
 664 0049 02       		.byte	0x2
 665 004a 07       		.byte	0x7
 666 004b 25020000 		.4byte	.LASF5
 667 004f 03       		.uleb128 0x3
 668 0050 90020000 		.4byte	.LASF11
 669 0054 02       		.byte	0x2
 670 0055 3F       		.byte	0x3f
 671 0056 5A000000 		.4byte	0x5a
 672 005a 02       		.uleb128 0x2
 673 005b 04       		.byte	0x4
 674 005c 05       		.byte	0x5
 675 005d C3000000 		.4byte	.LASF6
ARM GAS  C:\Users\GONZAL~1\AppData\Local\Temp\ccpbowfd.s 			page 16


 676 0061 02       		.uleb128 0x2
 677 0062 04       		.byte	0x4
 678 0063 07       		.byte	0x7
 679 0064 56020000 		.4byte	.LASF7
 680 0068 02       		.uleb128 0x2
 681 0069 08       		.byte	0x8
 682 006a 05       		.byte	0x5
 683 006b B5000000 		.4byte	.LASF8
 684 006f 02       		.uleb128 0x2
 685 0070 08       		.byte	0x8
 686 0071 07       		.byte	0x7
 687 0072 B1010000 		.4byte	.LASF9
 688 0076 04       		.uleb128 0x4
 689 0077 04       		.byte	0x4
 690 0078 05       		.byte	0x5
 691 0079 696E7400 		.ascii	"int\000"
 692 007d 02       		.uleb128 0x2
 693 007e 04       		.byte	0x4
 694 007f 07       		.byte	0x7
 695 0080 D2010000 		.4byte	.LASF10
 696 0084 03       		.uleb128 0x3
 697 0085 1D020000 		.4byte	.LASF12
 698 0089 03       		.byte	0x3
 699 008a 2C       		.byte	0x2c
 700 008b 4F000000 		.4byte	0x4f
 701 008f 05       		.uleb128 0x5
 702 0090 93000000 		.4byte	.LASF13
 703 0094 04       		.byte	0x4
 704 0095 9201     		.2byte	0x192
 705 0097 3A000000 		.4byte	0x3a
 706 009b 05       		.uleb128 0x5
 707 009c 81000000 		.4byte	.LASF14
 708 00a0 04       		.byte	0x4
 709 00a1 9301     		.2byte	0x193
 710 00a3 48000000 		.4byte	0x48
 711 00a7 05       		.uleb128 0x5
 712 00a8 88000000 		.4byte	.LASF15
 713 00ac 04       		.byte	0x4
 714 00ad 9601     		.2byte	0x196
 715 00af 41000000 		.4byte	0x41
 716 00b3 02       		.uleb128 0x2
 717 00b4 01       		.byte	0x1
 718 00b5 08       		.byte	0x8
 719 00b6 10020000 		.4byte	.LASF16
 720 00ba 06       		.uleb128 0x6
 721 00bb 8F000000 		.4byte	0x8f
 722 00bf 02       		.uleb128 0x2
 723 00c0 08       		.byte	0x8
 724 00c1 04       		.byte	0x4
 725 00c2 4B000000 		.4byte	.LASF17
 726 00c6 02       		.uleb128 0x2
 727 00c7 04       		.byte	0x4
 728 00c8 07       		.byte	0x7
 729 00c9 A7020000 		.4byte	.LASF18
 730 00cd 07       		.uleb128 0x7
 731 00ce 04       		.byte	0x4
 732 00cf B3000000 		.4byte	0xb3
ARM GAS  C:\Users\GONZAL~1\AppData\Local\Temp\ccpbowfd.s 			page 17


 733 00d3 08       		.uleb128 0x8
 734 00d4 2C       		.byte	0x2c
 735 00d5 05       		.byte	0x5
 736 00d6 14       		.byte	0x14
 737 00d7 5D010000 		.4byte	0x15d
 738 00db 09       		.uleb128 0x9
 739 00dc 6B5000   		.ascii	"kP\000"
 740 00df 05       		.byte	0x5
 741 00e0 16       		.byte	0x16
 742 00e1 84000000 		.4byte	0x84
 743 00e5 00       		.byte	0
 744 00e6 09       		.uleb128 0x9
 745 00e7 6B4900   		.ascii	"kI\000"
 746 00ea 05       		.byte	0x5
 747 00eb 17       		.byte	0x17
 748 00ec 84000000 		.4byte	0x84
 749 00f0 04       		.byte	0x4
 750 00f1 09       		.uleb128 0x9
 751 00f2 6B4400   		.ascii	"kD\000"
 752 00f5 05       		.byte	0x5
 753 00f6 18       		.byte	0x18
 754 00f7 84000000 		.4byte	0x84
 755 00fb 08       		.byte	0x8
 756 00fc 0A       		.uleb128 0xa
 757 00fd 99000000 		.4byte	.LASF19
 758 0101 05       		.byte	0x5
 759 0102 19       		.byte	0x19
 760 0103 84000000 		.4byte	0x84
 761 0107 0C       		.byte	0xc
 762 0108 0A       		.uleb128 0xa
 763 0109 7D010000 		.4byte	.LASF20
 764 010d 05       		.byte	0x5
 765 010e 1A       		.byte	0x1a
 766 010f 84000000 		.4byte	0x84
 767 0113 10       		.byte	0x10
 768 0114 0A       		.uleb128 0xa
 769 0115 CC000000 		.4byte	.LASF21
 770 0119 05       		.byte	0x5
 771 011a 1B       		.byte	0x1b
 772 011b 84000000 		.4byte	0x84
 773 011f 14       		.byte	0x14
 774 0120 0A       		.uleb128 0xa
 775 0121 8A020000 		.4byte	.LASF22
 776 0125 05       		.byte	0x5
 777 0126 1C       		.byte	0x1c
 778 0127 84000000 		.4byte	0x84
 779 012b 18       		.byte	0x18
 780 012c 0A       		.uleb128 0xa
 781 012d A0000000 		.4byte	.LASF23
 782 0131 05       		.byte	0x5
 783 0132 1D       		.byte	0x1d
 784 0133 84000000 		.4byte	0x84
 785 0137 1C       		.byte	0x1c
 786 0138 0A       		.uleb128 0xa
 787 0139 38010000 		.4byte	.LASF24
 788 013d 05       		.byte	0x5
 789 013e 1E       		.byte	0x1e
ARM GAS  C:\Users\GONZAL~1\AppData\Local\Temp\ccpbowfd.s 			page 18


 790 013f 84000000 		.4byte	0x84
 791 0143 20       		.byte	0x20
 792 0144 0A       		.uleb128 0xa
 793 0145 08000000 		.4byte	.LASF25
 794 0149 05       		.byte	0x5
 795 014a 1F       		.byte	0x1f
 796 014b 84000000 		.4byte	0x84
 797 014f 24       		.byte	0x24
 798 0150 0A       		.uleb128 0xa
 799 0151 90030000 		.4byte	.LASF26
 800 0155 05       		.byte	0x5
 801 0156 20       		.byte	0x20
 802 0157 84000000 		.4byte	0x84
 803 015b 28       		.byte	0x28
 804 015c 00       		.byte	0
 805 015d 03       		.uleb128 0x3
 806 015e 9F030000 		.4byte	.LASF27
 807 0162 05       		.byte	0x5
 808 0163 21       		.byte	0x21
 809 0164 D3000000 		.4byte	0xd3
 810 0168 08       		.uleb128 0x8
 811 0169 14       		.byte	0x14
 812 016a 06       		.byte	0x6
 813 016b 1C       		.byte	0x1c
 814 016c 89010000 		.4byte	0x189
 815 0170 09       		.uleb128 0x9
 816 0171 636D6400 		.ascii	"cmd\000"
 817 0175 06       		.byte	0x6
 818 0176 1D       		.byte	0x1d
 819 0177 B3000000 		.4byte	0xb3
 820 017b 00       		.byte	0
 821 017c 0A       		.uleb128 0xa
 822 017d 09020000 		.4byte	.LASF28
 823 0181 06       		.byte	0x6
 824 0182 1E       		.byte	0x1e
 825 0183 89010000 		.4byte	0x189
 826 0187 01       		.byte	0x1
 827 0188 00       		.byte	0
 828 0189 0B       		.uleb128 0xb
 829 018a B3000000 		.4byte	0xb3
 830 018e 99010000 		.4byte	0x199
 831 0192 0C       		.uleb128 0xc
 832 0193 C6000000 		.4byte	0xc6
 833 0197 12       		.byte	0x12
 834 0198 00       		.byte	0
 835 0199 0D       		.uleb128 0xd
 836 019a C8010000 		.4byte	.LASF66
 837 019e 14       		.byte	0x14
 838 019f 06       		.byte	0x6
 839 01a0 1A       		.byte	0x1a
 840 01a1 B6010000 		.4byte	0x1b6
 841 01a5 0E       		.uleb128 0xe
 842 01a6 38020000 		.4byte	.LASF67
 843 01aa 06       		.byte	0x6
 844 01ab 1B       		.byte	0x1b
 845 01ac B6010000 		.4byte	0x1b6
 846 01b0 0F       		.uleb128 0xf
ARM GAS  C:\Users\GONZAL~1\AppData\Local\Temp\ccpbowfd.s 			page 19


 847 01b1 68010000 		.4byte	0x168
 848 01b5 00       		.byte	0
 849 01b6 0B       		.uleb128 0xb
 850 01b7 B3000000 		.4byte	0xb3
 851 01bb C6010000 		.4byte	0x1c6
 852 01bf 0C       		.uleb128 0xc
 853 01c0 C6000000 		.4byte	0xc6
 854 01c4 13       		.byte	0x13
 855 01c5 00       		.byte	0
 856 01c6 10       		.uleb128 0x10
 857 01c7 EB010000 		.4byte	.LASF68
 858 01cb 10       		.byte	0x10
 859 01cc 07       		.byte	0x7
 860 01cd 1A       		.byte	0x1a
 861 01ce 03020000 		.4byte	0x203
 862 01d2 09       		.uleb128 0x9
 863 01d3 636D6400 		.ascii	"cmd\000"
 864 01d7 07       		.byte	0x7
 865 01d8 1B       		.byte	0x1b
 866 01d9 CD000000 		.4byte	0xcd
 867 01dd 00       		.byte	0
 868 01de 0A       		.uleb128 0xa
 869 01df 19000000 		.4byte	.LASF29
 870 01e3 07       		.byte	0x7
 871 01e4 1C       		.byte	0x1c
 872 01e5 76000000 		.4byte	0x76
 873 01e9 04       		.byte	0x4
 874 01ea 0A       		.uleb128 0xa
 875 01eb 8E000000 		.4byte	.LASF30
 876 01ef 07       		.byte	0x7
 877 01f0 1C       		.byte	0x1c
 878 01f1 76000000 		.4byte	0x76
 879 01f5 08       		.byte	0x8
 880 01f6 0A       		.uleb128 0xa
 881 01f7 9A030000 		.4byte	.LASF31
 882 01fb 07       		.byte	0x7
 883 01fc 1C       		.byte	0x1c
 884 01fd 76000000 		.4byte	0x76
 885 0201 0C       		.byte	0xc
 886 0202 00       		.byte	0
 887 0203 03       		.uleb128 0x3
 888 0204 BB020000 		.4byte	.LASF32
 889 0208 07       		.byte	0x7
 890 0209 1D       		.byte	0x1d
 891 020a C6010000 		.4byte	0x1c6
 892 020e 11       		.uleb128 0x11
 893 020f 41010000 		.4byte	.LASF37
 894 0213 01       		.byte	0x1
 895 0214 11       		.byte	0x11
 896 0215 84000000 		.4byte	0x84
 897 0219 00000000 		.4byte	.LFB64
 898 021d 5A000000 		.4byte	.LFE64-.LFB64
 899 0221 01       		.uleb128 0x1
 900 0222 9C       		.byte	0x9c
 901 0223 7F020000 		.4byte	0x27f
 902 0227 12       		.uleb128 0x12
 903 0228 7800     		.ascii	"x\000"
ARM GAS  C:\Users\GONZAL~1\AppData\Local\Temp\ccpbowfd.s 			page 20


 904 022a 01       		.byte	0x1
 905 022b 11       		.byte	0x11
 906 022c 84000000 		.4byte	0x84
 907 0230 00000000 		.4byte	.LLST0
 908 0234 13       		.uleb128 0x13
 909 0235 44000000 		.4byte	.LASF33
 910 0239 01       		.byte	0x1
 911 023a 11       		.byte	0x11
 912 023b 84000000 		.4byte	0x84
 913 023f 1E000000 		.4byte	.LLST1
 914 0243 13       		.uleb128 0x13
 915 0244 12000000 		.4byte	.LASF34
 916 0248 01       		.byte	0x1
 917 0249 11       		.byte	0x11
 918 024a 84000000 		.4byte	0x84
 919 024e 3C000000 		.4byte	.LLST2
 920 0252 13       		.uleb128 0x13
 921 0253 1E000000 		.4byte	.LASF35
 922 0257 01       		.byte	0x1
 923 0258 11       		.byte	0x11
 924 0259 84000000 		.4byte	0x84
 925 025d 5A000000 		.4byte	.LLST3
 926 0261 14       		.uleb128 0x14
 927 0262 A5030000 		.4byte	.LASF36
 928 0266 01       		.byte	0x1
 929 0267 11       		.byte	0x11
 930 0268 84000000 		.4byte	0x84
 931 026c 02       		.uleb128 0x2
 932 026d 91       		.byte	0x91
 933 026e 00       		.sleb128 0
 934 026f 15       		.uleb128 0x15
 935 0270 AF000000 		.4byte	.LASF39
 936 0274 01       		.byte	0x1
 937 0275 13       		.byte	0x13
 938 0276 25000000 		.4byte	0x25
 939 027a 78000000 		.4byte	.LLST4
 940 027e 00       		.byte	0
 941 027f 11       		.uleb128 0x11
 942 0280 9A020000 		.4byte	.LASF38
 943 0284 01       		.byte	0x1
 944 0285 17       		.byte	0x17
 945 0286 8F000000 		.4byte	0x8f
 946 028a 00000000 		.4byte	.LFB65
 947 028e 5C000000 		.4byte	.LFE65-.LFB65
 948 0292 01       		.uleb128 0x1
 949 0293 9C       		.byte	0x9c
 950 0294 F0020000 		.4byte	0x2f0
 951 0298 12       		.uleb128 0x12
 952 0299 7800     		.ascii	"x\000"
 953 029b 01       		.byte	0x1
 954 029c 17       		.byte	0x17
 955 029d 84000000 		.4byte	0x84
 956 02a1 90000000 		.4byte	.LLST5
 957 02a5 13       		.uleb128 0x13
 958 02a6 44000000 		.4byte	.LASF33
 959 02aa 01       		.byte	0x1
 960 02ab 17       		.byte	0x17
ARM GAS  C:\Users\GONZAL~1\AppData\Local\Temp\ccpbowfd.s 			page 21


 961 02ac 84000000 		.4byte	0x84
 962 02b0 AE000000 		.4byte	.LLST6
 963 02b4 13       		.uleb128 0x13
 964 02b5 12000000 		.4byte	.LASF34
 965 02b9 01       		.byte	0x1
 966 02ba 17       		.byte	0x17
 967 02bb 84000000 		.4byte	0x84
 968 02bf CC000000 		.4byte	.LLST7
 969 02c3 13       		.uleb128 0x13
 970 02c4 1E000000 		.4byte	.LASF35
 971 02c8 01       		.byte	0x1
 972 02c9 17       		.byte	0x17
 973 02ca 84000000 		.4byte	0x84
 974 02ce EA000000 		.4byte	.LLST8
 975 02d2 14       		.uleb128 0x14
 976 02d3 A5030000 		.4byte	.LASF36
 977 02d7 01       		.byte	0x1
 978 02d8 17       		.byte	0x17
 979 02d9 84000000 		.4byte	0x84
 980 02dd 02       		.uleb128 0x2
 981 02de 91       		.byte	0x91
 982 02df 00       		.sleb128 0
 983 02e0 15       		.uleb128 0x15
 984 02e1 AF000000 		.4byte	.LASF39
 985 02e5 01       		.byte	0x1
 986 02e6 19       		.byte	0x19
 987 02e7 25000000 		.4byte	0x25
 988 02eb 08010000 		.4byte	.LLST9
 989 02ef 00       		.byte	0
 990 02f0 11       		.uleb128 0x11
 991 02f1 3E020000 		.4byte	.LASF40
 992 02f5 01       		.byte	0x1
 993 02f6 1D       		.byte	0x1d
 994 02f7 25000000 		.4byte	0x25
 995 02fb 00000000 		.4byte	.LFB66
 996 02ff 44000000 		.4byte	.LFE66-.LFB66
 997 0303 01       		.uleb128 0x1
 998 0304 9C       		.byte	0x9c
 999 0305 3A030000 		.4byte	0x33a
 1000 0309 12       		.uleb128 0x12
 1001 030a 7800     		.ascii	"x\000"
 1002 030c 01       		.byte	0x1
 1003 030d 1D       		.byte	0x1d
 1004 030e 25000000 		.4byte	0x25
 1005 0312 20010000 		.4byte	.LLST10
 1006 0316 12       		.uleb128 0x12
 1007 0317 6100     		.ascii	"a\000"
 1008 0319 01       		.byte	0x1
 1009 031a 1D       		.byte	0x1d
 1010 031b 25000000 		.4byte	0x25
 1011 031f 48010000 		.4byte	.LLST11
 1012 0323 12       		.uleb128 0x12
 1013 0324 6200     		.ascii	"b\000"
 1014 0326 01       		.byte	0x1
 1015 0327 1D       		.byte	0x1d
 1016 0328 25000000 		.4byte	0x25
 1017 032c 70010000 		.4byte	.LLST12
ARM GAS  C:\Users\GONZAL~1\AppData\Local\Temp\ccpbowfd.s 			page 22


 1018 0330 16       		.uleb128 0x16
 1019 0331 18000000 		.4byte	.LVL27
 1020 0335 A3050000 		.4byte	0x5a3
 1021 0339 00       		.byte	0
 1022 033a 17       		.uleb128 0x17
 1023 033b 73010000 		.4byte	.LASF41
 1024 033f 01       		.byte	0x1
 1025 0340 6F       		.byte	0x6f
 1026 0341 00000000 		.4byte	.LFB68
 1027 0345 28000000 		.4byte	.LFE68-.LFB68
 1028 0349 01       		.uleb128 0x1
 1029 034a 9C       		.byte	0x9c
 1030 034b 72030000 		.4byte	0x372
 1031 034f 18       		.uleb128 0x18
 1032 0350 0E000000 		.4byte	.LVL33
 1033 0354 AE050000 		.4byte	0x5ae
 1034 0358 62030000 		.4byte	0x362
 1035 035c 19       		.uleb128 0x19
 1036 035d 01       		.uleb128 0x1
 1037 035e 50       		.byte	0x50
 1038 035f 01       		.uleb128 0x1
 1039 0360 31       		.byte	0x31
 1040 0361 00       		.byte	0
 1041 0362 1A       		.uleb128 0x1a
 1042 0363 1C000000 		.4byte	.LVL34
 1043 0367 AE050000 		.4byte	0x5ae
 1044 036b 19       		.uleb128 0x19
 1045 036c 01       		.uleb128 0x1
 1046 036d 50       		.byte	0x50
 1047 036e 01       		.uleb128 0x1
 1048 036f 30       		.byte	0x30
 1049 0370 00       		.byte	0
 1050 0371 00       		.byte	0
 1051 0372 1B       		.uleb128 0x1b
 1052 0373 26000000 		.4byte	.LASF42
 1053 0377 01       		.byte	0x1
 1054 0378 22       		.byte	0x22
 1055 0379 00000000 		.4byte	.LFB67
 1056 037d 6C010000 		.4byte	.LFE67-.LFB67
 1057 0381 01       		.uleb128 0x1
 1058 0382 9C       		.byte	0x9c
 1059 0383 4B040000 		.4byte	0x44b
 1060 0387 15       		.uleb128 0x15
 1061 0388 68020000 		.4byte	.LASF43
 1062 038c 01       		.byte	0x1
 1063 038d 2B       		.byte	0x2b
 1064 038e 8F000000 		.4byte	0x8f
 1065 0392 90010000 		.4byte	.LLST13
 1066 0396 18       		.uleb128 0x18
 1067 0397 18000000 		.4byte	.LVL37
 1068 039b B9050000 		.4byte	0x5b9
 1069 039f AD030000 		.4byte	0x3ad
 1070 03a3 19       		.uleb128 0x19
 1071 03a4 01       		.uleb128 0x1
 1072 03a5 50       		.byte	0x50
 1073 03a6 05       		.uleb128 0x5
 1074 03a7 03       		.byte	0x3
ARM GAS  C:\Users\GONZAL~1\AppData\Local\Temp\ccpbowfd.s 			page 23


 1075 03a8 01000000 		.4byte	RB+1
 1076 03ac 00       		.byte	0
 1077 03ad 18       		.uleb128 0x18
 1078 03ae 32000000 		.4byte	.LVL40
 1079 03b2 B9050000 		.4byte	0x5b9
 1080 03b6 C4030000 		.4byte	0x3c4
 1081 03ba 19       		.uleb128 0x19
 1082 03bb 01       		.uleb128 0x1
 1083 03bc 50       		.byte	0x50
 1084 03bd 05       		.uleb128 0x5
 1085 03be 03       		.byte	0x3
 1086 03bf 01000000 		.4byte	RB+1
 1087 03c3 00       		.byte	0
 1088 03c4 18       		.uleb128 0x18
 1089 03c5 4C000000 		.4byte	.LVL43
 1090 03c9 B9050000 		.4byte	0x5b9
 1091 03cd DB030000 		.4byte	0x3db
 1092 03d1 19       		.uleb128 0x19
 1093 03d2 01       		.uleb128 0x1
 1094 03d3 50       		.byte	0x50
 1095 03d4 05       		.uleb128 0x5
 1096 03d5 03       		.byte	0x3
 1097 03d6 01000000 		.4byte	RB+1
 1098 03da 00       		.byte	0
 1099 03db 16       		.uleb128 0x16
 1100 03dc 6A000000 		.4byte	.LVL45
 1101 03e0 C4050000 		.4byte	0x5c4
 1102 03e4 16       		.uleb128 0x16
 1103 03e5 82000000 		.4byte	.LVL46
 1104 03e9 3A030000 		.4byte	0x33a
 1105 03ed 18       		.uleb128 0x18
 1106 03ee 98000000 		.4byte	.LVL47
 1107 03f2 B9050000 		.4byte	0x5b9
 1108 03f6 04040000 		.4byte	0x404
 1109 03fa 19       		.uleb128 0x19
 1110 03fb 01       		.uleb128 0x1
 1111 03fc 50       		.byte	0x50
 1112 03fd 05       		.uleb128 0x5
 1113 03fe 03       		.byte	0x3
 1114 03ff 01000000 		.4byte	RB+1
 1115 0403 00       		.byte	0
 1116 0404 18       		.uleb128 0x18
 1117 0405 B0000000 		.4byte	.LVL48
 1118 0409 B9050000 		.4byte	0x5b9
 1119 040d 1B040000 		.4byte	0x41b
 1120 0411 19       		.uleb128 0x19
 1121 0412 01       		.uleb128 0x1
 1122 0413 50       		.byte	0x50
 1123 0414 05       		.uleb128 0x5
 1124 0415 03       		.byte	0x3
 1125 0416 01000000 		.4byte	RB+1
 1126 041a 00       		.byte	0
 1127 041b 18       		.uleb128 0x18
 1128 041c C8000000 		.4byte	.LVL49
 1129 0420 B9050000 		.4byte	0x5b9
 1130 0424 32040000 		.4byte	0x432
 1131 0428 19       		.uleb128 0x19
ARM GAS  C:\Users\GONZAL~1\AppData\Local\Temp\ccpbowfd.s 			page 24


 1132 0429 01       		.uleb128 0x1
 1133 042a 50       		.byte	0x50
 1134 042b 05       		.uleb128 0x5
 1135 042c 03       		.byte	0x3
 1136 042d 01000000 		.4byte	RB+1
 1137 0431 00       		.byte	0
 1138 0432 1A       		.uleb128 0x1a
 1139 0433 44010000 		.4byte	.LVL57
 1140 0437 CF050000 		.4byte	0x5cf
 1141 043b 19       		.uleb128 0x19
 1142 043c 01       		.uleb128 0x1
 1143 043d 52       		.byte	0x52
 1144 043e 03       		.uleb128 0x3
 1145 043f F5       		.byte	0xf5
 1146 0440 04       		.uleb128 0x4
 1147 0441 2C       		.uleb128 0x2c
 1148 0442 19       		.uleb128 0x19
 1149 0443 01       		.uleb128 0x1
 1150 0444 53       		.byte	0x53
 1151 0445 03       		.uleb128 0x3
 1152 0446 F5       		.byte	0xf5
 1153 0447 05       		.uleb128 0x5
 1154 0448 2C       		.uleb128 0x2c
 1155 0449 00       		.byte	0
 1156 044a 00       		.byte	0
 1157 044b 1C       		.uleb128 0x1c
 1158 044c 60000000 		.4byte	.LASF44
 1159 0450 01       		.byte	0x1
 1160 0451 7B       		.byte	0x7b
 1161 0452 93040000 		.4byte	0x493
 1162 0456 00000000 		.4byte	.LFB69
 1163 045a 24000000 		.4byte	.LFE69-.LFB69
 1164 045e 01       		.uleb128 0x1
 1165 045f 9C       		.byte	0x9c
 1166 0460 93040000 		.4byte	0x493
 1167 0464 1D       		.uleb128 0x1d
 1168 0465 6900     		.ascii	"i\000"
 1169 0467 01       		.byte	0x1
 1170 0468 7D       		.byte	0x7d
 1171 0469 9B000000 		.4byte	0x9b
 1172 046d F7010000 		.4byte	.LLST14
 1173 0471 1E       		.uleb128 0x1e
 1174 0472 85020000 		.4byte	.LASF45
 1175 0476 01       		.byte	0x1
 1176 0477 7E       		.byte	0x7e
 1177 0478 99040000 		.4byte	0x499
 1178 047c 05       		.uleb128 0x5
 1179 047d 03       		.byte	0x3
 1180 047e 00000000 		.4byte	dest.8202
 1181 0482 1A       		.uleb128 0x1a
 1182 0483 0C000000 		.4byte	.LVL60
 1183 0487 DA050000 		.4byte	0x5da
 1184 048b 19       		.uleb128 0x19
 1185 048c 01       		.uleb128 0x1
 1186 048d 50       		.byte	0x50
 1187 048e 02       		.uleb128 0x2
 1188 048f 74       		.byte	0x74
ARM GAS  C:\Users\GONZAL~1\AppData\Local\Temp\ccpbowfd.s 			page 25


 1189 0490 00       		.sleb128 0
 1190 0491 00       		.byte	0
 1191 0492 00       		.byte	0
 1192 0493 07       		.uleb128 0x7
 1193 0494 04       		.byte	0x4
 1194 0495 A7000000 		.4byte	0xa7
 1195 0499 0B       		.uleb128 0xb
 1196 049a A7000000 		.4byte	0xa7
 1197 049e A9040000 		.4byte	0x4a9
 1198 04a2 0C       		.uleb128 0xc
 1199 04a3 C6000000 		.4byte	0xc6
 1200 04a7 05       		.byte	0x5
 1201 04a8 00       		.byte	0
 1202 04a9 1F       		.uleb128 0x1f
 1203 04aa E8020000 		.4byte	.LASF46
 1204 04ae 08       		.byte	0x8
 1205 04af 1207     		.2byte	0x712
 1206 04b1 B5040000 		.4byte	0x4b5
 1207 04b5 06       		.uleb128 0x6
 1208 04b6 84000000 		.4byte	0x84
 1209 04ba 20       		.uleb128 0x20
 1210 04bb 524200   		.ascii	"RB\000"
 1211 04be 06       		.byte	0x6
 1212 04bf 20       		.byte	0x20
 1213 04c0 99010000 		.4byte	0x199
 1214 04c4 05       		.uleb128 0x5
 1215 04c5 03       		.byte	0x3
 1216 04c6 00000000 		.4byte	RB
 1217 04ca 20       		.uleb128 0x20
 1218 04cb 504200   		.ascii	"PB\000"
 1219 04ce 07       		.byte	0x7
 1220 04cf 1E       		.byte	0x1e
 1221 04d0 DA040000 		.4byte	0x4da
 1222 04d4 05       		.uleb128 0x5
 1223 04d5 03       		.byte	0x3
 1224 04d6 00000000 		.4byte	PB
 1225 04da 06       		.uleb128 0x6
 1226 04db 03020000 		.4byte	0x203
 1227 04df 20       		.uleb128 0x20
 1228 04e0 436800   		.ascii	"Ch\000"
 1229 04e3 07       		.byte	0x7
 1230 04e4 4F       		.byte	0x4f
 1231 04e5 BA000000 		.4byte	0xba
 1232 04e9 05       		.uleb128 0x5
 1233 04ea 03       		.byte	0x3
 1234 04eb 00000000 		.4byte	Ch
 1235 04ef 21       		.uleb128 0x21
 1236 04f0 59010000 		.4byte	.LASF47
 1237 04f4 07       		.byte	0x7
 1238 04f5 51       		.byte	0x51
 1239 04f6 BA000000 		.4byte	0xba
 1240 04fa 05       		.uleb128 0x5
 1241 04fb 03       		.byte	0x3
 1242 04fc 00000000 		.4byte	ContinuouslySendData
 1243 0500 21       		.uleb128 0x21
 1244 0501 96010000 		.4byte	.LASF48
 1245 0505 07       		.byte	0x7
ARM GAS  C:\Users\GONZAL~1\AppData\Local\Temp\ccpbowfd.s 			page 26


 1246 0506 52       		.byte	0x52
 1247 0507 BA000000 		.4byte	0xba
 1248 050b 05       		.uleb128 0x5
 1249 050c 03       		.byte	0x3
 1250 050d 00000000 		.4byte	SendSingleByte
 1251 0511 21       		.uleb128 0x21
 1252 0512 F8010000 		.4byte	.LASF49
 1253 0516 07       		.byte	0x7
 1254 0517 53       		.byte	0x53
 1255 0518 BA000000 		.4byte	0xba
 1256 051c 05       		.uleb128 0x5
 1257 051d 03       		.byte	0x3
 1258 051e 00000000 		.4byte	SendEmulatedData
 1259 0522 21       		.uleb128 0x21
 1260 0523 38000000 		.4byte	.LASF50
 1261 0527 07       		.byte	0x7
 1262 0528 54       		.byte	0x54
 1263 0529 BA000000 		.4byte	0xba
 1264 052d 05       		.uleb128 0x5
 1265 052e 03       		.byte	0x3
 1266 052f 00000000 		.4byte	_uart_Reset
 1267 0533 21       		.uleb128 0x21
 1268 0534 00000000 		.4byte	.LASF51
 1269 0538 07       		.byte	0x7
 1270 0539 57       		.byte	0x57
 1271 053a 76000000 		.4byte	0x76
 1272 053e 05       		.uleb128 0x5
 1273 053f 03       		.byte	0x3
 1274 0540 00000000 		.4byte	_state_
 1275 0544 22       		.uleb128 0x22
 1276 0545 DF010000 		.4byte	.LASF52
 1277 0549 07       		.byte	0x7
 1278 054a 64       		.byte	0x64
 1279 054b B5040000 		.4byte	0x4b5
 1280 054f 22       		.uleb128 0x22
 1281 0550 15020000 		.4byte	.LASF53
 1282 0554 07       		.byte	0x7
 1283 0555 6A       		.byte	0x6a
 1284 0556 B5040000 		.4byte	0x4b5
 1285 055a 22       		.uleb128 0x22
 1286 055b B0020000 		.4byte	.LASF54
 1287 055f 07       		.byte	0x7
 1288 0560 6E       		.byte	0x6e
 1289 0561 5D010000 		.4byte	0x15d
 1290 0565 22       		.uleb128 0x22
 1291 0566 77000000 		.4byte	.LASF55
 1292 056a 07       		.byte	0x7
 1293 056b 70       		.byte	0x70
 1294 056c B5040000 		.4byte	0x4b5
 1295 0570 21       		.uleb128 0x21
 1296 0571 C7020000 		.4byte	.LASF56
 1297 0575 09       		.byte	0x9
 1298 0576 17       		.byte	0x17
 1299 0577 8F000000 		.4byte	0x8f
 1300 057b 05       		.uleb128 0x5
 1301 057c 03       		.byte	0x3
 1302 057d 00000000 		.4byte	_braken_state
ARM GAS  C:\Users\GONZAL~1\AppData\Local\Temp\ccpbowfd.s 			page 27


 1303 0581 20       		.uleb128 0x20
 1304 0582 6D736700 		.ascii	"msg\000"
 1305 0586 09       		.byte	0x9
 1306 0587 15       		.byte	0x15
 1307 0588 B6010000 		.4byte	0x1b6
 1308 058c 05       		.uleb128 0x5
 1309 058d 03       		.byte	0x3
 1310 058e 00000000 		.4byte	msg
 1311 0592 21       		.uleb128 0x21
 1312 0593 57000000 		.4byte	.LASF57
 1313 0597 09       		.byte	0x9
 1314 0598 16       		.byte	0x16
 1315 0599 93040000 		.4byte	0x493
 1316 059d 05       		.uleb128 0x5
 1317 059e 03       		.byte	0x3
 1318 059f 00000000 		.4byte	TS_array
 1319 05a3 23       		.uleb128 0x23
 1320 05a4 65787000 		.ascii	"exp\000"
 1321 05a8 65787000 		.ascii	"exp\000"
 1322 05ac 0E       		.byte	0xe
 1323 05ad 82       		.byte	0x82
 1324 05ae 24       		.uleb128 0x24
 1325 05af 83030000 		.4byte	.LASF58
 1326 05b3 83030000 		.4byte	.LASF58
 1327 05b7 0A       		.byte	0xa
 1328 05b8 26       		.byte	0x26
 1329 05b9 24       		.uleb128 0x24
 1330 05ba 6E010000 		.4byte	.LASF59
 1331 05be 6E010000 		.4byte	.LASF59
 1332 05c2 0B       		.byte	0xb
 1333 05c3 4D       		.byte	0x4d
 1334 05c4 24       		.uleb128 0x24
 1335 05c5 46020000 		.4byte	.LASF60
 1336 05c9 46020000 		.4byte	.LASF60
 1337 05cd 0C       		.byte	0xc
 1338 05ce 7B       		.byte	0x7b
 1339 05cf 24       		.uleb128 0x24
 1340 05d0 4B010000 		.4byte	.LASF61
 1341 05d4 4B010000 		.4byte	.LASF61
 1342 05d8 05       		.byte	0x5
 1343 05d9 25       		.byte	0x25
 1344 05da 24       		.uleb128 0x24
 1345 05db D5020000 		.4byte	.LASF62
 1346 05df D5020000 		.4byte	.LASF62
 1347 05e3 0D       		.byte	0xd
 1348 05e4 35       		.byte	0x35
 1349 05e5 00       		.byte	0
 1350              		.section	.debug_abbrev,"",%progbits
 1351              	.Ldebug_abbrev0:
 1352 0000 01       		.uleb128 0x1
 1353 0001 11       		.uleb128 0x11
 1354 0002 01       		.byte	0x1
 1355 0003 25       		.uleb128 0x25
 1356 0004 0E       		.uleb128 0xe
 1357 0005 13       		.uleb128 0x13
 1358 0006 0B       		.uleb128 0xb
 1359 0007 03       		.uleb128 0x3
ARM GAS  C:\Users\GONZAL~1\AppData\Local\Temp\ccpbowfd.s 			page 28


 1360 0008 0E       		.uleb128 0xe
 1361 0009 1B       		.uleb128 0x1b
 1362 000a 0E       		.uleb128 0xe
 1363 000b 55       		.uleb128 0x55
 1364 000c 17       		.uleb128 0x17
 1365 000d 11       		.uleb128 0x11
 1366 000e 01       		.uleb128 0x1
 1367 000f 10       		.uleb128 0x10
 1368 0010 17       		.uleb128 0x17
 1369 0011 00       		.byte	0
 1370 0012 00       		.byte	0
 1371 0013 02       		.uleb128 0x2
 1372 0014 24       		.uleb128 0x24
 1373 0015 00       		.byte	0
 1374 0016 0B       		.uleb128 0xb
 1375 0017 0B       		.uleb128 0xb
 1376 0018 3E       		.uleb128 0x3e
 1377 0019 0B       		.uleb128 0xb
 1378 001a 03       		.uleb128 0x3
 1379 001b 0E       		.uleb128 0xe
 1380 001c 00       		.byte	0
 1381 001d 00       		.byte	0
 1382 001e 03       		.uleb128 0x3
 1383 001f 16       		.uleb128 0x16
 1384 0020 00       		.byte	0
 1385 0021 03       		.uleb128 0x3
 1386 0022 0E       		.uleb128 0xe
 1387 0023 3A       		.uleb128 0x3a
 1388 0024 0B       		.uleb128 0xb
 1389 0025 3B       		.uleb128 0x3b
 1390 0026 0B       		.uleb128 0xb
 1391 0027 49       		.uleb128 0x49
 1392 0028 13       		.uleb128 0x13
 1393 0029 00       		.byte	0
 1394 002a 00       		.byte	0
 1395 002b 04       		.uleb128 0x4
 1396 002c 24       		.uleb128 0x24
 1397 002d 00       		.byte	0
 1398 002e 0B       		.uleb128 0xb
 1399 002f 0B       		.uleb128 0xb
 1400 0030 3E       		.uleb128 0x3e
 1401 0031 0B       		.uleb128 0xb
 1402 0032 03       		.uleb128 0x3
 1403 0033 08       		.uleb128 0x8
 1404 0034 00       		.byte	0
 1405 0035 00       		.byte	0
 1406 0036 05       		.uleb128 0x5
 1407 0037 16       		.uleb128 0x16
 1408 0038 00       		.byte	0
 1409 0039 03       		.uleb128 0x3
 1410 003a 0E       		.uleb128 0xe
 1411 003b 3A       		.uleb128 0x3a
 1412 003c 0B       		.uleb128 0xb
 1413 003d 3B       		.uleb128 0x3b
 1414 003e 05       		.uleb128 0x5
 1415 003f 49       		.uleb128 0x49
 1416 0040 13       		.uleb128 0x13
ARM GAS  C:\Users\GONZAL~1\AppData\Local\Temp\ccpbowfd.s 			page 29


 1417 0041 00       		.byte	0
 1418 0042 00       		.byte	0
 1419 0043 06       		.uleb128 0x6
 1420 0044 35       		.uleb128 0x35
 1421 0045 00       		.byte	0
 1422 0046 49       		.uleb128 0x49
 1423 0047 13       		.uleb128 0x13
 1424 0048 00       		.byte	0
 1425 0049 00       		.byte	0
 1426 004a 07       		.uleb128 0x7
 1427 004b 0F       		.uleb128 0xf
 1428 004c 00       		.byte	0
 1429 004d 0B       		.uleb128 0xb
 1430 004e 0B       		.uleb128 0xb
 1431 004f 49       		.uleb128 0x49
 1432 0050 13       		.uleb128 0x13
 1433 0051 00       		.byte	0
 1434 0052 00       		.byte	0
 1435 0053 08       		.uleb128 0x8
 1436 0054 13       		.uleb128 0x13
 1437 0055 01       		.byte	0x1
 1438 0056 0B       		.uleb128 0xb
 1439 0057 0B       		.uleb128 0xb
 1440 0058 3A       		.uleb128 0x3a
 1441 0059 0B       		.uleb128 0xb
 1442 005a 3B       		.uleb128 0x3b
 1443 005b 0B       		.uleb128 0xb
 1444 005c 01       		.uleb128 0x1
 1445 005d 13       		.uleb128 0x13
 1446 005e 00       		.byte	0
 1447 005f 00       		.byte	0
 1448 0060 09       		.uleb128 0x9
 1449 0061 0D       		.uleb128 0xd
 1450 0062 00       		.byte	0
 1451 0063 03       		.uleb128 0x3
 1452 0064 08       		.uleb128 0x8
 1453 0065 3A       		.uleb128 0x3a
 1454 0066 0B       		.uleb128 0xb
 1455 0067 3B       		.uleb128 0x3b
 1456 0068 0B       		.uleb128 0xb
 1457 0069 49       		.uleb128 0x49
 1458 006a 13       		.uleb128 0x13
 1459 006b 38       		.uleb128 0x38
 1460 006c 0B       		.uleb128 0xb
 1461 006d 00       		.byte	0
 1462 006e 00       		.byte	0
 1463 006f 0A       		.uleb128 0xa
 1464 0070 0D       		.uleb128 0xd
 1465 0071 00       		.byte	0
 1466 0072 03       		.uleb128 0x3
 1467 0073 0E       		.uleb128 0xe
 1468 0074 3A       		.uleb128 0x3a
 1469 0075 0B       		.uleb128 0xb
 1470 0076 3B       		.uleb128 0x3b
 1471 0077 0B       		.uleb128 0xb
 1472 0078 49       		.uleb128 0x49
 1473 0079 13       		.uleb128 0x13
ARM GAS  C:\Users\GONZAL~1\AppData\Local\Temp\ccpbowfd.s 			page 30


 1474 007a 38       		.uleb128 0x38
 1475 007b 0B       		.uleb128 0xb
 1476 007c 00       		.byte	0
 1477 007d 00       		.byte	0
 1478 007e 0B       		.uleb128 0xb
 1479 007f 01       		.uleb128 0x1
 1480 0080 01       		.byte	0x1
 1481 0081 49       		.uleb128 0x49
 1482 0082 13       		.uleb128 0x13
 1483 0083 01       		.uleb128 0x1
 1484 0084 13       		.uleb128 0x13
 1485 0085 00       		.byte	0
 1486 0086 00       		.byte	0
 1487 0087 0C       		.uleb128 0xc
 1488 0088 21       		.uleb128 0x21
 1489 0089 00       		.byte	0
 1490 008a 49       		.uleb128 0x49
 1491 008b 13       		.uleb128 0x13
 1492 008c 2F       		.uleb128 0x2f
 1493 008d 0B       		.uleb128 0xb
 1494 008e 00       		.byte	0
 1495 008f 00       		.byte	0
 1496 0090 0D       		.uleb128 0xd
 1497 0091 17       		.uleb128 0x17
 1498 0092 01       		.byte	0x1
 1499 0093 03       		.uleb128 0x3
 1500 0094 0E       		.uleb128 0xe
 1501 0095 0B       		.uleb128 0xb
 1502 0096 0B       		.uleb128 0xb
 1503 0097 3A       		.uleb128 0x3a
 1504 0098 0B       		.uleb128 0xb
 1505 0099 3B       		.uleb128 0x3b
 1506 009a 0B       		.uleb128 0xb
 1507 009b 01       		.uleb128 0x1
 1508 009c 13       		.uleb128 0x13
 1509 009d 00       		.byte	0
 1510 009e 00       		.byte	0
 1511 009f 0E       		.uleb128 0xe
 1512 00a0 0D       		.uleb128 0xd
 1513 00a1 00       		.byte	0
 1514 00a2 03       		.uleb128 0x3
 1515 00a3 0E       		.uleb128 0xe
 1516 00a4 3A       		.uleb128 0x3a
 1517 00a5 0B       		.uleb128 0xb
 1518 00a6 3B       		.uleb128 0x3b
 1519 00a7 0B       		.uleb128 0xb
 1520 00a8 49       		.uleb128 0x49
 1521 00a9 13       		.uleb128 0x13
 1522 00aa 00       		.byte	0
 1523 00ab 00       		.byte	0
 1524 00ac 0F       		.uleb128 0xf
 1525 00ad 0D       		.uleb128 0xd
 1526 00ae 00       		.byte	0
 1527 00af 49       		.uleb128 0x49
 1528 00b0 13       		.uleb128 0x13
 1529 00b1 00       		.byte	0
 1530 00b2 00       		.byte	0
ARM GAS  C:\Users\GONZAL~1\AppData\Local\Temp\ccpbowfd.s 			page 31


 1531 00b3 10       		.uleb128 0x10
 1532 00b4 13       		.uleb128 0x13
 1533 00b5 01       		.byte	0x1
 1534 00b6 03       		.uleb128 0x3
 1535 00b7 0E       		.uleb128 0xe
 1536 00b8 0B       		.uleb128 0xb
 1537 00b9 0B       		.uleb128 0xb
 1538 00ba 3A       		.uleb128 0x3a
 1539 00bb 0B       		.uleb128 0xb
 1540 00bc 3B       		.uleb128 0x3b
 1541 00bd 0B       		.uleb128 0xb
 1542 00be 01       		.uleb128 0x1
 1543 00bf 13       		.uleb128 0x13
 1544 00c0 00       		.byte	0
 1545 00c1 00       		.byte	0
 1546 00c2 11       		.uleb128 0x11
 1547 00c3 2E       		.uleb128 0x2e
 1548 00c4 01       		.byte	0x1
 1549 00c5 3F       		.uleb128 0x3f
 1550 00c6 19       		.uleb128 0x19
 1551 00c7 03       		.uleb128 0x3
 1552 00c8 0E       		.uleb128 0xe
 1553 00c9 3A       		.uleb128 0x3a
 1554 00ca 0B       		.uleb128 0xb
 1555 00cb 3B       		.uleb128 0x3b
 1556 00cc 0B       		.uleb128 0xb
 1557 00cd 27       		.uleb128 0x27
 1558 00ce 19       		.uleb128 0x19
 1559 00cf 49       		.uleb128 0x49
 1560 00d0 13       		.uleb128 0x13
 1561 00d1 11       		.uleb128 0x11
 1562 00d2 01       		.uleb128 0x1
 1563 00d3 12       		.uleb128 0x12
 1564 00d4 06       		.uleb128 0x6
 1565 00d5 40       		.uleb128 0x40
 1566 00d6 18       		.uleb128 0x18
 1567 00d7 9642     		.uleb128 0x2116
 1568 00d9 19       		.uleb128 0x19
 1569 00da 01       		.uleb128 0x1
 1570 00db 13       		.uleb128 0x13
 1571 00dc 00       		.byte	0
 1572 00dd 00       		.byte	0
 1573 00de 12       		.uleb128 0x12
 1574 00df 05       		.uleb128 0x5
 1575 00e0 00       		.byte	0
 1576 00e1 03       		.uleb128 0x3
 1577 00e2 08       		.uleb128 0x8
 1578 00e3 3A       		.uleb128 0x3a
 1579 00e4 0B       		.uleb128 0xb
 1580 00e5 3B       		.uleb128 0x3b
 1581 00e6 0B       		.uleb128 0xb
 1582 00e7 49       		.uleb128 0x49
 1583 00e8 13       		.uleb128 0x13
 1584 00e9 02       		.uleb128 0x2
 1585 00ea 17       		.uleb128 0x17
 1586 00eb 00       		.byte	0
 1587 00ec 00       		.byte	0
ARM GAS  C:\Users\GONZAL~1\AppData\Local\Temp\ccpbowfd.s 			page 32


 1588 00ed 13       		.uleb128 0x13
 1589 00ee 05       		.uleb128 0x5
 1590 00ef 00       		.byte	0
 1591 00f0 03       		.uleb128 0x3
 1592 00f1 0E       		.uleb128 0xe
 1593 00f2 3A       		.uleb128 0x3a
 1594 00f3 0B       		.uleb128 0xb
 1595 00f4 3B       		.uleb128 0x3b
 1596 00f5 0B       		.uleb128 0xb
 1597 00f6 49       		.uleb128 0x49
 1598 00f7 13       		.uleb128 0x13
 1599 00f8 02       		.uleb128 0x2
 1600 00f9 17       		.uleb128 0x17
 1601 00fa 00       		.byte	0
 1602 00fb 00       		.byte	0
 1603 00fc 14       		.uleb128 0x14
 1604 00fd 05       		.uleb128 0x5
 1605 00fe 00       		.byte	0
 1606 00ff 03       		.uleb128 0x3
 1607 0100 0E       		.uleb128 0xe
 1608 0101 3A       		.uleb128 0x3a
 1609 0102 0B       		.uleb128 0xb
 1610 0103 3B       		.uleb128 0x3b
 1611 0104 0B       		.uleb128 0xb
 1612 0105 49       		.uleb128 0x49
 1613 0106 13       		.uleb128 0x13
 1614 0107 02       		.uleb128 0x2
 1615 0108 18       		.uleb128 0x18
 1616 0109 00       		.byte	0
 1617 010a 00       		.byte	0
 1618 010b 15       		.uleb128 0x15
 1619 010c 34       		.uleb128 0x34
 1620 010d 00       		.byte	0
 1621 010e 03       		.uleb128 0x3
 1622 010f 0E       		.uleb128 0xe
 1623 0110 3A       		.uleb128 0x3a
 1624 0111 0B       		.uleb128 0xb
 1625 0112 3B       		.uleb128 0x3b
 1626 0113 0B       		.uleb128 0xb
 1627 0114 49       		.uleb128 0x49
 1628 0115 13       		.uleb128 0x13
 1629 0116 02       		.uleb128 0x2
 1630 0117 17       		.uleb128 0x17
 1631 0118 00       		.byte	0
 1632 0119 00       		.byte	0
 1633 011a 16       		.uleb128 0x16
 1634 011b 898201   		.uleb128 0x4109
 1635 011e 00       		.byte	0
 1636 011f 11       		.uleb128 0x11
 1637 0120 01       		.uleb128 0x1
 1638 0121 31       		.uleb128 0x31
 1639 0122 13       		.uleb128 0x13
 1640 0123 00       		.byte	0
 1641 0124 00       		.byte	0
 1642 0125 17       		.uleb128 0x17
 1643 0126 2E       		.uleb128 0x2e
 1644 0127 01       		.byte	0x1
ARM GAS  C:\Users\GONZAL~1\AppData\Local\Temp\ccpbowfd.s 			page 33


 1645 0128 3F       		.uleb128 0x3f
 1646 0129 19       		.uleb128 0x19
 1647 012a 03       		.uleb128 0x3
 1648 012b 0E       		.uleb128 0xe
 1649 012c 3A       		.uleb128 0x3a
 1650 012d 0B       		.uleb128 0xb
 1651 012e 3B       		.uleb128 0x3b
 1652 012f 0B       		.uleb128 0xb
 1653 0130 27       		.uleb128 0x27
 1654 0131 19       		.uleb128 0x19
 1655 0132 11       		.uleb128 0x11
 1656 0133 01       		.uleb128 0x1
 1657 0134 12       		.uleb128 0x12
 1658 0135 06       		.uleb128 0x6
 1659 0136 40       		.uleb128 0x40
 1660 0137 18       		.uleb128 0x18
 1661 0138 9742     		.uleb128 0x2117
 1662 013a 19       		.uleb128 0x19
 1663 013b 01       		.uleb128 0x1
 1664 013c 13       		.uleb128 0x13
 1665 013d 00       		.byte	0
 1666 013e 00       		.byte	0
 1667 013f 18       		.uleb128 0x18
 1668 0140 898201   		.uleb128 0x4109
 1669 0143 01       		.byte	0x1
 1670 0144 11       		.uleb128 0x11
 1671 0145 01       		.uleb128 0x1
 1672 0146 31       		.uleb128 0x31
 1673 0147 13       		.uleb128 0x13
 1674 0148 01       		.uleb128 0x1
 1675 0149 13       		.uleb128 0x13
 1676 014a 00       		.byte	0
 1677 014b 00       		.byte	0
 1678 014c 19       		.uleb128 0x19
 1679 014d 8A8201   		.uleb128 0x410a
 1680 0150 00       		.byte	0
 1681 0151 02       		.uleb128 0x2
 1682 0152 18       		.uleb128 0x18
 1683 0153 9142     		.uleb128 0x2111
 1684 0155 18       		.uleb128 0x18
 1685 0156 00       		.byte	0
 1686 0157 00       		.byte	0
 1687 0158 1A       		.uleb128 0x1a
 1688 0159 898201   		.uleb128 0x4109
 1689 015c 01       		.byte	0x1
 1690 015d 11       		.uleb128 0x11
 1691 015e 01       		.uleb128 0x1
 1692 015f 31       		.uleb128 0x31
 1693 0160 13       		.uleb128 0x13
 1694 0161 00       		.byte	0
 1695 0162 00       		.byte	0
 1696 0163 1B       		.uleb128 0x1b
 1697 0164 2E       		.uleb128 0x2e
 1698 0165 01       		.byte	0x1
 1699 0166 3F       		.uleb128 0x3f
 1700 0167 19       		.uleb128 0x19
 1701 0168 03       		.uleb128 0x3
ARM GAS  C:\Users\GONZAL~1\AppData\Local\Temp\ccpbowfd.s 			page 34


 1702 0169 0E       		.uleb128 0xe
 1703 016a 3A       		.uleb128 0x3a
 1704 016b 0B       		.uleb128 0xb
 1705 016c 3B       		.uleb128 0x3b
 1706 016d 0B       		.uleb128 0xb
 1707 016e 27       		.uleb128 0x27
 1708 016f 19       		.uleb128 0x19
 1709 0170 11       		.uleb128 0x11
 1710 0171 01       		.uleb128 0x1
 1711 0172 12       		.uleb128 0x12
 1712 0173 06       		.uleb128 0x6
 1713 0174 40       		.uleb128 0x40
 1714 0175 18       		.uleb128 0x18
 1715 0176 9642     		.uleb128 0x2116
 1716 0178 19       		.uleb128 0x19
 1717 0179 01       		.uleb128 0x1
 1718 017a 13       		.uleb128 0x13
 1719 017b 00       		.byte	0
 1720 017c 00       		.byte	0
 1721 017d 1C       		.uleb128 0x1c
 1722 017e 2E       		.uleb128 0x2e
 1723 017f 01       		.byte	0x1
 1724 0180 3F       		.uleb128 0x3f
 1725 0181 19       		.uleb128 0x19
 1726 0182 03       		.uleb128 0x3
 1727 0183 0E       		.uleb128 0xe
 1728 0184 3A       		.uleb128 0x3a
 1729 0185 0B       		.uleb128 0xb
 1730 0186 3B       		.uleb128 0x3b
 1731 0187 0B       		.uleb128 0xb
 1732 0188 49       		.uleb128 0x49
 1733 0189 13       		.uleb128 0x13
 1734 018a 11       		.uleb128 0x11
 1735 018b 01       		.uleb128 0x1
 1736 018c 12       		.uleb128 0x12
 1737 018d 06       		.uleb128 0x6
 1738 018e 40       		.uleb128 0x40
 1739 018f 18       		.uleb128 0x18
 1740 0190 9742     		.uleb128 0x2117
 1741 0192 19       		.uleb128 0x19
 1742 0193 01       		.uleb128 0x1
 1743 0194 13       		.uleb128 0x13
 1744 0195 00       		.byte	0
 1745 0196 00       		.byte	0
 1746 0197 1D       		.uleb128 0x1d
 1747 0198 34       		.uleb128 0x34
 1748 0199 00       		.byte	0
 1749 019a 03       		.uleb128 0x3
 1750 019b 08       		.uleb128 0x8
 1751 019c 3A       		.uleb128 0x3a
 1752 019d 0B       		.uleb128 0xb
 1753 019e 3B       		.uleb128 0x3b
 1754 019f 0B       		.uleb128 0xb
 1755 01a0 49       		.uleb128 0x49
 1756 01a1 13       		.uleb128 0x13
 1757 01a2 02       		.uleb128 0x2
 1758 01a3 17       		.uleb128 0x17
ARM GAS  C:\Users\GONZAL~1\AppData\Local\Temp\ccpbowfd.s 			page 35


 1759 01a4 00       		.byte	0
 1760 01a5 00       		.byte	0
 1761 01a6 1E       		.uleb128 0x1e
 1762 01a7 34       		.uleb128 0x34
 1763 01a8 00       		.byte	0
 1764 01a9 03       		.uleb128 0x3
 1765 01aa 0E       		.uleb128 0xe
 1766 01ab 3A       		.uleb128 0x3a
 1767 01ac 0B       		.uleb128 0xb
 1768 01ad 3B       		.uleb128 0x3b
 1769 01ae 0B       		.uleb128 0xb
 1770 01af 49       		.uleb128 0x49
 1771 01b0 13       		.uleb128 0x13
 1772 01b1 02       		.uleb128 0x2
 1773 01b2 18       		.uleb128 0x18
 1774 01b3 00       		.byte	0
 1775 01b4 00       		.byte	0
 1776 01b5 1F       		.uleb128 0x1f
 1777 01b6 34       		.uleb128 0x34
 1778 01b7 00       		.byte	0
 1779 01b8 03       		.uleb128 0x3
 1780 01b9 0E       		.uleb128 0xe
 1781 01ba 3A       		.uleb128 0x3a
 1782 01bb 0B       		.uleb128 0xb
 1783 01bc 3B       		.uleb128 0x3b
 1784 01bd 05       		.uleb128 0x5
 1785 01be 49       		.uleb128 0x49
 1786 01bf 13       		.uleb128 0x13
 1787 01c0 3F       		.uleb128 0x3f
 1788 01c1 19       		.uleb128 0x19
 1789 01c2 3C       		.uleb128 0x3c
 1790 01c3 19       		.uleb128 0x19
 1791 01c4 00       		.byte	0
 1792 01c5 00       		.byte	0
 1793 01c6 20       		.uleb128 0x20
 1794 01c7 34       		.uleb128 0x34
 1795 01c8 00       		.byte	0
 1796 01c9 03       		.uleb128 0x3
 1797 01ca 08       		.uleb128 0x8
 1798 01cb 3A       		.uleb128 0x3a
 1799 01cc 0B       		.uleb128 0xb
 1800 01cd 3B       		.uleb128 0x3b
 1801 01ce 0B       		.uleb128 0xb
 1802 01cf 49       		.uleb128 0x49
 1803 01d0 13       		.uleb128 0x13
 1804 01d1 3F       		.uleb128 0x3f
 1805 01d2 19       		.uleb128 0x19
 1806 01d3 02       		.uleb128 0x2
 1807 01d4 18       		.uleb128 0x18
 1808 01d5 00       		.byte	0
 1809 01d6 00       		.byte	0
 1810 01d7 21       		.uleb128 0x21
 1811 01d8 34       		.uleb128 0x34
 1812 01d9 00       		.byte	0
 1813 01da 03       		.uleb128 0x3
 1814 01db 0E       		.uleb128 0xe
 1815 01dc 3A       		.uleb128 0x3a
ARM GAS  C:\Users\GONZAL~1\AppData\Local\Temp\ccpbowfd.s 			page 36


 1816 01dd 0B       		.uleb128 0xb
 1817 01de 3B       		.uleb128 0x3b
 1818 01df 0B       		.uleb128 0xb
 1819 01e0 49       		.uleb128 0x49
 1820 01e1 13       		.uleb128 0x13
 1821 01e2 3F       		.uleb128 0x3f
 1822 01e3 19       		.uleb128 0x19
 1823 01e4 02       		.uleb128 0x2
 1824 01e5 18       		.uleb128 0x18
 1825 01e6 00       		.byte	0
 1826 01e7 00       		.byte	0
 1827 01e8 22       		.uleb128 0x22
 1828 01e9 34       		.uleb128 0x34
 1829 01ea 00       		.byte	0
 1830 01eb 03       		.uleb128 0x3
 1831 01ec 0E       		.uleb128 0xe
 1832 01ed 3A       		.uleb128 0x3a
 1833 01ee 0B       		.uleb128 0xb
 1834 01ef 3B       		.uleb128 0x3b
 1835 01f0 0B       		.uleb128 0xb
 1836 01f1 49       		.uleb128 0x49
 1837 01f2 13       		.uleb128 0x13
 1838 01f3 3F       		.uleb128 0x3f
 1839 01f4 19       		.uleb128 0x19
 1840 01f5 3C       		.uleb128 0x3c
 1841 01f6 19       		.uleb128 0x19
 1842 01f7 00       		.byte	0
 1843 01f8 00       		.byte	0
 1844 01f9 23       		.uleb128 0x23
 1845 01fa 2E       		.uleb128 0x2e
 1846 01fb 00       		.byte	0
 1847 01fc 3F       		.uleb128 0x3f
 1848 01fd 19       		.uleb128 0x19
 1849 01fe 3C       		.uleb128 0x3c
 1850 01ff 19       		.uleb128 0x19
 1851 0200 6E       		.uleb128 0x6e
 1852 0201 08       		.uleb128 0x8
 1853 0202 03       		.uleb128 0x3
 1854 0203 08       		.uleb128 0x8
 1855 0204 3A       		.uleb128 0x3a
 1856 0205 0B       		.uleb128 0xb
 1857 0206 3B       		.uleb128 0x3b
 1858 0207 0B       		.uleb128 0xb
 1859 0208 00       		.byte	0
 1860 0209 00       		.byte	0
 1861 020a 24       		.uleb128 0x24
 1862 020b 2E       		.uleb128 0x2e
 1863 020c 00       		.byte	0
 1864 020d 3F       		.uleb128 0x3f
 1865 020e 19       		.uleb128 0x19
 1866 020f 3C       		.uleb128 0x3c
 1867 0210 19       		.uleb128 0x19
 1868 0211 6E       		.uleb128 0x6e
 1869 0212 0E       		.uleb128 0xe
 1870 0213 03       		.uleb128 0x3
 1871 0214 0E       		.uleb128 0xe
 1872 0215 3A       		.uleb128 0x3a
ARM GAS  C:\Users\GONZAL~1\AppData\Local\Temp\ccpbowfd.s 			page 37


 1873 0216 0B       		.uleb128 0xb
 1874 0217 3B       		.uleb128 0x3b
 1875 0218 0B       		.uleb128 0xb
 1876 0219 00       		.byte	0
 1877 021a 00       		.byte	0
 1878 021b 00       		.byte	0
 1879              		.section	.debug_loc,"",%progbits
 1880              	.Ldebug_loc0:
 1881              	.LLST0:
 1882 0000 00000000 		.4byte	.LVL0
 1883 0004 0E000000 		.4byte	.LVL1
 1884 0008 0100     		.2byte	0x1
 1885 000a 50       		.byte	0x50
 1886 000b 0E000000 		.4byte	.LVL1
 1887 000f 5A000000 		.4byte	.LFE64
 1888 0013 0100     		.2byte	0x1
 1889 0015 58       		.byte	0x58
 1890 0016 00000000 		.4byte	0
 1891 001a 00000000 		.4byte	0
 1892              	.LLST1:
 1893 001e 00000000 		.4byte	.LVL0
 1894 0022 13000000 		.4byte	.LVL2-1
 1895 0026 0100     		.2byte	0x1
 1896 0028 51       		.byte	0x51
 1897 0029 13000000 		.4byte	.LVL2-1
 1898 002d 5A000000 		.4byte	.LFE64
 1899 0031 0100     		.2byte	0x1
 1900 0033 55       		.byte	0x55
 1901 0034 00000000 		.4byte	0
 1902 0038 00000000 		.4byte	0
 1903              	.LLST2:
 1904 003c 00000000 		.4byte	.LVL0
 1905 0040 13000000 		.4byte	.LVL2-1
 1906 0044 0100     		.2byte	0x1
 1907 0046 52       		.byte	0x52
 1908 0047 13000000 		.4byte	.LVL2-1
 1909 004b 5A000000 		.4byte	.LFE64
 1910 004f 0100     		.2byte	0x1
 1911 0051 59       		.byte	0x59
 1912 0052 00000000 		.4byte	0
 1913 0056 00000000 		.4byte	0
 1914              	.LLST3:
 1915 005a 00000000 		.4byte	.LVL0
 1916 005e 13000000 		.4byte	.LVL2-1
 1917 0062 0100     		.2byte	0x1
 1918 0064 53       		.byte	0x53
 1919 0065 13000000 		.4byte	.LVL2-1
 1920 0069 5A000000 		.4byte	.LFE64
 1921 006d 0100     		.2byte	0x1
 1922 006f 54       		.byte	0x54
 1923 0070 00000000 		.4byte	0
 1924 0074 00000000 		.4byte	0
 1925              	.LLST4:
 1926 0078 30000000 		.4byte	.LVL5
 1927 007c 42000000 		.4byte	.LVL8
 1928 0080 0600     		.2byte	0x6
 1929 0082 56       		.byte	0x56
ARM GAS  C:\Users\GONZAL~1\AppData\Local\Temp\ccpbowfd.s 			page 38


 1930 0083 93       		.byte	0x93
 1931 0084 04       		.uleb128 0x4
 1932 0085 57       		.byte	0x57
 1933 0086 93       		.byte	0x93
 1934 0087 04       		.uleb128 0x4
 1935 0088 00000000 		.4byte	0
 1936 008c 00000000 		.4byte	0
 1937              	.LLST5:
 1938 0090 00000000 		.4byte	.LVL12
 1939 0094 0E000000 		.4byte	.LVL13
 1940 0098 0100     		.2byte	0x1
 1941 009a 50       		.byte	0x50
 1942 009b 0E000000 		.4byte	.LVL13
 1943 009f 5C000000 		.4byte	.LFE65
 1944 00a3 0100     		.2byte	0x1
 1945 00a5 58       		.byte	0x58
 1946 00a6 00000000 		.4byte	0
 1947 00aa 00000000 		.4byte	0
 1948              	.LLST6:
 1949 00ae 00000000 		.4byte	.LVL12
 1950 00b2 13000000 		.4byte	.LVL14-1
 1951 00b6 0100     		.2byte	0x1
 1952 00b8 51       		.byte	0x51
 1953 00b9 13000000 		.4byte	.LVL14-1
 1954 00bd 5C000000 		.4byte	.LFE65
 1955 00c1 0100     		.2byte	0x1
 1956 00c3 55       		.byte	0x55
 1957 00c4 00000000 		.4byte	0
 1958 00c8 00000000 		.4byte	0
 1959              	.LLST7:
 1960 00cc 00000000 		.4byte	.LVL12
 1961 00d0 13000000 		.4byte	.LVL14-1
 1962 00d4 0100     		.2byte	0x1
 1963 00d6 52       		.byte	0x52
 1964 00d7 13000000 		.4byte	.LVL14-1
 1965 00db 5C000000 		.4byte	.LFE65
 1966 00df 0100     		.2byte	0x1
 1967 00e1 59       		.byte	0x59
 1968 00e2 00000000 		.4byte	0
 1969 00e6 00000000 		.4byte	0
 1970              	.LLST8:
 1971 00ea 00000000 		.4byte	.LVL12
 1972 00ee 13000000 		.4byte	.LVL14-1
 1973 00f2 0100     		.2byte	0x1
 1974 00f4 53       		.byte	0x53
 1975 00f5 13000000 		.4byte	.LVL14-1
 1976 00f9 5C000000 		.4byte	.LFE65
 1977 00fd 0100     		.2byte	0x1
 1978 00ff 54       		.byte	0x54
 1979 0100 00000000 		.4byte	0
 1980 0104 00000000 		.4byte	0
 1981              	.LLST9:
 1982 0108 30000000 		.4byte	.LVL17
 1983 010c 42000000 		.4byte	.LVL20
 1984 0110 0600     		.2byte	0x6
 1985 0112 56       		.byte	0x56
 1986 0113 93       		.byte	0x93
ARM GAS  C:\Users\GONZAL~1\AppData\Local\Temp\ccpbowfd.s 			page 39


 1987 0114 04       		.uleb128 0x4
 1988 0115 57       		.byte	0x57
 1989 0116 93       		.byte	0x93
 1990 0117 04       		.uleb128 0x4
 1991 0118 00000000 		.4byte	0
 1992 011c 00000000 		.4byte	0
 1993              	.LLST10:
 1994 0120 00000000 		.4byte	.LVL24
 1995 0124 13000000 		.4byte	.LVL26-1
 1996 0128 0600     		.2byte	0x6
 1997 012a 50       		.byte	0x50
 1998 012b 93       		.byte	0x93
 1999 012c 04       		.uleb128 0x4
 2000 012d 51       		.byte	0x51
 2001 012e 93       		.byte	0x93
 2002 012f 04       		.uleb128 0x4
 2003 0130 13000000 		.4byte	.LVL26-1
 2004 0134 44000000 		.4byte	.LFE66
 2005 0138 0600     		.2byte	0x6
 2006 013a F3       		.byte	0xf3
 2007 013b 03       		.uleb128 0x3
 2008 013c F5       		.byte	0xf5
 2009 013d 00       		.uleb128 0
 2010 013e 25       		.uleb128 0x25
 2011 013f 9F       		.byte	0x9f
 2012 0140 00000000 		.4byte	0
 2013 0144 00000000 		.4byte	0
 2014              	.LLST11:
 2015 0148 00000000 		.4byte	.LVL24
 2016 014c 0A000000 		.4byte	.LVL25
 2017 0150 0600     		.2byte	0x6
 2018 0152 52       		.byte	0x52
 2019 0153 93       		.byte	0x93
 2020 0154 04       		.uleb128 0x4
 2021 0155 53       		.byte	0x53
 2022 0156 93       		.byte	0x93
 2023 0157 04       		.uleb128 0x4
 2024 0158 0A000000 		.4byte	.LVL25
 2025 015c 44000000 		.4byte	.LFE66
 2026 0160 0600     		.2byte	0x6
 2027 0162 F3       		.byte	0xf3
 2028 0163 03       		.uleb128 0x3
 2029 0164 F5       		.byte	0xf5
 2030 0165 02       		.uleb128 0x2
 2031 0166 25       		.uleb128 0x25
 2032 0167 9F       		.byte	0x9f
 2033 0168 00000000 		.4byte	0
 2034 016c 00000000 		.4byte	0
 2035              	.LLST12:
 2036 0170 00000000 		.4byte	.LVL24
 2037 0174 40000000 		.4byte	.LVL32
 2038 0178 0200     		.2byte	0x2
 2039 017a 91       		.byte	0x91
 2040 017b 00       		.sleb128 0
 2041 017c 40000000 		.4byte	.LVL32
 2042 0180 44000000 		.4byte	.LFE66
 2043 0184 0200     		.2byte	0x2
ARM GAS  C:\Users\GONZAL~1\AppData\Local\Temp\ccpbowfd.s 			page 40


 2044 0186 7D       		.byte	0x7d
 2045 0187 00       		.sleb128 0
 2046 0188 00000000 		.4byte	0
 2047 018c 00000000 		.4byte	0
 2048              	.LLST13:
 2049 0190 02000000 		.4byte	.LVL35
 2050 0194 12000000 		.4byte	.LVL36
 2051 0198 0200     		.2byte	0x2
 2052 019a 30       		.byte	0x30
 2053 019b 9F       		.byte	0x9f
 2054 019c 12000000 		.4byte	.LVL36
 2055 01a0 20000000 		.4byte	.LVL38
 2056 01a4 0200     		.2byte	0x2
 2057 01a6 31       		.byte	0x31
 2058 01a7 9F       		.byte	0x9f
 2059 01a8 20000000 		.4byte	.LVL38
 2060 01ac 2C000000 		.4byte	.LVL39
 2061 01b0 0200     		.2byte	0x2
 2062 01b2 30       		.byte	0x30
 2063 01b3 9F       		.byte	0x9f
 2064 01b4 2C000000 		.4byte	.LVL39
 2065 01b8 3A000000 		.4byte	.LVL41
 2066 01bc 0200     		.2byte	0x2
 2067 01be 31       		.byte	0x31
 2068 01bf 9F       		.byte	0x9f
 2069 01c0 3A000000 		.4byte	.LVL41
 2070 01c4 46000000 		.4byte	.LVL42
 2071 01c8 0200     		.2byte	0x2
 2072 01ca 30       		.byte	0x30
 2073 01cb 9F       		.byte	0x9f
 2074 01cc 46000000 		.4byte	.LVL42
 2075 01d0 54000000 		.4byte	.LVL44
 2076 01d4 0200     		.2byte	0x2
 2077 01d6 31       		.byte	0x31
 2078 01d7 9F       		.byte	0x9f
 2079 01d8 54000000 		.4byte	.LVL44
 2080 01dc 04010000 		.4byte	.LVL50
 2081 01e0 0200     		.2byte	0x2
 2082 01e2 30       		.byte	0x30
 2083 01e3 9F       		.byte	0x9f
 2084 01e4 04010000 		.4byte	.LVL50
 2085 01e8 0D010000 		.4byte	.LVL51-1
 2086 01ec 0100     		.2byte	0x1
 2087 01ee 53       		.byte	0x53
 2088 01ef 00000000 		.4byte	0
 2089 01f3 00000000 		.4byte	0
 2090              	.LLST14:
 2091 01f7 02000000 		.4byte	.LVL58
 2092 01fb 06000000 		.4byte	.LVL59
 2093 01ff 0200     		.2byte	0x2
 2094 0201 30       		.byte	0x30
 2095 0202 9F       		.byte	0x9f
 2096 0203 06000000 		.4byte	.LVL59
 2097 0207 14000000 		.4byte	.LVL61
 2098 020b 0100     		.2byte	0x1
 2099 020d 54       		.byte	0x54
 2100 020e 16000000 		.4byte	.LVL62
ARM GAS  C:\Users\GONZAL~1\AppData\Local\Temp\ccpbowfd.s 			page 41


 2101 0212 1E000000 		.4byte	.LVL63
 2102 0216 0100     		.2byte	0x1
 2103 0218 54       		.byte	0x54
 2104 0219 00000000 		.4byte	0
 2105 021d 00000000 		.4byte	0
 2106              		.section	.debug_aranges,"",%progbits
 2107 0000 44000000 		.4byte	0x44
 2108 0004 0200     		.2byte	0x2
 2109 0006 00000000 		.4byte	.Ldebug_info0
 2110 000a 04       		.byte	0x4
 2111 000b 00       		.byte	0
 2112 000c 0000     		.2byte	0
 2113 000e 0000     		.2byte	0
 2114 0010 00000000 		.4byte	.LFB64
 2115 0014 5A000000 		.4byte	.LFE64-.LFB64
 2116 0018 00000000 		.4byte	.LFB65
 2117 001c 5C000000 		.4byte	.LFE65-.LFB65
 2118 0020 00000000 		.4byte	.LFB66
 2119 0024 44000000 		.4byte	.LFE66-.LFB66
 2120 0028 00000000 		.4byte	.LFB68
 2121 002c 28000000 		.4byte	.LFE68-.LFB68
 2122 0030 00000000 		.4byte	.LFB67
 2123 0034 6C010000 		.4byte	.LFE67-.LFB67
 2124 0038 00000000 		.4byte	.LFB69
 2125 003c 24000000 		.4byte	.LFE69-.LFB69
 2126 0040 00000000 		.4byte	0
 2127 0044 00000000 		.4byte	0
 2128              		.section	.debug_ranges,"",%progbits
 2129              	.Ldebug_ranges0:
 2130 0000 00000000 		.4byte	.LFB64
 2131 0004 5A000000 		.4byte	.LFE64
 2132 0008 00000000 		.4byte	.LFB65
 2133 000c 5C000000 		.4byte	.LFE65
 2134 0010 00000000 		.4byte	.LFB66
 2135 0014 44000000 		.4byte	.LFE66
 2136 0018 00000000 		.4byte	.LFB68
 2137 001c 28000000 		.4byte	.LFE68
 2138 0020 00000000 		.4byte	.LFB67
 2139 0024 6C010000 		.4byte	.LFE67
 2140 0028 00000000 		.4byte	.LFB69
 2141 002c 24000000 		.4byte	.LFE69
 2142 0030 00000000 		.4byte	0
 2143 0034 00000000 		.4byte	0
 2144              		.section	.debug_line,"",%progbits
 2145              	.Ldebug_line0:
 2146 0000 FE020000 		.section	.debug_str,"MS",%progbits,1
 2146      02002A02 
 2146      00000201 
 2146      FB0E0D00 
 2146      01010101 
 2147              	.LASF51:
 2148 0000 5F737461 		.ascii	"_state_\000"
 2148      74655F00 
 2149              	.LASF25:
 2150 0008 7363616C 		.ascii	"scaledMin\000"
 2150      65644D69 
 2150      6E00
ARM GAS  C:\Users\GONZAL~1\AppData\Local\Temp\ccpbowfd.s 			page 42


 2151              	.LASF34:
 2152 0012 696E5F6D 		.ascii	"in_max\000"
 2152      617800
 2153              	.LASF29:
 2154 0019 7056616C 		.ascii	"pVal\000"
 2154      00
 2155              	.LASF35:
 2156 001e 6F75745F 		.ascii	"out_min\000"
 2156      6D696E00 
 2157              	.LASF42:
 2158 0026 50726F63 		.ascii	"ProcessCommandMsg\000"
 2158      65737343 
 2158      6F6D6D61 
 2158      6E644D73 
 2158      6700
 2159              	.LASF50:
 2160 0038 5F756172 		.ascii	"_uart_Reset\000"
 2160      745F5265 
 2160      73657400 
 2161              	.LASF33:
 2162 0044 696E5F6D 		.ascii	"in_min\000"
 2162      696E00
 2163              	.LASF17:
 2164 004b 6C6F6E67 		.ascii	"long double\000"
 2164      20646F75 
 2164      626C6500 
 2165              	.LASF57:
 2166 0057 54535F61 		.ascii	"TS_array\000"
 2166      72726179 
 2166      00
 2167              	.LASF44:
 2168 0060 53746F72 		.ascii	"StoreResults\000"
 2168      65526573 
 2168      756C7473 
 2168      00
 2169              	.LASF4:
 2170 006d 73686F72 		.ascii	"short int\000"
 2170      7420696E 
 2170      7400
 2171              	.LASF55:
 2172 0077 73706565 		.ascii	"speed_ref\000"
 2172      645F7265 
 2172      6600
 2173              	.LASF14:
 2174 0081 75696E74 		.ascii	"uint16\000"
 2174      313600
 2175              	.LASF15:
 2176 0088 696E7431 		.ascii	"int16\000"
 2176      3600
 2177              	.LASF30:
 2178 008e 6956616C 		.ascii	"iVal\000"
 2178      00
 2179              	.LASF13:
 2180 0093 75696E74 		.ascii	"uint8\000"
 2180      3800
 2181              	.LASF19:
 2182 0099 72656656 		.ascii	"refVal\000"
ARM GAS  C:\Users\GONZAL~1\AppData\Local\Temp\ccpbowfd.s 			page 43


 2182      616C00
 2183              	.LASF23:
 2184 00a0 6D696E56 		.ascii	"minValue\000"
 2184      616C7565 
 2184      00
 2185              	.LASF1:
 2186 00a9 666C6F61 		.ascii	"float\000"
 2186      7400
 2187              	.LASF39:
 2188 00af 736C6F70 		.ascii	"slope\000"
 2188      6500
 2189              	.LASF8:
 2190 00b5 6C6F6E67 		.ascii	"long long int\000"
 2190      206C6F6E 
 2190      6720696E 
 2190      7400
 2191              	.LASF6:
 2192 00c3 6C6F6E67 		.ascii	"long int\000"
 2192      20696E74 
 2192      00
 2193              	.LASF21:
 2194 00cc 6C617374 		.ascii	"lastValue\000"
 2194      56616C75 
 2194      6500
 2195              	.LASF65:
 2196 00d6 433A5C55 		.ascii	"C:\\Users\\Gonzalo Olave\\Dropbox (Personal)\\Magis"
 2196      73657273 
 2196      5C476F6E 
 2196      7A616C6F 
 2196      204F6C61 
 2197 0105 7465725C 		.ascii	"ter\\Tesis\\tesis-source\\master-tesis\\dedo_v01.cy"
 2197      54657369 
 2197      735C7465 
 2197      7369732D 
 2197      736F7572 
 2198 0134 64736E00 		.ascii	"dsn\000"
 2199              	.LASF24:
 2200 0138 6D617856 		.ascii	"maxValue\000"
 2200      616C7565 
 2200      00
 2201              	.LASF37:
 2202 0141 666E5F6D 		.ascii	"fn_mapper\000"
 2202      61707065 
 2202      7200
 2203              	.LASF61:
 2204 014b 5049445F 		.ascii	"PID_setCoeffs\000"
 2204      73657443 
 2204      6F656666 
 2204      7300
 2205              	.LASF47:
 2206 0159 436F6E74 		.ascii	"ContinuouslySendData\000"
 2206      696E756F 
 2206      75736C79 
 2206      53656E64 
 2206      44617461 
 2207              	.LASF59:
 2208 016e 61746F69 		.ascii	"atoi\000"
ARM GAS  C:\Users\GONZAL~1\AppData\Local\Temp\ccpbowfd.s 			page 44


 2208      00
 2209              	.LASF41:
 2210 0173 48616E64 		.ascii	"HandBrake\000"
 2210      4272616B 
 2210      6500
 2211              	.LASF20:
 2212 017d 696E7075 		.ascii	"inputValue\000"
 2212      7456616C 
 2212      756500
 2213              	.LASF3:
 2214 0188 756E7369 		.ascii	"unsigned char\000"
 2214      676E6564 
 2214      20636861 
 2214      7200
 2215              	.LASF48:
 2216 0196 53656E64 		.ascii	"SendSingleByte\000"
 2216      53696E67 
 2216      6C654279 
 2216      746500
 2217              	.LASF2:
 2218 01a5 7369676E 		.ascii	"signed char\000"
 2218      65642063 
 2218      68617200 
 2219              	.LASF9:
 2220 01b1 6C6F6E67 		.ascii	"long long unsigned int\000"
 2220      206C6F6E 
 2220      6720756E 
 2220      7369676E 
 2220      65642069 
 2221              	.LASF66:
 2222 01c8 54527842 		.ascii	"TRxBuffer\000"
 2222      75666665 
 2222      7200
 2223              	.LASF10:
 2224 01d2 756E7369 		.ascii	"unsigned int\000"
 2224      676E6564 
 2224      20696E74 
 2224      00
 2225              	.LASF52:
 2226 01df 74656E73 		.ascii	"tension_ref\000"
 2226      696F6E5F 
 2226      72656600 
 2227              	.LASF68:
 2228 01eb 54506172 		.ascii	"TParamBuffer\000"
 2228      616D4275 
 2228      66666572 
 2228      00
 2229              	.LASF49:
 2230 01f8 53656E64 		.ascii	"SendEmulatedData\000"
 2230      456D756C 
 2230      61746564 
 2230      44617461 
 2230      00
 2231              	.LASF28:
 2232 0209 76616C73 		.ascii	"valstr\000"
 2232      747200
 2233              	.LASF16:
ARM GAS  C:\Users\GONZAL~1\AppData\Local\Temp\ccpbowfd.s 			page 45


 2234 0210 63686172 		.ascii	"char\000"
 2234      00
 2235              	.LASF53:
 2236 0215 706F735F 		.ascii	"pos_ref\000"
 2236      72656600 
 2237              	.LASF12:
 2238 021d 696E7433 		.ascii	"int32_t\000"
 2238      325F7400 
 2239              	.LASF5:
 2240 0225 73686F72 		.ascii	"short unsigned int\000"
 2240      7420756E 
 2240      7369676E 
 2240      65642069 
 2240      6E7400
 2241              	.LASF67:
 2242 0238 52785374 		.ascii	"RxStr\000"
 2242      7200
 2243              	.LASF40:
 2244 023e 5369676D 		.ascii	"Sigmoid\000"
 2244      6F696400 
 2245              	.LASF60:
 2246 0246 4379536F 		.ascii	"CySoftwareReset\000"
 2246      66747761 
 2246      72655265 
 2246      73657400 
 2247              	.LASF7:
 2248 0256 6C6F6E67 		.ascii	"long unsigned int\000"
 2248      20756E73 
 2248      69676E65 
 2248      6420696E 
 2248      7400
 2249              	.LASF43:
 2250 0268 75706461 		.ascii	"updatePID\000"
 2250      74655049 
 2250      4400
 2251              	.LASF0:
 2252 0272 646F7562 		.ascii	"double\000"
 2252      6C6500
 2253              	.LASF64:
 2254 0279 66756E63 		.ascii	"functions.c\000"
 2254      74696F6E 
 2254      732E6300 
 2255              	.LASF45:
 2256 0285 64657374 		.ascii	"dest\000"
 2256      00
 2257              	.LASF22:
 2258 028a 69546572 		.ascii	"iTerm\000"
 2258      6D00
 2259              	.LASF11:
 2260 0290 5F5F696E 		.ascii	"__int32_t\000"
 2260      7433325F 
 2260      7400
 2261              	.LASF38:
 2262 029a 666E5F6D 		.ascii	"fn_mapper_8b\000"
 2262      61707065 
 2262      725F3862 
 2262      00
ARM GAS  C:\Users\GONZAL~1\AppData\Local\Temp\ccpbowfd.s 			page 46


 2263              	.LASF18:
 2264 02a7 73697A65 		.ascii	"sizetype\000"
 2264      74797065 
 2264      00
 2265              	.LASF54:
 2266 02b0 73706565 		.ascii	"speed_pid_\000"
 2266      645F7069 
 2266      645F00
 2267              	.LASF32:
 2268 02bb 50617261 		.ascii	"ParamBuffer\000"
 2268      6D427566 
 2268      66657200 
 2269              	.LASF56:
 2270 02c7 5F627261 		.ascii	"_braken_state\000"
 2270      6B656E5F 
 2270      73746174 
 2270      6500
 2271              	.LASF62:
 2272 02d5 4144435F 		.ascii	"ADC_TS_GetResult16\000"
 2272      54535F47 
 2272      65745265 
 2272      73756C74 
 2272      313600
 2273              	.LASF46:
 2274 02e8 49544D5F 		.ascii	"ITM_RxBuffer\000"
 2274      52784275 
 2274      66666572 
 2274      00
 2275              	.LASF63:
 2276 02f5 474E5520 		.ascii	"GNU C11 5.4.1 20160609 (release) [ARM/embedded-5-br"
 2276      43313120 
 2276      352E342E 
 2276      31203230 
 2276      31363036 
 2277 0328 616E6368 		.ascii	"anch revision 237715] -mcpu=cortex-m3 -mthumb -g -O"
 2277      20726576 
 2277      6973696F 
 2277      6E203233 
 2277      37373135 
 2278 035b 67202D66 		.ascii	"g -ffunction-sections -ffat-lto-objects\000"
 2278      66756E63 
 2278      74696F6E 
 2278      2D736563 
 2278      74696F6E 
 2279              	.LASF58:
 2280 0383 4252414B 		.ascii	"BRAKEn_Write\000"
 2280      456E5F57 
 2280      72697465 
 2280      00
 2281              	.LASF26:
 2282 0390 7363616C 		.ascii	"scaledMax\000"
 2282      65644D61 
 2282      7800
 2283              	.LASF31:
 2284 039a 6456616C 		.ascii	"dVal\000"
 2284      00
 2285              	.LASF27:
ARM GAS  C:\Users\GONZAL~1\AppData\Local\Temp\ccpbowfd.s 			page 47


 2286 039f 5049445F 		.ascii	"PID_t\000"
 2286      7400
 2287              	.LASF36:
 2288 03a5 6F75745F 		.ascii	"out_max\000"
 2288      6D617800 
 2289              		.ident	"GCC: (GNU Tools for ARM Embedded Processors) 5.4.1 20160609 (release) [ARM/embedded-5-bran
