ARM GAS  C:\Users\growo\AppData\Local\Temp\ccggbs5I.s 			page 1


   1              		.syntax unified
   2              		.cpu cortex-m3
   3              		.fpu softvfp
   4              		.eabi_attribute 20, 1
   5              		.eabi_attribute 21, 1
   6              		.eabi_attribute 23, 3
   7              		.eabi_attribute 24, 1
   8              		.eabi_attribute 25, 1
   9              		.eabi_attribute 26, 1
  10              		.eabi_attribute 30, 1
  11              		.eabi_attribute 34, 1
  12              		.eabi_attribute 18, 4
  13              		.thumb
  14              		.syntax unified
  15              		.file	"isr_button.c"
  16              		.text
  17              	.Ltext0:
  18              		.cfi_sections	.debug_frame
  19              		.section	.text.isr_button_Interrupt,"ax",%progbits
  20              		.align	2
  21              		.global	isr_button_Interrupt
  22              		.thumb
  23              		.thumb_func
  24              		.type	isr_button_Interrupt, %function
  25              	isr_button_Interrupt:
  26              	.LFB3:
  27              		.file 1 "isr_button.c"
   1:isr_button.c  **** /*******************************************************************************
   2:isr_button.c  **** * File Name: isr_button.c  
   3:isr_button.c  **** * Version 1.70
   4:isr_button.c  **** *
   5:isr_button.c  **** *  Description:
   6:isr_button.c  **** *   API for controlling the state of an interrupt.
   7:isr_button.c  **** *
   8:isr_button.c  **** *
   9:isr_button.c  **** *  Note:
  10:isr_button.c  **** *
  11:isr_button.c  **** ********************************************************************************
  12:isr_button.c  **** * Copyright 2008-2015, Cypress Semiconductor Corporation.  All rights reserved.
  13:isr_button.c  **** * You may use this file only in accordance with the license, terms, conditions, 
  14:isr_button.c  **** * disclaimers, and limitations in the end user license agreement accompanying 
  15:isr_button.c  **** * the software package with which this file was provided.
  16:isr_button.c  **** *******************************************************************************/
  17:isr_button.c  **** 
  18:isr_button.c  **** 
  19:isr_button.c  **** #include <cydevice_trm.h>
  20:isr_button.c  **** #include <CyLib.h>
  21:isr_button.c  **** #include <isr_button.h>
  22:isr_button.c  **** #include "cyapicallbacks.h"
  23:isr_button.c  **** 
  24:isr_button.c  **** #if !defined(isr_button__REMOVED) /* Check for removal by optimization */
  25:isr_button.c  **** 
  26:isr_button.c  **** /*******************************************************************************
  27:isr_button.c  **** *  Place your includes, defines and code here 
  28:isr_button.c  **** ********************************************************************************/
  29:isr_button.c  **** /* `#START isr_button_intc` */
  30:isr_button.c  **** #include <button_PIN.h>
ARM GAS  C:\Users\growo\AppData\Local\Temp\ccggbs5I.s 			page 2


  31:isr_button.c  **** #include <led_PIN.h>
  32:isr_button.c  **** 
  33:isr_button.c  **** volatile uint8 dir_state=0;
  34:isr_button.c  ****     
  35:isr_button.c  **** /* `#END` */
  36:isr_button.c  **** 
  37:isr_button.c  **** #ifndef CYINT_IRQ_BASE
  38:isr_button.c  **** #define CYINT_IRQ_BASE      16
  39:isr_button.c  **** #endif /* CYINT_IRQ_BASE */
  40:isr_button.c  **** #ifndef CYINT_VECT_TABLE
  41:isr_button.c  **** #define CYINT_VECT_TABLE    ((cyisraddress **) CYREG_NVIC_VECT_OFFSET)
  42:isr_button.c  **** #endif /* CYINT_VECT_TABLE */
  43:isr_button.c  **** 
  44:isr_button.c  **** /* Declared in startup, used to set unused interrupts to. */
  45:isr_button.c  **** CY_ISR_PROTO(IntDefaultHandler);
  46:isr_button.c  **** 
  47:isr_button.c  **** 
  48:isr_button.c  **** /*******************************************************************************
  49:isr_button.c  **** * Function Name: isr_button_Start
  50:isr_button.c  **** ********************************************************************************
  51:isr_button.c  **** *
  52:isr_button.c  **** * Summary:
  53:isr_button.c  **** *  Set up the interrupt and enable it. This function disables the interrupt, 
  54:isr_button.c  **** *  sets the default interrupt vector, sets the priority from the value in the
  55:isr_button.c  **** *  Design Wide Resources Interrupt Editor, then enables the interrupt to the 
  56:isr_button.c  **** *  interrupt controller.
  57:isr_button.c  **** *
  58:isr_button.c  **** * Parameters:  
  59:isr_button.c  **** *   None
  60:isr_button.c  **** *
  61:isr_button.c  **** * Return:
  62:isr_button.c  **** *   None
  63:isr_button.c  **** *
  64:isr_button.c  **** *******************************************************************************/
  65:isr_button.c  **** void isr_button_Start(void)
  66:isr_button.c  **** {
  67:isr_button.c  ****     /* For all we know the interrupt is active. */
  68:isr_button.c  ****     isr_button_Disable();
  69:isr_button.c  **** 
  70:isr_button.c  ****     /* Set the ISR to point to the isr_button Interrupt. */
  71:isr_button.c  ****     isr_button_SetVector(&isr_button_Interrupt);
  72:isr_button.c  **** 
  73:isr_button.c  ****     /* Set the priority. */
  74:isr_button.c  ****     isr_button_SetPriority((uint8)isr_button_INTC_PRIOR_NUMBER);
  75:isr_button.c  **** 
  76:isr_button.c  ****     /* Enable it. */
  77:isr_button.c  ****     isr_button_Enable();
  78:isr_button.c  **** }
  79:isr_button.c  **** 
  80:isr_button.c  **** 
  81:isr_button.c  **** /*******************************************************************************
  82:isr_button.c  **** * Function Name: isr_button_StartEx
  83:isr_button.c  **** ********************************************************************************
  84:isr_button.c  **** *
  85:isr_button.c  **** * Summary:
  86:isr_button.c  **** *  Sets up the interrupt and enables it. This function disables the interrupt,
  87:isr_button.c  **** *  sets the interrupt vector based on the address passed in, sets the priority 
ARM GAS  C:\Users\growo\AppData\Local\Temp\ccggbs5I.s 			page 3


  88:isr_button.c  **** *  from the value in the Design Wide Resources Interrupt Editor, then enables 
  89:isr_button.c  **** *  the interrupt to the interrupt controller.
  90:isr_button.c  **** *  
  91:isr_button.c  **** *  When defining ISR functions, the CY_ISR and CY_ISR_PROTO macros should be 
  92:isr_button.c  **** *  used to provide consistent definition across compilers:
  93:isr_button.c  **** *  
  94:isr_button.c  **** *  Function definition example:
  95:isr_button.c  **** *   CY_ISR(MyISR)
  96:isr_button.c  **** *   {
  97:isr_button.c  **** *   }
  98:isr_button.c  **** *   Function prototype example:
  99:isr_button.c  **** *   CY_ISR_PROTO(MyISR);
 100:isr_button.c  **** *
 101:isr_button.c  **** * Parameters:  
 102:isr_button.c  **** *   address: Address of the ISR to set in the interrupt vector table.
 103:isr_button.c  **** *
 104:isr_button.c  **** * Return:
 105:isr_button.c  **** *   None
 106:isr_button.c  **** *
 107:isr_button.c  **** *******************************************************************************/
 108:isr_button.c  **** void isr_button_StartEx(cyisraddress address)
 109:isr_button.c  **** {
 110:isr_button.c  ****     /* For all we know the interrupt is active. */
 111:isr_button.c  ****     isr_button_Disable();
 112:isr_button.c  **** 
 113:isr_button.c  ****     /* Set the ISR to point to the isr_button Interrupt. */
 114:isr_button.c  ****     isr_button_SetVector(address);
 115:isr_button.c  **** 
 116:isr_button.c  ****     /* Set the priority. */
 117:isr_button.c  ****     isr_button_SetPriority((uint8)isr_button_INTC_PRIOR_NUMBER);
 118:isr_button.c  **** 
 119:isr_button.c  ****     /* Enable it. */
 120:isr_button.c  ****     isr_button_Enable();
 121:isr_button.c  **** }
 122:isr_button.c  **** 
 123:isr_button.c  **** 
 124:isr_button.c  **** /*******************************************************************************
 125:isr_button.c  **** * Function Name: isr_button_Stop
 126:isr_button.c  **** ********************************************************************************
 127:isr_button.c  **** *
 128:isr_button.c  **** * Summary:
 129:isr_button.c  **** *   Disables and removes the interrupt.
 130:isr_button.c  **** *
 131:isr_button.c  **** * Parameters:  
 132:isr_button.c  **** *   None
 133:isr_button.c  **** *
 134:isr_button.c  **** * Return:
 135:isr_button.c  **** *   None
 136:isr_button.c  **** *
 137:isr_button.c  **** *******************************************************************************/
 138:isr_button.c  **** void isr_button_Stop(void)
 139:isr_button.c  **** {
 140:isr_button.c  ****     /* Disable this interrupt. */
 141:isr_button.c  ****     isr_button_Disable();
 142:isr_button.c  **** 
 143:isr_button.c  ****     /* Set the ISR to point to the passive one. */
 144:isr_button.c  ****     isr_button_SetVector(&IntDefaultHandler);
ARM GAS  C:\Users\growo\AppData\Local\Temp\ccggbs5I.s 			page 4


 145:isr_button.c  **** }
 146:isr_button.c  **** 
 147:isr_button.c  **** 
 148:isr_button.c  **** /*******************************************************************************
 149:isr_button.c  **** * Function Name: isr_button_Interrupt
 150:isr_button.c  **** ********************************************************************************
 151:isr_button.c  **** *
 152:isr_button.c  **** * Summary:
 153:isr_button.c  **** *   The default Interrupt Service Routine for isr_button.
 154:isr_button.c  **** *
 155:isr_button.c  **** *   Add custom code between the coments to keep the next version of this file
 156:isr_button.c  **** *   from over writting your code.
 157:isr_button.c  **** *
 158:isr_button.c  **** * Parameters:  
 159:isr_button.c  **** *
 160:isr_button.c  **** * Return:
 161:isr_button.c  **** *   None
 162:isr_button.c  **** *
 163:isr_button.c  **** *******************************************************************************/
 164:isr_button.c  **** CY_ISR(isr_button_Interrupt)
 165:isr_button.c  **** {
  28              		.loc 1 165 0
  29              		.cfi_startproc
  30              		@ args = 0, pretend = 0, frame = 0
  31              		@ frame_needed = 0, uses_anonymous_args = 0
  32 0000 08B5     		push	{r3, lr}
  33              		.cfi_def_cfa_offset 8
  34              		.cfi_offset 3, -8
  35              		.cfi_offset 14, -4
 166:isr_button.c  ****     #ifdef isr_button_INTERRUPT_INTERRUPT_CALLBACK
 167:isr_button.c  ****         isr_button_Interrupt_InterruptCallback();
 168:isr_button.c  ****     #endif /* isr_button_INTERRUPT_INTERRUPT_CALLBACK */ 
 169:isr_button.c  **** 
 170:isr_button.c  ****     /*  Place your Interrupt code here. */
 171:isr_button.c  ****     /* `#START isr_button_Interrupt` */
 172:isr_button.c  ****     uint8 ledPinState = led_PIN_Read();
  36              		.loc 1 172 0
  37 0002 FFF7FEFF 		bl	led_PIN_Read
  38              	.LVL0:
 173:isr_button.c  ****         
 174:isr_button.c  ****     dir_state = ~ dir_state;
  39              		.loc 1 174 0
  40 0006 064A     		ldr	r2, .L3
  41 0008 1378     		ldrb	r3, [r2]	@ zero_extendqisi2
  42 000a DB43     		mvns	r3, r3
  43 000c DBB2     		uxtb	r3, r3
  44 000e 1370     		strb	r3, [r2]
 175:isr_button.c  ****     led_PIN_Write(~ ledPinState );
  45              		.loc 1 175 0
  46 0010 C043     		mvns	r0, r0
  47              	.LVL1:
  48 0012 C0B2     		uxtb	r0, r0
  49 0014 FFF7FEFF 		bl	led_PIN_Write
  50              	.LVL2:
 176:isr_button.c  ****     button_PIN_ClearInterrupt();
  51              		.loc 1 176 0
  52 0018 FFF7FEFF 		bl	button_PIN_ClearInterrupt
ARM GAS  C:\Users\growo\AppData\Local\Temp\ccggbs5I.s 			page 5


  53              	.LVL3:
  54 001c 08BD     		pop	{r3, pc}
  55              	.L4:
  56 001e 00BF     		.align	2
  57              	.L3:
  58 0020 00000000 		.word	.LANCHOR0
  59              		.cfi_endproc
  60              	.LFE3:
  61              		.size	isr_button_Interrupt, .-isr_button_Interrupt
  62              		.section	.text.isr_button_SetVector,"ax",%progbits
  63              		.align	2
  64              		.global	isr_button_SetVector
  65              		.thumb
  66              		.thumb_func
  67              		.type	isr_button_SetVector, %function
  68              	isr_button_SetVector:
  69              	.LFB4:
 177:isr_button.c  ****     
 178:isr_button.c  ****     /* `#END` */
 179:isr_button.c  **** }
 180:isr_button.c  **** 
 181:isr_button.c  **** 
 182:isr_button.c  **** /*******************************************************************************
 183:isr_button.c  **** * Function Name: isr_button_SetVector
 184:isr_button.c  **** ********************************************************************************
 185:isr_button.c  **** *
 186:isr_button.c  **** * Summary:
 187:isr_button.c  **** *   Change the ISR vector for the Interrupt. Note calling isr_button_Start
 188:isr_button.c  **** *   will override any effect this method would have had. To set the vector 
 189:isr_button.c  **** *   before the component has been started use isr_button_StartEx instead.
 190:isr_button.c  **** * 
 191:isr_button.c  **** *   When defining ISR functions, the CY_ISR and CY_ISR_PROTO macros should be 
 192:isr_button.c  **** *   used to provide consistent definition across compilers:
 193:isr_button.c  **** *
 194:isr_button.c  **** *   Function definition example:
 195:isr_button.c  **** *   CY_ISR(MyISR)
 196:isr_button.c  **** *   {
 197:isr_button.c  **** *   }
 198:isr_button.c  **** *
 199:isr_button.c  **** *   Function prototype example:
 200:isr_button.c  **** *     CY_ISR_PROTO(MyISR);
 201:isr_button.c  **** *
 202:isr_button.c  **** * Parameters:
 203:isr_button.c  **** *   address: Address of the ISR to set in the interrupt vector table.
 204:isr_button.c  **** *
 205:isr_button.c  **** * Return:
 206:isr_button.c  **** *   None
 207:isr_button.c  **** *
 208:isr_button.c  **** *******************************************************************************/
 209:isr_button.c  **** void isr_button_SetVector(cyisraddress address)
 210:isr_button.c  **** {
  70              		.loc 1 210 0
  71              		.cfi_startproc
  72              		@ args = 0, pretend = 0, frame = 0
  73              		@ frame_needed = 0, uses_anonymous_args = 0
  74              		@ link register save eliminated.
  75              	.LVL4:
ARM GAS  C:\Users\growo\AppData\Local\Temp\ccggbs5I.s 			page 6


 211:isr_button.c  ****     cyisraddress * ramVectorTable;
 212:isr_button.c  **** 
 213:isr_button.c  ****     ramVectorTable = (cyisraddress *) *CYINT_VECT_TABLE;
  76              		.loc 1 213 0
  77 0000 014B     		ldr	r3, .L6
  78 0002 1B68     		ldr	r3, [r3]
  79              	.LVL5:
 214:isr_button.c  **** 
 215:isr_button.c  ****     ramVectorTable[CYINT_IRQ_BASE + (uint32)isr_button__INTC_NUMBER] = address;
  80              		.loc 1 215 0
  81 0004 9865     		str	r0, [r3, #88]
  82 0006 7047     		bx	lr
  83              	.L7:
  84              		.align	2
  85              	.L6:
  86 0008 08ED00E0 		.word	-536810232
  87              		.cfi_endproc
  88              	.LFE4:
  89              		.size	isr_button_SetVector, .-isr_button_SetVector
  90              		.section	.text.isr_button_GetVector,"ax",%progbits
  91              		.align	2
  92              		.global	isr_button_GetVector
  93              		.thumb
  94              		.thumb_func
  95              		.type	isr_button_GetVector, %function
  96              	isr_button_GetVector:
  97              	.LFB5:
 216:isr_button.c  **** }
 217:isr_button.c  **** 
 218:isr_button.c  **** 
 219:isr_button.c  **** /*******************************************************************************
 220:isr_button.c  **** * Function Name: isr_button_GetVector
 221:isr_button.c  **** ********************************************************************************
 222:isr_button.c  **** *
 223:isr_button.c  **** * Summary:
 224:isr_button.c  **** *   Gets the "address" of the current ISR vector for the Interrupt.
 225:isr_button.c  **** *
 226:isr_button.c  **** * Parameters:
 227:isr_button.c  **** *   None
 228:isr_button.c  **** *
 229:isr_button.c  **** * Return:
 230:isr_button.c  **** *   Address of the ISR in the interrupt vector table.
 231:isr_button.c  **** *
 232:isr_button.c  **** *******************************************************************************/
 233:isr_button.c  **** cyisraddress isr_button_GetVector(void)
 234:isr_button.c  **** {
  98              		.loc 1 234 0
  99              		.cfi_startproc
 100              		@ args = 0, pretend = 0, frame = 0
 101              		@ frame_needed = 0, uses_anonymous_args = 0
 102              		@ link register save eliminated.
 235:isr_button.c  ****     cyisraddress * ramVectorTable;
 236:isr_button.c  **** 
 237:isr_button.c  ****     ramVectorTable = (cyisraddress *) *CYINT_VECT_TABLE;
 103              		.loc 1 237 0
 104 0000 014B     		ldr	r3, .L9
 105 0002 1B68     		ldr	r3, [r3]
ARM GAS  C:\Users\growo\AppData\Local\Temp\ccggbs5I.s 			page 7


 106              	.LVL6:
 238:isr_button.c  **** 
 239:isr_button.c  ****     return ramVectorTable[CYINT_IRQ_BASE + (uint32)isr_button__INTC_NUMBER];
 240:isr_button.c  **** }
 107              		.loc 1 240 0
 108 0004 986D     		ldr	r0, [r3, #88]
 109 0006 7047     		bx	lr
 110              	.L10:
 111              		.align	2
 112              	.L9:
 113 0008 08ED00E0 		.word	-536810232
 114              		.cfi_endproc
 115              	.LFE5:
 116              		.size	isr_button_GetVector, .-isr_button_GetVector
 117              		.section	.text.isr_button_SetPriority,"ax",%progbits
 118              		.align	2
 119              		.global	isr_button_SetPriority
 120              		.thumb
 121              		.thumb_func
 122              		.type	isr_button_SetPriority, %function
 123              	isr_button_SetPriority:
 124              	.LFB6:
 241:isr_button.c  **** 
 242:isr_button.c  **** 
 243:isr_button.c  **** /*******************************************************************************
 244:isr_button.c  **** * Function Name: isr_button_SetPriority
 245:isr_button.c  **** ********************************************************************************
 246:isr_button.c  **** *
 247:isr_button.c  **** * Summary:
 248:isr_button.c  **** *   Sets the Priority of the Interrupt. 
 249:isr_button.c  **** *
 250:isr_button.c  **** *   Note calling isr_button_Start or isr_button_StartEx will 
 251:isr_button.c  **** *   override any effect this API would have had. This API should only be called
 252:isr_button.c  **** *   after isr_button_Start or isr_button_StartEx has been called. 
 253:isr_button.c  **** *   To set the initial priority for the component, use the Design-Wide Resources
 254:isr_button.c  **** *   Interrupt Editor.
 255:isr_button.c  **** *
 256:isr_button.c  **** *   Note This API has no effect on Non-maskable interrupt NMI).
 257:isr_button.c  **** *
 258:isr_button.c  **** * Parameters:
 259:isr_button.c  **** *   priority: Priority of the interrupt, 0 being the highest priority
 260:isr_button.c  **** *             PSoC 3 and PSoC 5LP: Priority is from 0 to 7.
 261:isr_button.c  **** *             PSoC 4: Priority is from 0 to 3.
 262:isr_button.c  **** *
 263:isr_button.c  **** * Return:
 264:isr_button.c  **** *   None
 265:isr_button.c  **** *
 266:isr_button.c  **** *******************************************************************************/
 267:isr_button.c  **** void isr_button_SetPriority(uint8 priority)
 268:isr_button.c  **** {
 125              		.loc 1 268 0
 126              		.cfi_startproc
 127              		@ args = 0, pretend = 0, frame = 0
 128              		@ frame_needed = 0, uses_anonymous_args = 0
 129              		@ link register save eliminated.
 130              	.LVL7:
 269:isr_button.c  ****     *isr_button_INTC_PRIOR = priority << 5;
ARM GAS  C:\Users\growo\AppData\Local\Temp\ccggbs5I.s 			page 8


 131              		.loc 1 269 0
 132 0000 4001     		lsls	r0, r0, #5
 133              	.LVL8:
 134 0002 C0B2     		uxtb	r0, r0
 135 0004 014B     		ldr	r3, .L12
 136 0006 1870     		strb	r0, [r3]
 137 0008 7047     		bx	lr
 138              	.L13:
 139 000a 00BF     		.align	2
 140              	.L12:
 141 000c 06E400E0 		.word	-536812538
 142              		.cfi_endproc
 143              	.LFE6:
 144              		.size	isr_button_SetPriority, .-isr_button_SetPriority
 145              		.section	.text.isr_button_GetPriority,"ax",%progbits
 146              		.align	2
 147              		.global	isr_button_GetPriority
 148              		.thumb
 149              		.thumb_func
 150              		.type	isr_button_GetPriority, %function
 151              	isr_button_GetPriority:
 152              	.LFB7:
 270:isr_button.c  **** }
 271:isr_button.c  **** 
 272:isr_button.c  **** 
 273:isr_button.c  **** /*******************************************************************************
 274:isr_button.c  **** * Function Name: isr_button_GetPriority
 275:isr_button.c  **** ********************************************************************************
 276:isr_button.c  **** *
 277:isr_button.c  **** * Summary:
 278:isr_button.c  **** *   Gets the Priority of the Interrupt.
 279:isr_button.c  **** *
 280:isr_button.c  **** * Parameters:
 281:isr_button.c  **** *   None
 282:isr_button.c  **** *
 283:isr_button.c  **** * Return:
 284:isr_button.c  **** *   Priority of the interrupt, 0 being the highest priority
 285:isr_button.c  **** *    PSoC 3 and PSoC 5LP: Priority is from 0 to 7.
 286:isr_button.c  **** *    PSoC 4: Priority is from 0 to 3.
 287:isr_button.c  **** *
 288:isr_button.c  **** *******************************************************************************/
 289:isr_button.c  **** uint8 isr_button_GetPriority(void)
 290:isr_button.c  **** {
 153              		.loc 1 290 0
 154              		.cfi_startproc
 155              		@ args = 0, pretend = 0, frame = 0
 156              		@ frame_needed = 0, uses_anonymous_args = 0
 157              		@ link register save eliminated.
 291:isr_button.c  ****     uint8 priority;
 292:isr_button.c  **** 
 293:isr_button.c  **** 
 294:isr_button.c  ****     priority = *isr_button_INTC_PRIOR >> 5;
 158              		.loc 1 294 0
 159 0000 014B     		ldr	r3, .L15
 160 0002 1878     		ldrb	r0, [r3]	@ zero_extendqisi2
 161              	.LVL9:
 295:isr_button.c  **** 
ARM GAS  C:\Users\growo\AppData\Local\Temp\ccggbs5I.s 			page 9


 296:isr_button.c  ****     return priority;
 297:isr_button.c  **** }
 162              		.loc 1 297 0
 163 0004 4009     		lsrs	r0, r0, #5
 164              	.LVL10:
 165 0006 7047     		bx	lr
 166              	.L16:
 167              		.align	2
 168              	.L15:
 169 0008 06E400E0 		.word	-536812538
 170              		.cfi_endproc
 171              	.LFE7:
 172              		.size	isr_button_GetPriority, .-isr_button_GetPriority
 173              		.section	.text.isr_button_Enable,"ax",%progbits
 174              		.align	2
 175              		.global	isr_button_Enable
 176              		.thumb
 177              		.thumb_func
 178              		.type	isr_button_Enable, %function
 179              	isr_button_Enable:
 180              	.LFB8:
 298:isr_button.c  **** 
 299:isr_button.c  **** 
 300:isr_button.c  **** /*******************************************************************************
 301:isr_button.c  **** * Function Name: isr_button_Enable
 302:isr_button.c  **** ********************************************************************************
 303:isr_button.c  **** *
 304:isr_button.c  **** * Summary:
 305:isr_button.c  **** *   Enables the interrupt to the interrupt controller. Do not call this function
 306:isr_button.c  **** *   unless ISR_Start() has been called or the functionality of the ISR_Start() 
 307:isr_button.c  **** *   function, which sets the vector and the priority, has been called.
 308:isr_button.c  **** *
 309:isr_button.c  **** * Parameters:
 310:isr_button.c  **** *   None
 311:isr_button.c  **** *
 312:isr_button.c  **** * Return:
 313:isr_button.c  **** *   None
 314:isr_button.c  **** *
 315:isr_button.c  **** *******************************************************************************/
 316:isr_button.c  **** void isr_button_Enable(void)
 317:isr_button.c  **** {
 181              		.loc 1 317 0
 182              		.cfi_startproc
 183              		@ args = 0, pretend = 0, frame = 0
 184              		@ frame_needed = 0, uses_anonymous_args = 0
 185              		@ link register save eliminated.
 318:isr_button.c  ****     /* Enable the general interrupt. */
 319:isr_button.c  ****     *isr_button_INTC_SET_EN = isr_button__INTC_MASK;
 186              		.loc 1 319 0
 187 0000 4022     		movs	r2, #64
 188 0002 014B     		ldr	r3, .L18
 189 0004 1A60     		str	r2, [r3]
 190 0006 7047     		bx	lr
 191              	.L19:
 192              		.align	2
 193              	.L18:
 194 0008 00E100E0 		.word	-536813312
ARM GAS  C:\Users\growo\AppData\Local\Temp\ccggbs5I.s 			page 10


 195              		.cfi_endproc
 196              	.LFE8:
 197              		.size	isr_button_Enable, .-isr_button_Enable
 198              		.section	.text.isr_button_GetState,"ax",%progbits
 199              		.align	2
 200              		.global	isr_button_GetState
 201              		.thumb
 202              		.thumb_func
 203              		.type	isr_button_GetState, %function
 204              	isr_button_GetState:
 205              	.LFB9:
 320:isr_button.c  **** }
 321:isr_button.c  **** 
 322:isr_button.c  **** 
 323:isr_button.c  **** /*******************************************************************************
 324:isr_button.c  **** * Function Name: isr_button_GetState
 325:isr_button.c  **** ********************************************************************************
 326:isr_button.c  **** *
 327:isr_button.c  **** * Summary:
 328:isr_button.c  **** *   Gets the state (enabled, disabled) of the Interrupt.
 329:isr_button.c  **** *
 330:isr_button.c  **** * Parameters:
 331:isr_button.c  **** *   None
 332:isr_button.c  **** *
 333:isr_button.c  **** * Return:
 334:isr_button.c  **** *   1 if enabled, 0 if disabled.
 335:isr_button.c  **** *
 336:isr_button.c  **** *******************************************************************************/
 337:isr_button.c  **** uint8 isr_button_GetState(void)
 338:isr_button.c  **** {
 206              		.loc 1 338 0
 207              		.cfi_startproc
 208              		@ args = 0, pretend = 0, frame = 0
 209              		@ frame_needed = 0, uses_anonymous_args = 0
 210              		@ link register save eliminated.
 339:isr_button.c  ****     /* Get the state of the general interrupt. */
 340:isr_button.c  ****     return ((*isr_button_INTC_SET_EN & (uint32)isr_button__INTC_MASK) != 0u) ? 1u:0u;
 211              		.loc 1 340 0
 212 0000 044B     		ldr	r3, .L23
 213 0002 1B68     		ldr	r3, [r3]
 214 0004 13F0400F 		tst	r3, #64
 215 0008 01D0     		beq	.L22
 216 000a 0120     		movs	r0, #1
 217 000c 7047     		bx	lr
 218              	.L22:
 219 000e 0020     		movs	r0, #0
 341:isr_button.c  **** }
 220              		.loc 1 341 0
 221 0010 7047     		bx	lr
 222              	.L24:
 223 0012 00BF     		.align	2
 224              	.L23:
 225 0014 00E100E0 		.word	-536813312
 226              		.cfi_endproc
 227              	.LFE9:
 228              		.size	isr_button_GetState, .-isr_button_GetState
 229              		.section	.text.isr_button_Disable,"ax",%progbits
ARM GAS  C:\Users\growo\AppData\Local\Temp\ccggbs5I.s 			page 11


 230              		.align	2
 231              		.global	isr_button_Disable
 232              		.thumb
 233              		.thumb_func
 234              		.type	isr_button_Disable, %function
 235              	isr_button_Disable:
 236              	.LFB10:
 342:isr_button.c  **** 
 343:isr_button.c  **** 
 344:isr_button.c  **** /*******************************************************************************
 345:isr_button.c  **** * Function Name: isr_button_Disable
 346:isr_button.c  **** ********************************************************************************
 347:isr_button.c  **** *
 348:isr_button.c  **** * Summary:
 349:isr_button.c  **** *   Disables the Interrupt in the interrupt controller.
 350:isr_button.c  **** *
 351:isr_button.c  **** * Parameters:
 352:isr_button.c  **** *   None
 353:isr_button.c  **** *
 354:isr_button.c  **** * Return:
 355:isr_button.c  **** *   None
 356:isr_button.c  **** *
 357:isr_button.c  **** *******************************************************************************/
 358:isr_button.c  **** void isr_button_Disable(void)
 359:isr_button.c  **** {
 237              		.loc 1 359 0
 238              		.cfi_startproc
 239              		@ args = 0, pretend = 0, frame = 0
 240              		@ frame_needed = 0, uses_anonymous_args = 0
 241              		@ link register save eliminated.
 360:isr_button.c  ****     /* Disable the general interrupt. */
 361:isr_button.c  ****     *isr_button_INTC_CLR_EN = isr_button__INTC_MASK;
 242              		.loc 1 361 0
 243 0000 4022     		movs	r2, #64
 244 0002 014B     		ldr	r3, .L26
 245 0004 1A60     		str	r2, [r3]
 246 0006 7047     		bx	lr
 247              	.L27:
 248              		.align	2
 249              	.L26:
 250 0008 80E100E0 		.word	-536813184
 251              		.cfi_endproc
 252              	.LFE10:
 253              		.size	isr_button_Disable, .-isr_button_Disable
 254              		.section	.text.isr_button_Start,"ax",%progbits
 255              		.align	2
 256              		.global	isr_button_Start
 257              		.thumb
 258              		.thumb_func
 259              		.type	isr_button_Start, %function
 260              	isr_button_Start:
 261              	.LFB0:
  66:isr_button.c  ****     /* For all we know the interrupt is active. */
 262              		.loc 1 66 0
 263              		.cfi_startproc
 264              		@ args = 0, pretend = 0, frame = 0
 265              		@ frame_needed = 0, uses_anonymous_args = 0
ARM GAS  C:\Users\growo\AppData\Local\Temp\ccggbs5I.s 			page 12


 266 0000 08B5     		push	{r3, lr}
 267              		.cfi_def_cfa_offset 8
 268              		.cfi_offset 3, -8
 269              		.cfi_offset 14, -4
  68:isr_button.c  **** 
 270              		.loc 1 68 0
 271 0002 FFF7FEFF 		bl	isr_button_Disable
 272              	.LVL11:
  71:isr_button.c  **** 
 273              		.loc 1 71 0
 274 0006 0448     		ldr	r0, .L30
 275 0008 FFF7FEFF 		bl	isr_button_SetVector
 276              	.LVL12:
  74:isr_button.c  **** 
 277              		.loc 1 74 0
 278 000c 0720     		movs	r0, #7
 279 000e FFF7FEFF 		bl	isr_button_SetPriority
 280              	.LVL13:
  77:isr_button.c  **** }
 281              		.loc 1 77 0
 282 0012 FFF7FEFF 		bl	isr_button_Enable
 283              	.LVL14:
 284 0016 08BD     		pop	{r3, pc}
 285              	.L31:
 286              		.align	2
 287              	.L30:
 288 0018 00000000 		.word	isr_button_Interrupt
 289              		.cfi_endproc
 290              	.LFE0:
 291              		.size	isr_button_Start, .-isr_button_Start
 292              		.section	.text.isr_button_StartEx,"ax",%progbits
 293              		.align	2
 294              		.global	isr_button_StartEx
 295              		.thumb
 296              		.thumb_func
 297              		.type	isr_button_StartEx, %function
 298              	isr_button_StartEx:
 299              	.LFB1:
 109:isr_button.c  ****     /* For all we know the interrupt is active. */
 300              		.loc 1 109 0
 301              		.cfi_startproc
 302              		@ args = 0, pretend = 0, frame = 0
 303              		@ frame_needed = 0, uses_anonymous_args = 0
 304              	.LVL15:
 305 0000 10B5     		push	{r4, lr}
 306              		.cfi_def_cfa_offset 8
 307              		.cfi_offset 4, -8
 308              		.cfi_offset 14, -4
 309 0002 0446     		mov	r4, r0
 111:isr_button.c  **** 
 310              		.loc 1 111 0
 311 0004 FFF7FEFF 		bl	isr_button_Disable
 312              	.LVL16:
 114:isr_button.c  **** 
 313              		.loc 1 114 0
 314 0008 2046     		mov	r0, r4
 315 000a FFF7FEFF 		bl	isr_button_SetVector
ARM GAS  C:\Users\growo\AppData\Local\Temp\ccggbs5I.s 			page 13


 316              	.LVL17:
 117:isr_button.c  **** 
 317              		.loc 1 117 0
 318 000e 0720     		movs	r0, #7
 319 0010 FFF7FEFF 		bl	isr_button_SetPriority
 320              	.LVL18:
 120:isr_button.c  **** }
 321              		.loc 1 120 0
 322 0014 FFF7FEFF 		bl	isr_button_Enable
 323              	.LVL19:
 324 0018 10BD     		pop	{r4, pc}
 325              		.cfi_endproc
 326              	.LFE1:
 327              		.size	isr_button_StartEx, .-isr_button_StartEx
 328 001a 00BF     		.section	.text.isr_button_Stop,"ax",%progbits
 329              		.align	2
 330              		.global	isr_button_Stop
 331              		.thumb
 332              		.thumb_func
 333              		.type	isr_button_Stop, %function
 334              	isr_button_Stop:
 335              	.LFB2:
 139:isr_button.c  ****     /* Disable this interrupt. */
 336              		.loc 1 139 0
 337              		.cfi_startproc
 338              		@ args = 0, pretend = 0, frame = 0
 339              		@ frame_needed = 0, uses_anonymous_args = 0
 340 0000 08B5     		push	{r3, lr}
 341              		.cfi_def_cfa_offset 8
 342              		.cfi_offset 3, -8
 343              		.cfi_offset 14, -4
 141:isr_button.c  **** 
 344              		.loc 1 141 0
 345 0002 FFF7FEFF 		bl	isr_button_Disable
 346              	.LVL20:
 144:isr_button.c  **** }
 347              		.loc 1 144 0
 348 0006 0248     		ldr	r0, .L36
 349 0008 FFF7FEFF 		bl	isr_button_SetVector
 350              	.LVL21:
 351 000c 08BD     		pop	{r3, pc}
 352              	.L37:
 353 000e 00BF     		.align	2
 354              	.L36:
 355 0010 00000000 		.word	IntDefaultHandler
 356              		.cfi_endproc
 357              	.LFE2:
 358              		.size	isr_button_Stop, .-isr_button_Stop
 359              		.section	.text.isr_button_SetPending,"ax",%progbits
 360              		.align	2
 361              		.global	isr_button_SetPending
 362              		.thumb
 363              		.thumb_func
 364              		.type	isr_button_SetPending, %function
 365              	isr_button_SetPending:
 366              	.LFB11:
 362:isr_button.c  **** }
ARM GAS  C:\Users\growo\AppData\Local\Temp\ccggbs5I.s 			page 14


 363:isr_button.c  **** 
 364:isr_button.c  **** 
 365:isr_button.c  **** /*******************************************************************************
 366:isr_button.c  **** * Function Name: isr_button_SetPending
 367:isr_button.c  **** ********************************************************************************
 368:isr_button.c  **** *
 369:isr_button.c  **** * Summary:
 370:isr_button.c  **** *   Causes the Interrupt to enter the pending state, a software method of
 371:isr_button.c  **** *   generating the interrupt.
 372:isr_button.c  **** *
 373:isr_button.c  **** * Parameters:
 374:isr_button.c  **** *   None
 375:isr_button.c  **** *
 376:isr_button.c  **** * Return:
 377:isr_button.c  **** *   None
 378:isr_button.c  **** *
 379:isr_button.c  **** * Side Effects:
 380:isr_button.c  **** *   If interrupts are enabled and the interrupt is set up properly, the ISR is
 381:isr_button.c  **** *   entered (depending on the priority of this interrupt and other pending 
 382:isr_button.c  **** *   interrupts).
 383:isr_button.c  **** *
 384:isr_button.c  **** *******************************************************************************/
 385:isr_button.c  **** void isr_button_SetPending(void)
 386:isr_button.c  **** {
 367              		.loc 1 386 0
 368              		.cfi_startproc
 369              		@ args = 0, pretend = 0, frame = 0
 370              		@ frame_needed = 0, uses_anonymous_args = 0
 371              		@ link register save eliminated.
 387:isr_button.c  ****     *isr_button_INTC_SET_PD = isr_button__INTC_MASK;
 372              		.loc 1 387 0
 373 0000 4022     		movs	r2, #64
 374 0002 014B     		ldr	r3, .L39
 375 0004 1A60     		str	r2, [r3]
 376 0006 7047     		bx	lr
 377              	.L40:
 378              		.align	2
 379              	.L39:
 380 0008 00E200E0 		.word	-536813056
 381              		.cfi_endproc
 382              	.LFE11:
 383              		.size	isr_button_SetPending, .-isr_button_SetPending
 384              		.section	.text.isr_button_ClearPending,"ax",%progbits
 385              		.align	2
 386              		.global	isr_button_ClearPending
 387              		.thumb
 388              		.thumb_func
 389              		.type	isr_button_ClearPending, %function
 390              	isr_button_ClearPending:
 391              	.LFB12:
 388:isr_button.c  **** }
 389:isr_button.c  **** 
 390:isr_button.c  **** 
 391:isr_button.c  **** /*******************************************************************************
 392:isr_button.c  **** * Function Name: isr_button_ClearPending
 393:isr_button.c  **** ********************************************************************************
 394:isr_button.c  **** *
ARM GAS  C:\Users\growo\AppData\Local\Temp\ccggbs5I.s 			page 15


 395:isr_button.c  **** * Summary:
 396:isr_button.c  **** *   Clears a pending interrupt in the interrupt controller.
 397:isr_button.c  **** *
 398:isr_button.c  **** *   Note Some interrupt sources are clear-on-read and require the block 
 399:isr_button.c  **** *   interrupt/status register to be read/cleared with the appropriate block API 
 400:isr_button.c  **** *   (GPIO, UART, and so on). Otherwise the ISR will continue to remain in 
 401:isr_button.c  **** *   pending state even though the interrupt itself is cleared using this API.
 402:isr_button.c  **** *
 403:isr_button.c  **** * Parameters:
 404:isr_button.c  **** *   None
 405:isr_button.c  **** *
 406:isr_button.c  **** * Return:
 407:isr_button.c  **** *   None
 408:isr_button.c  **** *
 409:isr_button.c  **** *******************************************************************************/
 410:isr_button.c  **** void isr_button_ClearPending(void)
 411:isr_button.c  **** {
 392              		.loc 1 411 0
 393              		.cfi_startproc
 394              		@ args = 0, pretend = 0, frame = 0
 395              		@ frame_needed = 0, uses_anonymous_args = 0
 396              		@ link register save eliminated.
 412:isr_button.c  ****     *isr_button_INTC_CLR_PD = isr_button__INTC_MASK;
 397              		.loc 1 412 0
 398 0000 4022     		movs	r2, #64
 399 0002 014B     		ldr	r3, .L42
 400 0004 1A60     		str	r2, [r3]
 401 0006 7047     		bx	lr
 402              	.L43:
 403              		.align	2
 404              	.L42:
 405 0008 80E200E0 		.word	-536812928
 406              		.cfi_endproc
 407              	.LFE12:
 408              		.size	isr_button_ClearPending, .-isr_button_ClearPending
 409              		.global	dir_state
 410              		.bss
 411              		.set	.LANCHOR0,. + 0
 412              		.type	dir_state, %object
 413              		.size	dir_state, 1
 414              	dir_state:
 415 0000 00       		.space	1
 416              		.text
 417              	.Letext0:
 418              		.file 2 "Generated_Source\\PSoC5/cytypes.h"
 419              		.file 3 "Generated_Source\\PSoC5/led_PIN.h"
 420              		.file 4 "Generated_Source\\PSoC5/button_PIN.h"
 421              		.section	.debug_info,"",%progbits
 422              	.Ldebug_info0:
 423 0000 2F030000 		.4byte	0x32f
 424 0004 0400     		.2byte	0x4
 425 0006 00000000 		.4byte	.Ldebug_abbrev0
 426 000a 04       		.byte	0x4
 427 000b 01       		.uleb128 0x1
 428 000c 03010000 		.4byte	.LASF38
 429 0010 0C       		.byte	0xc
 430 0011 A9020000 		.4byte	.LASF39
ARM GAS  C:\Users\growo\AppData\Local\Temp\ccggbs5I.s 			page 16


 431 0015 23000000 		.4byte	.LASF40
 432 0019 00000000 		.4byte	.Ldebug_ranges0+0
 433 001d 00000000 		.4byte	0
 434 0021 00000000 		.4byte	.Ldebug_line0
 435 0025 02       		.uleb128 0x2
 436 0026 04       		.byte	0x4
 437 0027 05       		.byte	0x5
 438 0028 696E7400 		.ascii	"int\000"
 439 002c 03       		.uleb128 0x3
 440 002d 04       		.byte	0x4
 441 002e 07       		.byte	0x7
 442 002f 1F020000 		.4byte	.LASF0
 443 0033 03       		.uleb128 0x3
 444 0034 08       		.byte	0x8
 445 0035 05       		.byte	0x5
 446 0036 87020000 		.4byte	.LASF1
 447 003a 03       		.uleb128 0x3
 448 003b 08       		.byte	0x8
 449 003c 04       		.byte	0x4
 450 003d F2020000 		.4byte	.LASF2
 451 0041 03       		.uleb128 0x3
 452 0042 01       		.byte	0x1
 453 0043 06       		.byte	0x6
 454 0044 FE020000 		.4byte	.LASF3
 455 0048 03       		.uleb128 0x3
 456 0049 01       		.byte	0x1
 457 004a 08       		.byte	0x8
 458 004b F5000000 		.4byte	.LASF4
 459 004f 03       		.uleb128 0x3
 460 0050 02       		.byte	0x2
 461 0051 05       		.byte	0x5
 462 0052 B6020000 		.4byte	.LASF5
 463 0056 03       		.uleb128 0x3
 464 0057 02       		.byte	0x2
 465 0058 07       		.byte	0x7
 466 0059 B6000000 		.4byte	.LASF6
 467 005d 03       		.uleb128 0x3
 468 005e 04       		.byte	0x4
 469 005f 05       		.byte	0x5
 470 0060 E9020000 		.4byte	.LASF7
 471 0064 03       		.uleb128 0x3
 472 0065 04       		.byte	0x4
 473 0066 07       		.byte	0x7
 474 0067 96010000 		.4byte	.LASF8
 475 006b 03       		.uleb128 0x3
 476 006c 08       		.byte	0x8
 477 006d 07       		.byte	0x7
 478 006e 34020000 		.4byte	.LASF9
 479 0072 03       		.uleb128 0x3
 480 0073 04       		.byte	0x4
 481 0074 07       		.byte	0x7
 482 0075 7E020000 		.4byte	.LASF10
 483 0079 03       		.uleb128 0x3
 484 007a 01       		.byte	0x1
 485 007b 08       		.byte	0x8
 486 007c 95020000 		.4byte	.LASF11
 487 0080 04       		.uleb128 0x4
ARM GAS  C:\Users\growo\AppData\Local\Temp\ccggbs5I.s 			page 17


 488 0081 04       		.byte	0x4
 489 0082 86000000 		.4byte	0x86
 490 0086 05       		.uleb128 0x5
 491 0087 06       		.uleb128 0x6
 492 0088 A8010000 		.4byte	.LASF12
 493 008c 02       		.byte	0x2
 494 008d 9201     		.2byte	0x192
 495 008f 48000000 		.4byte	0x48
 496 0093 06       		.uleb128 0x6
 497 0094 D9010000 		.4byte	.LASF13
 498 0098 02       		.byte	0x2
 499 0099 9401     		.2byte	0x194
 500 009b 64000000 		.4byte	0x64
 501 009f 03       		.uleb128 0x3
 502 00a0 04       		.byte	0x4
 503 00a1 04       		.byte	0x4
 504 00a2 D5000000 		.4byte	.LASF14
 505 00a6 03       		.uleb128 0x3
 506 00a7 08       		.byte	0x8
 507 00a8 04       		.byte	0x4
 508 00a9 B7010000 		.4byte	.LASF15
 509 00ad 06       		.uleb128 0x6
 510 00ae 91010000 		.4byte	.LASF16
 511 00b2 02       		.byte	0x2
 512 00b3 3C02     		.2byte	0x23c
 513 00b5 B9000000 		.4byte	0xb9
 514 00b9 07       		.uleb128 0x7
 515 00ba 87000000 		.4byte	0x87
 516 00be 06       		.uleb128 0x6
 517 00bf 13000000 		.4byte	.LASF17
 518 00c3 02       		.byte	0x2
 519 00c4 3E02     		.2byte	0x23e
 520 00c6 CA000000 		.4byte	0xca
 521 00ca 07       		.uleb128 0x7
 522 00cb 93000000 		.4byte	0x93
 523 00cf 06       		.uleb128 0x6
 524 00d0 5C020000 		.4byte	.LASF18
 525 00d4 02       		.byte	0x2
 526 00d5 4E02     		.2byte	0x24e
 527 00d7 80000000 		.4byte	0x80
 528 00db 08       		.uleb128 0x8
 529 00dc 7B000000 		.4byte	.LASF19
 530 00e0 01       		.byte	0x1
 531 00e1 A4       		.byte	0xa4
 532 00e2 00000000 		.4byte	.LFB3
 533 00e6 24000000 		.4byte	.LFE3-.LFB3
 534 00ea 01       		.uleb128 0x1
 535 00eb 9C       		.byte	0x9c
 536 00ec 1B010000 		.4byte	0x11b
 537 00f0 09       		.uleb128 0x9
 538 00f1 C9000000 		.4byte	.LASF21
 539 00f5 01       		.byte	0x1
 540 00f6 AC       		.byte	0xac
 541 00f7 87000000 		.4byte	0x87
 542 00fb 00000000 		.4byte	.LLST0
 543 00ff 0A       		.uleb128 0xa
 544 0100 06000000 		.4byte	.LVL0
ARM GAS  C:\Users\growo\AppData\Local\Temp\ccggbs5I.s 			page 18


 545 0104 11030000 		.4byte	0x311
 546 0108 0A       		.uleb128 0xa
 547 0109 18000000 		.4byte	.LVL2
 548 010d 1C030000 		.4byte	0x31c
 549 0111 0A       		.uleb128 0xa
 550 0112 1C000000 		.4byte	.LVL3
 551 0116 27030000 		.4byte	0x327
 552 011a 00       		.byte	0
 553 011b 08       		.uleb128 0x8
 554 011c 69020000 		.4byte	.LASF20
 555 0120 01       		.byte	0x1
 556 0121 D1       		.byte	0xd1
 557 0122 00000000 		.4byte	.LFB4
 558 0126 0C000000 		.4byte	.LFE4-.LFB4
 559 012a 01       		.uleb128 0x1
 560 012b 9C       		.byte	0x9c
 561 012c 4B010000 		.4byte	0x14b
 562 0130 0B       		.uleb128 0xb
 563 0131 2C020000 		.4byte	.LASF24
 564 0135 01       		.byte	0x1
 565 0136 D1       		.byte	0xd1
 566 0137 CF000000 		.4byte	0xcf
 567 013b 01       		.uleb128 0x1
 568 013c 50       		.byte	0x50
 569 013d 0C       		.uleb128 0xc
 570 013e 9A020000 		.4byte	.LASF22
 571 0142 01       		.byte	0x1
 572 0143 D3       		.byte	0xd3
 573 0144 4B010000 		.4byte	0x14b
 574 0148 01       		.uleb128 0x1
 575 0149 53       		.byte	0x53
 576 014a 00       		.byte	0
 577 014b 04       		.uleb128 0x4
 578 014c 04       		.byte	0x4
 579 014d CF000000 		.4byte	0xcf
 580 0151 0D       		.uleb128 0xd
 581 0152 66000000 		.4byte	.LASF26
 582 0156 01       		.byte	0x1
 583 0157 E9       		.byte	0xe9
 584 0158 CF000000 		.4byte	0xcf
 585 015c 00000000 		.4byte	.LFB5
 586 0160 0C000000 		.4byte	.LFE5-.LFB5
 587 0164 01       		.uleb128 0x1
 588 0165 9C       		.byte	0x9c
 589 0166 78010000 		.4byte	0x178
 590 016a 0C       		.uleb128 0xc
 591 016b 9A020000 		.4byte	.LASF22
 592 016f 01       		.byte	0x1
 593 0170 EB       		.byte	0xeb
 594 0171 4B010000 		.4byte	0x14b
 595 0175 01       		.uleb128 0x1
 596 0176 53       		.byte	0x53
 597 0177 00       		.byte	0
 598 0178 0E       		.uleb128 0xe
 599 0179 0A030000 		.4byte	.LASF23
 600 017d 01       		.byte	0x1
 601 017e 0B01     		.2byte	0x10b
ARM GAS  C:\Users\growo\AppData\Local\Temp\ccggbs5I.s 			page 19


 602 0180 00000000 		.4byte	.LFB6
 603 0184 10000000 		.4byte	.LFE6-.LFB6
 604 0188 01       		.uleb128 0x1
 605 0189 9C       		.byte	0x9c
 606 018a 9F010000 		.4byte	0x19f
 607 018e 0F       		.uleb128 0xf
 608 018f AE010000 		.4byte	.LASF25
 609 0193 01       		.byte	0x1
 610 0194 0B01     		.2byte	0x10b
 611 0196 87000000 		.4byte	0x87
 612 019a 13000000 		.4byte	.LLST1
 613 019e 00       		.byte	0
 614 019f 10       		.uleb128 0x10
 615 01a0 E0010000 		.4byte	.LASF27
 616 01a4 01       		.byte	0x1
 617 01a5 2101     		.2byte	0x121
 618 01a7 87000000 		.4byte	0x87
 619 01ab 00000000 		.4byte	.LFB7
 620 01af 0C000000 		.4byte	.LFE7-.LFB7
 621 01b3 01       		.uleb128 0x1
 622 01b4 9C       		.byte	0x9c
 623 01b5 CA010000 		.4byte	0x1ca
 624 01b9 11       		.uleb128 0x11
 625 01ba AE010000 		.4byte	.LASF25
 626 01be 01       		.byte	0x1
 627 01bf 2301     		.2byte	0x123
 628 01c1 87000000 		.4byte	0x87
 629 01c5 34000000 		.4byte	.LLST2
 630 01c9 00       		.byte	0
 631 01ca 12       		.uleb128 0x12
 632 01cb 90000000 		.4byte	.LASF28
 633 01cf 01       		.byte	0x1
 634 01d0 3C01     		.2byte	0x13c
 635 01d2 00000000 		.4byte	.LFB8
 636 01d6 0C000000 		.4byte	.LFE8-.LFB8
 637 01da 01       		.uleb128 0x1
 638 01db 9C       		.byte	0x9c
 639 01dc 13       		.uleb128 0x13
 640 01dd A2000000 		.4byte	.LASF41
 641 01e1 01       		.byte	0x1
 642 01e2 5101     		.2byte	0x151
 643 01e4 87000000 		.4byte	0x87
 644 01e8 00000000 		.4byte	.LFB9
 645 01ec 18000000 		.4byte	.LFE9-.LFB9
 646 01f0 01       		.uleb128 0x1
 647 01f1 9C       		.byte	0x9c
 648 01f2 12       		.uleb128 0x12
 649 01f3 00000000 		.4byte	.LASF29
 650 01f7 01       		.byte	0x1
 651 01f8 6601     		.2byte	0x166
 652 01fa 00000000 		.4byte	.LFB10
 653 01fe 0C000000 		.4byte	.LFE10-.LFB10
 654 0202 01       		.uleb128 0x1
 655 0203 9C       		.byte	0x9c
 656 0204 08       		.uleb128 0x8
 657 0205 4B020000 		.4byte	.LASF30
 658 0209 01       		.byte	0x1
ARM GAS  C:\Users\growo\AppData\Local\Temp\ccggbs5I.s 			page 20


 659 020a 41       		.byte	0x41
 660 020b 00000000 		.4byte	.LFB0
 661 020f 1C000000 		.4byte	.LFE0-.LFB0
 662 0213 01       		.uleb128 0x1
 663 0214 9C       		.byte	0x9c
 664 0215 56020000 		.4byte	0x256
 665 0219 0A       		.uleb128 0xa
 666 021a 06000000 		.4byte	.LVL11
 667 021e F2010000 		.4byte	0x1f2
 668 0222 14       		.uleb128 0x14
 669 0223 0C000000 		.4byte	.LVL12
 670 0227 1B010000 		.4byte	0x11b
 671 022b 39020000 		.4byte	0x239
 672 022f 15       		.uleb128 0x15
 673 0230 01       		.uleb128 0x1
 674 0231 50       		.byte	0x50
 675 0232 05       		.uleb128 0x5
 676 0233 03       		.byte	0x3
 677 0234 00000000 		.4byte	isr_button_Interrupt
 678 0238 00       		.byte	0
 679 0239 14       		.uleb128 0x14
 680 023a 12000000 		.4byte	.LVL13
 681 023e 78010000 		.4byte	0x178
 682 0242 4C020000 		.4byte	0x24c
 683 0246 15       		.uleb128 0x15
 684 0247 01       		.uleb128 0x1
 685 0248 50       		.byte	0x50
 686 0249 01       		.uleb128 0x1
 687 024a 37       		.byte	0x37
 688 024b 00       		.byte	0
 689 024c 0A       		.uleb128 0xa
 690 024d 16000000 		.4byte	.LVL14
 691 0251 CA010000 		.4byte	0x1ca
 692 0255 00       		.byte	0
 693 0256 08       		.uleb128 0x8
 694 0257 D6020000 		.4byte	.LASF31
 695 025b 01       		.byte	0x1
 696 025c 6C       		.byte	0x6c
 697 025d 00000000 		.4byte	.LFB1
 698 0261 1A000000 		.4byte	.LFE1-.LFB1
 699 0265 01       		.uleb128 0x1
 700 0266 9C       		.byte	0x9c
 701 0267 B4020000 		.4byte	0x2b4
 702 026b 16       		.uleb128 0x16
 703 026c 2C020000 		.4byte	.LASF24
 704 0270 01       		.byte	0x1
 705 0271 6C       		.byte	0x6c
 706 0272 CF000000 		.4byte	0xcf
 707 0276 4B000000 		.4byte	.LLST3
 708 027a 0A       		.uleb128 0xa
 709 027b 08000000 		.4byte	.LVL16
 710 027f F2010000 		.4byte	0x1f2
 711 0283 14       		.uleb128 0x14
 712 0284 0E000000 		.4byte	.LVL17
 713 0288 1B010000 		.4byte	0x11b
 714 028c 97020000 		.4byte	0x297
 715 0290 15       		.uleb128 0x15
ARM GAS  C:\Users\growo\AppData\Local\Temp\ccggbs5I.s 			page 21


 716 0291 01       		.uleb128 0x1
 717 0292 50       		.byte	0x50
 718 0293 02       		.uleb128 0x2
 719 0294 74       		.byte	0x74
 720 0295 00       		.sleb128 0
 721 0296 00       		.byte	0
 722 0297 14       		.uleb128 0x14
 723 0298 14000000 		.4byte	.LVL18
 724 029c 78010000 		.4byte	0x178
 725 02a0 AA020000 		.4byte	0x2aa
 726 02a4 15       		.uleb128 0x15
 727 02a5 01       		.uleb128 0x1
 728 02a6 50       		.byte	0x50
 729 02a7 01       		.uleb128 0x1
 730 02a8 37       		.byte	0x37
 731 02a9 00       		.byte	0
 732 02aa 0A       		.uleb128 0xa
 733 02ab 18000000 		.4byte	.LVL19
 734 02af CA010000 		.4byte	0x1ca
 735 02b3 00       		.byte	0
 736 02b4 08       		.uleb128 0x8
 737 02b5 0F020000 		.4byte	.LASF32
 738 02b9 01       		.byte	0x1
 739 02ba 8A       		.byte	0x8a
 740 02bb 00000000 		.4byte	.LFB2
 741 02bf 14000000 		.4byte	.LFE2-.LFB2
 742 02c3 01       		.uleb128 0x1
 743 02c4 9C       		.byte	0x9c
 744 02c5 DC020000 		.4byte	0x2dc
 745 02c9 0A       		.uleb128 0xa
 746 02ca 06000000 		.4byte	.LVL20
 747 02ce F2010000 		.4byte	0x1f2
 748 02d2 0A       		.uleb128 0xa
 749 02d3 0C000000 		.4byte	.LVL21
 750 02d7 1B010000 		.4byte	0x11b
 751 02db 00       		.byte	0
 752 02dc 12       		.uleb128 0x12
 753 02dd C0020000 		.4byte	.LASF33
 754 02e1 01       		.byte	0x1
 755 02e2 8101     		.2byte	0x181
 756 02e4 00000000 		.4byte	.LFB11
 757 02e8 0C000000 		.4byte	.LFE11-.LFB11
 758 02ec 01       		.uleb128 0x1
 759 02ed 9C       		.byte	0x9c
 760 02ee 12       		.uleb128 0x12
 761 02ef F7010000 		.4byte	.LASF34
 762 02f3 01       		.byte	0x1
 763 02f4 9A01     		.2byte	0x19a
 764 02f6 00000000 		.4byte	.LFB12
 765 02fa 0C000000 		.4byte	.LFE12-.LFB12
 766 02fe 01       		.uleb128 0x1
 767 02ff 9C       		.byte	0x9c
 768 0300 17       		.uleb128 0x17
 769 0301 19000000 		.4byte	.LASF42
 770 0305 01       		.byte	0x1
 771 0306 21       		.byte	0x21
 772 0307 B9000000 		.4byte	0xb9
ARM GAS  C:\Users\growo\AppData\Local\Temp\ccggbs5I.s 			page 22


 773 030b 05       		.uleb128 0x5
 774 030c 03       		.byte	0x3
 775 030d 00000000 		.4byte	dir_state
 776 0311 18       		.uleb128 0x18
 777 0312 BE010000 		.4byte	.LASF35
 778 0316 BE010000 		.4byte	.LASF35
 779 031a 03       		.byte	0x3
 780 031b 29       		.byte	0x29
 781 031c 18       		.uleb128 0x18
 782 031d CB010000 		.4byte	.LASF36
 783 0321 CB010000 		.4byte	.LASF36
 784 0325 03       		.byte	0x3
 785 0326 26       		.byte	0x26
 786 0327 18       		.uleb128 0x18
 787 0328 DB000000 		.4byte	.LASF37
 788 032c DB000000 		.4byte	.LASF37
 789 0330 04       		.byte	0x4
 790 0331 2B       		.byte	0x2b
 791 0332 00       		.byte	0
 792              		.section	.debug_abbrev,"",%progbits
 793              	.Ldebug_abbrev0:
 794 0000 01       		.uleb128 0x1
 795 0001 11       		.uleb128 0x11
 796 0002 01       		.byte	0x1
 797 0003 25       		.uleb128 0x25
 798 0004 0E       		.uleb128 0xe
 799 0005 13       		.uleb128 0x13
 800 0006 0B       		.uleb128 0xb
 801 0007 03       		.uleb128 0x3
 802 0008 0E       		.uleb128 0xe
 803 0009 1B       		.uleb128 0x1b
 804 000a 0E       		.uleb128 0xe
 805 000b 55       		.uleb128 0x55
 806 000c 17       		.uleb128 0x17
 807 000d 11       		.uleb128 0x11
 808 000e 01       		.uleb128 0x1
 809 000f 10       		.uleb128 0x10
 810 0010 17       		.uleb128 0x17
 811 0011 00       		.byte	0
 812 0012 00       		.byte	0
 813 0013 02       		.uleb128 0x2
 814 0014 24       		.uleb128 0x24
 815 0015 00       		.byte	0
 816 0016 0B       		.uleb128 0xb
 817 0017 0B       		.uleb128 0xb
 818 0018 3E       		.uleb128 0x3e
 819 0019 0B       		.uleb128 0xb
 820 001a 03       		.uleb128 0x3
 821 001b 08       		.uleb128 0x8
 822 001c 00       		.byte	0
 823 001d 00       		.byte	0
 824 001e 03       		.uleb128 0x3
 825 001f 24       		.uleb128 0x24
 826 0020 00       		.byte	0
 827 0021 0B       		.uleb128 0xb
 828 0022 0B       		.uleb128 0xb
 829 0023 3E       		.uleb128 0x3e
ARM GAS  C:\Users\growo\AppData\Local\Temp\ccggbs5I.s 			page 23


 830 0024 0B       		.uleb128 0xb
 831 0025 03       		.uleb128 0x3
 832 0026 0E       		.uleb128 0xe
 833 0027 00       		.byte	0
 834 0028 00       		.byte	0
 835 0029 04       		.uleb128 0x4
 836 002a 0F       		.uleb128 0xf
 837 002b 00       		.byte	0
 838 002c 0B       		.uleb128 0xb
 839 002d 0B       		.uleb128 0xb
 840 002e 49       		.uleb128 0x49
 841 002f 13       		.uleb128 0x13
 842 0030 00       		.byte	0
 843 0031 00       		.byte	0
 844 0032 05       		.uleb128 0x5
 845 0033 15       		.uleb128 0x15
 846 0034 00       		.byte	0
 847 0035 27       		.uleb128 0x27
 848 0036 19       		.uleb128 0x19
 849 0037 00       		.byte	0
 850 0038 00       		.byte	0
 851 0039 06       		.uleb128 0x6
 852 003a 16       		.uleb128 0x16
 853 003b 00       		.byte	0
 854 003c 03       		.uleb128 0x3
 855 003d 0E       		.uleb128 0xe
 856 003e 3A       		.uleb128 0x3a
 857 003f 0B       		.uleb128 0xb
 858 0040 3B       		.uleb128 0x3b
 859 0041 05       		.uleb128 0x5
 860 0042 49       		.uleb128 0x49
 861 0043 13       		.uleb128 0x13
 862 0044 00       		.byte	0
 863 0045 00       		.byte	0
 864 0046 07       		.uleb128 0x7
 865 0047 35       		.uleb128 0x35
 866 0048 00       		.byte	0
 867 0049 49       		.uleb128 0x49
 868 004a 13       		.uleb128 0x13
 869 004b 00       		.byte	0
 870 004c 00       		.byte	0
 871 004d 08       		.uleb128 0x8
 872 004e 2E       		.uleb128 0x2e
 873 004f 01       		.byte	0x1
 874 0050 3F       		.uleb128 0x3f
 875 0051 19       		.uleb128 0x19
 876 0052 03       		.uleb128 0x3
 877 0053 0E       		.uleb128 0xe
 878 0054 3A       		.uleb128 0x3a
 879 0055 0B       		.uleb128 0xb
 880 0056 3B       		.uleb128 0x3b
 881 0057 0B       		.uleb128 0xb
 882 0058 27       		.uleb128 0x27
 883 0059 19       		.uleb128 0x19
 884 005a 11       		.uleb128 0x11
 885 005b 01       		.uleb128 0x1
 886 005c 12       		.uleb128 0x12
ARM GAS  C:\Users\growo\AppData\Local\Temp\ccggbs5I.s 			page 24


 887 005d 06       		.uleb128 0x6
 888 005e 40       		.uleb128 0x40
 889 005f 18       		.uleb128 0x18
 890 0060 9742     		.uleb128 0x2117
 891 0062 19       		.uleb128 0x19
 892 0063 01       		.uleb128 0x1
 893 0064 13       		.uleb128 0x13
 894 0065 00       		.byte	0
 895 0066 00       		.byte	0
 896 0067 09       		.uleb128 0x9
 897 0068 34       		.uleb128 0x34
 898 0069 00       		.byte	0
 899 006a 03       		.uleb128 0x3
 900 006b 0E       		.uleb128 0xe
 901 006c 3A       		.uleb128 0x3a
 902 006d 0B       		.uleb128 0xb
 903 006e 3B       		.uleb128 0x3b
 904 006f 0B       		.uleb128 0xb
 905 0070 49       		.uleb128 0x49
 906 0071 13       		.uleb128 0x13
 907 0072 02       		.uleb128 0x2
 908 0073 17       		.uleb128 0x17
 909 0074 00       		.byte	0
 910 0075 00       		.byte	0
 911 0076 0A       		.uleb128 0xa
 912 0077 898201   		.uleb128 0x4109
 913 007a 00       		.byte	0
 914 007b 11       		.uleb128 0x11
 915 007c 01       		.uleb128 0x1
 916 007d 31       		.uleb128 0x31
 917 007e 13       		.uleb128 0x13
 918 007f 00       		.byte	0
 919 0080 00       		.byte	0
 920 0081 0B       		.uleb128 0xb
 921 0082 05       		.uleb128 0x5
 922 0083 00       		.byte	0
 923 0084 03       		.uleb128 0x3
 924 0085 0E       		.uleb128 0xe
 925 0086 3A       		.uleb128 0x3a
 926 0087 0B       		.uleb128 0xb
 927 0088 3B       		.uleb128 0x3b
 928 0089 0B       		.uleb128 0xb
 929 008a 49       		.uleb128 0x49
 930 008b 13       		.uleb128 0x13
 931 008c 02       		.uleb128 0x2
 932 008d 18       		.uleb128 0x18
 933 008e 00       		.byte	0
 934 008f 00       		.byte	0
 935 0090 0C       		.uleb128 0xc
 936 0091 34       		.uleb128 0x34
 937 0092 00       		.byte	0
 938 0093 03       		.uleb128 0x3
 939 0094 0E       		.uleb128 0xe
 940 0095 3A       		.uleb128 0x3a
 941 0096 0B       		.uleb128 0xb
 942 0097 3B       		.uleb128 0x3b
 943 0098 0B       		.uleb128 0xb
ARM GAS  C:\Users\growo\AppData\Local\Temp\ccggbs5I.s 			page 25


 944 0099 49       		.uleb128 0x49
 945 009a 13       		.uleb128 0x13
 946 009b 02       		.uleb128 0x2
 947 009c 18       		.uleb128 0x18
 948 009d 00       		.byte	0
 949 009e 00       		.byte	0
 950 009f 0D       		.uleb128 0xd
 951 00a0 2E       		.uleb128 0x2e
 952 00a1 01       		.byte	0x1
 953 00a2 3F       		.uleb128 0x3f
 954 00a3 19       		.uleb128 0x19
 955 00a4 03       		.uleb128 0x3
 956 00a5 0E       		.uleb128 0xe
 957 00a6 3A       		.uleb128 0x3a
 958 00a7 0B       		.uleb128 0xb
 959 00a8 3B       		.uleb128 0x3b
 960 00a9 0B       		.uleb128 0xb
 961 00aa 27       		.uleb128 0x27
 962 00ab 19       		.uleb128 0x19
 963 00ac 49       		.uleb128 0x49
 964 00ad 13       		.uleb128 0x13
 965 00ae 11       		.uleb128 0x11
 966 00af 01       		.uleb128 0x1
 967 00b0 12       		.uleb128 0x12
 968 00b1 06       		.uleb128 0x6
 969 00b2 40       		.uleb128 0x40
 970 00b3 18       		.uleb128 0x18
 971 00b4 9742     		.uleb128 0x2117
 972 00b6 19       		.uleb128 0x19
 973 00b7 01       		.uleb128 0x1
 974 00b8 13       		.uleb128 0x13
 975 00b9 00       		.byte	0
 976 00ba 00       		.byte	0
 977 00bb 0E       		.uleb128 0xe
 978 00bc 2E       		.uleb128 0x2e
 979 00bd 01       		.byte	0x1
 980 00be 3F       		.uleb128 0x3f
 981 00bf 19       		.uleb128 0x19
 982 00c0 03       		.uleb128 0x3
 983 00c1 0E       		.uleb128 0xe
 984 00c2 3A       		.uleb128 0x3a
 985 00c3 0B       		.uleb128 0xb
 986 00c4 3B       		.uleb128 0x3b
 987 00c5 05       		.uleb128 0x5
 988 00c6 27       		.uleb128 0x27
 989 00c7 19       		.uleb128 0x19
 990 00c8 11       		.uleb128 0x11
 991 00c9 01       		.uleb128 0x1
 992 00ca 12       		.uleb128 0x12
 993 00cb 06       		.uleb128 0x6
 994 00cc 40       		.uleb128 0x40
 995 00cd 18       		.uleb128 0x18
 996 00ce 9742     		.uleb128 0x2117
 997 00d0 19       		.uleb128 0x19
 998 00d1 01       		.uleb128 0x1
 999 00d2 13       		.uleb128 0x13
 1000 00d3 00       		.byte	0
ARM GAS  C:\Users\growo\AppData\Local\Temp\ccggbs5I.s 			page 26


 1001 00d4 00       		.byte	0
 1002 00d5 0F       		.uleb128 0xf
 1003 00d6 05       		.uleb128 0x5
 1004 00d7 00       		.byte	0
 1005 00d8 03       		.uleb128 0x3
 1006 00d9 0E       		.uleb128 0xe
 1007 00da 3A       		.uleb128 0x3a
 1008 00db 0B       		.uleb128 0xb
 1009 00dc 3B       		.uleb128 0x3b
 1010 00dd 05       		.uleb128 0x5
 1011 00de 49       		.uleb128 0x49
 1012 00df 13       		.uleb128 0x13
 1013 00e0 02       		.uleb128 0x2
 1014 00e1 17       		.uleb128 0x17
 1015 00e2 00       		.byte	0
 1016 00e3 00       		.byte	0
 1017 00e4 10       		.uleb128 0x10
 1018 00e5 2E       		.uleb128 0x2e
 1019 00e6 01       		.byte	0x1
 1020 00e7 3F       		.uleb128 0x3f
 1021 00e8 19       		.uleb128 0x19
 1022 00e9 03       		.uleb128 0x3
 1023 00ea 0E       		.uleb128 0xe
 1024 00eb 3A       		.uleb128 0x3a
 1025 00ec 0B       		.uleb128 0xb
 1026 00ed 3B       		.uleb128 0x3b
 1027 00ee 05       		.uleb128 0x5
 1028 00ef 27       		.uleb128 0x27
 1029 00f0 19       		.uleb128 0x19
 1030 00f1 49       		.uleb128 0x49
 1031 00f2 13       		.uleb128 0x13
 1032 00f3 11       		.uleb128 0x11
 1033 00f4 01       		.uleb128 0x1
 1034 00f5 12       		.uleb128 0x12
 1035 00f6 06       		.uleb128 0x6
 1036 00f7 40       		.uleb128 0x40
 1037 00f8 18       		.uleb128 0x18
 1038 00f9 9742     		.uleb128 0x2117
 1039 00fb 19       		.uleb128 0x19
 1040 00fc 01       		.uleb128 0x1
 1041 00fd 13       		.uleb128 0x13
 1042 00fe 00       		.byte	0
 1043 00ff 00       		.byte	0
 1044 0100 11       		.uleb128 0x11
 1045 0101 34       		.uleb128 0x34
 1046 0102 00       		.byte	0
 1047 0103 03       		.uleb128 0x3
 1048 0104 0E       		.uleb128 0xe
 1049 0105 3A       		.uleb128 0x3a
 1050 0106 0B       		.uleb128 0xb
 1051 0107 3B       		.uleb128 0x3b
 1052 0108 05       		.uleb128 0x5
 1053 0109 49       		.uleb128 0x49
 1054 010a 13       		.uleb128 0x13
 1055 010b 02       		.uleb128 0x2
 1056 010c 17       		.uleb128 0x17
 1057 010d 00       		.byte	0
ARM GAS  C:\Users\growo\AppData\Local\Temp\ccggbs5I.s 			page 27


 1058 010e 00       		.byte	0
 1059 010f 12       		.uleb128 0x12
 1060 0110 2E       		.uleb128 0x2e
 1061 0111 00       		.byte	0
 1062 0112 3F       		.uleb128 0x3f
 1063 0113 19       		.uleb128 0x19
 1064 0114 03       		.uleb128 0x3
 1065 0115 0E       		.uleb128 0xe
 1066 0116 3A       		.uleb128 0x3a
 1067 0117 0B       		.uleb128 0xb
 1068 0118 3B       		.uleb128 0x3b
 1069 0119 05       		.uleb128 0x5
 1070 011a 27       		.uleb128 0x27
 1071 011b 19       		.uleb128 0x19
 1072 011c 11       		.uleb128 0x11
 1073 011d 01       		.uleb128 0x1
 1074 011e 12       		.uleb128 0x12
 1075 011f 06       		.uleb128 0x6
 1076 0120 40       		.uleb128 0x40
 1077 0121 18       		.uleb128 0x18
 1078 0122 9742     		.uleb128 0x2117
 1079 0124 19       		.uleb128 0x19
 1080 0125 00       		.byte	0
 1081 0126 00       		.byte	0
 1082 0127 13       		.uleb128 0x13
 1083 0128 2E       		.uleb128 0x2e
 1084 0129 00       		.byte	0
 1085 012a 3F       		.uleb128 0x3f
 1086 012b 19       		.uleb128 0x19
 1087 012c 03       		.uleb128 0x3
 1088 012d 0E       		.uleb128 0xe
 1089 012e 3A       		.uleb128 0x3a
 1090 012f 0B       		.uleb128 0xb
 1091 0130 3B       		.uleb128 0x3b
 1092 0131 05       		.uleb128 0x5
 1093 0132 27       		.uleb128 0x27
 1094 0133 19       		.uleb128 0x19
 1095 0134 49       		.uleb128 0x49
 1096 0135 13       		.uleb128 0x13
 1097 0136 11       		.uleb128 0x11
 1098 0137 01       		.uleb128 0x1
 1099 0138 12       		.uleb128 0x12
 1100 0139 06       		.uleb128 0x6
 1101 013a 40       		.uleb128 0x40
 1102 013b 18       		.uleb128 0x18
 1103 013c 9742     		.uleb128 0x2117
 1104 013e 19       		.uleb128 0x19
 1105 013f 00       		.byte	0
 1106 0140 00       		.byte	0
 1107 0141 14       		.uleb128 0x14
 1108 0142 898201   		.uleb128 0x4109
 1109 0145 01       		.byte	0x1
 1110 0146 11       		.uleb128 0x11
 1111 0147 01       		.uleb128 0x1
 1112 0148 31       		.uleb128 0x31
 1113 0149 13       		.uleb128 0x13
 1114 014a 01       		.uleb128 0x1
ARM GAS  C:\Users\growo\AppData\Local\Temp\ccggbs5I.s 			page 28


 1115 014b 13       		.uleb128 0x13
 1116 014c 00       		.byte	0
 1117 014d 00       		.byte	0
 1118 014e 15       		.uleb128 0x15
 1119 014f 8A8201   		.uleb128 0x410a
 1120 0152 00       		.byte	0
 1121 0153 02       		.uleb128 0x2
 1122 0154 18       		.uleb128 0x18
 1123 0155 9142     		.uleb128 0x2111
 1124 0157 18       		.uleb128 0x18
 1125 0158 00       		.byte	0
 1126 0159 00       		.byte	0
 1127 015a 16       		.uleb128 0x16
 1128 015b 05       		.uleb128 0x5
 1129 015c 00       		.byte	0
 1130 015d 03       		.uleb128 0x3
 1131 015e 0E       		.uleb128 0xe
 1132 015f 3A       		.uleb128 0x3a
 1133 0160 0B       		.uleb128 0xb
 1134 0161 3B       		.uleb128 0x3b
 1135 0162 0B       		.uleb128 0xb
 1136 0163 49       		.uleb128 0x49
 1137 0164 13       		.uleb128 0x13
 1138 0165 02       		.uleb128 0x2
 1139 0166 17       		.uleb128 0x17
 1140 0167 00       		.byte	0
 1141 0168 00       		.byte	0
 1142 0169 17       		.uleb128 0x17
 1143 016a 34       		.uleb128 0x34
 1144 016b 00       		.byte	0
 1145 016c 03       		.uleb128 0x3
 1146 016d 0E       		.uleb128 0xe
 1147 016e 3A       		.uleb128 0x3a
 1148 016f 0B       		.uleb128 0xb
 1149 0170 3B       		.uleb128 0x3b
 1150 0171 0B       		.uleb128 0xb
 1151 0172 49       		.uleb128 0x49
 1152 0173 13       		.uleb128 0x13
 1153 0174 3F       		.uleb128 0x3f
 1154 0175 19       		.uleb128 0x19
 1155 0176 02       		.uleb128 0x2
 1156 0177 18       		.uleb128 0x18
 1157 0178 00       		.byte	0
 1158 0179 00       		.byte	0
 1159 017a 18       		.uleb128 0x18
 1160 017b 2E       		.uleb128 0x2e
 1161 017c 00       		.byte	0
 1162 017d 3F       		.uleb128 0x3f
 1163 017e 19       		.uleb128 0x19
 1164 017f 3C       		.uleb128 0x3c
 1165 0180 19       		.uleb128 0x19
 1166 0181 6E       		.uleb128 0x6e
 1167 0182 0E       		.uleb128 0xe
 1168 0183 03       		.uleb128 0x3
 1169 0184 0E       		.uleb128 0xe
 1170 0185 3A       		.uleb128 0x3a
 1171 0186 0B       		.uleb128 0xb
ARM GAS  C:\Users\growo\AppData\Local\Temp\ccggbs5I.s 			page 29


 1172 0187 3B       		.uleb128 0x3b
 1173 0188 0B       		.uleb128 0xb
 1174 0189 00       		.byte	0
 1175 018a 00       		.byte	0
 1176 018b 00       		.byte	0
 1177              		.section	.debug_loc,"",%progbits
 1178              	.Ldebug_loc0:
 1179              	.LLST0:
 1180 0000 06000000 		.4byte	.LVL0
 1181 0004 12000000 		.4byte	.LVL1
 1182 0008 0100     		.2byte	0x1
 1183 000a 50       		.byte	0x50
 1184 000b 00000000 		.4byte	0
 1185 000f 00000000 		.4byte	0
 1186              	.LLST1:
 1187 0013 00000000 		.4byte	.LVL7
 1188 0017 02000000 		.4byte	.LVL8
 1189 001b 0100     		.2byte	0x1
 1190 001d 50       		.byte	0x50
 1191 001e 02000000 		.4byte	.LVL8
 1192 0022 10000000 		.4byte	.LFE6
 1193 0026 0400     		.2byte	0x4
 1194 0028 F3       		.byte	0xf3
 1195 0029 01       		.uleb128 0x1
 1196 002a 50       		.byte	0x50
 1197 002b 9F       		.byte	0x9f
 1198 002c 00000000 		.4byte	0
 1199 0030 00000000 		.4byte	0
 1200              	.LLST2:
 1201 0034 04000000 		.4byte	.LVL9
 1202 0038 06000000 		.4byte	.LVL10
 1203 003c 0500     		.2byte	0x5
 1204 003e 70       		.byte	0x70
 1205 003f 00       		.sleb128 0
 1206 0040 35       		.byte	0x35
 1207 0041 25       		.byte	0x25
 1208 0042 9F       		.byte	0x9f
 1209 0043 00000000 		.4byte	0
 1210 0047 00000000 		.4byte	0
 1211              	.LLST3:
 1212 004b 00000000 		.4byte	.LVL15
 1213 004f 07000000 		.4byte	.LVL16-1
 1214 0053 0100     		.2byte	0x1
 1215 0055 50       		.byte	0x50
 1216 0056 07000000 		.4byte	.LVL16-1
 1217 005a 1A000000 		.4byte	.LFE1
 1218 005e 0100     		.2byte	0x1
 1219 0060 54       		.byte	0x54
 1220 0061 00000000 		.4byte	0
 1221 0065 00000000 		.4byte	0
 1222              		.section	.debug_aranges,"",%progbits
 1223 0000 7C000000 		.4byte	0x7c
 1224 0004 0200     		.2byte	0x2
 1225 0006 00000000 		.4byte	.Ldebug_info0
 1226 000a 04       		.byte	0x4
 1227 000b 00       		.byte	0
 1228 000c 0000     		.2byte	0
ARM GAS  C:\Users\growo\AppData\Local\Temp\ccggbs5I.s 			page 30


 1229 000e 0000     		.2byte	0
 1230 0010 00000000 		.4byte	.LFB3
 1231 0014 24000000 		.4byte	.LFE3-.LFB3
 1232 0018 00000000 		.4byte	.LFB4
 1233 001c 0C000000 		.4byte	.LFE4-.LFB4
 1234 0020 00000000 		.4byte	.LFB5
 1235 0024 0C000000 		.4byte	.LFE5-.LFB5
 1236 0028 00000000 		.4byte	.LFB6
 1237 002c 10000000 		.4byte	.LFE6-.LFB6
 1238 0030 00000000 		.4byte	.LFB7
 1239 0034 0C000000 		.4byte	.LFE7-.LFB7
 1240 0038 00000000 		.4byte	.LFB8
 1241 003c 0C000000 		.4byte	.LFE8-.LFB8
 1242 0040 00000000 		.4byte	.LFB9
 1243 0044 18000000 		.4byte	.LFE9-.LFB9
 1244 0048 00000000 		.4byte	.LFB10
 1245 004c 0C000000 		.4byte	.LFE10-.LFB10
 1246 0050 00000000 		.4byte	.LFB0
 1247 0054 1C000000 		.4byte	.LFE0-.LFB0
 1248 0058 00000000 		.4byte	.LFB1
 1249 005c 1A000000 		.4byte	.LFE1-.LFB1
 1250 0060 00000000 		.4byte	.LFB2
 1251 0064 14000000 		.4byte	.LFE2-.LFB2
 1252 0068 00000000 		.4byte	.LFB11
 1253 006c 0C000000 		.4byte	.LFE11-.LFB11
 1254 0070 00000000 		.4byte	.LFB12
 1255 0074 0C000000 		.4byte	.LFE12-.LFB12
 1256 0078 00000000 		.4byte	0
 1257 007c 00000000 		.4byte	0
 1258              		.section	.debug_ranges,"",%progbits
 1259              	.Ldebug_ranges0:
 1260 0000 00000000 		.4byte	.LFB3
 1261 0004 24000000 		.4byte	.LFE3
 1262 0008 00000000 		.4byte	.LFB4
 1263 000c 0C000000 		.4byte	.LFE4
 1264 0010 00000000 		.4byte	.LFB5
 1265 0014 0C000000 		.4byte	.LFE5
 1266 0018 00000000 		.4byte	.LFB6
 1267 001c 10000000 		.4byte	.LFE6
 1268 0020 00000000 		.4byte	.LFB7
 1269 0024 0C000000 		.4byte	.LFE7
 1270 0028 00000000 		.4byte	.LFB8
 1271 002c 0C000000 		.4byte	.LFE8
 1272 0030 00000000 		.4byte	.LFB9
 1273 0034 18000000 		.4byte	.LFE9
 1274 0038 00000000 		.4byte	.LFB10
 1275 003c 0C000000 		.4byte	.LFE10
 1276 0040 00000000 		.4byte	.LFB0
 1277 0044 1C000000 		.4byte	.LFE0
 1278 0048 00000000 		.4byte	.LFB1
 1279 004c 1A000000 		.4byte	.LFE1
 1280 0050 00000000 		.4byte	.LFB2
 1281 0054 14000000 		.4byte	.LFE2
 1282 0058 00000000 		.4byte	.LFB11
 1283 005c 0C000000 		.4byte	.LFE11
 1284 0060 00000000 		.4byte	.LFB12
 1285 0064 0C000000 		.4byte	.LFE12
ARM GAS  C:\Users\growo\AppData\Local\Temp\ccggbs5I.s 			page 31


 1286 0068 00000000 		.4byte	0
 1287 006c 00000000 		.4byte	0
 1288              		.section	.debug_line,"",%progbits
 1289              	.Ldebug_line0:
 1290 0000 55010000 		.section	.debug_str,"MS",%progbits,1
 1290      02006400 
 1290      00000201 
 1290      FB0E0D00 
 1290      01010101 
 1291              	.LASF29:
 1292 0000 6973725F 		.ascii	"isr_button_Disable\000"
 1292      62757474 
 1292      6F6E5F44 
 1292      69736162 
 1292      6C6500
 1293              	.LASF17:
 1294 0013 72656733 		.ascii	"reg32\000"
 1294      3200
 1295              	.LASF42:
 1296 0019 6469725F 		.ascii	"dir_state\000"
 1296      73746174 
 1296      6500
 1297              	.LASF40:
 1298 0023 443A5C44 		.ascii	"D:\\Dropbox\\Magister\\Tesis\\tesis-source\\master-"
 1298      726F7062 
 1298      6F785C4D 
 1298      61676973 
 1298      7465725C 
 1299 0051 74657369 		.ascii	"tesis\\dedo_v01.cydsn\000"
 1299      735C6465 
 1299      646F5F76 
 1299      30312E63 
 1299      7964736E 
 1300              	.LASF26:
 1301 0066 6973725F 		.ascii	"isr_button_GetVector\000"
 1301      62757474 
 1301      6F6E5F47 
 1301      65745665 
 1301      63746F72 
 1302              	.LASF19:
 1303 007b 6973725F 		.ascii	"isr_button_Interrupt\000"
 1303      62757474 
 1303      6F6E5F49 
 1303      6E746572 
 1303      72757074 
 1304              	.LASF28:
 1305 0090 6973725F 		.ascii	"isr_button_Enable\000"
 1305      62757474 
 1305      6F6E5F45 
 1305      6E61626C 
 1305      6500
 1306              	.LASF41:
 1307 00a2 6973725F 		.ascii	"isr_button_GetState\000"
 1307      62757474 
 1307      6F6E5F47 
 1307      65745374 
 1307      61746500 
ARM GAS  C:\Users\growo\AppData\Local\Temp\ccggbs5I.s 			page 32


 1308              	.LASF6:
 1309 00b6 73686F72 		.ascii	"short unsigned int\000"
 1309      7420756E 
 1309      7369676E 
 1309      65642069 
 1309      6E7400
 1310              	.LASF21:
 1311 00c9 6C656450 		.ascii	"ledPinState\000"
 1311      696E5374 
 1311      61746500 
 1312              	.LASF14:
 1313 00d5 666C6F61 		.ascii	"float\000"
 1313      7400
 1314              	.LASF37:
 1315 00db 62757474 		.ascii	"button_PIN_ClearInterrupt\000"
 1315      6F6E5F50 
 1315      494E5F43 
 1315      6C656172 
 1315      496E7465 
 1316              	.LASF4:
 1317 00f5 756E7369 		.ascii	"unsigned char\000"
 1317      676E6564 
 1317      20636861 
 1317      7200
 1318              	.LASF38:
 1319 0103 474E5520 		.ascii	"GNU C11 5.4.1 20160609 (release) [ARM/embedded-5-br"
 1319      43313120 
 1319      352E342E 
 1319      31203230 
 1319      31363036 
 1320 0136 616E6368 		.ascii	"anch revision 237715] -mcpu=cortex-m3 -mthumb -g -O"
 1320      20726576 
 1320      6973696F 
 1320      6E203233 
 1320      37373135 
 1321 0169 67202D66 		.ascii	"g -ffunction-sections -ffat-lto-objects\000"
 1321      66756E63 
 1321      74696F6E 
 1321      2D736563 
 1321      74696F6E 
 1322              	.LASF16:
 1323 0191 72656738 		.ascii	"reg8\000"
 1323      00
 1324              	.LASF8:
 1325 0196 6C6F6E67 		.ascii	"long unsigned int\000"
 1325      20756E73 
 1325      69676E65 
 1325      6420696E 
 1325      7400
 1326              	.LASF12:
 1327 01a8 75696E74 		.ascii	"uint8\000"
 1327      3800
 1328              	.LASF25:
 1329 01ae 7072696F 		.ascii	"priority\000"
 1329      72697479 
 1329      00
 1330              	.LASF15:
ARM GAS  C:\Users\growo\AppData\Local\Temp\ccggbs5I.s 			page 33


 1331 01b7 646F7562 		.ascii	"double\000"
 1331      6C6500
 1332              	.LASF35:
 1333 01be 6C65645F 		.ascii	"led_PIN_Read\000"
 1333      50494E5F 
 1333      52656164 
 1333      00
 1334              	.LASF36:
 1335 01cb 6C65645F 		.ascii	"led_PIN_Write\000"
 1335      50494E5F 
 1335      57726974 
 1335      6500
 1336              	.LASF13:
 1337 01d9 75696E74 		.ascii	"uint32\000"
 1337      333200
 1338              	.LASF27:
 1339 01e0 6973725F 		.ascii	"isr_button_GetPriority\000"
 1339      62757474 
 1339      6F6E5F47 
 1339      65745072 
 1339      696F7269 
 1340              	.LASF34:
 1341 01f7 6973725F 		.ascii	"isr_button_ClearPending\000"
 1341      62757474 
 1341      6F6E5F43 
 1341      6C656172 
 1341      50656E64 
 1342              	.LASF32:
 1343 020f 6973725F 		.ascii	"isr_button_Stop\000"
 1343      62757474 
 1343      6F6E5F53 
 1343      746F7000 
 1344              	.LASF0:
 1345 021f 756E7369 		.ascii	"unsigned int\000"
 1345      676E6564 
 1345      20696E74 
 1345      00
 1346              	.LASF24:
 1347 022c 61646472 		.ascii	"address\000"
 1347      65737300 
 1348              	.LASF9:
 1349 0234 6C6F6E67 		.ascii	"long long unsigned int\000"
 1349      206C6F6E 
 1349      6720756E 
 1349      7369676E 
 1349      65642069 
 1350              	.LASF30:
 1351 024b 6973725F 		.ascii	"isr_button_Start\000"
 1351      62757474 
 1351      6F6E5F53 
 1351      74617274 
 1351      00
 1352              	.LASF18:
 1353 025c 63796973 		.ascii	"cyisraddress\000"
 1353      72616464 
 1353      72657373 
 1353      00
ARM GAS  C:\Users\growo\AppData\Local\Temp\ccggbs5I.s 			page 34


 1354              	.LASF20:
 1355 0269 6973725F 		.ascii	"isr_button_SetVector\000"
 1355      62757474 
 1355      6F6E5F53 
 1355      65745665 
 1355      63746F72 
 1356              	.LASF10:
 1357 027e 73697A65 		.ascii	"sizetype\000"
 1357      74797065 
 1357      00
 1358              	.LASF1:
 1359 0287 6C6F6E67 		.ascii	"long long int\000"
 1359      206C6F6E 
 1359      6720696E 
 1359      7400
 1360              	.LASF11:
 1361 0295 63686172 		.ascii	"char\000"
 1361      00
 1362              	.LASF22:
 1363 029a 72616D56 		.ascii	"ramVectorTable\000"
 1363      6563746F 
 1363      72546162 
 1363      6C6500
 1364              	.LASF39:
 1365 02a9 6973725F 		.ascii	"isr_button.c\000"
 1365      62757474 
 1365      6F6E2E63 
 1365      00
 1366              	.LASF5:
 1367 02b6 73686F72 		.ascii	"short int\000"
 1367      7420696E 
 1367      7400
 1368              	.LASF33:
 1369 02c0 6973725F 		.ascii	"isr_button_SetPending\000"
 1369      62757474 
 1369      6F6E5F53 
 1369      65745065 
 1369      6E64696E 
 1370              	.LASF31:
 1371 02d6 6973725F 		.ascii	"isr_button_StartEx\000"
 1371      62757474 
 1371      6F6E5F53 
 1371      74617274 
 1371      457800
 1372              	.LASF7:
 1373 02e9 6C6F6E67 		.ascii	"long int\000"
 1373      20696E74 
 1373      00
 1374              	.LASF2:
 1375 02f2 6C6F6E67 		.ascii	"long double\000"
 1375      20646F75 
 1375      626C6500 
 1376              	.LASF3:
 1377 02fe 7369676E 		.ascii	"signed char\000"
 1377      65642063 
 1377      68617200 
 1378              	.LASF23:
ARM GAS  C:\Users\growo\AppData\Local\Temp\ccggbs5I.s 			page 35


 1379 030a 6973725F 		.ascii	"isr_button_SetPriority\000"
 1379      62757474 
 1379      6F6E5F53 
 1379      65745072 
 1379      696F7269 
 1380              		.ident	"GCC: (GNU Tools for ARM Embedded Processors) 5.4.1 20160609 (release) [ARM/embedded-5-bran
