ARM GAS  C:\Users\xx\AppData\Local\Temp\ccMDpH38.s 			page 1


   1              		.syntax unified
   2              		.cpu cortex-m3
   3              		.fpu softvfp
   4              		.eabi_attribute 20, 1
   5              		.eabi_attribute 21, 1
   6              		.eabi_attribute 23, 3
   7              		.eabi_attribute 24, 1
   8              		.eabi_attribute 25, 1
   9              		.eabi_attribute 26, 1
  10              		.eabi_attribute 30, 1
  11              		.eabi_attribute 34, 1
  12              		.eabi_attribute 18, 4
  13              		.thumb
  14              		.syntax unified
  15              		.file	"myUART.c"
  16              		.text
  17              	.Ltext0:
  18              		.cfi_sections	.debug_frame
  19              		.section	.text.MyRxInt,"ax",%progbits
  20              		.align	2
  21              		.global	MyRxInt
  22              		.thumb
  23              		.thumb_func
  24              		.type	MyRxInt, %function
  25              	MyRxInt:
  26              	.LFB63:
  27              		.file 1 "myUART.c"
   1:myUART.c      **** /* ========================================
   2:myUART.c      ****  *
   3:myUART.c      ****  * Copyright YOUR COMPANY, THE YEAR
   4:myUART.c      ****  * All Rights Reserved
   5:myUART.c      ****  * UNPUBLISHED, LICENSED SOFTWARE.
   6:myUART.c      ****  *
   7:myUART.c      ****  * CONFIDENTIAL AND PROPRIETARY INFORMATION
   8:myUART.c      ****  * WHICH IS THE PROPERTY OF your company.
   9:myUART.c      ****  *
  10:myUART.c      ****  * ========================================
  11:myUART.c      **** */
  12:myUART.c      **** 
  13:myUART.c      **** #include "myUART.h"
  14:myUART.c      **** 
  15:myUART.c      **** uint8	RxBuffer[RxBufferSize];     // Rx circular buffer to hold all incoming command
  16:myUART.c      **** uint8  *RxReadIndex	 = RxBuffer;    // pointer to position in RxBuffer to write incoming Rx bytes
  17:myUART.c      **** uint8  *RxWriteIndex = RxBuffer;    // pointer to position in RxBuffer to read and process bytes
  18:myUART.c      **** 
  19:myUART.c      **** char   *RxStrIndex = RB.RxStr;      // pointer to command string buffer (processed messages)
  20:myUART.c      ****                                     // each Rx command consists of: <byte command><string value><CR
  21:myUART.c      **** 
  22:myUART.c      **** //===========================================================================
  23:myUART.c      **** 
  24:myUART.c      **** CY_ISR(MyRxInt) //interrupt on Rx byte received
  25:myUART.c      **** {   
  28              		.loc 1 25 0
  29              		.cfi_startproc
  30              		@ args = 0, pretend = 0, frame = 0
  31              		@ frame_needed = 0, uses_anonymous_args = 0
  32 0000 38B5     		push	{r3, r4, r5, lr}
ARM GAS  C:\Users\xx\AppData\Local\Temp\ccMDpH38.s 			page 2


  33              		.cfi_def_cfa_offset 16
  34              		.cfi_offset 3, -16
  35              		.cfi_offset 4, -12
  36              		.cfi_offset 5, -8
  37              		.cfi_offset 14, -4
  26:myUART.c      ****     //move all available characters from Rx queue to RxBuffer
  27:myUART.c      ****     while(UART_ReadRxStatus() & UART_RX_STS_FIFO_NOTEMPTY)
  38              		.loc 1 27 0
  39 0002 0DE0     		b	.L3
  40              	.L4:
  28:myUART.c      **** 	{
  29:myUART.c      **** 		*RxWriteIndex++ = UART_ReadRxData();
  41              		.loc 1 29 0
  42 0004 094C     		ldr	r4, .L6
  43 0006 2568     		ldr	r5, [r4]
  44 0008 6B1C     		adds	r3, r5, #1
  45 000a 2360     		str	r3, [r4]
  46 000c FFF7FEFF 		bl	UART_ReadRxData
  47              	.LVL0:
  48 0010 2870     		strb	r0, [r5]
  30:myUART.c      **** 		if (RxWriteIndex >= RxBuffer + RxBufferSize) RxWriteIndex = RxBuffer;      
  49              		.loc 1 30 0
  50 0012 2268     		ldr	r2, [r4]
  51 0014 064B     		ldr	r3, .L6+4
  52 0016 9A42     		cmp	r2, r3
  53 0018 02D3     		bcc	.L3
  54              		.loc 1 30 0 is_stmt 0 discriminator 1
  55 001a A3F18002 		sub	r2, r3, #128
  56 001e 2260     		str	r2, [r4]
  57              	.L3:
  27:myUART.c      **** 	{
  58              		.loc 1 27 0 is_stmt 1
  59 0020 FFF7FEFF 		bl	UART_ReadRxStatus
  60              	.LVL1:
  61 0024 10F0200F 		tst	r0, #32
  62 0028 ECD1     		bne	.L4
  31:myUART.c      **** 	}   
  32:myUART.c      **** }
  63              		.loc 1 32 0
  64 002a 38BD     		pop	{r3, r4, r5, pc}
  65              	.L7:
  66              		.align	2
  67              	.L6:
  68 002c 00000000 		.word	.LANCHOR0
  69 0030 80000000 		.word	RxBuffer+128
  70              		.cfi_endproc
  71              	.LFE63:
  72              		.size	MyRxInt, .-MyRxInt
  73              		.section	.text.IsCharReady,"ax",%progbits
  74              		.align	2
  75              		.global	IsCharReady
  76              		.thumb
  77              		.thumb_func
  78              		.type	IsCharReady, %function
  79              	IsCharReady:
  80              	.LFB64:
  33:myUART.c      **** 
ARM GAS  C:\Users\xx\AppData\Local\Temp\ccMDpH38.s 			page 3


  34:myUART.c      **** //===========================================================================
  35:myUART.c      **** uint8 IsCharReady(void) 
  36:myUART.c      **** {
  81              		.loc 1 36 0
  82              		.cfi_startproc
  83              		@ args = 0, pretend = 0, frame = 0
  84              		@ frame_needed = 0, uses_anonymous_args = 0
  85              		@ link register save eliminated.
  37:myUART.c      **** 	return !(RxWriteIndex == RxReadIndex);
  86              		.loc 1 37 0
  87 0000 034B     		ldr	r3, .L9
  88 0002 1868     		ldr	r0, [r3]
  89 0004 5B68     		ldr	r3, [r3, #4]
  38:myUART.c      **** }
  90              		.loc 1 38 0
  91 0006 C01A     		subs	r0, r0, r3
  92 0008 18BF     		it	ne
  93 000a 0120     		movne	r0, #1
  94 000c 7047     		bx	lr
  95              	.L10:
  96 000e 00BF     		.align	2
  97              	.L9:
  98 0010 00000000 		.word	.LANCHOR0
  99              		.cfi_endproc
 100              	.LFE64:
 101              		.size	IsCharReady, .-IsCharReady
 102              		.section	.text.GetRxStr,"ax",%progbits
 103              		.align	2
 104              		.global	GetRxStr
 105              		.thumb
 106              		.thumb_func
 107              		.type	GetRxStr, %function
 108              	GetRxStr:
 109              	.LFB65:
  39:myUART.c      **** 
  40:myUART.c      **** //===========================================================================
  41:myUART.c      **** 
  42:myUART.c      **** uint8 GetRxStr(void)
  43:myUART.c      **** {
 110              		.loc 1 43 0
 111              		.cfi_startproc
 112              		@ args = 0, pretend = 0, frame = 0
 113              		@ frame_needed = 0, uses_anonymous_args = 0
 114              		@ link register save eliminated.
 115              	.LVL2:
  44:myUART.c      ****     uint8 val =0;
  45:myUART.c      ****     uint8 RxStr_flag = 0;
  46:myUART.c      ****     static uint8 Ch;//static?
  47:myUART.c      ****    
  48:myUART.c      **** 	Ch = *RxReadIndex++;       //read next char in buffer
 116              		.loc 1 48 0
 117 0000 1049     		ldr	r1, .L17
 118 0002 4B68     		ldr	r3, [r1, #4]
 119 0004 5A1C     		adds	r2, r3, #1
 120 0006 4A60     		str	r2, [r1, #4]
 121 0008 1B78     		ldrb	r3, [r3]	@ zero_extendqisi2
  49:myUART.c      ****     if (RxReadIndex >= RxBuffer + RxBufferSize) RxReadIndex = RxBuffer;
ARM GAS  C:\Users\xx\AppData\Local\Temp\ccMDpH38.s 			page 4


 122              		.loc 1 49 0
 123 000a 0F49     		ldr	r1, .L17+4
 124 000c 8A42     		cmp	r2, r1
 125 000e 02D3     		bcc	.L12
 126              		.loc 1 49 0 is_stmt 0 discriminator 1
 127 0010 8039     		subs	r1, r1, #128
 128 0012 0C4A     		ldr	r2, .L17
 129 0014 5160     		str	r1, [r2, #4]
 130              	.L12:
  50:myUART.c      ****     
  51:myUART.c      ****     //UART_PutChar(Ch);
  52:myUART.c      ****     //UART_PutChar('\n');
  53:myUART.c      **** 
  54:myUART.c      ****     //if (Ch == EOM_char)
  55:myUART.c      ****     if ( (Ch == EOM_CR) || (Ch == EOM_LF) ) //any standard terminator
 131              		.loc 1 55 0 is_stmt 1
 132 0016 0D2B     		cmp	r3, #13
 133 0018 01D0     		beq	.L13
 134              		.loc 1 55 0 is_stmt 0 discriminator 1
 135 001a 0A2B     		cmp	r3, #10
 136 001c 09D1     		bne	.L14
 137              	.L13:
  56:myUART.c      ****     {
  57:myUART.c      ****         *RxStrIndex = 0;        //terminate string excluding EOM_char
 138              		.loc 1 57 0 is_stmt 1
 139 001e 094A     		ldr	r2, .L17
 140 0020 9368     		ldr	r3, [r2, #8]
 141 0022 0021     		movs	r1, #0
 142 0024 1970     		strb	r1, [r3]
  58:myUART.c      ****         //val=0;
  59:myUART.c      ****         RxStrIndex = RB.RxStr;  //reset pointer
 143              		.loc 1 59 0
 144 0026 094B     		ldr	r3, .L17+8
 145 0028 9360     		str	r3, [r2, #8]
  60:myUART.c      ****         if (strlen(RB.RxStr) > 0)//non-empty message received
 146              		.loc 1 60 0
 147 002a 1B78     		ldrb	r3, [r3]	@ zero_extendqisi2
 148 002c 43B9     		cbnz	r3, .L16
  45:myUART.c      ****     static uint8 Ch;//static?
 149              		.loc 1 45 0
 150 002e 0846     		mov	r0, r1
 151 0030 7047     		bx	lr
 152              	.L14:
  61:myUART.c      ****         {
  62:myUART.c      ****             RxStr_flag  = 1;    //set flag to process message
  63:myUART.c      ****         }
  64:myUART.c      ****     }
  65:myUART.c      ****     else                        //string body char received
  66:myUART.c      ****     {
  67:myUART.c      ****         //UART_PutChar(Ch);
  68:myUART.c      ****         //UART_PutChar('\n');
  69:myUART.c      ****         *RxStrIndex++ = Ch;     //build command message
 153              		.loc 1 69 0
 154 0032 0449     		ldr	r1, .L17
 155 0034 8A68     		ldr	r2, [r1, #8]
 156 0036 501C     		adds	r0, r2, #1
 157 0038 8860     		str	r0, [r1, #8]
ARM GAS  C:\Users\xx\AppData\Local\Temp\ccMDpH38.s 			page 5


 158 003a 1370     		strb	r3, [r2]
  45:myUART.c      ****     static uint8 Ch;//static?
 159              		.loc 1 45 0
 160 003c 0020     		movs	r0, #0
 161 003e 7047     		bx	lr
 162              	.L16:
  62:myUART.c      ****         }
 163              		.loc 1 62 0
 164 0040 0120     		movs	r0, #1
 165              	.LVL3:
  70:myUART.c      ****         //UART_PutChar(RxStrIndex[val++]);
  71:myUART.c      ****         
  72:myUART.c      ****         //todo: problem if first char is empty space
  73:myUART.c      ****     }   
  74:myUART.c      **** 
  75:myUART.c      ****     return RxStr_flag;        
  76:myUART.c      **** }
 166              		.loc 1 76 0
 167 0042 7047     		bx	lr
 168              	.L18:
 169              		.align	2
 170              	.L17:
 171 0044 00000000 		.word	.LANCHOR0
 172 0048 80000000 		.word	RxBuffer+128
 173 004c 00000000 		.word	RB
 174              		.cfi_endproc
 175              	.LFE65:
 176              		.size	GetRxStr, .-GetRxStr
 177              		.global	RxStrIndex
 178              		.global	RxWriteIndex
 179              		.global	RxReadIndex
 180              		.comm	RxBuffer,128,4
 181              		.comm	RB,9,4
 182              		.data
 183              		.align	2
 184              		.set	.LANCHOR0,. + 0
 185              		.type	RxWriteIndex, %object
 186              		.size	RxWriteIndex, 4
 187              	RxWriteIndex:
 188 0000 00000000 		.word	RxBuffer
 189              		.type	RxReadIndex, %object
 190              		.size	RxReadIndex, 4
 191              	RxReadIndex:
 192 0004 00000000 		.word	RxBuffer
 193              		.type	RxStrIndex, %object
 194              		.size	RxStrIndex, 4
 195              	RxStrIndex:
 196 0008 00000000 		.word	RB
 197              		.text
 198              	.Letext0:
 199              		.file 2 "c:\\program files (x86)\\cypress\\psoc creator\\4.1\\psoc creator\\import\\gnu\\arm\\5.4.
 200              		.file 3 "c:\\program files (x86)\\cypress\\psoc creator\\4.1\\psoc creator\\import\\gnu\\arm\\5.4.
 201              		.file 4 "Generated_Source\\PSoC5/cytypes.h"
 202              		.file 5 "myUART.h"
 203              		.file 6 "Generated_Source\\PSoC5/core_cm3.h"
 204              		.file 7 "Generated_Source\\PSoC5/UART.h"
 205              		.section	.debug_info,"",%progbits
ARM GAS  C:\Users\xx\AppData\Local\Temp\ccMDpH38.s 			page 6


 206              	.Ldebug_info0:
 207 0000 66020000 		.4byte	0x266
 208 0004 0400     		.2byte	0x4
 209 0006 00000000 		.4byte	.Ldebug_abbrev0
 210 000a 04       		.byte	0x4
 211 000b 01       		.uleb128 0x1
 212 000c 0E000000 		.4byte	.LASF32
 213 0010 0C       		.byte	0xc
 214 0011 5D020000 		.4byte	.LASF33
 215 0015 F4010000 		.4byte	.LASF34
 216 0019 00000000 		.4byte	.Ldebug_ranges0+0
 217 001d 00000000 		.4byte	0
 218 0021 00000000 		.4byte	.Ldebug_line0
 219 0025 02       		.uleb128 0x2
 220 0026 01       		.byte	0x1
 221 0027 06       		.byte	0x6
 222 0028 E8010000 		.4byte	.LASF0
 223 002c 02       		.uleb128 0x2
 224 002d 01       		.byte	0x1
 225 002e 08       		.byte	0x8
 226 002f FB000000 		.4byte	.LASF1
 227 0033 02       		.uleb128 0x2
 228 0034 02       		.byte	0x2
 229 0035 05       		.byte	0x5
 230 0036 C3010000 		.4byte	.LASF2
 231 003a 02       		.uleb128 0x2
 232 003b 02       		.byte	0x2
 233 003c 07       		.byte	0x7
 234 003d 26010000 		.4byte	.LASF3
 235 0041 03       		.uleb128 0x3
 236 0042 BB000000 		.4byte	.LASF9
 237 0046 02       		.byte	0x2
 238 0047 3F       		.byte	0x3f
 239 0048 4C000000 		.4byte	0x4c
 240 004c 02       		.uleb128 0x2
 241 004d 04       		.byte	0x4
 242 004e 05       		.byte	0x5
 243 004f D3010000 		.4byte	.LASF4
 244 0053 02       		.uleb128 0x2
 245 0054 04       		.byte	0x4
 246 0055 07       		.byte	0x7
 247 0056 14010000 		.4byte	.LASF5
 248 005a 02       		.uleb128 0x2
 249 005b 08       		.byte	0x8
 250 005c 05       		.byte	0x5
 251 005d 00000000 		.4byte	.LASF6
 252 0061 02       		.uleb128 0x2
 253 0062 08       		.byte	0x8
 254 0063 07       		.byte	0x7
 255 0064 6B010000 		.4byte	.LASF7
 256 0068 04       		.uleb128 0x4
 257 0069 04       		.byte	0x4
 258 006a 05       		.byte	0x5
 259 006b 696E7400 		.ascii	"int\000"
 260 006f 02       		.uleb128 0x2
 261 0070 04       		.byte	0x4
 262 0071 07       		.byte	0x7
ARM GAS  C:\Users\xx\AppData\Local\Temp\ccMDpH38.s 			page 7


 263 0072 5E010000 		.4byte	.LASF8
 264 0076 03       		.uleb128 0x3
 265 0077 97010000 		.4byte	.LASF10
 266 007b 03       		.byte	0x3
 267 007c 2C       		.byte	0x2c
 268 007d 41000000 		.4byte	0x41
 269 0081 05       		.uleb128 0x5
 270 0082 CD010000 		.4byte	.LASF11
 271 0086 04       		.byte	0x4
 272 0087 9201     		.2byte	0x192
 273 0089 2C000000 		.4byte	0x2c
 274 008d 02       		.uleb128 0x2
 275 008e 04       		.byte	0x4
 276 008f 04       		.byte	0x4
 277 0090 EC000000 		.4byte	.LASF12
 278 0094 02       		.uleb128 0x2
 279 0095 08       		.byte	0x8
 280 0096 04       		.byte	0x4
 281 0097 46010000 		.4byte	.LASF13
 282 009b 02       		.uleb128 0x2
 283 009c 01       		.byte	0x1
 284 009d 08       		.byte	0x8
 285 009e B4010000 		.4byte	.LASF14
 286 00a2 02       		.uleb128 0x2
 287 00a3 08       		.byte	0x8
 288 00a4 04       		.byte	0x4
 289 00a5 DC010000 		.4byte	.LASF15
 290 00a9 02       		.uleb128 0x2
 291 00aa 04       		.byte	0x4
 292 00ab 07       		.byte	0x7
 293 00ac 9F010000 		.4byte	.LASF16
 294 00b0 06       		.uleb128 0x6
 295 00b1 04       		.byte	0x4
 296 00b2 9B000000 		.4byte	0x9b
 297 00b6 07       		.uleb128 0x7
 298 00b7 09       		.byte	0x9
 299 00b8 05       		.byte	0x5
 300 00b9 1C       		.byte	0x1c
 301 00ba 1F010000 		.4byte	0x11f
 302 00be 08       		.uleb128 0x8
 303 00bf BE010000 		.4byte	.LASF17
 304 00c3 05       		.byte	0x5
 305 00c4 1D       		.byte	0x1d
 306 00c5 9B000000 		.4byte	0x9b
 307 00c9 00       		.byte	0
 308 00ca 08       		.uleb128 0x8
 309 00cb 4D010000 		.4byte	.LASF18
 310 00cf 05       		.byte	0x5
 311 00d0 1D       		.byte	0x1d
 312 00d1 9B000000 		.4byte	0x9b
 313 00d5 01       		.byte	0x1
 314 00d6 09       		.uleb128 0x9
 315 00d7 636D6400 		.ascii	"cmd\000"
 316 00db 05       		.byte	0x5
 317 00dc 1E       		.byte	0x1e
 318 00dd 9B000000 		.4byte	0x9b
 319 00e1 02       		.byte	0x2
ARM GAS  C:\Users\xx\AppData\Local\Temp\ccMDpH38.s 			page 8


 320 00e2 08       		.uleb128 0x8
 321 00e3 A8010000 		.4byte	.LASF19
 322 00e7 05       		.byte	0x5
 323 00e8 1F       		.byte	0x1f
 324 00e9 9B000000 		.4byte	0x9b
 325 00ed 03       		.byte	0x3
 326 00ee 08       		.uleb128 0x8
 327 00ef B9010000 		.4byte	.LASF20
 328 00f3 05       		.byte	0x5
 329 00f4 20       		.byte	0x20
 330 00f5 9B000000 		.4byte	0x9b
 331 00f9 04       		.byte	0x4
 332 00fa 08       		.uleb128 0x8
 333 00fb AE010000 		.4byte	.LASF21
 334 00ff 05       		.byte	0x5
 335 0100 21       		.byte	0x21
 336 0101 9B000000 		.4byte	0x9b
 337 0105 05       		.byte	0x5
 338 0106 08       		.uleb128 0x8
 339 0107 92010000 		.4byte	.LASF22
 340 010b 05       		.byte	0x5
 341 010c 22       		.byte	0x22
 342 010d 9B000000 		.4byte	0x9b
 343 0111 06       		.byte	0x6
 344 0112 08       		.uleb128 0x8
 345 0113 56020000 		.4byte	.LASF23
 346 0117 05       		.byte	0x5
 347 0118 23       		.byte	0x23
 348 0119 1F010000 		.4byte	0x11f
 349 011d 07       		.byte	0x7
 350 011e 00       		.byte	0
 351 011f 0A       		.uleb128 0xa
 352 0120 9B000000 		.4byte	0x9b
 353 0124 2F010000 		.4byte	0x12f
 354 0128 0B       		.uleb128 0xb
 355 0129 A9000000 		.4byte	0xa9
 356 012d 01       		.byte	0x1
 357 012e 00       		.byte	0
 358 012f 0C       		.uleb128 0xc
 359 0130 E2000000 		.4byte	.LASF35
 360 0134 09       		.byte	0x9
 361 0135 05       		.byte	0x5
 362 0136 1A       		.byte	0x1a
 363 0137 4C010000 		.4byte	0x14c
 364 013b 0D       		.uleb128 0xd
 365 013c DC000000 		.4byte	.LASF36
 366 0140 05       		.byte	0x5
 367 0141 1B       		.byte	0x1b
 368 0142 4C010000 		.4byte	0x14c
 369 0146 0E       		.uleb128 0xe
 370 0147 B6000000 		.4byte	0xb6
 371 014b 00       		.byte	0
 372 014c 0A       		.uleb128 0xa
 373 014d 9B000000 		.4byte	0x9b
 374 0151 5C010000 		.4byte	0x15c
 375 0155 0B       		.uleb128 0xb
 376 0156 A9000000 		.4byte	0xa9
ARM GAS  C:\Users\xx\AppData\Local\Temp\ccMDpH38.s 			page 9


 377 015a 08       		.byte	0x8
 378 015b 00       		.byte	0
 379 015c 0F       		.uleb128 0xf
 380 015d 66020000 		.4byte	.LASF37
 381 0161 01       		.byte	0x1
 382 0162 18       		.byte	0x18
 383 0163 00000000 		.4byte	.LFB63
 384 0167 34000000 		.4byte	.LFE63-.LFB63
 385 016b 01       		.uleb128 0x1
 386 016c 9C       		.byte	0x9c
 387 016d 84010000 		.4byte	0x184
 388 0171 10       		.uleb128 0x10
 389 0172 10000000 		.4byte	.LVL0
 390 0176 53020000 		.4byte	0x253
 391 017a 10       		.uleb128 0x10
 392 017b 24000000 		.4byte	.LVL1
 393 017f 5E020000 		.4byte	0x25e
 394 0183 00       		.byte	0
 395 0184 11       		.uleb128 0x11
 396 0185 52010000 		.4byte	.LASF38
 397 0189 01       		.byte	0x1
 398 018a 23       		.byte	0x23
 399 018b 81000000 		.4byte	0x81
 400 018f 00000000 		.4byte	.LFB64
 401 0193 14000000 		.4byte	.LFE64-.LFB64
 402 0197 01       		.uleb128 0x1
 403 0198 9C       		.byte	0x9c
 404 0199 12       		.uleb128 0x12
 405 019a 4D020000 		.4byte	.LASF39
 406 019e 01       		.byte	0x1
 407 019f 2A       		.byte	0x2a
 408 01a0 81000000 		.4byte	0x81
 409 01a4 00000000 		.4byte	.LFB65
 410 01a8 50000000 		.4byte	.LFE65-.LFB65
 411 01ac 01       		.uleb128 0x1
 412 01ad 9C       		.byte	0x9c
 413 01ae D8010000 		.4byte	0x1d8
 414 01b2 13       		.uleb128 0x13
 415 01b3 76616C00 		.ascii	"val\000"
 416 01b7 01       		.byte	0x1
 417 01b8 2C       		.byte	0x2c
 418 01b9 81000000 		.4byte	0x81
 419 01bd 00       		.byte	0
 420 01be 14       		.uleb128 0x14
 421 01bf 09010000 		.4byte	.LASF24
 422 01c3 01       		.byte	0x1
 423 01c4 2D       		.byte	0x2d
 424 01c5 81000000 		.4byte	0x81
 425 01c9 00000000 		.4byte	.LLST0
 426 01cd 15       		.uleb128 0x15
 427 01ce 436800   		.ascii	"Ch\000"
 428 01d1 01       		.byte	0x1
 429 01d2 2E       		.byte	0x2e
 430 01d3 81000000 		.4byte	0x81
 431 01d7 00       		.byte	0
 432 01d8 16       		.uleb128 0x16
 433 01d9 39010000 		.4byte	.LASF25
ARM GAS  C:\Users\xx\AppData\Local\Temp\ccMDpH38.s 			page 10


 434 01dd 06       		.byte	0x6
 435 01de 1207     		.2byte	0x712
 436 01e0 E4010000 		.4byte	0x1e4
 437 01e4 17       		.uleb128 0x17
 438 01e5 76000000 		.4byte	0x76
 439 01e9 18       		.uleb128 0x18
 440 01ea 524200   		.ascii	"RB\000"
 441 01ed 05       		.byte	0x5
 442 01ee 25       		.byte	0x25
 443 01ef 2F010000 		.4byte	0x12f
 444 01f3 05       		.uleb128 0x5
 445 01f4 03       		.byte	0x3
 446 01f5 00000000 		.4byte	RB
 447 01f9 0A       		.uleb128 0xa
 448 01fa 81000000 		.4byte	0x81
 449 01fe 09020000 		.4byte	0x209
 450 0202 0B       		.uleb128 0xb
 451 0203 A9000000 		.4byte	0xa9
 452 0207 7F       		.byte	0x7f
 453 0208 00       		.byte	0
 454 0209 19       		.uleb128 0x19
 455 020a F2000000 		.4byte	.LASF26
 456 020e 01       		.byte	0x1
 457 020f 0F       		.byte	0xf
 458 0210 F9010000 		.4byte	0x1f9
 459 0214 05       		.uleb128 0x5
 460 0215 03       		.byte	0x3
 461 0216 00000000 		.4byte	RxBuffer
 462 021a 19       		.uleb128 0x19
 463 021b D0000000 		.4byte	.LASF27
 464 021f 01       		.byte	0x1
 465 0220 10       		.byte	0x10
 466 0221 2B020000 		.4byte	0x22b
 467 0225 05       		.uleb128 0x5
 468 0226 03       		.byte	0x3
 469 0227 00000000 		.4byte	RxReadIndex
 470 022b 06       		.uleb128 0x6
 471 022c 04       		.byte	0x4
 472 022d 81000000 		.4byte	0x81
 473 0231 19       		.uleb128 0x19
 474 0232 AE000000 		.4byte	.LASF28
 475 0236 01       		.byte	0x1
 476 0237 11       		.byte	0x11
 477 0238 2B020000 		.4byte	0x22b
 478 023c 05       		.uleb128 0x5
 479 023d 03       		.byte	0x3
 480 023e 00000000 		.4byte	RxWriteIndex
 481 0242 19       		.uleb128 0x19
 482 0243 C5000000 		.4byte	.LASF29
 483 0247 01       		.byte	0x1
 484 0248 13       		.byte	0x13
 485 0249 B0000000 		.4byte	0xb0
 486 024d 05       		.uleb128 0x5
 487 024e 03       		.byte	0x3
 488 024f 00000000 		.4byte	RxStrIndex
 489 0253 1A       		.uleb128 0x1a
 490 0254 82010000 		.4byte	.LASF30
ARM GAS  C:\Users\xx\AppData\Local\Temp\ccMDpH38.s 			page 11


 491 0258 82010000 		.4byte	.LASF30
 492 025c 07       		.byte	0x7
 493 025d 6F       		.byte	0x6f
 494 025e 1A       		.uleb128 0x1a
 495 025f 9C000000 		.4byte	.LASF31
 496 0263 9C000000 		.4byte	.LASF31
 497 0267 07       		.byte	0x7
 498 0268 70       		.byte	0x70
 499 0269 00       		.byte	0
 500              		.section	.debug_abbrev,"",%progbits
 501              	.Ldebug_abbrev0:
 502 0000 01       		.uleb128 0x1
 503 0001 11       		.uleb128 0x11
 504 0002 01       		.byte	0x1
 505 0003 25       		.uleb128 0x25
 506 0004 0E       		.uleb128 0xe
 507 0005 13       		.uleb128 0x13
 508 0006 0B       		.uleb128 0xb
 509 0007 03       		.uleb128 0x3
 510 0008 0E       		.uleb128 0xe
 511 0009 1B       		.uleb128 0x1b
 512 000a 0E       		.uleb128 0xe
 513 000b 55       		.uleb128 0x55
 514 000c 17       		.uleb128 0x17
 515 000d 11       		.uleb128 0x11
 516 000e 01       		.uleb128 0x1
 517 000f 10       		.uleb128 0x10
 518 0010 17       		.uleb128 0x17
 519 0011 00       		.byte	0
 520 0012 00       		.byte	0
 521 0013 02       		.uleb128 0x2
 522 0014 24       		.uleb128 0x24
 523 0015 00       		.byte	0
 524 0016 0B       		.uleb128 0xb
 525 0017 0B       		.uleb128 0xb
 526 0018 3E       		.uleb128 0x3e
 527 0019 0B       		.uleb128 0xb
 528 001a 03       		.uleb128 0x3
 529 001b 0E       		.uleb128 0xe
 530 001c 00       		.byte	0
 531 001d 00       		.byte	0
 532 001e 03       		.uleb128 0x3
 533 001f 16       		.uleb128 0x16
 534 0020 00       		.byte	0
 535 0021 03       		.uleb128 0x3
 536 0022 0E       		.uleb128 0xe
 537 0023 3A       		.uleb128 0x3a
 538 0024 0B       		.uleb128 0xb
 539 0025 3B       		.uleb128 0x3b
 540 0026 0B       		.uleb128 0xb
 541 0027 49       		.uleb128 0x49
 542 0028 13       		.uleb128 0x13
 543 0029 00       		.byte	0
 544 002a 00       		.byte	0
 545 002b 04       		.uleb128 0x4
 546 002c 24       		.uleb128 0x24
 547 002d 00       		.byte	0
ARM GAS  C:\Users\xx\AppData\Local\Temp\ccMDpH38.s 			page 12


 548 002e 0B       		.uleb128 0xb
 549 002f 0B       		.uleb128 0xb
 550 0030 3E       		.uleb128 0x3e
 551 0031 0B       		.uleb128 0xb
 552 0032 03       		.uleb128 0x3
 553 0033 08       		.uleb128 0x8
 554 0034 00       		.byte	0
 555 0035 00       		.byte	0
 556 0036 05       		.uleb128 0x5
 557 0037 16       		.uleb128 0x16
 558 0038 00       		.byte	0
 559 0039 03       		.uleb128 0x3
 560 003a 0E       		.uleb128 0xe
 561 003b 3A       		.uleb128 0x3a
 562 003c 0B       		.uleb128 0xb
 563 003d 3B       		.uleb128 0x3b
 564 003e 05       		.uleb128 0x5
 565 003f 49       		.uleb128 0x49
 566 0040 13       		.uleb128 0x13
 567 0041 00       		.byte	0
 568 0042 00       		.byte	0
 569 0043 06       		.uleb128 0x6
 570 0044 0F       		.uleb128 0xf
 571 0045 00       		.byte	0
 572 0046 0B       		.uleb128 0xb
 573 0047 0B       		.uleb128 0xb
 574 0048 49       		.uleb128 0x49
 575 0049 13       		.uleb128 0x13
 576 004a 00       		.byte	0
 577 004b 00       		.byte	0
 578 004c 07       		.uleb128 0x7
 579 004d 13       		.uleb128 0x13
 580 004e 01       		.byte	0x1
 581 004f 0B       		.uleb128 0xb
 582 0050 0B       		.uleb128 0xb
 583 0051 3A       		.uleb128 0x3a
 584 0052 0B       		.uleb128 0xb
 585 0053 3B       		.uleb128 0x3b
 586 0054 0B       		.uleb128 0xb
 587 0055 01       		.uleb128 0x1
 588 0056 13       		.uleb128 0x13
 589 0057 00       		.byte	0
 590 0058 00       		.byte	0
 591 0059 08       		.uleb128 0x8
 592 005a 0D       		.uleb128 0xd
 593 005b 00       		.byte	0
 594 005c 03       		.uleb128 0x3
 595 005d 0E       		.uleb128 0xe
 596 005e 3A       		.uleb128 0x3a
 597 005f 0B       		.uleb128 0xb
 598 0060 3B       		.uleb128 0x3b
 599 0061 0B       		.uleb128 0xb
 600 0062 49       		.uleb128 0x49
 601 0063 13       		.uleb128 0x13
 602 0064 38       		.uleb128 0x38
 603 0065 0B       		.uleb128 0xb
 604 0066 00       		.byte	0
ARM GAS  C:\Users\xx\AppData\Local\Temp\ccMDpH38.s 			page 13


 605 0067 00       		.byte	0
 606 0068 09       		.uleb128 0x9
 607 0069 0D       		.uleb128 0xd
 608 006a 00       		.byte	0
 609 006b 03       		.uleb128 0x3
 610 006c 08       		.uleb128 0x8
 611 006d 3A       		.uleb128 0x3a
 612 006e 0B       		.uleb128 0xb
 613 006f 3B       		.uleb128 0x3b
 614 0070 0B       		.uleb128 0xb
 615 0071 49       		.uleb128 0x49
 616 0072 13       		.uleb128 0x13
 617 0073 38       		.uleb128 0x38
 618 0074 0B       		.uleb128 0xb
 619 0075 00       		.byte	0
 620 0076 00       		.byte	0
 621 0077 0A       		.uleb128 0xa
 622 0078 01       		.uleb128 0x1
 623 0079 01       		.byte	0x1
 624 007a 49       		.uleb128 0x49
 625 007b 13       		.uleb128 0x13
 626 007c 01       		.uleb128 0x1
 627 007d 13       		.uleb128 0x13
 628 007e 00       		.byte	0
 629 007f 00       		.byte	0
 630 0080 0B       		.uleb128 0xb
 631 0081 21       		.uleb128 0x21
 632 0082 00       		.byte	0
 633 0083 49       		.uleb128 0x49
 634 0084 13       		.uleb128 0x13
 635 0085 2F       		.uleb128 0x2f
 636 0086 0B       		.uleb128 0xb
 637 0087 00       		.byte	0
 638 0088 00       		.byte	0
 639 0089 0C       		.uleb128 0xc
 640 008a 17       		.uleb128 0x17
 641 008b 01       		.byte	0x1
 642 008c 03       		.uleb128 0x3
 643 008d 0E       		.uleb128 0xe
 644 008e 0B       		.uleb128 0xb
 645 008f 0B       		.uleb128 0xb
 646 0090 3A       		.uleb128 0x3a
 647 0091 0B       		.uleb128 0xb
 648 0092 3B       		.uleb128 0x3b
 649 0093 0B       		.uleb128 0xb
 650 0094 01       		.uleb128 0x1
 651 0095 13       		.uleb128 0x13
 652 0096 00       		.byte	0
 653 0097 00       		.byte	0
 654 0098 0D       		.uleb128 0xd
 655 0099 0D       		.uleb128 0xd
 656 009a 00       		.byte	0
 657 009b 03       		.uleb128 0x3
 658 009c 0E       		.uleb128 0xe
 659 009d 3A       		.uleb128 0x3a
 660 009e 0B       		.uleb128 0xb
 661 009f 3B       		.uleb128 0x3b
ARM GAS  C:\Users\xx\AppData\Local\Temp\ccMDpH38.s 			page 14


 662 00a0 0B       		.uleb128 0xb
 663 00a1 49       		.uleb128 0x49
 664 00a2 13       		.uleb128 0x13
 665 00a3 00       		.byte	0
 666 00a4 00       		.byte	0
 667 00a5 0E       		.uleb128 0xe
 668 00a6 0D       		.uleb128 0xd
 669 00a7 00       		.byte	0
 670 00a8 49       		.uleb128 0x49
 671 00a9 13       		.uleb128 0x13
 672 00aa 00       		.byte	0
 673 00ab 00       		.byte	0
 674 00ac 0F       		.uleb128 0xf
 675 00ad 2E       		.uleb128 0x2e
 676 00ae 01       		.byte	0x1
 677 00af 3F       		.uleb128 0x3f
 678 00b0 19       		.uleb128 0x19
 679 00b1 03       		.uleb128 0x3
 680 00b2 0E       		.uleb128 0xe
 681 00b3 3A       		.uleb128 0x3a
 682 00b4 0B       		.uleb128 0xb
 683 00b5 3B       		.uleb128 0x3b
 684 00b6 0B       		.uleb128 0xb
 685 00b7 27       		.uleb128 0x27
 686 00b8 19       		.uleb128 0x19
 687 00b9 11       		.uleb128 0x11
 688 00ba 01       		.uleb128 0x1
 689 00bb 12       		.uleb128 0x12
 690 00bc 06       		.uleb128 0x6
 691 00bd 40       		.uleb128 0x40
 692 00be 18       		.uleb128 0x18
 693 00bf 9742     		.uleb128 0x2117
 694 00c1 19       		.uleb128 0x19
 695 00c2 01       		.uleb128 0x1
 696 00c3 13       		.uleb128 0x13
 697 00c4 00       		.byte	0
 698 00c5 00       		.byte	0
 699 00c6 10       		.uleb128 0x10
 700 00c7 898201   		.uleb128 0x4109
 701 00ca 00       		.byte	0
 702 00cb 11       		.uleb128 0x11
 703 00cc 01       		.uleb128 0x1
 704 00cd 31       		.uleb128 0x31
 705 00ce 13       		.uleb128 0x13
 706 00cf 00       		.byte	0
 707 00d0 00       		.byte	0
 708 00d1 11       		.uleb128 0x11
 709 00d2 2E       		.uleb128 0x2e
 710 00d3 00       		.byte	0
 711 00d4 3F       		.uleb128 0x3f
 712 00d5 19       		.uleb128 0x19
 713 00d6 03       		.uleb128 0x3
 714 00d7 0E       		.uleb128 0xe
 715 00d8 3A       		.uleb128 0x3a
 716 00d9 0B       		.uleb128 0xb
 717 00da 3B       		.uleb128 0x3b
 718 00db 0B       		.uleb128 0xb
ARM GAS  C:\Users\xx\AppData\Local\Temp\ccMDpH38.s 			page 15


 719 00dc 27       		.uleb128 0x27
 720 00dd 19       		.uleb128 0x19
 721 00de 49       		.uleb128 0x49
 722 00df 13       		.uleb128 0x13
 723 00e0 11       		.uleb128 0x11
 724 00e1 01       		.uleb128 0x1
 725 00e2 12       		.uleb128 0x12
 726 00e3 06       		.uleb128 0x6
 727 00e4 40       		.uleb128 0x40
 728 00e5 18       		.uleb128 0x18
 729 00e6 9742     		.uleb128 0x2117
 730 00e8 19       		.uleb128 0x19
 731 00e9 00       		.byte	0
 732 00ea 00       		.byte	0
 733 00eb 12       		.uleb128 0x12
 734 00ec 2E       		.uleb128 0x2e
 735 00ed 01       		.byte	0x1
 736 00ee 3F       		.uleb128 0x3f
 737 00ef 19       		.uleb128 0x19
 738 00f0 03       		.uleb128 0x3
 739 00f1 0E       		.uleb128 0xe
 740 00f2 3A       		.uleb128 0x3a
 741 00f3 0B       		.uleb128 0xb
 742 00f4 3B       		.uleb128 0x3b
 743 00f5 0B       		.uleb128 0xb
 744 00f6 27       		.uleb128 0x27
 745 00f7 19       		.uleb128 0x19
 746 00f8 49       		.uleb128 0x49
 747 00f9 13       		.uleb128 0x13
 748 00fa 11       		.uleb128 0x11
 749 00fb 01       		.uleb128 0x1
 750 00fc 12       		.uleb128 0x12
 751 00fd 06       		.uleb128 0x6
 752 00fe 40       		.uleb128 0x40
 753 00ff 18       		.uleb128 0x18
 754 0100 9742     		.uleb128 0x2117
 755 0102 19       		.uleb128 0x19
 756 0103 01       		.uleb128 0x1
 757 0104 13       		.uleb128 0x13
 758 0105 00       		.byte	0
 759 0106 00       		.byte	0
 760 0107 13       		.uleb128 0x13
 761 0108 34       		.uleb128 0x34
 762 0109 00       		.byte	0
 763 010a 03       		.uleb128 0x3
 764 010b 08       		.uleb128 0x8
 765 010c 3A       		.uleb128 0x3a
 766 010d 0B       		.uleb128 0xb
 767 010e 3B       		.uleb128 0x3b
 768 010f 0B       		.uleb128 0xb
 769 0110 49       		.uleb128 0x49
 770 0111 13       		.uleb128 0x13
 771 0112 1C       		.uleb128 0x1c
 772 0113 0B       		.uleb128 0xb
 773 0114 00       		.byte	0
 774 0115 00       		.byte	0
 775 0116 14       		.uleb128 0x14
ARM GAS  C:\Users\xx\AppData\Local\Temp\ccMDpH38.s 			page 16


 776 0117 34       		.uleb128 0x34
 777 0118 00       		.byte	0
 778 0119 03       		.uleb128 0x3
 779 011a 0E       		.uleb128 0xe
 780 011b 3A       		.uleb128 0x3a
 781 011c 0B       		.uleb128 0xb
 782 011d 3B       		.uleb128 0x3b
 783 011e 0B       		.uleb128 0xb
 784 011f 49       		.uleb128 0x49
 785 0120 13       		.uleb128 0x13
 786 0121 02       		.uleb128 0x2
 787 0122 17       		.uleb128 0x17
 788 0123 00       		.byte	0
 789 0124 00       		.byte	0
 790 0125 15       		.uleb128 0x15
 791 0126 34       		.uleb128 0x34
 792 0127 00       		.byte	0
 793 0128 03       		.uleb128 0x3
 794 0129 08       		.uleb128 0x8
 795 012a 3A       		.uleb128 0x3a
 796 012b 0B       		.uleb128 0xb
 797 012c 3B       		.uleb128 0x3b
 798 012d 0B       		.uleb128 0xb
 799 012e 49       		.uleb128 0x49
 800 012f 13       		.uleb128 0x13
 801 0130 00       		.byte	0
 802 0131 00       		.byte	0
 803 0132 16       		.uleb128 0x16
 804 0133 34       		.uleb128 0x34
 805 0134 00       		.byte	0
 806 0135 03       		.uleb128 0x3
 807 0136 0E       		.uleb128 0xe
 808 0137 3A       		.uleb128 0x3a
 809 0138 0B       		.uleb128 0xb
 810 0139 3B       		.uleb128 0x3b
 811 013a 05       		.uleb128 0x5
 812 013b 49       		.uleb128 0x49
 813 013c 13       		.uleb128 0x13
 814 013d 3F       		.uleb128 0x3f
 815 013e 19       		.uleb128 0x19
 816 013f 3C       		.uleb128 0x3c
 817 0140 19       		.uleb128 0x19
 818 0141 00       		.byte	0
 819 0142 00       		.byte	0
 820 0143 17       		.uleb128 0x17
 821 0144 35       		.uleb128 0x35
 822 0145 00       		.byte	0
 823 0146 49       		.uleb128 0x49
 824 0147 13       		.uleb128 0x13
 825 0148 00       		.byte	0
 826 0149 00       		.byte	0
 827 014a 18       		.uleb128 0x18
 828 014b 34       		.uleb128 0x34
 829 014c 00       		.byte	0
 830 014d 03       		.uleb128 0x3
 831 014e 08       		.uleb128 0x8
 832 014f 3A       		.uleb128 0x3a
ARM GAS  C:\Users\xx\AppData\Local\Temp\ccMDpH38.s 			page 17


 833 0150 0B       		.uleb128 0xb
 834 0151 3B       		.uleb128 0x3b
 835 0152 0B       		.uleb128 0xb
 836 0153 49       		.uleb128 0x49
 837 0154 13       		.uleb128 0x13
 838 0155 3F       		.uleb128 0x3f
 839 0156 19       		.uleb128 0x19
 840 0157 02       		.uleb128 0x2
 841 0158 18       		.uleb128 0x18
 842 0159 00       		.byte	0
 843 015a 00       		.byte	0
 844 015b 19       		.uleb128 0x19
 845 015c 34       		.uleb128 0x34
 846 015d 00       		.byte	0
 847 015e 03       		.uleb128 0x3
 848 015f 0E       		.uleb128 0xe
 849 0160 3A       		.uleb128 0x3a
 850 0161 0B       		.uleb128 0xb
 851 0162 3B       		.uleb128 0x3b
 852 0163 0B       		.uleb128 0xb
 853 0164 49       		.uleb128 0x49
 854 0165 13       		.uleb128 0x13
 855 0166 3F       		.uleb128 0x3f
 856 0167 19       		.uleb128 0x19
 857 0168 02       		.uleb128 0x2
 858 0169 18       		.uleb128 0x18
 859 016a 00       		.byte	0
 860 016b 00       		.byte	0
 861 016c 1A       		.uleb128 0x1a
 862 016d 2E       		.uleb128 0x2e
 863 016e 00       		.byte	0
 864 016f 3F       		.uleb128 0x3f
 865 0170 19       		.uleb128 0x19
 866 0171 3C       		.uleb128 0x3c
 867 0172 19       		.uleb128 0x19
 868 0173 6E       		.uleb128 0x6e
 869 0174 0E       		.uleb128 0xe
 870 0175 03       		.uleb128 0x3
 871 0176 0E       		.uleb128 0xe
 872 0177 3A       		.uleb128 0x3a
 873 0178 0B       		.uleb128 0xb
 874 0179 3B       		.uleb128 0x3b
 875 017a 0B       		.uleb128 0xb
 876 017b 00       		.byte	0
 877 017c 00       		.byte	0
 878 017d 00       		.byte	0
 879              		.section	.debug_loc,"",%progbits
 880              	.Ldebug_loc0:
 881              	.LLST0:
 882 0000 00000000 		.4byte	.LVL2
 883 0004 42000000 		.4byte	.LVL3
 884 0008 0200     		.2byte	0x2
 885 000a 30       		.byte	0x30
 886 000b 9F       		.byte	0x9f
 887 000c 42000000 		.4byte	.LVL3
 888 0010 50000000 		.4byte	.LFE65
 889 0014 0100     		.2byte	0x1
ARM GAS  C:\Users\xx\AppData\Local\Temp\ccMDpH38.s 			page 18


 890 0016 50       		.byte	0x50
 891 0017 00000000 		.4byte	0
 892 001b 00000000 		.4byte	0
 893              		.section	.debug_aranges,"",%progbits
 894 0000 2C000000 		.4byte	0x2c
 895 0004 0200     		.2byte	0x2
 896 0006 00000000 		.4byte	.Ldebug_info0
 897 000a 04       		.byte	0x4
 898 000b 00       		.byte	0
 899 000c 0000     		.2byte	0
 900 000e 0000     		.2byte	0
 901 0010 00000000 		.4byte	.LFB63
 902 0014 34000000 		.4byte	.LFE63-.LFB63
 903 0018 00000000 		.4byte	.LFB64
 904 001c 14000000 		.4byte	.LFE64-.LFB64
 905 0020 00000000 		.4byte	.LFB65
 906 0024 50000000 		.4byte	.LFE65-.LFB65
 907 0028 00000000 		.4byte	0
 908 002c 00000000 		.4byte	0
 909              		.section	.debug_ranges,"",%progbits
 910              	.Ldebug_ranges0:
 911 0000 00000000 		.4byte	.LFB63
 912 0004 34000000 		.4byte	.LFE63
 913 0008 00000000 		.4byte	.LFB64
 914 000c 14000000 		.4byte	.LFE64
 915 0010 00000000 		.4byte	.LFB65
 916 0014 50000000 		.4byte	.LFE65
 917 0018 00000000 		.4byte	0
 918 001c 00000000 		.4byte	0
 919              		.section	.debug_line,"",%progbits
 920              	.Ldebug_line0:
 921 0000 C8010000 		.section	.debug_str,"MS",%progbits,1
 921      02006401 
 921      00000201 
 921      FB0E0D00 
 921      01010101 
 922              	.LASF6:
 923 0000 6C6F6E67 		.ascii	"long long int\000"
 923      206C6F6E 
 923      6720696E 
 923      7400
 924              	.LASF32:
 925 000e 474E5520 		.ascii	"GNU C11 5.4.1 20160609 (release) [ARM/embedded-5-br"
 925      43313120 
 925      352E342E 
 925      31203230 
 925      31363036 
 926 0041 616E6368 		.ascii	"anch revision 237715] -mcpu=cortex-m3 -mthumb -g -O"
 926      20726576 
 926      6973696F 
 926      6E203233 
 926      37373135 
 927 0074 67202D66 		.ascii	"g -ffunction-sections -ffat-lto-objects\000"
 927      66756E63 
 927      74696F6E 
 927      2D736563 
 927      74696F6E 
ARM GAS  C:\Users\xx\AppData\Local\Temp\ccMDpH38.s 			page 19


 928              	.LASF31:
 929 009c 55415254 		.ascii	"UART_ReadRxStatus\000"
 929      5F526561 
 929      64527853 
 929      74617475 
 929      7300
 930              	.LASF28:
 931 00ae 52785772 		.ascii	"RxWriteIndex\000"
 931      69746549 
 931      6E646578 
 931      00
 932              	.LASF9:
 933 00bb 5F5F696E 		.ascii	"__int32_t\000"
 933      7433325F 
 933      7400
 934              	.LASF29:
 935 00c5 52785374 		.ascii	"RxStrIndex\000"
 935      72496E64 
 935      657800
 936              	.LASF27:
 937 00d0 52785265 		.ascii	"RxReadIndex\000"
 937      6164496E 
 937      64657800 
 938              	.LASF36:
 939 00dc 52785374 		.ascii	"RxStr\000"
 939      7200
 940              	.LASF35:
 941 00e2 54527842 		.ascii	"TRxBuffer\000"
 941      75666665 
 941      7200
 942              	.LASF12:
 943 00ec 666C6F61 		.ascii	"float\000"
 943      7400
 944              	.LASF26:
 945 00f2 52784275 		.ascii	"RxBuffer\000"
 945      66666572 
 945      00
 946              	.LASF1:
 947 00fb 756E7369 		.ascii	"unsigned char\000"
 947      676E6564 
 947      20636861 
 947      7200
 948              	.LASF24:
 949 0109 52785374 		.ascii	"RxStr_flag\000"
 949      725F666C 
 949      616700
 950              	.LASF5:
 951 0114 6C6F6E67 		.ascii	"long unsigned int\000"
 951      20756E73 
 951      69676E65 
 951      6420696E 
 951      7400
 952              	.LASF3:
 953 0126 73686F72 		.ascii	"short unsigned int\000"
 953      7420756E 
 953      7369676E 
 953      65642069 
ARM GAS  C:\Users\xx\AppData\Local\Temp\ccMDpH38.s 			page 20


 953      6E7400
 954              	.LASF25:
 955 0139 49544D5F 		.ascii	"ITM_RxBuffer\000"
 955      52784275 
 955      66666572 
 955      00
 956              	.LASF13:
 957 0146 646F7562 		.ascii	"double\000"
 957      6C6500
 958              	.LASF18:
 959 014d 534F4632 		.ascii	"SOF2\000"
 959      00
 960              	.LASF38:
 961 0152 49734368 		.ascii	"IsCharReady\000"
 961      61725265 
 961      61647900 
 962              	.LASF8:
 963 015e 756E7369 		.ascii	"unsigned int\000"
 963      676E6564 
 963      20696E74 
 963      00
 964              	.LASF7:
 965 016b 6C6F6E67 		.ascii	"long long unsigned int\000"
 965      206C6F6E 
 965      6720756E 
 965      7369676E 
 965      65642069 
 966              	.LASF30:
 967 0182 55415254 		.ascii	"UART_ReadRxData\000"
 967      5F526561 
 967      64527844 
 967      61746100 
 968              	.LASF22:
 969 0192 6374726C 		.ascii	"ctrl\000"
 969      00
 970              	.LASF10:
 971 0197 696E7433 		.ascii	"int32_t\000"
 971      325F7400 
 972              	.LASF16:
 973 019f 73697A65 		.ascii	"sizetype\000"
 973      74797065 
 973      00
 974              	.LASF19:
 975 01a8 6D6F746F 		.ascii	"motor\000"
 975      7200
 976              	.LASF21:
 977 01ae 6F6E6F66 		.ascii	"onoff\000"
 977      6600
 978              	.LASF14:
 979 01b4 63686172 		.ascii	"char\000"
 979      00
 980              	.LASF20:
 981 01b9 6470696E 		.ascii	"dpin\000"
 981      00
 982              	.LASF17:
 983 01be 534F4631 		.ascii	"SOF1\000"
 983      00
ARM GAS  C:\Users\xx\AppData\Local\Temp\ccMDpH38.s 			page 21


 984              	.LASF2:
 985 01c3 73686F72 		.ascii	"short int\000"
 985      7420696E 
 985      7400
 986              	.LASF11:
 987 01cd 75696E74 		.ascii	"uint8\000"
 987      3800
 988              	.LASF4:
 989 01d3 6C6F6E67 		.ascii	"long int\000"
 989      20696E74 
 989      00
 990              	.LASF15:
 991 01dc 6C6F6E67 		.ascii	"long double\000"
 991      20646F75 
 991      626C6500 
 992              	.LASF0:
 993 01e8 7369676E 		.ascii	"signed char\000"
 993      65642063 
 993      68617200 
 994              	.LASF34:
 995 01f4 433A5C55 		.ascii	"C:\\Users\\xx\\Google Drive\\Gonzalo\\Magister\\Tes"
 995      73657273 
 995      5C78785C 
 995      476F6F67 
 995      6C652044 
 996 0221 69735C74 		.ascii	"is\\tesis-source\\master-tesis\\dedo_v01.cydsn\000"
 996      65736973 
 996      2D736F75 
 996      7263655C 
 996      6D617374 
 997              	.LASF39:
 998 024d 47657452 		.ascii	"GetRxStr\000"
 998      78537472 
 998      00
 999              	.LASF23:
 1000 0256 76616C73 		.ascii	"valstr\000"
 1000      747200
 1001              	.LASF33:
 1002 025d 6D795541 		.ascii	"myUART.c\000"
 1002      52542E63 
 1002      00
 1003              	.LASF37:
 1004 0266 4D795278 		.ascii	"MyRxInt\000"
 1004      496E7400 
 1005              		.ident	"GCC: (GNU Tools for ARM Embedded Processors) 5.4.1 20160609 (release) [ARM/embedded-5-bran
