--------------- Build Started: 11/03/2017 10:26:56 Project: dedo_v01, Configuration: ARM GCC 5.4-2016-q2-update Debug ---------------
The code generation step is up to date.
arm-none-eabi-gcc.exe -mcpu=cortex-m3 -mthumb -I. -IGenerated_Source\PSoC5 -Wa,-alh=.\CortexM3\ARM_GCC_541\Debug/functions.lst -g -D DEBUG -D CY_CORE_ID=0 -Wall -ffunction-sections -ffat-lto-objects -Og -c functions.c -o .\CortexM3\ARM_GCC_541\Debug\functions.o
arm-none-eabi-gcc.exe -mcpu=cortex-m3 -mthumb -I. -IGenerated_Source\PSoC5 -Wa,-alh=.\CortexM3\ARM_GCC_541\Debug/main.lst -g -D DEBUG -D CY_CORE_ID=0 -Wall -ffunction-sections -ffat-lto-objects -Og -c main.c -o .\CortexM3\ARM_GCC_541\Debug\main.o
main.c: In function 'main':
main.c:162:13: warning: implicit declaration of function 'abs' [-Wimplicit-function-declaration]
         if( abs(speed_ref - actual_speed) > 0 ){
             ^
main.c:69:11: warning: unused variable 'dir_count' [-Wunused-variable]
     int16 dir_count;
           ^
arm-none-eabi-gcc.exe -mcpu=cortex-m3 -mthumb -I. -IGenerated_Source\PSoC5 -Wa,-alh=.\CortexM3\ARM_GCC_541\Debug/isr_functions.lst -g -D DEBUG -D CY_CORE_ID=0 -Wall -ffunction-sections -ffat-lto-objects -Og -c isr_functions.c -o .\CortexM3\ARM_GCC_541\Debug\isr_functions.o
arm-none-eabi-gcc.exe -mcpu=cortex-m3 -mthumb -I. -IGenerated_Source\PSoC5 -Wa,-alh=.\CortexM3\ARM_GCC_541\Debug/vel_control_isr.lst -g -D DEBUG -D CY_CORE_ID=0 -Wall -ffunction-sections -ffat-lto-objects -Og -c vel_control_isr.c -o .\CortexM3\ARM_GCC_541\Debug\vel_control_isr.o
vel_control_isr.c: In function 'vel_control_isr_Interrupt':
vel_control_isr.c:191:16: warning: implicit declaration of function 'fn_mapper_8b' [-Wimplicit-function-declaration]
     _pid_out = fn_mapper_8b(speed_pid_output,0,10000,0,255);
                ^
arm-none-eabi-gcc.exe -mcpu=cortex-m3 -mthumb -I. -IGenerated_Source\PSoC5 -Wa,-alh=.\CortexM3\ARM_GCC_541\Debug/tensor_control_isr.lst -g -D DEBUG -D CY_CORE_ID=0 -Wall -ffunction-sections -ffat-lto-objects -Og -c tensor_control_isr.c -o .\CortexM3\ARM_GCC_541\Debug\tensor_control_isr.o
tensor_control_isr.c: In function 'tensor_control_isr_Interrupt':
tensor_control_isr.c:193:16: warning: implicit declaration of function 'fn_mapper_8b' [-Wimplicit-function-declaration]
     _pid_out = fn_mapper_8b(aux,0,4096,0,255);
                ^
arm-none-eabi-gcc.exe -mcpu=cortex-m3 -mthumb -I. -IGenerated_Source\PSoC5 -Wa,-alh=.\CortexM3\ARM_GCC_541\Debug/angle_control_isr.lst -g -D DEBUG -D CY_CORE_ID=0 -Wall -ffunction-sections -ffat-lto-objects -Og -c Generated_Source\PSoC5\angle_control_isr.c -o .\CortexM3\ARM_GCC_541\Debug\angle_control_isr.o
arm-none-eabi-ar.exe -rs .\CortexM3\ARM_GCC_541\Debug\dedo_v01.a .\CortexM3\ARM_GCC_541\Debug\ADC.o .\CortexM3\ARM_GCC_541\Debug\ADC_INT.o .\CortexM3\ARM_GCC_541\Debug\ADC_PM.o .\CortexM3\ARM_GCC_541\Debug\pote_PIN.o .\CortexM3\ARM_GCC_541\Debug\control_clk.o .\CortexM3\ARM_GCC_541\Debug\vel_control_isr.o .\CortexM3\ARM_GCC_541\Debug\button_PIN.o .\CortexM3\ARM_GCC_541\Debug\isr_button.o .\CortexM3\ARM_GCC_541\Debug\led_PIN.o .\CortexM3\ARM_GCC_541\Debug\tension_PIN.o .\CortexM3\ARM_GCC_541\Debug\tensor_control_isr.o .\CortexM3\ARM_GCC_541\Debug\angle_control_isr.o .\CortexM3\ARM_GCC_541\Debug\control_clk_1.o .\CortexM3\ARM_GCC_541\Debug\VDAC8_Speed.o .\CortexM3\ARM_GCC_541\Debug\VDAC8_Speed_PM.o .\CortexM3\ARM_GCC_541\Debug\ADC_IRQ.o .\CortexM3\ARM_GCC_541\Debug\ADC_theACLK.o .\CortexM3\ARM_GCC_541\Debug\ADC_Bypass.o .\CortexM3\ARM_GCC_541\Debug\CyDmac.o .\CortexM3\ARM_GCC_541\Debug\CyFlash.o .\CortexM3\ARM_GCC_541\Debug\CyLib.o .\CortexM3\ARM_GCC_541\Debug\cyPm.o .\CortexM3\ARM_GCC_541\Debug\CySpc.o .\CortexM3\ARM_GCC_541\Debug\cyutils.o .\CortexM3\ARM_GCC_541\Debug\RxInt.o .\CortexM3\ARM_GCC_541\Debug\UART.o .\CortexM3\ARM_GCC_541\Debug\UART_PM.o .\CortexM3\ARM_GCC_541\Debug\UART_INT.o .\CortexM3\ARM_GCC_541\Debug\UART_BOOT.o .\CortexM3\ARM_GCC_541\Debug\UART_IntClock.o .\CortexM3\ARM_GCC_541\Debug\ADC_TS.o .\CortexM3\ARM_GCC_541\Debug\ADC_TS_PM.o .\CortexM3\ARM_GCC_541\Debug\ADC_TS_INT.o .\CortexM3\ARM_GCC_541\Debug\ADC_TS_SAR.o .\CortexM3\ARM_GCC_541\Debug\ADC_TS_SAR_INT.o .\CortexM3\ARM_GCC_541\Debug\ADC_TS_SAR_PM.o .\CortexM3\ARM_GCC_541\Debug\ADC_TS_IntClock.o .\CortexM3\ARM_GCC_541\Debug\ADC_TS_TempBuf_dma.o .\CortexM3\ARM_GCC_541\Debug\ADC_TS_FinalBuf_dma.o .\CortexM3\ARM_GCC_541\Debug\ADC_TS_IRQ.o .\CortexM3\ARM_GCC_541\Debug\PM2_input.o .\CortexM3\ARM_GCC_541\Debug\PM2_DirCounter.o .\CortexM3\ARM_GCC_541\Debug\PM2_DirCounter_INT.o .\CortexM3\ARM_GCC_541\Debug\PM2_DirCounter_PM.o .\CortexM3\ARM_GCC_541\Debug\PM2_HA_Timer.o .\CortexM3\ARM_GCC_541\Debug\PM2_HA_Timer_PM.o .\CortexM3\ARM_GCC_541\Debug\PM2_DirCounter_isr.o .\CortexM3\ARM_GCC_541\Debug\PM2_DirCounter_Cnt16.o .\CortexM3\ARM_GCC_541\Debug\PM2_DirCounter_Cnt16_PM.o .\CortexM3\ARM_GCC_541\Debug\PM1_HA_ISR.o .\CortexM3\ARM_GCC_541\Debug\PM1_input.o .\CortexM3\ARM_GCC_541\Debug\PM2_HA_ISR.o .\CortexM3\ARM_GCC_541\Debug\PM1_HA_TIMER.o .\CortexM3\ARM_GCC_541\Debug\PM1_HA_TIMER_PM.o .\CortexM3\ARM_GCC_541\Debug\SPD_CLOCK_10K.o .\CortexM3\ARM_GCC_541\Debug\SPD_CLOCK_10.o .\CortexM3\ARM_GCC_541\Debug\PM1_DirCounter.o .\CortexM3\ARM_GCC_541\Debug\PM1_DirCounter_INT.o .\CortexM3\ARM_GCC_541\Debug\PM1_DirCounter_PM.o .\CortexM3\ARM_GCC_541\Debug\PM1_DirCounter_isr.o .\CortexM3\ARM_GCC_541\Debug\PM1_DirCounter_Cnt16.o .\CortexM3\ARM_GCC_541\Debug\PM1_DirCounter_Cnt16_PM.o .\CortexM3\ARM_GCC_541\Debug\COUNT_ISR.o .\CortexM3\ARM_GCC_541\Debug\PM1_DIR.o .\CortexM3\ARM_GCC_541\Debug\PM1_BRAKEn.o .\CortexM3\ARM_GCC_541\Debug\PM1_ENABLE.o .\CortexM3\ARM_GCC_541\Debug\PM1_SPEED.o .\CortexM3\ARM_GCC_541\Debug\CyBootAsmGnu.o
arm-none-eabi-ar.exe: creating .\CortexM3\ARM_GCC_541\Debug\dedo_v01.a
arm-none-eabi-gcc.exe -Wl,--start-group -o "C:\Users\Gonzalo Olave\Dropbox (Personal)\Magister\Tesis\tesis-source\master-tesis\dedo_v01.cydsn\CortexM3\ARM_GCC_541\Debug\dedo_v01.elf" .\CortexM3\ARM_GCC_541\Debug\functions.o .\CortexM3\ARM_GCC_541\Debug\pid.o .\CortexM3\ARM_GCC_541\Debug\main.o .\CortexM3\ARM_GCC_541\Debug\myUART.o .\CortexM3\ARM_GCC_541\Debug\motor.o .\CortexM3\ARM_GCC_541\Debug\isr_functions.o .\CortexM3\ARM_GCC_541\Debug\cyfitter_cfg.o .\CortexM3\ARM_GCC_541\Debug\cymetadata.o .\CortexM3\ARM_GCC_541\Debug\Cm3Start.o .\CortexM3\ARM_GCC_541\Debug\dedo_v01.a "C:\Program Files (x86)\Cypress\PSoC Creator\4.1\PSoC Creator\psoc\content\cycomponentlibrary\CyComponentLibrary.cylib\CortexM3\ARM_GCC_541\Debug\CyComponentLibrary.a" -mcpu=cortex-m3 -mthumb -l m -L Generated_Source\PSoC5 -Wl,-Map,.\CortexM3\ARM_GCC_541\Debug/dedo_v01.map -T Generated_Source\PSoC5\cm3gcc.ld -specs=nano.specs -Wl,--gc-sections -g -ffunction-sections -Og -ffat-lto-objects -Wl,--end-group
.\CortexM3\ARM_GCC_541\Debug\main.o: In function `initMotors':
C:\Users\Gonzalo Olave\Dropbox (Personal)\Magister\Tesis\tesis-source\master-tesis\dedo_v01.cydsn/main.c:47: undefined reference to `PM1'
C:\Users\Gonzalo Olave\Dropbox (Personal)\Magister\Tesis\tesis-source\master-tesis\dedo_v01.cydsn/main.c:47: undefined reference to `PM2'
.\CortexM3\ARM_GCC_541\Debug\main.o: In function `main':
C:\Users\Gonzalo Olave\Dropbox (Personal)\Magister\Tesis\tesis-source\master-tesis\dedo_v01.cydsn/main.c:205: undefined reference to `PM1'
.\CortexM3\ARM_GCC_541\Debug\isr_functions.o: In function `COUNT_INT':
C:\Users\Gonzalo Olave\Dropbox (Personal)\Magister\Tesis\tesis-source\master-tesis\dedo_v01.cydsn/isr_functions.c:45: undefined reference to `PM1'
collect2.exe: error: ld returned 1 exit status
The command 'arm-none-eabi-gcc.exe' failed with exit code '1'.
--------------- Build Failed: 11/03/2017 10:27:04 ---------------
