--------------- Clean Started: 09/04/2017 16:31:55 Project: dedo_v01, Configuration: ARM GCC 5.4-2016-q2-update Debug ---------------
Deleting file ".\CortexM3\ARM_GCC_541\Debug\functions.o"
Deleting file ".\CortexM3\ARM_GCC_541\Debug\pid.o"
Deleting file ".\CortexM3\ARM_GCC_541\Debug\main.o"
Deleting file ".\CortexM3\ARM_GCC_541\Debug\cyfitter_cfg.o"
Deleting file ".\CortexM3\ARM_GCC_541\Debug\cymetadata.o"
Deleting file ".\CortexM3\ARM_GCC_541\Debug\ENABLE.o"
Deleting file ".\CortexM3\ARM_GCC_541\Debug\ADC.o"
Deleting file ".\CortexM3\ARM_GCC_541\Debug\ADC_INT.o"
Deleting file ".\CortexM3\ARM_GCC_541\Debug\ADC_PM.o"
Deleting file ".\CortexM3\ARM_GCC_541\Debug\pote_PIN.o"
Deleting file ".\CortexM3\ARM_GCC_541\Debug\SPEED.o"
Deleting file ".\CortexM3\ARM_GCC_541\Debug\DIR.o"
Deleting file ".\CortexM3\ARM_GCC_541\Debug\BRAKEn.o"
Deleting file ".\CortexM3\ARM_GCC_541\Debug\HA.o"
Deleting file ".\CortexM3\ARM_GCC_541\Debug\HB.o"
Deleting file ".\CortexM3\ARM_GCC_541\Debug\UART_1.o"
Deleting file ".\CortexM3\ARM_GCC_541\Debug\UART_1_PM.o"
Deleting file ".\CortexM3\ARM_GCC_541\Debug\UART_1_INT.o"
Deleting file ".\CortexM3\ARM_GCC_541\Debug\UART_1_BOOT.o"
Deleting file ".\CortexM3\ARM_GCC_541\Debug\vel_counter_clk.o"
Deleting file ".\CortexM3\ARM_GCC_541\Debug\isr_HA.o"
Deleting file ".\CortexM3\ARM_GCC_541\Debug\isr_counter.o"
Deleting file ".\CortexM3\ARM_GCC_541\Debug\control_clk.o"
Deleting file ".\CortexM3\ARM_GCC_541\Debug\vel_control_isr.o"
Deleting file ".\CortexM3\ARM_GCC_541\Debug\button_PIN.o"
Deleting file ".\CortexM3\ARM_GCC_541\Debug\isr_button.o"
Deleting file ".\CortexM3\ARM_GCC_541\Debug\led_PIN.o"
Deleting file ".\CortexM3\ARM_GCC_541\Debug\ADC_tension.o"
Deleting file ".\CortexM3\ARM_GCC_541\Debug\ADC_tension_INT.o"
Deleting file ".\CortexM3\ARM_GCC_541\Debug\ADC_tension_PM.o"
Deleting file ".\CortexM3\ARM_GCC_541\Debug\tension_PIN.o"
Deleting file ".\CortexM3\ARM_GCC_541\Debug\tensor_control_isr.o"
Deleting file ".\CortexM3\ARM_GCC_541\Debug\angle_control_isr.o"
Deleting file ".\CortexM3\ARM_GCC_541\Debug\DirCounter.o"
Deleting file ".\CortexM3\ARM_GCC_541\Debug\DirCounter_PM.o"
Deleting file ".\CortexM3\ARM_GCC_541\Debug\control_clk_1.o"
Deleting file ".\CortexM3\ARM_GCC_541\Debug\VDAC8_Speed.o"
Deleting file ".\CortexM3\ARM_GCC_541\Debug\VDAC8_Speed_PM.o"
Deleting file ".\CortexM3\ARM_GCC_541\Debug\Timer_ha.o"
Deleting file ".\CortexM3\ARM_GCC_541\Debug\Timer_ha_PM.o"
Deleting file ".\CortexM3\ARM_GCC_541\Debug\ADC_IRQ.o"
Deleting file ".\CortexM3\ARM_GCC_541\Debug\ADC_theACLK.o"
Deleting file ".\CortexM3\ARM_GCC_541\Debug\ADC_Bypass.o"
Deleting file ".\CortexM3\ARM_GCC_541\Debug\UART_1_IntClock.o"
Deleting file ".\CortexM3\ARM_GCC_541\Debug\ADC_tension_IRQ.o"
Deleting file ".\CortexM3\ARM_GCC_541\Debug\ADC_tension_theACLK.o"
Deleting file ".\CortexM3\ARM_GCC_541\Debug\DirCounter_Cnt16.o"
Deleting file ".\CortexM3\ARM_GCC_541\Debug\DirCounter_Cnt16_PM.o"
Deleting file ".\CortexM3\ARM_GCC_541\Debug\Cm3Start.o"
Deleting file ".\CortexM3\ARM_GCC_541\Debug\CyBootAsmGnu.o"
Deleting file ".\CortexM3\ARM_GCC_541\Debug\CyDmac.o"
Deleting file ".\CortexM3\ARM_GCC_541\Debug\CyFlash.o"
Deleting file ".\CortexM3\ARM_GCC_541\Debug\CyLib.o"
Deleting file ".\CortexM3\ARM_GCC_541\Debug\cyPm.o"
Deleting file ".\CortexM3\ARM_GCC_541\Debug\CySpc.o"
Deleting file ".\CortexM3\ARM_GCC_541\Debug\cyutils.o"
Deleting file ".\CortexM3\ARM_GCC_541\Debug\dedo_v01.hex"
Deleting file ".\CortexM3\ARM_GCC_541\Debug\dedo_v01.elf"
Deleting file ".\CortexM3\ARM_GCC_541\Debug\dedo_v01.map"
Deleting file ".\dedo_v01.cycdx"
Deleting file ".\dedo_v01.svd"
Deleting file ".\dedo_v01.rpt"
Deleting file ".\dedo_v01_timing.html"
Deleting file ".\CortexM3\ARM_GCC_541\Debug\.deps\SOURCE_C__ARM_GCC_GENERIC.P"
Deleting file ".\CortexM3\ARM_GCC_541\Debug\.deps\SOURCE_ASM__ARM_GCC_GENERIC.P"
--------------- Clean Succeeded: 09/04/2017 16:31:55 ---------------
