--------------- Rebuild Started: 10/03/2017 18:23:32 Project: dedo_v01, Configuration: ARM GCC 5.4-2016-q2-update Debug ---------------
Deleting file ".\CortexM3\ARM_GCC_541\Debug\functions.o"
Deleting file ".\CortexM3\ARM_GCC_541\Debug\pid.o"
Deleting file ".\CortexM3\ARM_GCC_541\Debug\main.o"
Deleting file ".\CortexM3\ARM_GCC_541\Debug\myUART.o"
Deleting file ".\CortexM3\ARM_GCC_541\Debug\cyfitter_cfg.o"
Deleting file ".\CortexM3\ARM_GCC_541\Debug\cymetadata.o"
Deleting file ".\CortexM3\ARM_GCC_541\Debug\ENABLE.o"
Deleting file ".\CortexM3\ARM_GCC_541\Debug\ADC.o"
Deleting file ".\CortexM3\ARM_GCC_541\Debug\ADC_INT.o"
Deleting file ".\CortexM3\ARM_GCC_541\Debug\ADC_PM.o"
Deleting file ".\CortexM3\ARM_GCC_541\Debug\pote_PIN.o"
Deleting file ".\CortexM3\ARM_GCC_541\Debug\SPEED.o"
Deleting file ".\CortexM3\ARM_GCC_541\Debug\DIR.o"
Deleting file ".\CortexM3\ARM_GCC_541\Debug\BRAKEn.o"
Deleting file ".\CortexM3\ARM_GCC_541\Debug\HA.o"
Deleting file ".\CortexM3\ARM_GCC_541\Debug\HB.o"
Deleting file ".\CortexM3\ARM_GCC_541\Debug\vel_counter_clk.o"
Deleting file ".\CortexM3\ARM_GCC_541\Debug\isr_HA.o"
Deleting file ".\CortexM3\ARM_GCC_541\Debug\isr_counter.o"
Deleting file ".\CortexM3\ARM_GCC_541\Debug\control_clk.o"
Deleting file ".\CortexM3\ARM_GCC_541\Debug\vel_control_isr.o"
Deleting file ".\CortexM3\ARM_GCC_541\Debug\button_PIN.o"
Deleting file ".\CortexM3\ARM_GCC_541\Debug\isr_button.o"
Deleting file ".\CortexM3\ARM_GCC_541\Debug\led_PIN.o"
Deleting file ".\CortexM3\ARM_GCC_541\Debug\tension_PIN.o"
Deleting file ".\CortexM3\ARM_GCC_541\Debug\tensor_control_isr.o"
Deleting file ".\CortexM3\ARM_GCC_541\Debug\angle_control_isr.o"
Deleting file ".\CortexM3\ARM_GCC_541\Debug\DirCounter.o"
Deleting file ".\CortexM3\ARM_GCC_541\Debug\DirCounter_PM.o"
Deleting file ".\CortexM3\ARM_GCC_541\Debug\control_clk_1.o"
Deleting file ".\CortexM3\ARM_GCC_541\Debug\VDAC8_Speed.o"
Deleting file ".\CortexM3\ARM_GCC_541\Debug\VDAC8_Speed_PM.o"
Deleting file ".\CortexM3\ARM_GCC_541\Debug\Timer_ha.o"
Deleting file ".\CortexM3\ARM_GCC_541\Debug\Timer_ha_PM.o"
Deleting file ".\CortexM3\ARM_GCC_541\Debug\ADC_IRQ.o"
Deleting file ".\CortexM3\ARM_GCC_541\Debug\ADC_theACLK.o"
Deleting file ".\CortexM3\ARM_GCC_541\Debug\ADC_Bypass.o"
Deleting file ".\CortexM3\ARM_GCC_541\Debug\DirCounter_Cnt16.o"
Deleting file ".\CortexM3\ARM_GCC_541\Debug\DirCounter_Cnt16_PM.o"
Deleting file ".\CortexM3\ARM_GCC_541\Debug\Cm3Start.o"
Deleting file ".\CortexM3\ARM_GCC_541\Debug\CyBootAsmGnu.o"
Deleting file ".\CortexM3\ARM_GCC_541\Debug\CyDmac.o"
Deleting file ".\CortexM3\ARM_GCC_541\Debug\CyFlash.o"
Deleting file ".\CortexM3\ARM_GCC_541\Debug\CyLib.o"
Deleting file ".\CortexM3\ARM_GCC_541\Debug\cyPm.o"
Deleting file ".\CortexM3\ARM_GCC_541\Debug\CySpc.o"
Deleting file ".\CortexM3\ARM_GCC_541\Debug\cyutils.o"
Deleting file ".\CortexM3\ARM_GCC_541\Debug\RxInt.o"
Deleting file ".\CortexM3\ARM_GCC_541\Debug\UART.o"
Deleting file ".\CortexM3\ARM_GCC_541\Debug\UART_PM.o"
Deleting file ".\CortexM3\ARM_GCC_541\Debug\UART_INT.o"
Deleting file ".\CortexM3\ARM_GCC_541\Debug\UART_BOOT.o"
Deleting file ".\CortexM3\ARM_GCC_541\Debug\UART_IntClock.o"
Deleting file ".\CortexM3\ARM_GCC_541\Debug\ADC_TS.o"
Deleting file ".\CortexM3\ARM_GCC_541\Debug\ADC_TS_PM.o"
Deleting file ".\CortexM3\ARM_GCC_541\Debug\ADC_TS_INT.o"
Deleting file ".\CortexM3\ARM_GCC_541\Debug\ADC_TS_SAR.o"
Deleting file ".\CortexM3\ARM_GCC_541\Debug\ADC_TS_SAR_INT.o"
Deleting file ".\CortexM3\ARM_GCC_541\Debug\ADC_TS_SAR_PM.o"
Deleting file ".\CortexM3\ARM_GCC_541\Debug\ADC_TS_IntClock.o"
Deleting file ".\CortexM3\ARM_GCC_541\Debug\ADC_TS_TempBuf_dma.o"
Deleting file ".\CortexM3\ARM_GCC_541\Debug\ADC_TS_FinalBuf_dma.o"
Deleting file ".\CortexM3\ARM_GCC_541\Debug\ADC_TS_IRQ.o"
Deleting file ".\CortexM3\ARM_GCC_541\Debug\dedo_v01.hex"
Deleting file ".\CortexM3\ARM_GCC_541\Debug\dedo_v01.elf"
Deleting file ".\CortexM3\ARM_GCC_541\Debug\dedo_v01.map"
Deleting file ".\dedo_v01.cycdx"
Deleting file ".\dedo_v01.svd"
Deleting file ".\dedo_v01.rpt"
Deleting file ".\dedo_v01_timing.html"
Deleting file ".\CortexM3\ARM_GCC_541\Debug\.deps\SOURCE_C__ARM_GCC_GENERIC.P"
Deleting file ".\CortexM3\ARM_GCC_541\Debug\.deps\SOURCE_ASM__ARM_GCC_GENERIC.P"
cydsfit.exe -.appdatapath "C:\Users\Gonzalo Olave\AppData\Local\Cypress Semiconductor\PSoC Creator\4.1" -.fdsnotice -.fdswarpdepfile=warp_dependencies.txt -.fdselabdepfile=elab_dependencies.txt -.fdsbldfile=generated_files.txt -.fdsreffile=referenced_files.txt -p "C:\Users\Gonzalo Olave\Dropbox (Personal)\Magister\Tesis\tesis-source\master-tesis\dedo_v01.cydsn\dedo_v01.cyprj" -d CY8C5888LTI-LP097 -s "C:\Users\Gonzalo Olave\Dropbox (Personal)\Magister\Tesis\tesis-source\master-tesis\dedo_v01.cydsn\Generated_Source\PSoC5" -- -yv2 -q10 -ygs -o2 -v3 -.fftcfgtype=LE
Elaborating Design...
ADD: sdb.M0065: information: Analog terminal "ADC_TS.AIN_41" on TopDesign is unconnected.
 * C:\Users\Gonzalo Olave\Dropbox (Personal)\Magister\Tesis\tesis-source\master-tesis\dedo_v01.cydsn\TopDesign\TopDesign.cysch (Signal: Net_201)
 * C:\Users\Gonzalo Olave\Dropbox (Personal)\Magister\Tesis\tesis-source\master-tesis\dedo_v01.cydsn\TopDesign\TopDesign.cysch (Shape_29.30)
ADD: sdb.M0065: information: Analog terminal "ADC_TS.AIN3" on TopDesign is unconnected.
 * C:\Users\Gonzalo Olave\Dropbox (Personal)\Magister\Tesis\tesis-source\master-tesis\dedo_v01.cydsn\TopDesign\TopDesign.cysch (Signal: Net_199)
 * C:\Users\Gonzalo Olave\Dropbox (Personal)\Magister\Tesis\tesis-source\master-tesis\dedo_v01.cydsn\TopDesign\TopDesign.cysch (Shape_29.26)
ADD: sdb.M0065: information: Analog terminal "ADC_TS.AIN_30" on TopDesign is unconnected.
 * C:\Users\Gonzalo Olave\Dropbox (Personal)\Magister\Tesis\tesis-source\master-tesis\dedo_v01.cydsn\TopDesign\TopDesign.cysch (Signal: Net_197)
 * C:\Users\Gonzalo Olave\Dropbox (Personal)\Magister\Tesis\tesis-source\master-tesis\dedo_v01.cydsn\TopDesign\TopDesign.cysch (Shape_29.22)
ADD: sdb.M0065: information: Analog terminal "ADC_TS.AIN_21" on TopDesign is unconnected.
 * C:\Users\Gonzalo Olave\Dropbox (Personal)\Magister\Tesis\tesis-source\master-tesis\dedo_v01.cydsn\TopDesign\TopDesign.cysch (Signal: Net_196)
 * C:\Users\Gonzalo Olave\Dropbox (Personal)\Magister\Tesis\tesis-source\master-tesis\dedo_v01.cydsn\TopDesign\TopDesign.cysch (Shape_29.20)
ADD: sdb.M0065: information: Analog terminal "ADC_TS.AIN1" on TopDesign is unconnected.
 * C:\Users\Gonzalo Olave\Dropbox (Personal)\Magister\Tesis\tesis-source\master-tesis\dedo_v01.cydsn\TopDesign\TopDesign.cysch (Signal: Net_194)
 * C:\Users\Gonzalo Olave\Dropbox (Personal)\Magister\Tesis\tesis-source\master-tesis\dedo_v01.cydsn\TopDesign\TopDesign.cysch (Shape_29.16)
ADD: sdb.M0065: information: Analog terminal "vdac_ref" on ADC_SAR_SEQ_v2_0 is unconnected.
 * C:\Program Files (x86)\Cypress\PSoC Creator\4.1\PSoC Creator\psoc\content\CyComponentLibrary\CyComponentLibrary.cylib\ADC_SAR_SEQ_v2_0\PSoC5\ADC_SAR_SEQ_v2_0.cysch (Signal: vdac_ref)
 * C:\Program Files (x86)\Cypress\PSoC Creator\4.1\PSoC Creator\psoc\content\CyComponentLibrary\CyComponentLibrary.cylib\ADC_SAR_SEQ_v2_0\PSoC5\ADC_SAR_SEQ_v2_0.cysch (Shape_798)
 * C:\Program Files (x86)\Cypress\PSoC Creator\4.1\PSoC Creator\psoc\content\CyComponentLibrary\CyComponentLibrary.cylib\ADC_SAR_SEQ_v2_0\PSoC5\ADC_SAR_SEQ_v2_0.cysch (Shape_885)
HDL Generation...
Synthesis...
Tech Mapping...
ADD: pft.M0040: information: The following 1 pin(s) will be assigned a location by the fitter: \ADC:Bypass(0)\
Analog Placement...
Info: apr.M0002: Analog signal "Net_194" is connected to one terminal only. (App=cydsfit)
Info: apr.M0002: Analog signal "Net_196" is connected to one terminal only. (App=cydsfit)
Info: apr.M0002: Analog signal "Net_197" is connected to one terminal only. (App=cydsfit)
Info: apr.M0002: Analog signal "Net_199" is connected to one terminal only. (App=cydsfit)
Info: apr.M0002: Analog signal "Net_201" is connected to one terminal only. (App=cydsfit)
Info: apr.M0002: Analog signal "Net_202" is connected to one terminal only. (App=cydsfit)
Info: apr.M0002: Analog signal "Net_204" is connected to one terminal only. (App=cydsfit)
Info: apr.M0002: Analog signal "Net_206" is connected to one terminal only. (App=cydsfit)
Info: apr.M0002: Analog signal "Net_207" is connected to one terminal only. (App=cydsfit)
Info: apr.M0002: Analog signal "Net_209" is connected to one terminal only. (App=cydsfit)
Info: apr.M0002: Analog signal "Net_211" is connected to one terminal only. (App=cydsfit)
Info: apr.M0002: Analog signal "Net_212" is connected to one terminal only. (App=cydsfit)
Info: apr.M0002: Analog signal "Net_214" is connected to one terminal only. (App=cydsfit)
Info: apr.M0002: Analog signal "Net_216" is connected to one terminal only. (App=cydsfit)
Info: apr.M0002: Analog signal "Net_217" is connected to one terminal only. (App=cydsfit)
Info: apr.M0002: Analog signal "Net_219" is connected to one terminal only. (App=cydsfit)
Info: apr.M0002: Analog signal "Net_221" is connected to one terminal only. (App=cydsfit)
Info: apr.M0002: Analog signal "Net_222" is connected to one terminal only. (App=cydsfit)
Info: apr.M0002: Analog signal "Net_224" is connected to one terminal only. (App=cydsfit)
Info: apr.M0002: Analog signal "Net_226" is connected to one terminal only. (App=cydsfit)
Info: apr.M0002: Analog signal "Net_227" is connected to one terminal only. (App=cydsfit)
Info: apr.M0002: Analog signal "Net_229" is connected to one terminal only. (App=cydsfit)
Info: apr.M0002: Analog signal "Net_231" is connected to one terminal only. (App=cydsfit)
Info: apr.M0002: Analog signal "Net_232" is connected to one terminal only. (App=cydsfit)
Info: apr.M0002: Analog signal "Net_235" is connected to one terminal only. (App=cydsfit)
Info: apr.M0002: Analog signal "Net_237" is connected to one terminal only. (App=cydsfit)
Info: apr.M0002: Analog signal "Net_238" is connected to one terminal only. (App=cydsfit)
Info: apr.M0002: Analog signal "Net_241" is connected to one terminal only. (App=cydsfit)
Info: apr.M0002: Analog signal "Net_243" is connected to one terminal only. (App=cydsfit)
Info: apr.M0002: Analog signal "Net_244" is connected to one terminal only. (App=cydsfit)
Info: apr.M0002: Analog signal "Net_246" is connected to one terminal only. (App=cydsfit)
Info: apr.M0002: Analog signal "Net_248" is connected to one terminal only. (App=cydsfit)
Info: apr.M0002: Analog signal "Net_249" is connected to one terminal only. (App=cydsfit)
Info: apr.M0002: Analog signal "Net_251" is connected to one terminal only. (App=cydsfit)
Info: apr.M0002: Analog signal "Net_253" is connected to one terminal only. (App=cydsfit)
Info: apr.M0002: Analog signal "Net_254" is connected to one terminal only. (App=cydsfit)
Info: apr.M0002: Analog signal "Net_256" is connected to one terminal only. (App=cydsfit)
Info: apr.M0002: Analog signal "Net_258" is connected to one terminal only. (App=cydsfit)
Info: apr.M0002: Analog signal "Net_259" is connected to one terminal only. (App=cydsfit)
Info: apr.M0002: Analog signal "Net_261" is connected to one terminal only. (App=cydsfit)
Info: apr.M0002: Analog signal "Net_263" is connected to one terminal only. (App=cydsfit)
Info: apr.M0002: Analog signal "Net_264" is connected to one terminal only. (App=cydsfit)
Info: apr.M0002: Analog signal "Net_266" is connected to one terminal only. (App=cydsfit)
Info: apr.M0002: Analog signal "Net_268" is connected to one terminal only. (App=cydsfit)
Info: apr.M0002: Analog signal "Net_269" is connected to one terminal only. (App=cydsfit)
Info: apr.M0002: Analog signal "Net_271" is connected to one terminal only. (App=cydsfit)
Info: apr.M0002: Analog signal "Net_273" is connected to one terminal only. (App=cydsfit)
Info: apr.M0002: Analog signal "Net_274" is connected to one terminal only. (App=cydsfit)
Info: apr.M0002: Analog signal "Net_275" is connected to one terminal only. (App=cydsfit)
Info: apr.M0002: Analog signal "Net_276" is connected to one terminal only. (App=cydsfit)
Info: apr.M0002: Analog signal "Net_277" is connected to one terminal only. (App=cydsfit)
Info: apr.M0002: Analog signal "Net_278" is connected to one terminal only. (App=cydsfit)
Info: apr.M0002: Analog signal "Net_279" is connected to one terminal only. (App=cydsfit)
Info: apr.M0002: Analog signal "Net_280" is connected to one terminal only. (App=cydsfit)
Info: apr.M0002: Analog signal "Net_281" is connected to one terminal only. (App=cydsfit)
Info: apr.M0002: Analog signal "Net_282" is connected to one terminal only. (App=cydsfit)
Info: apr.M0002: Analog signal "Net_283" is connected to one terminal only. (App=cydsfit)
Info: apr.M0002: Analog signal "Net_284" is connected to one terminal only. (App=cydsfit)
Info: apr.M0002: Analog signal "Net_285" is connected to one terminal only. (App=cydsfit)
Info: apr.M0002: Analog signal "Net_286" is connected to one terminal only. (App=cydsfit)
Info: apr.M0002: Analog signal "Net_287" is connected to one terminal only. (App=cydsfit)
Info: apr.M0002: Analog signal "Net_288" is connected to one terminal only. (App=cydsfit)
Info: apr.M0002: Analog signal "Net_289" is connected to one terminal only. (App=cydsfit)
Log: apr.M0058: The analog placement iterative improvement is 59% done. (App=cydsfit)
Log: apr.M0058: The analog placement iterative improvement is 90% done. (App=cydsfit)
Analog Routing...
Analog Code Generation...
Digital Placement...
Digital Routing...
Bitstream Generation...
Bitstream Verification...
Static timing analysis...
API Generation...
Dependency Generation...
Cleanup...
arm-none-eabi-gcc.exe -mcpu=cortex-m3 -mthumb -I. -IGenerated_Source\PSoC5 -Wa,-alh=.\CortexM3\ARM_GCC_541\Debug/functions.lst -g -D DEBUG -D CY_CORE_ID=0 -Wall -ffunction-sections -ffat-lto-objects -Og -c functions.c -o .\CortexM3\ARM_GCC_541\Debug\functions.o
arm-none-eabi-gcc.exe -mcpu=cortex-m3 -mthumb -I. -IGenerated_Source\PSoC5 -Wa,-alh=.\CortexM3\ARM_GCC_541\Debug/pid.lst -g -D DEBUG -D CY_CORE_ID=0 -Wall -ffunction-sections -ffat-lto-objects -Og -c pid.c -o .\CortexM3\ARM_GCC_541\Debug\pid.o
arm-none-eabi-gcc.exe -mcpu=cortex-m3 -mthumb -I. -IGenerated_Source\PSoC5 -Wa,-alh=.\CortexM3\ARM_GCC_541\Debug/main.lst -g -D DEBUG -D CY_CORE_ID=0 -Wall -ffunction-sections -ffat-lto-objects -Og -c main.c -o .\CortexM3\ARM_GCC_541\Debug\main.o
main.c: In function 'main':
main.c:55:11: warning: variable 'dir_count' set but not used [-Wunused-but-set-variable]
     int16 dir_count;
           ^
arm-none-eabi-gcc.exe -mcpu=cortex-m3 -mthumb -I. -IGenerated_Source\PSoC5 -Wa,-alh=.\CortexM3\ARM_GCC_541\Debug/myUART.lst -g -D DEBUG -D CY_CORE_ID=0 -Wall -ffunction-sections -ffat-lto-objects -Og -c myUART.c -o .\CortexM3\ARM_GCC_541\Debug\myUART.o
arm-none-eabi-gcc.exe -mcpu=cortex-m3 -mthumb -I. -IGenerated_Source\PSoC5 -Wa,-alh=.\CortexM3\ARM_GCC_541\Debug/cyfitter_cfg.lst -g -D DEBUG -D CY_CORE_ID=0 -Wall -ffunction-sections -ffat-lto-objects -Og -c Generated_Source\PSoC5\cyfitter_cfg.c -o .\CortexM3\ARM_GCC_541\Debug\cyfitter_cfg.o
arm-none-eabi-gcc.exe -mcpu=cortex-m3 -mthumb -I. -IGenerated_Source\PSoC5 -Wa,-alh=.\CortexM3\ARM_GCC_541\Debug/cymetadata.lst -g -D DEBUG -D CY_CORE_ID=0 -Wall -ffunction-sections -ffat-lto-objects -Og -c Generated_Source\PSoC5\cymetadata.c -o .\CortexM3\ARM_GCC_541\Debug\cymetadata.o
arm-none-eabi-gcc.exe -mcpu=cortex-m3 -mthumb -I. -IGenerated_Source\PSoC5 -Wa,-alh=.\CortexM3\ARM_GCC_541\Debug/ENABLE.lst -g -D DEBUG -D CY_CORE_ID=0 -Wall -ffunction-sections -ffat-lto-objects -Og -c Generated_Source\PSoC5\ENABLE.c -o .\CortexM3\ARM_GCC_541\Debug\ENABLE.o
arm-none-eabi-gcc.exe -mcpu=cortex-m3 -mthumb -I. -IGenerated_Source\PSoC5 -Wa,-alh=.\CortexM3\ARM_GCC_541\Debug/ADC.lst -g -D DEBUG -D CY_CORE_ID=0 -Wall -ffunction-sections -ffat-lto-objects -Og -c Generated_Source\PSoC5\ADC.c -o .\CortexM3\ARM_GCC_541\Debug\ADC.o
arm-none-eabi-gcc.exe -mcpu=cortex-m3 -mthumb -I. -IGenerated_Source\PSoC5 -Wa,-alh=.\CortexM3\ARM_GCC_541\Debug/ADC_INT.lst -g -D DEBUG -D CY_CORE_ID=0 -Wall -ffunction-sections -ffat-lto-objects -Og -c Generated_Source\PSoC5\ADC_INT.c -o .\CortexM3\ARM_GCC_541\Debug\ADC_INT.o
arm-none-eabi-gcc.exe -mcpu=cortex-m3 -mthumb -I. -IGenerated_Source\PSoC5 -Wa,-alh=.\CortexM3\ARM_GCC_541\Debug/ADC_PM.lst -g -D DEBUG -D CY_CORE_ID=0 -Wall -ffunction-sections -ffat-lto-objects -Og -c Generated_Source\PSoC5\ADC_PM.c -o .\CortexM3\ARM_GCC_541\Debug\ADC_PM.o
arm-none-eabi-gcc.exe -mcpu=cortex-m3 -mthumb -I. -IGenerated_Source\PSoC5 -Wa,-alh=.\CortexM3\ARM_GCC_541\Debug/pote_PIN.lst -g -D DEBUG -D CY_CORE_ID=0 -Wall -ffunction-sections -ffat-lto-objects -Og -c Generated_Source\PSoC5\pote_PIN.c -o .\CortexM3\ARM_GCC_541\Debug\pote_PIN.o
arm-none-eabi-gcc.exe -mcpu=cortex-m3 -mthumb -I. -IGenerated_Source\PSoC5 -Wa,-alh=.\CortexM3\ARM_GCC_541\Debug/SPEED.lst -g -D DEBUG -D CY_CORE_ID=0 -Wall -ffunction-sections -ffat-lto-objects -Og -c Generated_Source\PSoC5\SPEED.c -o .\CortexM3\ARM_GCC_541\Debug\SPEED.o
arm-none-eabi-gcc.exe -mcpu=cortex-m3 -mthumb -I. -IGenerated_Source\PSoC5 -Wa,-alh=.\CortexM3\ARM_GCC_541\Debug/DIR.lst -g -D DEBUG -D CY_CORE_ID=0 -Wall -ffunction-sections -ffat-lto-objects -Og -c Generated_Source\PSoC5\DIR.c -o .\CortexM3\ARM_GCC_541\Debug\DIR.o
arm-none-eabi-gcc.exe -mcpu=cortex-m3 -mthumb -I. -IGenerated_Source\PSoC5 -Wa,-alh=.\CortexM3\ARM_GCC_541\Debug/BRAKEn.lst -g -D DEBUG -D CY_CORE_ID=0 -Wall -ffunction-sections -ffat-lto-objects -Og -c Generated_Source\PSoC5\BRAKEn.c -o .\CortexM3\ARM_GCC_541\Debug\BRAKEn.o
arm-none-eabi-gcc.exe -mcpu=cortex-m3 -mthumb -I. -IGenerated_Source\PSoC5 -Wa,-alh=.\CortexM3\ARM_GCC_541\Debug/HA.lst -g -D DEBUG -D CY_CORE_ID=0 -Wall -ffunction-sections -ffat-lto-objects -Og -c Generated_Source\PSoC5\HA.c -o .\CortexM3\ARM_GCC_541\Debug\HA.o
arm-none-eabi-gcc.exe -mcpu=cortex-m3 -mthumb -I. -IGenerated_Source\PSoC5 -Wa,-alh=.\CortexM3\ARM_GCC_541\Debug/HB.lst -g -D DEBUG -D CY_CORE_ID=0 -Wall -ffunction-sections -ffat-lto-objects -Og -c Generated_Source\PSoC5\HB.c -o .\CortexM3\ARM_GCC_541\Debug\HB.o
arm-none-eabi-gcc.exe -mcpu=cortex-m3 -mthumb -I. -IGenerated_Source\PSoC5 -Wa,-alh=.\CortexM3\ARM_GCC_541\Debug/vel_counter_clk.lst -g -D DEBUG -D CY_CORE_ID=0 -Wall -ffunction-sections -ffat-lto-objects -Og -c Generated_Source\PSoC5\vel_counter_clk.c -o .\CortexM3\ARM_GCC_541\Debug\vel_counter_clk.o
arm-none-eabi-gcc.exe -mcpu=cortex-m3 -mthumb -I. -IGenerated_Source\PSoC5 -Wa,-alh=.\CortexM3\ARM_GCC_541\Debug/isr_HA.lst -g -D DEBUG -D CY_CORE_ID=0 -Wall -ffunction-sections -ffat-lto-objects -Og -c isr_HA.c -o .\CortexM3\ARM_GCC_541\Debug\isr_HA.o
arm-none-eabi-gcc.exe -mcpu=cortex-m3 -mthumb -I. -IGenerated_Source\PSoC5 -Wa,-alh=.\CortexM3\ARM_GCC_541\Debug/isr_counter.lst -g -D DEBUG -D CY_CORE_ID=0 -Wall -ffunction-sections -ffat-lto-objects -Og -c isr_counter.c -o .\CortexM3\ARM_GCC_541\Debug\isr_counter.o
arm-none-eabi-gcc.exe -mcpu=cortex-m3 -mthumb -I. -IGenerated_Source\PSoC5 -Wa,-alh=.\CortexM3\ARM_GCC_541\Debug/control_clk.lst -g -D DEBUG -D CY_CORE_ID=0 -Wall -ffunction-sections -ffat-lto-objects -Og -c Generated_Source\PSoC5\control_clk.c -o .\CortexM3\ARM_GCC_541\Debug\control_clk.o
arm-none-eabi-gcc.exe -mcpu=cortex-m3 -mthumb -I. -IGenerated_Source\PSoC5 -Wa,-alh=.\CortexM3\ARM_GCC_541\Debug/vel_control_isr.lst -g -D DEBUG -D CY_CORE_ID=0 -Wall -ffunction-sections -ffat-lto-objects -Og -c vel_control_isr.c -o .\CortexM3\ARM_GCC_541\Debug\vel_control_isr.o
vel_control_isr.c: In function 'vel_control_isr_Interrupt':
vel_control_isr.c:191:16: warning: implicit declaration of function 'fn_mapper_8b' [-Wimplicit-function-declaration]
     _pid_out = fn_mapper_8b(speed_pid_output,0,10000,0,255);
                ^
arm-none-eabi-gcc.exe -mcpu=cortex-m3 -mthumb -I. -IGenerated_Source\PSoC5 -Wa,-alh=.\CortexM3\ARM_GCC_541\Debug/button_PIN.lst -g -D DEBUG -D CY_CORE_ID=0 -Wall -ffunction-sections -ffat-lto-objects -Og -c Generated_Source\PSoC5\button_PIN.c -o .\CortexM3\ARM_GCC_541\Debug\button_PIN.o
arm-none-eabi-gcc.exe -mcpu=cortex-m3 -mthumb -I. -IGenerated_Source\PSoC5 -Wa,-alh=.\CortexM3\ARM_GCC_541\Debug/isr_button.lst -g -D DEBUG -D CY_CORE_ID=0 -Wall -ffunction-sections -ffat-lto-objects -Og -c isr_button.c -o .\CortexM3\ARM_GCC_541\Debug\isr_button.o
arm-none-eabi-gcc.exe -mcpu=cortex-m3 -mthumb -I. -IGenerated_Source\PSoC5 -Wa,-alh=.\CortexM3\ARM_GCC_541\Debug/led_PIN.lst -g -D DEBUG -D CY_CORE_ID=0 -Wall -ffunction-sections -ffat-lto-objects -Og -c Generated_Source\PSoC5\led_PIN.c -o .\CortexM3\ARM_GCC_541\Debug\led_PIN.o
arm-none-eabi-gcc.exe -mcpu=cortex-m3 -mthumb -I. -IGenerated_Source\PSoC5 -Wa,-alh=.\CortexM3\ARM_GCC_541\Debug/tension_PIN.lst -g -D DEBUG -D CY_CORE_ID=0 -Wall -ffunction-sections -ffat-lto-objects -Og -c Generated_Source\PSoC5\tension_PIN.c -o .\CortexM3\ARM_GCC_541\Debug\tension_PIN.o
arm-none-eabi-gcc.exe -mcpu=cortex-m3 -mthumb -I. -IGenerated_Source\PSoC5 -Wa,-alh=.\CortexM3\ARM_GCC_541\Debug/tensor_control_isr.lst -g -D DEBUG -D CY_CORE_ID=0 -Wall -ffunction-sections -ffat-lto-objects -Og -c tensor_control_isr.c -o .\CortexM3\ARM_GCC_541\Debug\tensor_control_isr.o
tensor_control_isr.c: In function 'tensor_control_isr_Interrupt':
tensor_control_isr.c:193:16: warning: implicit declaration of function 'fn_mapper_8b' [-Wimplicit-function-declaration]
     _pid_out = fn_mapper_8b(aux,0,4096,0,255);
                ^
arm-none-eabi-gcc.exe -mcpu=cortex-m3 -mthumb -I. -IGenerated_Source\PSoC5 -Wa,-alh=.\CortexM3\ARM_GCC_541\Debug/angle_control_isr.lst -g -D DEBUG -D CY_CORE_ID=0 -Wall -ffunction-sections -ffat-lto-objects -Og -c Generated_Source\PSoC5\angle_control_isr.c -o .\CortexM3\ARM_GCC_541\Debug\angle_control_isr.o
arm-none-eabi-gcc.exe -mcpu=cortex-m3 -mthumb -I. -IGenerated_Source\PSoC5 -Wa,-alh=.\CortexM3\ARM_GCC_541\Debug/DirCounter.lst -g -D DEBUG -D CY_CORE_ID=0 -Wall -ffunction-sections -ffat-lto-objects -Og -c Generated_Source\PSoC5\DirCounter.c -o .\CortexM3\ARM_GCC_541\Debug\DirCounter.o
arm-none-eabi-gcc.exe -mcpu=cortex-m3 -mthumb -I. -IGenerated_Source\PSoC5 -Wa,-alh=.\CortexM3\ARM_GCC_541\Debug/DirCounter_PM.lst -g -D DEBUG -D CY_CORE_ID=0 -Wall -ffunction-sections -ffat-lto-objects -Og -c Generated_Source\PSoC5\DirCounter_PM.c -o .\CortexM3\ARM_GCC_541\Debug\DirCounter_PM.o
arm-none-eabi-gcc.exe -mcpu=cortex-m3 -mthumb -I. -IGenerated_Source\PSoC5 -Wa,-alh=.\CortexM3\ARM_GCC_541\Debug/control_clk_1.lst -g -D DEBUG -D CY_CORE_ID=0 -Wall -ffunction-sections -ffat-lto-objects -Og -c Generated_Source\PSoC5\control_clk_1.c -o .\CortexM3\ARM_GCC_541\Debug\control_clk_1.o
arm-none-eabi-gcc.exe -mcpu=cortex-m3 -mthumb -I. -IGenerated_Source\PSoC5 -Wa,-alh=.\CortexM3\ARM_GCC_541\Debug/VDAC8_Speed.lst -g -D DEBUG -D CY_CORE_ID=0 -Wall -ffunction-sections -ffat-lto-objects -Og -c Generated_Source\PSoC5\VDAC8_Speed.c -o .\CortexM3\ARM_GCC_541\Debug\VDAC8_Speed.o
arm-none-eabi-gcc.exe -mcpu=cortex-m3 -mthumb -I. -IGenerated_Source\PSoC5 -Wa,-alh=.\CortexM3\ARM_GCC_541\Debug/VDAC8_Speed_PM.lst -g -D DEBUG -D CY_CORE_ID=0 -Wall -ffunction-sections -ffat-lto-objects -Og -c Generated_Source\PSoC5\VDAC8_Speed_PM.c -o .\CortexM3\ARM_GCC_541\Debug\VDAC8_Speed_PM.o
arm-none-eabi-gcc.exe -mcpu=cortex-m3 -mthumb -I. -IGenerated_Source\PSoC5 -Wa,-alh=.\CortexM3\ARM_GCC_541\Debug/Timer_ha.lst -g -D DEBUG -D CY_CORE_ID=0 -Wall -ffunction-sections -ffat-lto-objects -Og -c Generated_Source\PSoC5\Timer_ha.c -o .\CortexM3\ARM_GCC_541\Debug\Timer_ha.o
arm-none-eabi-gcc.exe -mcpu=cortex-m3 -mthumb -I. -IGenerated_Source\PSoC5 -Wa,-alh=.\CortexM3\ARM_GCC_541\Debug/Timer_ha_PM.lst -g -D DEBUG -D CY_CORE_ID=0 -Wall -ffunction-sections -ffat-lto-objects -Og -c Generated_Source\PSoC5\Timer_ha_PM.c -o .\CortexM3\ARM_GCC_541\Debug\Timer_ha_PM.o
arm-none-eabi-gcc.exe -mcpu=cortex-m3 -mthumb -I. -IGenerated_Source\PSoC5 -Wa,-alh=.\CortexM3\ARM_GCC_541\Debug/ADC_IRQ.lst -g -D DEBUG -D CY_CORE_ID=0 -Wall -ffunction-sections -ffat-lto-objects -Og -c Generated_Source\PSoC5\ADC_IRQ.c -o .\CortexM3\ARM_GCC_541\Debug\ADC_IRQ.o
arm-none-eabi-gcc.exe -mcpu=cortex-m3 -mthumb -I. -IGenerated_Source\PSoC5 -Wa,-alh=.\CortexM3\ARM_GCC_541\Debug/ADC_theACLK.lst -g -D DEBUG -D CY_CORE_ID=0 -Wall -ffunction-sections -ffat-lto-objects -Og -c Generated_Source\PSoC5\ADC_theACLK.c -o .\CortexM3\ARM_GCC_541\Debug\ADC_theACLK.o
arm-none-eabi-gcc.exe -mcpu=cortex-m3 -mthumb -I. -IGenerated_Source\PSoC5 -Wa,-alh=.\CortexM3\ARM_GCC_541\Debug/ADC_Bypass.lst -g -D DEBUG -D CY_CORE_ID=0 -Wall -ffunction-sections -ffat-lto-objects -Og -c Generated_Source\PSoC5\ADC_Bypass.c -o .\CortexM3\ARM_GCC_541\Debug\ADC_Bypass.o
arm-none-eabi-gcc.exe -mcpu=cortex-m3 -mthumb -I. -IGenerated_Source\PSoC5 -Wa,-alh=.\CortexM3\ARM_GCC_541\Debug/DirCounter_Cnt16.lst -g -D DEBUG -D CY_CORE_ID=0 -Wall -ffunction-sections -ffat-lto-objects -Og -c Generated_Source\PSoC5\DirCounter_Cnt16.c -o .\CortexM3\ARM_GCC_541\Debug\DirCounter_Cnt16.o
arm-none-eabi-gcc.exe -mcpu=cortex-m3 -mthumb -I. -IGenerated_Source\PSoC5 -Wa,-alh=.\CortexM3\ARM_GCC_541\Debug/DirCounter_Cnt16_PM.lst -g -D DEBUG -D CY_CORE_ID=0 -Wall -ffunction-sections -ffat-lto-objects -Og -c Generated_Source\PSoC5\DirCounter_Cnt16_PM.c -o .\CortexM3\ARM_GCC_541\Debug\DirCounter_Cnt16_PM.o
arm-none-eabi-gcc.exe -mcpu=cortex-m3 -mthumb -I. -IGenerated_Source\PSoC5 -Wa,-alh=.\CortexM3\ARM_GCC_541\Debug/Cm3Start.lst -g -D DEBUG -D CY_CORE_ID=0 -Wall -ffunction-sections -ffat-lto-objects -Og -c Generated_Source\PSoC5\Cm3Start.c -o .\CortexM3\ARM_GCC_541\Debug\Cm3Start.o
arm-none-eabi-gcc.exe -mcpu=cortex-m3 -mthumb -I. -IGenerated_Source\PSoC5 -Wa,-alh=.\CortexM3\ARM_GCC_541\Debug/CyDmac.lst -g -D DEBUG -D CY_CORE_ID=0 -Wall -ffunction-sections -ffat-lto-objects -Og -c Generated_Source\PSoC5\CyDmac.c -o .\CortexM3\ARM_GCC_541\Debug\CyDmac.o
arm-none-eabi-gcc.exe -mcpu=cortex-m3 -mthumb -I. -IGenerated_Source\PSoC5 -Wa,-alh=.\CortexM3\ARM_GCC_541\Debug/CyFlash.lst -g -D DEBUG -D CY_CORE_ID=0 -Wall -ffunction-sections -ffat-lto-objects -Og -c Generated_Source\PSoC5\CyFlash.c -o .\CortexM3\ARM_GCC_541\Debug\CyFlash.o
arm-none-eabi-gcc.exe -mcpu=cortex-m3 -mthumb -I. -IGenerated_Source\PSoC5 -Wa,-alh=.\CortexM3\ARM_GCC_541\Debug/CyLib.lst -g -D DEBUG -D CY_CORE_ID=0 -Wall -ffunction-sections -ffat-lto-objects -Og -c Generated_Source\PSoC5\CyLib.c -o .\CortexM3\ARM_GCC_541\Debug\CyLib.o
arm-none-eabi-gcc.exe -mcpu=cortex-m3 -mthumb -I. -IGenerated_Source\PSoC5 -Wa,-alh=.\CortexM3\ARM_GCC_541\Debug/cyPm.lst -g -D DEBUG -D CY_CORE_ID=0 -Wall -ffunction-sections -ffat-lto-objects -Og -c Generated_Source\PSoC5\cyPm.c -o .\CortexM3\ARM_GCC_541\Debug\cyPm.o
arm-none-eabi-gcc.exe -mcpu=cortex-m3 -mthumb -I. -IGenerated_Source\PSoC5 -Wa,-alh=.\CortexM3\ARM_GCC_541\Debug/CySpc.lst -g -D DEBUG -D CY_CORE_ID=0 -Wall -ffunction-sections -ffat-lto-objects -Og -c Generated_Source\PSoC5\CySpc.c -o .\CortexM3\ARM_GCC_541\Debug\CySpc.o
arm-none-eabi-gcc.exe -mcpu=cortex-m3 -mthumb -I. -IGenerated_Source\PSoC5 -Wa,-alh=.\CortexM3\ARM_GCC_541\Debug/cyutils.lst -g -D DEBUG -D CY_CORE_ID=0 -Wall -ffunction-sections -ffat-lto-objects -Og -c Generated_Source\PSoC5\cyutils.c -o .\CortexM3\ARM_GCC_541\Debug\cyutils.o
arm-none-eabi-gcc.exe -mcpu=cortex-m3 -mthumb -I. -IGenerated_Source\PSoC5 -Wa,-alh=.\CortexM3\ARM_GCC_541\Debug/RxInt.lst -g -D DEBUG -D CY_CORE_ID=0 -Wall -ffunction-sections -ffat-lto-objects -Og -c Generated_Source\PSoC5\RxInt.c -o .\CortexM3\ARM_GCC_541\Debug\RxInt.o
arm-none-eabi-gcc.exe -mcpu=cortex-m3 -mthumb -I. -IGenerated_Source\PSoC5 -Wa,-alh=.\CortexM3\ARM_GCC_541\Debug/UART.lst -g -D DEBUG -D CY_CORE_ID=0 -Wall -ffunction-sections -ffat-lto-objects -Og -c Generated_Source\PSoC5\UART.c -o .\CortexM3\ARM_GCC_541\Debug\UART.o
arm-none-eabi-gcc.exe -mcpu=cortex-m3 -mthumb -I. -IGenerated_Source\PSoC5 -Wa,-alh=.\CortexM3\ARM_GCC_541\Debug/UART_PM.lst -g -D DEBUG -D CY_CORE_ID=0 -Wall -ffunction-sections -ffat-lto-objects -Og -c Generated_Source\PSoC5\UART_PM.c -o .\CortexM3\ARM_GCC_541\Debug\UART_PM.o
arm-none-eabi-gcc.exe -mcpu=cortex-m3 -mthumb -I. -IGenerated_Source\PSoC5 -Wa,-alh=.\CortexM3\ARM_GCC_541\Debug/UART_INT.lst -g -D DEBUG -D CY_CORE_ID=0 -Wall -ffunction-sections -ffat-lto-objects -Og -c Generated_Source\PSoC5\UART_INT.c -o .\CortexM3\ARM_GCC_541\Debug\UART_INT.o
arm-none-eabi-gcc.exe -mcpu=cortex-m3 -mthumb -I. -IGenerated_Source\PSoC5 -Wa,-alh=.\CortexM3\ARM_GCC_541\Debug/UART_BOOT.lst -g -D DEBUG -D CY_CORE_ID=0 -Wall -ffunction-sections -ffat-lto-objects -Og -c Generated_Source\PSoC5\UART_BOOT.c -o .\CortexM3\ARM_GCC_541\Debug\UART_BOOT.o
arm-none-eabi-gcc.exe -mcpu=cortex-m3 -mthumb -I. -IGenerated_Source\PSoC5 -Wa,-alh=.\CortexM3\ARM_GCC_541\Debug/UART_IntClock.lst -g -D DEBUG -D CY_CORE_ID=0 -Wall -ffunction-sections -ffat-lto-objects -Og -c Generated_Source\PSoC5\UART_IntClock.c -o .\CortexM3\ARM_GCC_541\Debug\UART_IntClock.o
arm-none-eabi-gcc.exe -mcpu=cortex-m3 -mthumb -I. -IGenerated_Source\PSoC5 -Wa,-alh=.\CortexM3\ARM_GCC_541\Debug/ADC_TS.lst -g -D DEBUG -D CY_CORE_ID=0 -Wall -ffunction-sections -ffat-lto-objects -Og -c Generated_Source\PSoC5\ADC_TS.c -o .\CortexM3\ARM_GCC_541\Debug\ADC_TS.o
arm-none-eabi-gcc.exe -mcpu=cortex-m3 -mthumb -I. -IGenerated_Source\PSoC5 -Wa,-alh=.\CortexM3\ARM_GCC_541\Debug/ADC_TS_PM.lst -g -D DEBUG -D CY_CORE_ID=0 -Wall -ffunction-sections -ffat-lto-objects -Og -c Generated_Source\PSoC5\ADC_TS_PM.c -o .\CortexM3\ARM_GCC_541\Debug\ADC_TS_PM.o
arm-none-eabi-gcc.exe -mcpu=cortex-m3 -mthumb -I. -IGenerated_Source\PSoC5 -Wa,-alh=.\CortexM3\ARM_GCC_541\Debug/ADC_TS_INT.lst -g -D DEBUG -D CY_CORE_ID=0 -Wall -ffunction-sections -ffat-lto-objects -Og -c Generated_Source\PSoC5\ADC_TS_INT.c -o .\CortexM3\ARM_GCC_541\Debug\ADC_TS_INT.o
arm-none-eabi-gcc.exe -mcpu=cortex-m3 -mthumb -I. -IGenerated_Source\PSoC5 -Wa,-alh=.\CortexM3\ARM_GCC_541\Debug/ADC_TS_SAR.lst -g -D DEBUG -D CY_CORE_ID=0 -Wall -ffunction-sections -ffat-lto-objects -Og -c Generated_Source\PSoC5\ADC_TS_SAR.c -o .\CortexM3\ARM_GCC_541\Debug\ADC_TS_SAR.o
arm-none-eabi-gcc.exe -mcpu=cortex-m3 -mthumb -I. -IGenerated_Source\PSoC5 -Wa,-alh=.\CortexM3\ARM_GCC_541\Debug/ADC_TS_SAR_INT.lst -g -D DEBUG -D CY_CORE_ID=0 -Wall -ffunction-sections -ffat-lto-objects -Og -c Generated_Source\PSoC5\ADC_TS_SAR_INT.c -o .\CortexM3\ARM_GCC_541\Debug\ADC_TS_SAR_INT.o
arm-none-eabi-gcc.exe -mcpu=cortex-m3 -mthumb -I. -IGenerated_Source\PSoC5 -Wa,-alh=.\CortexM3\ARM_GCC_541\Debug/ADC_TS_SAR_PM.lst -g -D DEBUG -D CY_CORE_ID=0 -Wall -ffunction-sections -ffat-lto-objects -Og -c Generated_Source\PSoC5\ADC_TS_SAR_PM.c -o .\CortexM3\ARM_GCC_541\Debug\ADC_TS_SAR_PM.o
arm-none-eabi-gcc.exe -mcpu=cortex-m3 -mthumb -I. -IGenerated_Source\PSoC5 -Wa,-alh=.\CortexM3\ARM_GCC_541\Debug/ADC_TS_IntClock.lst -g -D DEBUG -D CY_CORE_ID=0 -Wall -ffunction-sections -ffat-lto-objects -Og -c Generated_Source\PSoC5\ADC_TS_IntClock.c -o .\CortexM3\ARM_GCC_541\Debug\ADC_TS_IntClock.o
arm-none-eabi-gcc.exe -mcpu=cortex-m3 -mthumb -I. -IGenerated_Source\PSoC5 -Wa,-alh=.\CortexM3\ARM_GCC_541\Debug/ADC_TS_TempBuf_dma.lst -g -D DEBUG -D CY_CORE_ID=0 -Wall -ffunction-sections -ffat-lto-objects -Og -c Generated_Source\PSoC5\ADC_TS_TempBuf_dma.c -o .\CortexM3\ARM_GCC_541\Debug\ADC_TS_TempBuf_dma.o
arm-none-eabi-gcc.exe -mcpu=cortex-m3 -mthumb -I. -IGenerated_Source\PSoC5 -Wa,-alh=.\CortexM3\ARM_GCC_541\Debug/ADC_TS_FinalBuf_dma.lst -g -D DEBUG -D CY_CORE_ID=0 -Wall -ffunction-sections -ffat-lto-objects -Og -c Generated_Source\PSoC5\ADC_TS_FinalBuf_dma.c -o .\CortexM3\ARM_GCC_541\Debug\ADC_TS_FinalBuf_dma.o
arm-none-eabi-gcc.exe -mcpu=cortex-m3 -mthumb -I. -IGenerated_Source\PSoC5 -Wa,-alh=.\CortexM3\ARM_GCC_541\Debug/ADC_TS_IRQ.lst -g -D DEBUG -D CY_CORE_ID=0 -Wall -ffunction-sections -ffat-lto-objects -Og -c Generated_Source\PSoC5\ADC_TS_IRQ.c -o .\CortexM3\ARM_GCC_541\Debug\ADC_TS_IRQ.o
arm-none-eabi-as.exe -mcpu=cortex-m3 -mthumb -I. -IGenerated_Source\PSoC5 -alh=.\CortexM3\ARM_GCC_541\Debug/CyBootAsmGnu.lst -g -W -o .\CortexM3\ARM_GCC_541\Debug\CyBootAsmGnu.o Generated_Source\PSoC5\CyBootAsmGnu.s
arm-none-eabi-ar.exe -rs .\CortexM3\ARM_GCC_541\Debug\dedo_v01.a .\CortexM3\ARM_GCC_541\Debug\ENABLE.o .\CortexM3\ARM_GCC_541\Debug\ADC.o .\CortexM3\ARM_GCC_541\Debug\ADC_INT.o .\CortexM3\ARM_GCC_541\Debug\ADC_PM.o .\CortexM3\ARM_GCC_541\Debug\pote_PIN.o .\CortexM3\ARM_GCC_541\Debug\SPEED.o .\CortexM3\ARM_GCC_541\Debug\DIR.o .\CortexM3\ARM_GCC_541\Debug\BRAKEn.o .\CortexM3\ARM_GCC_541\Debug\HA.o .\CortexM3\ARM_GCC_541\Debug\HB.o .\CortexM3\ARM_GCC_541\Debug\vel_counter_clk.o .\CortexM3\ARM_GCC_541\Debug\isr_HA.o .\CortexM3\ARM_GCC_541\Debug\isr_counter.o .\CortexM3\ARM_GCC_541\Debug\control_clk.o .\CortexM3\ARM_GCC_541\Debug\vel_control_isr.o .\CortexM3\ARM_GCC_541\Debug\button_PIN.o .\CortexM3\ARM_GCC_541\Debug\isr_button.o .\CortexM3\ARM_GCC_541\Debug\led_PIN.o .\CortexM3\ARM_GCC_541\Debug\tension_PIN.o .\CortexM3\ARM_GCC_541\Debug\tensor_control_isr.o .\CortexM3\ARM_GCC_541\Debug\angle_control_isr.o .\CortexM3\ARM_GCC_541\Debug\DirCounter.o .\CortexM3\ARM_GCC_541\Debug\DirCounter_PM.o .\CortexM3\ARM_GCC_541\Debug\control_clk_1.o .\CortexM3\ARM_GCC_541\Debug\VDAC8_Speed.o .\CortexM3\ARM_GCC_541\Debug\VDAC8_Speed_PM.o .\CortexM3\ARM_GCC_541\Debug\Timer_ha.o .\CortexM3\ARM_GCC_541\Debug\Timer_ha_PM.o .\CortexM3\ARM_GCC_541\Debug\ADC_IRQ.o .\CortexM3\ARM_GCC_541\Debug\ADC_theACLK.o .\CortexM3\ARM_GCC_541\Debug\ADC_Bypass.o .\CortexM3\ARM_GCC_541\Debug\DirCounter_Cnt16.o .\CortexM3\ARM_GCC_541\Debug\DirCounter_Cnt16_PM.o .\CortexM3\ARM_GCC_541\Debug\CyDmac.o .\CortexM3\ARM_GCC_541\Debug\CyFlash.o .\CortexM3\ARM_GCC_541\Debug\CyLib.o .\CortexM3\ARM_GCC_541\Debug\cyPm.o .\CortexM3\ARM_GCC_541\Debug\CySpc.o .\CortexM3\ARM_GCC_541\Debug\cyutils.o .\CortexM3\ARM_GCC_541\Debug\RxInt.o .\CortexM3\ARM_GCC_541\Debug\UART.o .\CortexM3\ARM_GCC_541\Debug\UART_PM.o .\CortexM3\ARM_GCC_541\Debug\UART_INT.o .\CortexM3\ARM_GCC_541\Debug\UART_BOOT.o .\CortexM3\ARM_GCC_541\Debug\UART_IntClock.o .\CortexM3\ARM_GCC_541\Debug\ADC_TS.o .\CortexM3\ARM_GCC_541\Debug\ADC_TS_PM.o .\CortexM3\ARM_GCC_541\Debug\ADC_TS_INT.o .\CortexM3\ARM_GCC_541\Debug\ADC_TS_SAR.o .\CortexM3\ARM_GCC_541\Debug\ADC_TS_SAR_INT.o .\CortexM3\ARM_GCC_541\Debug\ADC_TS_SAR_PM.o .\CortexM3\ARM_GCC_541\Debug\ADC_TS_IntClock.o .\CortexM3\ARM_GCC_541\Debug\ADC_TS_TempBuf_dma.o .\CortexM3\ARM_GCC_541\Debug\ADC_TS_FinalBuf_dma.o .\CortexM3\ARM_GCC_541\Debug\ADC_TS_IRQ.o .\CortexM3\ARM_GCC_541\Debug\CyBootAsmGnu.o
arm-none-eabi-ar.exe: creating .\CortexM3\ARM_GCC_541\Debug\dedo_v01.a
arm-none-eabi-gcc.exe -Wl,--start-group -o "C:\Users\Gonzalo Olave\Dropbox (Personal)\Magister\Tesis\tesis-source\master-tesis\dedo_v01.cydsn\CortexM3\ARM_GCC_541\Debug\dedo_v01.elf" .\CortexM3\ARM_GCC_541\Debug\functions.o .\CortexM3\ARM_GCC_541\Debug\pid.o .\CortexM3\ARM_GCC_541\Debug\main.o .\CortexM3\ARM_GCC_541\Debug\myUART.o .\CortexM3\ARM_GCC_541\Debug\cyfitter_cfg.o .\CortexM3\ARM_GCC_541\Debug\cymetadata.o .\CortexM3\ARM_GCC_541\Debug\Cm3Start.o .\CortexM3\ARM_GCC_541\Debug\dedo_v01.a "C:\Program Files (x86)\Cypress\PSoC Creator\4.1\PSoC Creator\psoc\content\cycomponentlibrary\CyComponentLibrary.cylib\CortexM3\ARM_GCC_541\Debug\CyComponentLibrary.a" -mcpu=cortex-m3 -mthumb -l m -L Generated_Source\PSoC5 -Wl,-Map,.\CortexM3\ARM_GCC_541\Debug/dedo_v01.map -T Generated_Source\PSoC5\cm3gcc.ld -specs=nano.specs -Wl,--gc-sections -g -ffunction-sections -Og -ffat-lto-objects -Wl,--end-group
cyelftool.exe -C "C:\Users\Gonzalo Olave\Dropbox (Personal)\Magister\Tesis\tesis-source\master-tesis\dedo_v01.cydsn\CortexM3\ARM_GCC_541\Debug\dedo_v01.elf" --flash_row_size 256 --flash_size 262144 --flash_offset 0x00000000
cyelftool.exe -S "C:\Users\Gonzalo Olave\Dropbox (Personal)\Magister\Tesis\tesis-source\master-tesis\dedo_v01.cydsn\CortexM3\ARM_GCC_541\Debug\dedo_v01.elf"
Flash used: 15628 of 262144 bytes (6,0 %).
SRAM used: 3217 of 65536 bytes (4,9 %). Stack: 2048 bytes. Heap: 128 bytes.
--------------- Rebuild Succeeded: 10/03/2017 18:24:43 ---------------
